<?xml version="1.0" encoding="utf-8"?>
<TestRun id="64d69604-87fe-44ec-a524-b953a12a2b05" name="CalebBennett@MONEYPENNY 2026-03-04 12:26:02" runUser="AzureAD\CalebBennett" xmlns="http://microsoft.com/schemas/VisualStudio/TeamTest/2010">
  <Times creation="2026-03-04T12:26:02.2489933-06:00" queuing="2026-03-04T12:26:02.2489941-06:00" start="2026-03-04T12:26:01.2216436-06:00" finish="2026-03-04T12:26:04.7266345-06:00" />
  <TestSettings name="default" id="a80ecc85-0114-4ecc-9bd7-02d947ce3741">
    <Deployment runDeploymentRoot="CalebBennett_MONEYPENNY_2026-03-04_12_26_02" />
  </TestSettings>
  <Results>
    <UnitTestResult executionId="2e69f145-dc28-44a6-8566-fcdeefd1b31e" testId="71caa724-a8d5-91c1-da00-04eeac8aeda4" testName="HamptonHawksPlantSales.Tests.Services.PlantServiceTests.DeleteAsync_WithValidId_ReturnsTrue" computerName="MONEYPENNY" duration="00:00:00.0022036" startTime="2026-03-04T12:26:03.4283696-06:00" endTime="2026-03-04T12:26:03.4283699-06:00" testType="13cdc9d9-ddb5-4fa4-a97d-d965ccfc6d4b" outcome="Passed" testListId="8c84fa94-04c1-424b-9868-57a2d4851a1d" relativeResultsDirectory="2e69f145-dc28-44a6-8566-fcdeefd1b31e" />
    <UnitTestResult executionId="023da768-132b-45ce-8ea5-d3b57d3a813a" testId="57c7dfd1-26ce-0c98-2731-1f1dd202a3fd" testName="HamptonHawksPlantSales.Tests.Services.OrderServiceTests.AddLineAsync_NonExistentOrder_ThrowsKeyNotFoundException" computerName="MONEYPENNY" duration="00:00:00.0016751" startTime="2026-03-04T12:26:03.5802183-06:00" endTime="2026-03-04T12:26:03.5802183-06:00" testType="13cdc9d9-ddb5-4fa4-a97d-d965ccfc6d4b" outcome="Passed" testListId="8c84fa94-04c1-424b-9868-57a2d4851a1d" relativeResultsDirectory="023da768-132b-45ce-8ea5-d3b57d3a813a" />
    <UnitTestResult executionId="3d302666-12d7-4e12-bc57-d3dc3785c0d4" testId="7cdbe814-7411-5586-d710-85bd489432ef" testName="HamptonHawksPlantSales.Tests.Services.FulfillmentServiceTests.CompleteOrder_AllFulfilled_Succeeds" computerName="MONEYPENNY" duration="00:00:00.0032174" startTime="2026-03-04T12:26:03.6589403-06:00" endTime="2026-03-04T12:26:03.6589405-06:00" testType="13cdc9d9-ddb5-4fa4-a97d-d965ccfc6d4b" outcome="Passed" testListId="8c84fa94-04c1-424b-9868-57a2d4851a1d" relativeResultsDirectory="3d302666-12d7-4e12-bc57-d3dc3785c0d4" />
    <UnitTestResult executionId="6fb16bd2-1870-4660-bdfc-7d90980e74b3" testId="b7e08273-b22e-b071-9fea-62aed754c630" testName="HamptonHawksPlantSales.Tests.Services.PlantServiceTests.CreateAsync_AutoCreatesInventoryWithZeroQuantity" computerName="MONEYPENNY" duration="00:00:00.0128634" startTime="2026-03-04T12:26:03.4808538-06:00" endTime="2026-03-04T12:26:03.4808541-06:00" testType="13cdc9d9-ddb5-4fa4-a97d-d965ccfc6d4b" outcome="Passed" testListId="8c84fa94-04c1-424b-9868-57a2d4851a1d" relativeResultsDirectory="6fb16bd2-1870-4660-bdfc-7d90980e74b3" />
    <UnitTestResult executionId="22f9530c-5688-4f02-a900-831bfe065c49" testId="f6b3f4b1-241c-b7a1-b936-110c9cb9b426" testName="HamptonHawksPlantSales.Tests.Services.WalkUpServiceTests.UpdateWalkUpLine_ValidRequest_UpdatesQuantity" computerName="MONEYPENNY" duration="00:00:00.0032554" startTime="2026-03-04T12:26:03.5134471-06:00" endTime="2026-03-04T12:26:03.5134474-06:00" testType="13cdc9d9-ddb5-4fa4-a97d-d965ccfc6d4b" outcome="Passed" testListId="8c84fa94-04c1-424b-9868-57a2d4851a1d" relativeResultsDirectory="22f9530c-5688-4f02-a900-831bfe065c49" />
    <UnitTestResult executionId="34bd113e-830e-440c-842d-45ba8e8478dd" testId="45dfa8f8-d34f-bc61-46b9-f0bd01f897df" testName="HamptonHawksPlantSales.Tests.Services.PlantServiceTests.GetByIdAsync_WithValidId_ReturnsPlantWithAllFields" computerName="MONEYPENNY" duration="00:00:00.0019080" startTime="2026-03-04T12:26:03.4460981-06:00" endTime="2026-03-04T12:26:03.4460982-06:00" testType="13cdc9d9-ddb5-4fa4-a97d-d965ccfc6d4b" outcome="Passed" testListId="8c84fa94-04c1-424b-9868-57a2d4851a1d" relativeResultsDirectory="34bd113e-830e-440c-842d-45ba8e8478dd" />
    <UnitTestResult executionId="05ee26e3-0e45-427a-9b1b-9717a46f552f" testId="9af790d3-e069-54bd-3acc-e7e3819afdc8" testName="HamptonHawksPlantSales.Tests.Validators.RequestValidatorTests.CreateOrderValidator_RequiresCustomerId" computerName="MONEYPENNY" duration="00:00:00.0119772" startTime="2026-03-04T12:26:02.2858611-06:00" endTime="2026-03-04T12:26:02.2858618-06:00" testType="13cdc9d9-ddb5-4fa4-a97d-d965ccfc6d4b" outcome="Passed" testListId="8c84fa94-04c1-424b-9868-57a2d4851a1d" relativeResultsDirectory="05ee26e3-0e45-427a-9b1b-9717a46f552f" />
    <UnitTestResult executionId="4a67826f-e4e3-4bc3-ae31-108b8a90d023" testId="502986f0-3d82-9604-1eb5-57e5715a09ec" testName="HamptonHawksPlantSales.Tests.Services.ImportServiceTests.GetBatchIssuesAsync_PaginationWorks" computerName="MONEYPENNY" duration="00:00:00.0023169" startTime="2026-03-04T12:26:03.6060558-06:00" endTime="2026-03-04T12:26:03.6060565-06:00" testType="13cdc9d9-ddb5-4fa4-a97d-d965ccfc6d4b" outcome="Passed" testListId="8c84fa94-04c1-424b-9868-57a2d4851a1d" relativeResultsDirectory="4a67826f-e4e3-4bc3-ae31-108b8a90d023" />
    <UnitTestResult executionId="f692cf84-a55a-42a6-8b7a-d33d22809d76" testId="31e6f454-f0a9-5542-cad9-7c5cb2b7d39f" testName="HamptonHawksPlantSales.Tests.Services.AdminServiceTests.GetActionsAsync_OrderIdFilter_OnlyReturnsOrderEntityType" computerName="MONEYPENNY" duration="00:00:00.0284715" startTime="2026-03-04T12:26:03.3610015-06:00" endTime="2026-03-04T12:26:03.3610017-06:00" testType="13cdc9d9-ddb5-4fa4-a97d-d965ccfc6d4b" outcome="Passed" testListId="8c84fa94-04c1-424b-9868-57a2d4851a1d" relativeResultsDirectory="f692cf84-a55a-42a6-8b7a-d33d22809d76" />
    <UnitTestResult executionId="ba93bc8c-6fb3-4a95-8fb9-8a42705fee78" testId="fb13ae7f-c298-4473-9e53-92f8e1fee88b" testName="HamptonHawksPlantSales.Tests.Services.CustomerServiceTests.DeleteAsync_WithValidId_ReturnsTrue" computerName="MONEYPENNY" duration="00:00:00.0659121" startTime="2026-03-04T12:26:03.2567633-06:00" endTime="2026-03-04T12:26:03.2567635-06:00" testType="13cdc9d9-ddb5-4fa4-a97d-d965ccfc6d4b" outcome="Passed" testListId="8c84fa94-04c1-424b-9868-57a2d4851a1d" relativeResultsDirectory="ba93bc8c-6fb3-4a95-8fb9-8a42705fee78" />
    <UnitTestResult executionId="b897f957-2c88-40d3-89e6-2a2bf6d0e72f" testId="ccae7e7f-1929-932a-c078-00cb4c969fd4" testName="HamptonHawksPlantSales.Tests.Services.SoftDeleteTests.SR06_Order_GetById_ReturnsNull_ForDeletedEntity" computerName="MONEYPENNY" duration="00:00:00.0727772" startTime="2026-03-04T12:26:03.4412278-06:00" endTime="2026-03-04T12:26:03.4412279-06:00" testType="13cdc9d9-ddb5-4fa4-a97d-d965ccfc6d4b" outcome="Passed" testListId="8c84fa94-04c1-424b-9868-57a2d4851a1d" relativeResultsDirectory="b897f957-2c88-40d3-89e6-2a2bf6d0e72f" />
    <UnitTestResult executionId="d92b72b6-40fd-4da9-aaf4-bb34c20ecf7d" testId="d8decc64-de9e-272a-c2e0-bf994aca2ed6" testName="HamptonHawksPlantSales.Tests.Services.FulfillmentServiceTests.UndoLastScan_RestoresInventoryAndFulfillment" computerName="MONEYPENNY" duration="00:00:00.0428125" startTime="2026-03-04T12:26:03.6556231-06:00" endTime="2026-03-04T12:26:03.6556234-06:00" testType="13cdc9d9-ddb5-4fa4-a97d-d965ccfc6d4b" outcome="Passed" testListId="8c84fa94-04c1-424b-9868-57a2d4851a1d" relativeResultsDirectory="d92b72b6-40fd-4da9-aaf4-bb34c20ecf7d" />
    <UnitTestResult executionId="484d0b0e-3166-4488-90c2-eb0f1141b016" testId="c2a7cd23-d66c-7481-9081-b06b1076ac1d" testName="HamptonHawksPlantSales.Tests.Validators.RequestValidatorTests.UpdatePlantValidator_RequiresSkuBarcodeAndName" computerName="MONEYPENNY" duration="00:00:00.0085217" startTime="2026-03-04T12:26:02.3113803-06:00" endTime="2026-03-04T12:26:02.3113810-06:00" testType="13cdc9d9-ddb5-4fa4-a97d-d965ccfc6d4b" outcome="Passed" testListId="8c84fa94-04c1-424b-9868-57a2d4851a1d" relativeResultsDirectory="484d0b0e-3166-4488-90c2-eb0f1141b016" />
    <UnitTestResult executionId="e80579c5-238f-4cac-9a3b-10ad9a141842" testId="bfdf4833-4c5a-7dc7-4058-6145b7a6add6" testName="HamptonHawksPlantSales.Tests.Services.CustomerServiceTests.CreateAsync_WithValidRequest_ReturnsCreatedCustomer" computerName="MONEYPENNY" duration="00:00:00.0021844" startTime="2026-03-04T12:26:03.3813539-06:00" endTime="2026-03-04T12:26:03.3813541-06:00" testType="13cdc9d9-ddb5-4fa4-a97d-d965ccfc6d4b" outcome="Passed" testListId="8c84fa94-04c1-424b-9868-57a2d4851a1d" relativeResultsDirectory="e80579c5-238f-4cac-9a3b-10ad9a141842" />
    <UnitTestResult executionId="69571822-9771-483d-a2c3-acaf0e710b10" testId="1692176b-4089-e97e-6a00-8edd5a94f5d3" testName="HamptonHawksPlantSales.Tests.Services.FulfillmentServiceTests.CompleteOrder_NotAllFulfilled_ThrowsValidation" computerName="MONEYPENNY" duration="00:00:00.0175236" startTime="2026-03-04T12:26:03.5734369-06:00" endTime="2026-03-04T12:26:03.5734375-06:00" testType="13cdc9d9-ddb5-4fa4-a97d-d965ccfc6d4b" outcome="Passed" testListId="8c84fa94-04c1-424b-9868-57a2d4851a1d" relativeResultsDirectory="69571822-9771-483d-a2c3-acaf0e710b10" />
    <UnitTestResult executionId="4e4bf2e6-cdbb-42ed-b5f9-686fe51f9da5" testId="a9275e2f-ca00-c69c-2d00-25612983b127" testName="HamptonHawksPlantSales.Tests.Validators.RequestValidatorTests.CreatePlantValidator_AcceptsNullOrNonNegativePrice(priceStr: &quot;0&quot;)" computerName="MONEYPENNY" duration="00:00:00.0008242" startTime="2026-03-04T12:26:02.2710212-06:00" endTime="2026-03-04T12:26:02.2710214-06:00" testType="13cdc9d9-ddb5-4fa4-a97d-d965ccfc6d4b" outcome="Passed" testListId="8c84fa94-04c1-424b-9868-57a2d4851a1d" relativeResultsDirectory="4e4bf2e6-cdbb-42ed-b5f9-686fe51f9da5" />
    <UnitTestResult executionId="a8ff0081-8c16-4ea8-b9f3-7490252152ad" testId="1bf4f030-0e7a-4a4a-8fb0-2f083b546820" testName="HamptonHawksPlantSales.Tests.Services.FulfillmentServiceTests.Scan_BarcodeNotOnOrder_ReturnsWrongOrder" computerName="MONEYPENNY" duration="00:00:00.0035152" startTime="2026-03-04T12:26:03.5770105-06:00" endTime="2026-03-04T12:26:03.5770106-06:00" testType="13cdc9d9-ddb5-4fa4-a97d-d965ccfc6d4b" outcome="Passed" testListId="8c84fa94-04c1-424b-9868-57a2d4851a1d" relativeResultsDirectory="a8ff0081-8c16-4ea8-b9f3-7490252152ad" />
    <UnitTestResult executionId="0911dcd7-3079-43a3-b03d-db9dbd0e4a87" testId="24a46d94-6be2-f753-7c8f-5cab3d511df2" testName="HamptonHawksPlantSales.Tests.Services.OrderLineMutationIntegrationTests.UpdateLine_InvalidQtyOrdered_Returns400WithStructuredErrorPayload" computerName="MONEYPENNY" duration="00:00:00.1354624" startTime="2026-03-04T12:26:03.6231212-06:00" endTime="2026-03-04T12:26:03.6231216-06:00" testType="13cdc9d9-ddb5-4fa4-a97d-d965ccfc6d4b" outcome="Passed" testListId="8c84fa94-04c1-424b-9868-57a2d4851a1d" relativeResultsDirectory="0911dcd7-3079-43a3-b03d-db9dbd0e4a87" />
    <UnitTestResult executionId="c7f130c9-bae2-4af3-9b22-306796fd1717" testId="5f743aec-87f2-51c8-4221-192ddda2d008" testName="HamptonHawksPlantSales.Tests.Services.OrderServiceTests.GetAllAsync_IncludeDeleted_ReturnsDeletedOrders" computerName="MONEYPENNY" duration="00:00:00.0289762" startTime="2026-03-04T12:26:03.5191975-06:00" endTime="2026-03-04T12:26:03.5191977-06:00" testType="13cdc9d9-ddb5-4fa4-a97d-d965ccfc6d4b" outcome="Passed" testListId="8c84fa94-04c1-424b-9868-57a2d4851a1d" relativeResultsDirectory="c7f130c9-bae2-4af3-9b22-306796fd1717" />
    <UnitTestResult executionId="9a756a7e-8821-452a-bf2c-bd47ad5b5595" testId="b4214a41-c948-fbbc-c9de-1f1c8b9b0ddf" testName="HamptonHawksPlantSales.Tests.Services.WalkUpServiceTests.AddWalkUpLine_NonWalkUpOrder_ThrowsKeyNotFound" computerName="MONEYPENNY" duration="00:00:00.0229017" startTime="2026-03-04T12:26:03.4358764-06:00" endTime="2026-03-04T12:26:03.4358765-06:00" testType="13cdc9d9-ddb5-4fa4-a97d-d965ccfc6d4b" outcome="Passed" testListId="8c84fa94-04c1-424b-9868-57a2d4851a1d" relativeResultsDirectory="9a756a7e-8821-452a-bf2c-bd47ad5b5595" />
    <UnitTestResult executionId="f10a41eb-73e8-4608-9108-bd174fef52bd" testId="ba5023aa-94f0-72cd-741e-7ddf35830f53" testName="HamptonHawksPlantSales.Tests.Services.ImportServiceTests.OrderImport_ParsesQtyOrdered_AndHandlesDuplicateCustomerNames" computerName="MONEYPENNY" duration="00:00:00.0206165" startTime="2026-03-04T12:26:04.5669275-06:00" endTime="2026-03-04T12:26:04.5669279-06:00" testType="13cdc9d9-ddb5-4fa4-a97d-d965ccfc6d4b" outcome="Passed" testListId="8c84fa94-04c1-424b-9868-57a2d4851a1d" relativeResultsDirectory="f10a41eb-73e8-4608-9108-bd174fef52bd" />
    <UnitTestResult executionId="6c54e086-3430-4192-ba9f-313a90e3d14c" testId="5e014370-92f1-39c9-c8e3-8eaa63eb72c4" testName="HamptonHawksPlantSales.Tests.Services.FulfillmentServiceTests.UndoLastScan_SoftDeletesOriginalEvent" computerName="MONEYPENNY" duration="00:00:00.0220823" startTime="2026-03-04T12:26:03.6811133-06:00" endTime="2026-03-04T12:26:03.6811134-06:00" testType="13cdc9d9-ddb5-4fa4-a97d-d965ccfc6d4b" outcome="Passed" testListId="8c84fa94-04c1-424b-9868-57a2d4851a1d" relativeResultsDirectory="6c54e086-3430-4192-ba9f-313a90e3d14c" />
    <UnitTestResult executionId="79aee3ab-e907-43e3-8e38-6bedc439d893" testId="21eb8cf8-7b29-c4b0-c79c-f1d7cef95067" testName="HamptonHawksPlantSales.Tests.Services.SettingsServiceTests.GetSettingsAsync_SaleClosedTrue_ReturnsSaleClosedWithTimestamp" computerName="MONEYPENNY" duration="00:00:00.0348138" startTime="2026-03-04T12:26:03.2569069-06:00" endTime="2026-03-04T12:26:03.2569070-06:00" testType="13cdc9d9-ddb5-4fa4-a97d-d965ccfc6d4b" outcome="Passed" testListId="8c84fa94-04c1-424b-9868-57a2d4851a1d" relativeResultsDirectory="79aee3ab-e907-43e3-8e38-6bedc439d893" />
    <UnitTestResult executionId="6cad7d7b-619c-4b3e-ba56-7651230a5d25" testId="02956f31-b71d-594c-c5c0-bd01b2096895" testName="HamptonHawksPlantSales.Tests.Services.OrderServiceTests.UpdateAsync_NonExistentOrder_ThrowsKeyNotFoundException" computerName="MONEYPENNY" duration="00:00:00.0015418" startTime="2026-03-04T12:26:03.6705411-06:00" endTime="2026-03-04T12:26:03.6705412-06:00" testType="13cdc9d9-ddb5-4fa4-a97d-d965ccfc6d4b" outcome="Passed" testListId="8c84fa94-04c1-424b-9868-57a2d4851a1d" relativeResultsDirectory="6cad7d7b-619c-4b3e-ba56-7651230a5d25" />
    <UnitTestResult executionId="e209e7d2-4d10-4cde-8855-5b8c8d4fa44e" testId="743b3bec-8814-a51e-3936-7a3b1242c595" testName="HamptonHawksPlantSales.Tests.Services.InventoryProtectionServiceTests.CalculateAvailableForWalkup_NoPreorders_ReturnsFullInventory" computerName="MONEYPENNY" duration="00:00:00.0026641" startTime="2026-03-04T12:26:03.3263878-06:00" endTime="2026-03-04T12:26:03.3263881-06:00" testType="13cdc9d9-ddb5-4fa4-a97d-d965ccfc6d4b" outcome="Passed" testListId="8c84fa94-04c1-424b-9868-57a2d4851a1d" relativeResultsDirectory="e209e7d2-4d10-4cde-8855-5b8c8d4fa44e" />
    <UnitTestResult executionId="7a8559e2-fdc5-4503-8778-2d38c627a8ba" testId="cd1eea07-83be-9e9d-8120-b1b9fcd29f83" testName="HamptonHawksPlantSales.Tests.Core.PaginationDtosTests.PagedResult_TotalPages_WithZeroPageSize_ReturnsZero" computerName="MONEYPENNY" duration="00:00:00.0006849" startTime="2026-03-04T12:26:02.2098478-06:00" endTime="2026-03-04T12:26:02.2098479-06:00" testType="13cdc9d9-ddb5-4fa4-a97d-d965ccfc6d4b" outcome="Passed" testListId="8c84fa94-04c1-424b-9868-57a2d4851a1d" relativeResultsDirectory="7a8559e2-fdc5-4503-8778-2d38c627a8ba" />
    <UnitTestResult executionId="8fcf114e-5c04-4267-81d8-857c18af76f6" testId="8a95d187-f32b-90c9-6f4b-869f8bbeb6df" testName="HamptonHawksPlantSales.Tests.Services.OrderServiceTests.DeleteLineAsync_NonExistentLine_ReturnsFalse" computerName="MONEYPENNY" duration="00:00:00.0028125" startTime="2026-03-04T12:26:03.6689121-06:00" endTime="2026-03-04T12:26:03.6689124-06:00" testType="13cdc9d9-ddb5-4fa4-a97d-d965ccfc6d4b" outcome="Passed" testListId="8c84fa94-04c1-424b-9868-57a2d4851a1d" relativeResultsDirectory="8fcf114e-5c04-4267-81d8-857c18af76f6" />
    <UnitTestResult executionId="29810916-de84-47d4-a8f0-6aa08714f111" testId="df71440b-9f93-b673-5aab-58b108d292fc" testName="HamptonHawksPlantSales.Tests.Services.SoftDeleteTests.DB09_Plant_SoftDelete_IncludedWithIncludeDeletedTrue" computerName="MONEYPENNY" duration="00:00:00.0040618" startTime="2026-03-04T12:26:03.4614950-06:00" endTime="2026-03-04T12:26:03.4614951-06:00" testType="13cdc9d9-ddb5-4fa4-a97d-d965ccfc6d4b" outcome="Passed" testListId="8c84fa94-04c1-424b-9868-57a2d4851a1d" relativeResultsDirectory="29810916-de84-47d4-a8f0-6aa08714f111" />
    <UnitTestResult executionId="b9b5e2eb-fc37-4b48-a6a3-6a428c05a4f0" testId="382e4dd7-aa59-d3ce-d017-aa3e652906ad" testName="HamptonHawksPlantSales.Tests.Services.AdminPinActionFilterTests.MutatingRequest_WithoutReasonHeader_Returns403" computerName="MONEYPENNY" duration="00:00:00.0051666" startTime="2026-03-04T12:26:02.2342030-06:00" endTime="2026-03-04T12:26:02.2342034-06:00" testType="13cdc9d9-ddb5-4fa4-a97d-d965ccfc6d4b" outcome="Passed" testListId="8c84fa94-04c1-424b-9868-57a2d4851a1d" relativeResultsDirectory="b9b5e2eb-fc37-4b48-a6a3-6a428c05a4f0" />
    <UnitTestResult executionId="d4f3f5b8-3723-47a7-8d69-a65d3392054b" testId="b69c11b7-dcf3-3445-f7ec-0656b57d2f4f" testName="HamptonHawksPlantSales.Tests.Services.ImportServiceTests.PlantImport_XlsxWithBlankHeaderRow_ThrowsValidationError" computerName="MONEYPENNY" duration="00:00:00.7634114" startTime="2026-03-04T12:26:04.5431596-06:00" endTime="2026-03-04T12:26:04.5431602-06:00" testType="13cdc9d9-ddb5-4fa4-a97d-d965ccfc6d4b" outcome="Passed" testListId="8c84fa94-04c1-424b-9868-57a2d4851a1d" relativeResultsDirectory="d4f3f5b8-3723-47a7-8d69-a65d3392054b" />
    <UnitTestResult executionId="52bee82a-54ba-48f1-9826-0bc750f457ec" testId="fd45b607-e4d4-d30c-6c01-17a11309b295" testName="HamptonHawksPlantSales.Tests.Services.OrderServiceTests.CreateAsync_WithLines_ReturnsOrderWithGeneratedNumberAndLines" computerName="MONEYPENNY" duration="00:00:00.0022818" startTime="2026-03-04T12:26:03.7133330-06:00" endTime="2026-03-04T12:26:03.7133331-06:00" testType="13cdc9d9-ddb5-4fa4-a97d-d965ccfc6d4b" outcome="Passed" testListId="8c84fa94-04c1-424b-9868-57a2d4851a1d" relativeResultsDirectory="52bee82a-54ba-48f1-9826-0bc750f457ec" />
    <UnitTestResult executionId="83dc0d63-ea99-4c28-a5ea-dd3a4b2d8505" testId="3a11d8c1-2a59-23df-3e3c-74f6ae904038" testName="HamptonHawksPlantSales.Tests.Services.ImportServiceTests.GetBatchesAsync_ReturnsPaginatedBatches" computerName="MONEYPENNY" duration="00:00:00.0083564" startTime="2026-03-04T12:26:03.5619998-06:00" endTime="2026-03-04T12:26:03.5620000-06:00" testType="13cdc9d9-ddb5-4fa4-a97d-d965ccfc6d4b" outcome="Passed" testListId="8c84fa94-04c1-424b-9868-57a2d4851a1d" relativeResultsDirectory="83dc0d63-ea99-4c28-a5ea-dd3a4b2d8505" />
    <UnitTestResult executionId="7c0813b6-3ce0-4d1e-9db3-aed177ed13bf" testId="b74dc3bc-3315-86d4-5296-46983b877cdb" testName="HamptonHawksPlantSales.Tests.Services.WalkUpServiceTests.GetAllAvailability_WalkUpOrdersNotDeducted" computerName="MONEYPENNY" duration="00:00:00.9182072" startTime="2026-03-04T12:26:03.2300555-06:00" endTime="2026-03-04T12:26:03.2300559-06:00" testType="13cdc9d9-ddb5-4fa4-a97d-d965ccfc6d4b" outcome="Passed" testListId="8c84fa94-04c1-424b-9868-57a2d4851a1d" relativeResultsDirectory="7c0813b6-3ce0-4d1e-9db3-aed177ed13bf" />
    <UnitTestResult executionId="928dc074-9a08-449c-9835-9efd0276e681" testId="1d5119c6-296b-ac55-5fb2-56fb79614a89" testName="HamptonHawksPlantSales.Tests.Services.CustomerServiceTests.CreateAsync_GeneratesPickupCodeWhenNotProvided" computerName="MONEYPENNY" duration="00:00:00.0026617" startTime="2026-03-04T12:26:03.3899770-06:00" endTime="2026-03-04T12:26:03.3899773-06:00" testType="13cdc9d9-ddb5-4fa4-a97d-d965ccfc6d4b" outcome="Passed" testListId="8c84fa94-04c1-424b-9868-57a2d4851a1d" relativeResultsDirectory="928dc074-9a08-449c-9835-9efd0276e681" />
    <UnitTestResult executionId="b1afeceb-b38a-40a9-978f-c369eed51c1f" testId="3ce71325-987e-27a2-526f-e1fd1d35bb54" testName="HamptonHawksPlantSales.Tests.Services.OrderServiceTests.DeleteAsync_NonExistentOrder_ReturnsFalse" computerName="MONEYPENNY" duration="00:00:00.0075857" startTime="2026-03-04T12:26:03.4403024-06:00" endTime="2026-03-04T12:26:03.4403025-06:00" testType="13cdc9d9-ddb5-4fa4-a97d-d965ccfc6d4b" outcome="Passed" testListId="8c84fa94-04c1-424b-9868-57a2d4851a1d" relativeResultsDirectory="b1afeceb-b38a-40a9-978f-c369eed51c1f" />
    <UnitTestResult executionId="0efa641a-8c81-44be-a7a1-3319dfb04ac3" testId="1a1cc434-516c-4ebb-234d-e7ed0b96333a" testName="HamptonHawksPlantSales.Tests.Core.PaginationDtosTests.PaginationParams_PageSizeBelowOne_DefaultsTo25" computerName="MONEYPENNY" duration="00:00:00.0001657" startTime="2026-03-04T12:26:02.2093893-06:00" endTime="2026-03-04T12:26:02.2093895-06:00" testType="13cdc9d9-ddb5-4fa4-a97d-d965ccfc6d4b" outcome="Passed" testListId="8c84fa94-04c1-424b-9868-57a2d4851a1d" relativeResultsDirectory="0efa641a-8c81-44be-a7a1-3319dfb04ac3" />
    <UnitTestResult executionId="bda898b4-6679-4768-bd41-c7e07b40cf97" testId="862230b4-566b-6db9-16a2-173cefadfbef" testName="HamptonHawksPlantSales.Tests.Services.FulfillmentConcurrencyHandlingTests.IsRetryableConcurrencyException_ReturnsTrue_ForKnownMessages(message: &quot;deadlock detected&quot;)" computerName="MONEYPENNY" duration="00:00:00.0000117" startTime="2026-03-04T12:26:02.2215513-06:00" endTime="2026-03-04T12:26:02.2215514-06:00" testType="13cdc9d9-ddb5-4fa4-a97d-d965ccfc6d4b" outcome="Passed" testListId="8c84fa94-04c1-424b-9868-57a2d4851a1d" relativeResultsDirectory="bda898b4-6679-4768-bd41-c7e07b40cf97" />
    <UnitTestResult executionId="ada17b78-e20a-44db-807c-2a64a04169e5" testId="c490e4b0-4d94-98f7-144b-184640b7153b" testName="HamptonHawksPlantSales.Tests.Services.FulfillmentServiceTests.Scan_ValidBarcode_CreatesEventBeforeTransaction" computerName="MONEYPENNY" duration="00:00:00.0118429" startTime="2026-03-04T12:26:03.4667556-06:00" endTime="2026-03-04T12:26:03.4667558-06:00" testType="13cdc9d9-ddb5-4fa4-a97d-d965ccfc6d4b" outcome="Passed" testListId="8c84fa94-04c1-424b-9868-57a2d4851a1d" relativeResultsDirectory="ada17b78-e20a-44db-807c-2a64a04169e5" />
    <UnitTestResult executionId="106a9f0a-706f-473f-a101-ff55c1d14d46" testId="ecc0a80c-e5d5-3021-4667-b598975d0d5e" testName="HamptonHawksPlantSales.Tests.Services.ImportServiceTests.OrderImport_Pdf_ExtractsCustomerAndLineItems" computerName="MONEYPENNY" duration="00:00:00.1113150" startTime="2026-03-04T12:26:03.5438559-06:00" endTime="2026-03-04T12:26:03.5438561-06:00" testType="13cdc9d9-ddb5-4fa4-a97d-d965ccfc6d4b" outcome="Passed" testListId="8c84fa94-04c1-424b-9868-57a2d4851a1d" relativeResultsDirectory="106a9f0a-706f-473f-a101-ff55c1d14d46" />
    <UnitTestResult executionId="0779da03-8426-4c7b-a6c1-5d7833f59c3a" testId="1fee1b24-c91c-caf8-91cd-29b30476bc30" testName="HamptonHawksPlantSales.Tests.Services.PlantServiceTests.UpdateAsync_WithDuplicateSku_ThrowsValidationException" computerName="MONEYPENNY" duration="00:00:00.0041960" startTime="2026-03-04T12:26:03.4138867-06:00" endTime="2026-03-04T12:26:03.4138869-06:00" testType="13cdc9d9-ddb5-4fa4-a97d-d965ccfc6d4b" outcome="Passed" testListId="8c84fa94-04c1-424b-9868-57a2d4851a1d" relativeResultsDirectory="0779da03-8426-4c7b-a6c1-5d7833f59c3a" />
    <UnitTestResult executionId="af951563-7270-4387-94a4-d44d56645f4c" testId="73d496e0-ea0f-adbc-a3a6-71f83e26b5e5" testName="HamptonHawksPlantSales.Tests.Services.InventoryServiceTests.SequentialOperations_CreateChronologicalAuditTrail" computerName="MONEYPENNY" duration="00:00:00.0170652" startTime="2026-03-04T12:26:03.4548744-06:00" endTime="2026-03-04T12:26:03.4548745-06:00" testType="13cdc9d9-ddb5-4fa4-a97d-d965ccfc6d4b" outcome="Passed" testListId="8c84fa94-04c1-424b-9868-57a2d4851a1d" relativeResultsDirectory="af951563-7270-4387-94a4-d44d56645f4c" />
    <UnitTestResult executionId="9aad5d51-4e42-489c-9529-550a3e927d14" testId="e53e4038-9b34-9b3f-67c7-80eab36a66cb" testName="HamptonHawksPlantSales.Tests.Services.InventoryServiceTests.GetAllAsync_SearchByName_ReturnsMatchingRecords" computerName="MONEYPENNY" duration="00:00:00.0429843" startTime="2026-03-04T12:26:03.3950843-06:00" endTime="2026-03-04T12:26:03.3950844-06:00" testType="13cdc9d9-ddb5-4fa4-a97d-d965ccfc6d4b" outcome="Passed" testListId="8c84fa94-04c1-424b-9868-57a2d4851a1d" relativeResultsDirectory="9aad5d51-4e42-489c-9529-550a3e927d14" />
    <UnitTestResult executionId="2c038a97-d14e-4deb-aa68-8e024dfe9594" testId="844d9ed9-67df-3dea-abd9-c9a9ab30e055" testName="HamptonHawksPlantSales.Tests.Services.PlantServiceTests.CreateAsync_WithDuplicateSku_ThrowsValidationException" computerName="MONEYPENNY" duration="00:00:00.0026630" startTime="2026-03-04T12:26:03.4411852-06:00" endTime="2026-03-04T12:26:03.4411852-06:00" testType="13cdc9d9-ddb5-4fa4-a97d-d965ccfc6d4b" outcome="Passed" testListId="8c84fa94-04c1-424b-9868-57a2d4851a1d" relativeResultsDirectory="2c038a97-d14e-4deb-aa68-8e024dfe9594" />
    <UnitTestResult executionId="93e82de4-cd53-4f9f-94d6-6a0067b0a3d7" testId="e316e5c3-2fd6-4640-1c29-b3dc66f6c7e4" testName="HamptonHawksPlantSales.Tests.Services.ImportServiceTests.InventoryImport_UnknownSku_CreatesIssueAndContinues" computerName="MONEYPENNY" duration="00:00:00.0203991" startTime="2026-03-04T12:26:04.6156745-06:00" endTime="2026-03-04T12:26:04.6156747-06:00" testType="13cdc9d9-ddb5-4fa4-a97d-d965ccfc6d4b" outcome="Passed" testListId="8c84fa94-04c1-424b-9868-57a2d4851a1d" relativeResultsDirectory="93e82de4-cd53-4f9f-94d6-6a0067b0a3d7" />
    <UnitTestResult executionId="3b5f7074-2953-4065-ac00-0d3b455adb2b" testId="fe9a0439-db39-f790-2b7d-e342663dbeda" testName="HamptonHawksPlantSales.Tests.Services.OrderServiceTests.UpdateLine_InvalidQty_ReturnsValidation(qty: -1)" computerName="MONEYPENNY" duration="00:00:00.0033179" startTime="2026-03-04T12:26:03.4873317-06:00" endTime="2026-03-04T12:26:03.4873319-06:00" testType="13cdc9d9-ddb5-4fa4-a97d-d965ccfc6d4b" outcome="Passed" testListId="8c84fa94-04c1-424b-9868-57a2d4851a1d" relativeResultsDirectory="3b5f7074-2953-4065-ac00-0d3b455adb2b" />
    <UnitTestResult executionId="51f56969-ffeb-4727-94d2-f565f59a9d73" testId="81930e7e-23d6-9fad-2793-83ff12baa523" testName="HamptonHawksPlantSales.Tests.Services.ReportServiceTests.GetDashboardMetrics_IncludesRequiredCounts" computerName="MONEYPENNY" duration="00:00:01.1128823" startTime="2026-03-04T12:26:03.3036570-06:00" endTime="2026-03-04T12:26:03.3036573-06:00" testType="13cdc9d9-ddb5-4fa4-a97d-d965ccfc6d4b" outcome="Passed" testListId="8c84fa94-04c1-424b-9868-57a2d4851a1d" relativeResultsDirectory="51f56969-ffeb-4727-94d2-f565f59a9d73" />
    <UnitTestResult executionId="93f725ea-adb8-4780-9880-2bc25e67279a" testId="e3306d2c-d28e-8d61-5211-53e9add89a80" testName="HamptonHawksPlantSales.Tests.Services.OrderServiceTests.GetAllAsync_Pagination_ReturnsCorrectPageAndTotalCount" computerName="MONEYPENNY" duration="00:00:00.0019974" startTime="2026-03-04T12:26:03.7109824-06:00" endTime="2026-03-04T12:26:03.7109825-06:00" testType="13cdc9d9-ddb5-4fa4-a97d-d965ccfc6d4b" outcome="Passed" testListId="8c84fa94-04c1-424b-9868-57a2d4851a1d" relativeResultsDirectory="93f725ea-adb8-4780-9880-2bc25e67279a" />
    <UnitTestResult executionId="a35d54be-fe7b-4919-a678-904a40b68384" testId="01db0bcf-decc-9cbd-f951-2a17337e26c7" testName="HamptonHawksPlantSales.Tests.Services.PlantInventoryCreationTests.InventorySetAndAdjust_WorkForApiCreatedPlant" computerName="MONEYPENNY" duration="00:00:00.1529491" startTime="2026-03-04T12:26:03.3529768-06:00" endTime="2026-03-04T12:26:03.3529769-06:00" testType="13cdc9d9-ddb5-4fa4-a97d-d965ccfc6d4b" outcome="Passed" testListId="8c84fa94-04c1-424b-9868-57a2d4851a1d" relativeResultsDirectory="a35d54be-fe7b-4919-a678-904a40b68384" />
    <UnitTestResult executionId="a472f816-0d44-4495-90be-0e9a101cbaca" testId="070f92fc-c928-15a1-8f54-38fe30c92fcc" testName="HamptonHawksPlantSales.Tests.Services.FulfillmentConcurrencyHandlingTests.IsRetryableConcurrencyException_ReturnsTrue_ForKnownMessages(message: &quot;could not serialize access due to read/write depen&quot;···)" computerName="MONEYPENNY" duration="00:00:00.0006901" startTime="2026-03-04T12:26:02.2213206-06:00" endTime="2026-03-04T12:26:02.2213207-06:00" testType="13cdc9d9-ddb5-4fa4-a97d-d965ccfc6d4b" outcome="Passed" testListId="8c84fa94-04c1-424b-9868-57a2d4851a1d" relativeResultsDirectory="a472f816-0d44-4495-90be-0e9a101cbaca" />
    <UnitTestResult executionId="2646b5ce-2512-49d2-b649-8a2d38562b9a" testId="75229df6-5ff8-4b03-1fcf-5955e6867386" testName="HamptonHawksPlantSales.Tests.Services.SoftDeleteTests.DB09_Plant_SoftDelete_ExcludedFromDefaultQuery" computerName="MONEYPENNY" duration="00:00:00.0029206" startTime="2026-03-04T12:26:03.5499364-06:00" endTime="2026-03-04T12:26:03.5499365-06:00" testType="13cdc9d9-ddb5-4fa4-a97d-d965ccfc6d4b" outcome="Passed" testListId="8c84fa94-04c1-424b-9868-57a2d4851a1d" relativeResultsDirectory="2646b5ce-2512-49d2-b649-8a2d38562b9a" />
    <UnitTestResult executionId="45b55c7b-9583-43a1-a35a-44f49682a0c6" testId="08dd5a9e-3a10-54be-49fe-411793acc2cd" testName="HamptonHawksPlantSales.Tests.Services.SoftDeleteTests.DB09_Seller_SoftDelete_ExcludedFromDefaultQuery" computerName="MONEYPENNY" duration="00:00:00.0031403" startTime="2026-03-04T12:26:03.5449749-06:00" endTime="2026-03-04T12:26:03.5449750-06:00" testType="13cdc9d9-ddb5-4fa4-a97d-d965ccfc6d4b" outcome="Passed" testListId="8c84fa94-04c1-424b-9868-57a2d4851a1d" relativeResultsDirectory="45b55c7b-9583-43a1-a35a-44f49682a0c6" />
    <UnitTestResult executionId="daba3af6-f807-4f7d-9f88-88522419c645" testId="31660b7f-dc8d-b0bd-6c16-61925131aa36" testName="HamptonHawksPlantSales.Tests.Services.SoftDeleteTests.SR06_Plant_GetById_ReturnsEntity_ForActiveEntity" computerName="MONEYPENNY" duration="00:00:00.0030565" startTime="2026-03-04T12:26:03.4567388-06:00" endTime="2026-03-04T12:26:03.4567389-06:00" testType="13cdc9d9-ddb5-4fa4-a97d-d965ccfc6d4b" outcome="Passed" testListId="8c84fa94-04c1-424b-9868-57a2d4851a1d" relativeResultsDirectory="daba3af6-f807-4f7d-9f88-88522419c645" />
    <UnitTestResult executionId="cfcb2cd3-1056-4413-90b1-fa89e6260004" testId="b57c4520-43ff-eb80-d23d-da2c18aab501" testName="HamptonHawksPlantSales.Tests.Services.PlantServiceTests.DeleteAsync_IncludedWhenIncludeDeletedIsTrue" computerName="MONEYPENNY" duration="00:00:00.0024318" startTime="2026-03-04T12:26:03.4629895-06:00" endTime="2026-03-04T12:26:03.4629898-06:00" testType="13cdc9d9-ddb5-4fa4-a97d-d965ccfc6d4b" outcome="Passed" testListId="8c84fa94-04c1-424b-9868-57a2d4851a1d" relativeResultsDirectory="cfcb2cd3-1056-4413-90b1-fa89e6260004" />
    <UnitTestResult executionId="086d5a41-610c-451b-9bcd-b0511a0916e5" testId="21674569-e681-be65-3661-c16f414c2551" testName="HamptonHawksPlantSales.Tests.Services.WalkUpServiceTests.CreateWalkUpOrder_OrderHasStatusOpen" computerName="MONEYPENNY" duration="00:00:00.0026268" startTime="2026-03-04T12:26:03.5514170-06:00" endTime="2026-03-04T12:26:03.5514172-06:00" testType="13cdc9d9-ddb5-4fa4-a97d-d965ccfc6d4b" outcome="Passed" testListId="8c84fa94-04c1-424b-9868-57a2d4851a1d" relativeResultsDirectory="086d5a41-610c-451b-9bcd-b0511a0916e5" />
    <UnitTestResult executionId="28717ab7-4ee5-4cd9-9085-fe2680b022cf" testId="bc5b0b23-372a-5711-0e8a-bda87833f5f1" testName="HamptonHawksPlantSales.Tests.Services.WalkUpServiceTests.UpdateWalkUpLine_ChangePlantOnPartiallyFulfilled_ThrowsValidation" computerName="MONEYPENNY" duration="00:00:00.0259567" startTime="2026-03-04T12:26:03.4615824-06:00" endTime="2026-03-04T12:26:03.4615825-06:00" testType="13cdc9d9-ddb5-4fa4-a97d-d965ccfc6d4b" outcome="Passed" testListId="8c84fa94-04c1-424b-9868-57a2d4851a1d" relativeResultsDirectory="28717ab7-4ee5-4cd9-9085-fe2680b022cf" />
    <UnitTestResult executionId="d9c25dc1-cd25-4426-9836-08093f64828c" testId="d1ccba44-a1bd-6451-2124-cfe1ff491945" testName="HamptonHawksPlantSales.Tests.Services.FulfillmentServiceTests.UndoLastScan_WhenSaleClosed_DoesNotModifyInventoryOrFulfillment" computerName="MONEYPENNY" duration="00:00:00.0076229" startTime="2026-03-04T12:26:03.4830207-06:00" endTime="2026-03-04T12:26:03.4830208-06:00" testType="13cdc9d9-ddb5-4fa4-a97d-d965ccfc6d4b" outcome="Passed" testListId="8c84fa94-04c1-424b-9868-57a2d4851a1d" relativeResultsDirectory="d9c25dc1-cd25-4426-9836-08093f64828c" />
    <UnitTestResult executionId="9193257a-4e5f-4523-8651-8eb180b9cdf8" testId="ee21c464-28d2-f4fe-547a-5fbe9fc0cf56" testName="HamptonHawksPlantSales.Tests.Services.PlantServiceTests.GetByIdAsync_WithNonExistentId_ReturnsNull" computerName="MONEYPENNY" duration="00:00:00.0011500" startTime="2026-03-04T12:26:03.4496453-06:00" endTime="2026-03-04T12:26:03.4496454-06:00" testType="13cdc9d9-ddb5-4fa4-a97d-d965ccfc6d4b" outcome="Passed" testListId="8c84fa94-04c1-424b-9868-57a2d4851a1d" relativeResultsDirectory="9193257a-4e5f-4523-8651-8eb180b9cdf8" />
    <UnitTestResult executionId="76c1d587-cf76-49d3-bb2a-932ba5608430" testId="072990cd-b79c-0dc5-be95-cd4cacabb615" testName="HamptonHawksPlantSales.Tests.Services.SoftDeleteTests.SR07_IncludeDeletedFalse_SameAsDefaultBehavior" computerName="MONEYPENNY" duration="00:00:00.0097166" startTime="2026-03-04T12:26:03.4737662-06:00" endTime="2026-03-04T12:26:03.4737666-06:00" testType="13cdc9d9-ddb5-4fa4-a97d-d965ccfc6d4b" outcome="Passed" testListId="8c84fa94-04c1-424b-9868-57a2d4851a1d" relativeResultsDirectory="76c1d587-cf76-49d3-bb2a-932ba5608430" />
    <UnitTestResult executionId="15ffdd78-d095-41ec-972d-5af5f6196829" testId="f4be4ec8-7b26-824f-f0cb-eaef86670fbc" testName="HamptonHawksPlantSales.Tests.Services.FulfillmentServiceTests.Scan_OutOfStock_ReturnsOutOfStock" computerName="MONEYPENNY" duration="00:00:00.0629724" startTime="2026-03-04T12:26:03.3913740-06:00" endTime="2026-03-04T12:26:03.3913744-06:00" testType="13cdc9d9-ddb5-4fa4-a97d-d965ccfc6d4b" outcome="Passed" testListId="8c84fa94-04c1-424b-9868-57a2d4851a1d" relativeResultsDirectory="15ffdd78-d095-41ec-972d-5af5f6196829" />
    <UnitTestResult executionId="c73d1fd5-02c3-4bf2-bc07-4e4724c169cc" testId="794cb9a9-de11-7d5c-fa47-219e0b125e9d" testName="HamptonHawksPlantSales.Tests.Services.OrderServiceTests.AddLineAsync_AddsLineToExistingOrder" computerName="MONEYPENNY" duration="00:00:00.0312274" startTime="2026-03-04T12:26:03.4790004-06:00" endTime="2026-03-04T12:26:03.4790007-06:00" testType="13cdc9d9-ddb5-4fa4-a97d-d965ccfc6d4b" outcome="Passed" testListId="8c84fa94-04c1-424b-9868-57a2d4851a1d" relativeResultsDirectory="c73d1fd5-02c3-4bf2-bc07-4e4724c169cc" />
    <UnitTestResult executionId="2a52b6d9-e081-429d-9cf4-a114e8d3df2b" testId="178be6f5-132c-b7d4-e6b7-db5b273ee1bc" testName="HamptonHawksPlantSales.Tests.Services.FulfillmentServiceTests.Scan_WhenSaleClosed_ReturnsSaleClosedBlocked" computerName="MONEYPENNY" duration="00:00:00.0022459" startTime="2026-03-04T12:26:03.5557659-06:00" endTime="2026-03-04T12:26:03.5557660-06:00" testType="13cdc9d9-ddb5-4fa4-a97d-d965ccfc6d4b" outcome="Passed" testListId="8c84fa94-04c1-424b-9868-57a2d4851a1d" relativeResultsDirectory="2a52b6d9-e081-429d-9cf4-a114e8d3df2b" />
    <UnitTestResult executionId="d5f35731-da93-4757-b671-31a01e4cb6ff" testId="d7e71115-b0fe-fc50-16fd-83aa2ee3c94a" testName="HamptonHawksPlantSales.Tests.Services.WalkUpServiceTests.UpdateWalkUpLine_NonWalkUpOrder_ThrowsKeyNotFound" computerName="MONEYPENNY" duration="00:00:00.0031527" startTime="2026-03-04T12:26:03.5323099-06:00" endTime="2026-03-04T12:26:03.5323100-06:00" testType="13cdc9d9-ddb5-4fa4-a97d-d965ccfc6d4b" outcome="Passed" testListId="8c84fa94-04c1-424b-9868-57a2d4851a1d" relativeResultsDirectory="d5f35731-da93-4757-b671-31a01e4cb6ff" />
    <UnitTestResult executionId="4cecc31b-a622-4456-9eff-540ba12f12d3" testId="b829df8c-b081-4965-579b-5187b159938b" testName="HamptonHawksPlantSales.Tests.Services.ResponseEnvelopeTests.VersionEndpoint_ReturnsStandardEnvelope" computerName="MONEYPENNY" duration="00:00:00.0019295" startTime="2026-03-04T12:26:02.2459022-06:00" endTime="2026-03-04T12:26:02.2459027-06:00" testType="13cdc9d9-ddb5-4fa4-a97d-d965ccfc6d4b" outcome="Passed" testListId="8c84fa94-04c1-424b-9868-57a2d4851a1d" relativeResultsDirectory="4cecc31b-a622-4456-9eff-540ba12f12d3" />
    <UnitTestResult executionId="02b74db6-0aa9-4b6e-9c59-9cf0529dac53" testId="ab68a7b7-70e9-fa72-ee2a-7236fc22e4a6" testName="HamptonHawksPlantSales.Tests.Validators.RequestValidatorTests.CreatePlantValidator_AcceptsNullOrNonNegativePrice(priceStr: &quot;10&quot;)" computerName="MONEYPENNY" duration="00:00:00.0203281" startTime="2026-03-04T12:26:02.2701088-06:00" endTime="2026-03-04T12:26:02.2701096-06:00" testType="13cdc9d9-ddb5-4fa4-a97d-d965ccfc6d4b" outcome="Passed" testListId="8c84fa94-04c1-424b-9868-57a2d4851a1d" relativeResultsDirectory="02b74db6-0aa9-4b6e-9c59-9cf0529dac53" />
    <UnitTestResult executionId="cfdd5583-f103-4587-a277-a25f4a2bc0dd" testId="c5ad5c22-c743-4a84-a494-dcd18762c356" testName="HamptonHawksPlantSales.Tests.Services.InventoryServiceTests.AdjustInventoryAsync_PlantNotFound_ThrowsKeyNotFoundException" computerName="MONEYPENNY" duration="00:00:00.0027437" startTime="2026-03-04T12:26:03.3980011-06:00" endTime="2026-03-04T12:26:03.3980011-06:00" testType="13cdc9d9-ddb5-4fa4-a97d-d965ccfc6d4b" outcome="Passed" testListId="8c84fa94-04c1-424b-9868-57a2d4851a1d" relativeResultsDirectory="cfdd5583-f103-4587-a277-a25f4a2bc0dd" />
    <UnitTestResult executionId="8c4adca0-55af-4280-842e-d6fce4f84547" testId="5b74792a-1928-a79b-aa0f-98c2242cf4cd" testName="HamptonHawksPlantSales.Tests.Services.AdminServiceTests.ForceComplete_RecordsAdminAction" computerName="MONEYPENNY" duration="00:00:00.0149082" startTime="2026-03-04T12:26:03.3324366-06:00" endTime="2026-03-04T12:26:03.3324368-06:00" testType="13cdc9d9-ddb5-4fa4-a97d-d965ccfc6d4b" outcome="Passed" testListId="8c84fa94-04c1-424b-9868-57a2d4851a1d" relativeResultsDirectory="8c4adca0-55af-4280-842e-d6fce4f84547" />
    <UnitTestResult executionId="f49b9324-3827-4eae-9215-e3ad7966013b" testId="b23db141-bdba-1411-fa96-e3863a0deda7" testName="HamptonHawksPlantSales.Tests.Services.SoftDeleteTests.DB10_MixedSellers_DefaultExcludesDeleted_IncludeDeletedReturnsAll" computerName="MONEYPENNY" duration="00:00:00.0125715" startTime="2026-03-04T12:26:03.4864411-06:00" endTime="2026-03-04T12:26:03.4864412-06:00" testType="13cdc9d9-ddb5-4fa4-a97d-d965ccfc6d4b" outcome="Passed" testListId="8c84fa94-04c1-424b-9868-57a2d4851a1d" relativeResultsDirectory="f49b9324-3827-4eae-9215-e3ad7966013b" />
    <UnitTestResult executionId="50732f33-1b25-4012-83af-3f736e8a70eb" testId="74ef0a4b-2171-1b5d-c7f8-7bb80b3ba10d" testName="HamptonHawksPlantSales.Tests.Services.OrderServiceTests.GetAllAsync_FilterByCustomerId_ReturnsOnlyCustomerOrders" computerName="MONEYPENNY" duration="00:00:00.0281446" startTime="2026-03-04T12:26:03.6525403-06:00" endTime="2026-03-04T12:26:03.6525407-06:00" testType="13cdc9d9-ddb5-4fa4-a97d-d965ccfc6d4b" outcome="Passed" testListId="8c84fa94-04c1-424b-9868-57a2d4851a1d" relativeResultsDirectory="50732f33-1b25-4012-83af-3f736e8a70eb" />
    <UnitTestResult executionId="35916fcf-e734-4419-ad51-a7514a93ac72" testId="248e2dcd-fa03-ca61-59af-260bc072bf31" testName="HamptonHawksPlantSales.Tests.Services.ImportServiceTests.PlantImport_DryRun_DoesNotPersistRowsOrBatch" computerName="MONEYPENNY" duration="00:00:00.0158697" startTime="2026-03-04T12:26:04.6316694-06:00" endTime="2026-03-04T12:26:04.6316698-06:00" testType="13cdc9d9-ddb5-4fa4-a97d-d965ccfc6d4b" outcome="Passed" testListId="8c84fa94-04c1-424b-9868-57a2d4851a1d" relativeResultsDirectory="35916fcf-e734-4419-ad51-a7514a93ac72" />
    <UnitTestResult executionId="c0c164b8-21c2-4bfa-966d-e1b29c1c332c" testId="091184d7-b21d-7bc7-67d5-de6dc53e4be2" testName="HamptonHawksPlantSales.Tests.Services.OrderServiceTests.GetAllAsync_SearchByOrderNumber_ReturnsMatchingOrder" computerName="MONEYPENNY" duration="00:00:00.0024868" startTime="2026-03-04T12:26:03.6779601-06:00" endTime="2026-03-04T12:26:03.6779603-06:00" testType="13cdc9d9-ddb5-4fa4-a97d-d965ccfc6d4b" outcome="Passed" testListId="8c84fa94-04c1-424b-9868-57a2d4851a1d" relativeResultsDirectory="c0c164b8-21c2-4bfa-966d-e1b29c1c332c" />
    <UnitTestResult executionId="b87026ad-1ad1-4e3c-ac50-09ccc64c15c8" testId="6e931405-dacf-0626-a028-8124f6fa47cf" testName="HamptonHawksPlantSales.Tests.Services.OrderServiceTests.UpdateLine_WithQtyAndPlant_UpdatesBoth" computerName="MONEYPENNY" duration="00:00:00.0047523" startTime="2026-03-04T12:26:03.6753523-06:00" endTime="2026-03-04T12:26:03.6753524-06:00" testType="13cdc9d9-ddb5-4fa4-a97d-d965ccfc6d4b" outcome="Passed" testListId="8c84fa94-04c1-424b-9868-57a2d4851a1d" relativeResultsDirectory="b87026ad-1ad1-4e3c-ac50-09ccc64c15c8" />
    <UnitTestResult executionId="9ead0d53-5402-4e80-9566-9a75c490ed01" testId="37fae11c-a3f2-56f0-a2dd-54095ecfceec" testName="HamptonHawksPlantSales.Tests.Services.WalkUpServiceTests.GetAllAvailability_ReturnsCorrectDeduction" computerName="MONEYPENNY" duration="00:00:00.0290885" startTime="2026-03-04T12:26:03.2592294-06:00" endTime="2026-03-04T12:26:03.2592295-06:00" testType="13cdc9d9-ddb5-4fa4-a97d-d965ccfc6d4b" outcome="Passed" testListId="8c84fa94-04c1-424b-9868-57a2d4851a1d" relativeResultsDirectory="9ead0d53-5402-4e80-9566-9a75c490ed01" />
    <UnitTestResult executionId="b403f322-070a-4e2a-905c-f66d51b68bd3" testId="868da2ff-8840-0f31-cfb2-f0617638ea08" testName="HamptonHawksPlantSales.Tests.Services.PlantServiceTests.GetAllAsync_SearchMatchesBySku" computerName="MONEYPENNY" duration="00:00:00.1089687" startTime="2026-03-04T12:26:03.3098288-06:00" endTime="2026-03-04T12:26:03.3098291-06:00" testType="13cdc9d9-ddb5-4fa4-a97d-d965ccfc6d4b" outcome="Passed" testListId="8c84fa94-04c1-424b-9868-57a2d4851a1d" relativeResultsDirectory="b403f322-070a-4e2a-905c-f66d51b68bd3" />
    <UnitTestResult executionId="cb53ca79-9c2b-4949-b461-4b22b054731f" testId="2725172b-a405-386a-2275-bd36a55c1d75" testName="HamptonHawksPlantSales.Tests.Validators.RequestValidatorTests.UpdateInventoryValidator_RejectsNegativeOnHandAndMissingReason" computerName="MONEYPENNY" duration="00:00:00.0589127" startTime="2026-03-04T12:26:02.2496170-06:00" endTime="2026-03-04T12:26:02.2496173-06:00" testType="13cdc9d9-ddb5-4fa4-a97d-d965ccfc6d4b" outcome="Passed" testListId="8c84fa94-04c1-424b-9868-57a2d4851a1d" relativeResultsDirectory="cb53ca79-9c2b-4949-b461-4b22b054731f" />
    <UnitTestResult executionId="5d163af8-a58d-473f-8a00-adbdd99804cb" testId="8b8b30c5-ed24-8f80-fdbc-9582b91215a5" testName="HamptonHawksPlantSales.Tests.Services.AdminServiceTests.GetActionsAsync_ReturnsNewestFirst" computerName="MONEYPENNY" duration="00:00:00.0326192" startTime="2026-03-04T12:26:03.3992524-06:00" endTime="2026-03-04T12:26:03.3992527-06:00" testType="13cdc9d9-ddb5-4fa4-a97d-d965ccfc6d4b" outcome="Passed" testListId="8c84fa94-04c1-424b-9868-57a2d4851a1d" relativeResultsDirectory="5d163af8-a58d-473f-8a00-adbdd99804cb" />
    <UnitTestResult executionId="60ce2275-63e0-4ef0-b97e-15bd748fe65c" testId="17896be7-5c45-08c4-b228-3d5874b921a6" testName="HamptonHawksPlantSales.Tests.Services.WalkUpServiceTests.GetAllAvailability_NoPreorders_AvailabilityEqualsOnHand" computerName="MONEYPENNY" duration="00:00:00.0020895" startTime="2026-03-04T12:26:03.5156120-06:00" endTime="2026-03-04T12:26:03.5156122-06:00" testType="13cdc9d9-ddb5-4fa4-a97d-d965ccfc6d4b" outcome="Passed" testListId="8c84fa94-04c1-424b-9868-57a2d4851a1d" relativeResultsDirectory="60ce2275-63e0-4ef0-b97e-15bd748fe65c" />
    <UnitTestResult executionId="5789bad9-c03a-4a87-8144-fe8a07f7df5f" testId="320f8c07-095a-310f-1ed6-e0972229512e" testName="HamptonHawksPlantSales.Tests.Services.OrderServiceTests.DeleteLineAsync_SoftDeletesLine_NoLongerAppearsInOrder" computerName="MONEYPENNY" duration="00:00:00.0059130" startTime="2026-03-04T12:26:03.7089309-06:00" endTime="2026-03-04T12:26:03.7089312-06:00" testType="13cdc9d9-ddb5-4fa4-a97d-d965ccfc6d4b" outcome="Passed" testListId="8c84fa94-04c1-424b-9868-57a2d4851a1d" relativeResultsDirectory="5789bad9-c03a-4a87-8144-fe8a07f7df5f" />
    <UnitTestResult executionId="721aa55d-fe96-443a-84c7-c2aff3399dcf" testId="9aa9f665-6d68-cdb9-cfec-a7a8a19d1e8b" testName="HamptonHawksPlantSales.Tests.Services.SoftDeleteTests.DB10_MixedPlants_DefaultExcludesDeleted_IncludeDeletedReturnsAll" computerName="MONEYPENNY" duration="00:00:00.0155609" startTime="2026-03-04T12:26:03.5348120-06:00" endTime="2026-03-04T12:26:03.5348123-06:00" testType="13cdc9d9-ddb5-4fa4-a97d-d965ccfc6d4b" outcome="Passed" testListId="8c84fa94-04c1-424b-9868-57a2d4851a1d" relativeResultsDirectory="721aa55d-fe96-443a-84c7-c2aff3399dcf" />
    <UnitTestResult executionId="0b64fd16-430c-4652-ba2e-a5892ba30dde" testId="d1bb4e8d-8575-0ccc-747d-8a627c52f80a" testName="HamptonHawksPlantSales.Tests.Services.PlantServiceTests.UpdateAsync_WithSameOwnSku_DoesNotThrow" computerName="MONEYPENNY" duration="00:00:00.0197698" startTime="2026-03-04T12:26:03.3730472-06:00" endTime="2026-03-04T12:26:03.3730475-06:00" testType="13cdc9d9-ddb5-4fa4-a97d-d965ccfc6d4b" outcome="Passed" testListId="8c84fa94-04c1-424b-9868-57a2d4851a1d" relativeResultsDirectory="0b64fd16-430c-4652-ba2e-a5892ba30dde" />
    <UnitTestResult executionId="11f0994a-f62a-498b-adef-c9bf1d3a1bee" testId="37948803-9bd2-c4de-0bff-f87f515be8bb" testName="HamptonHawksPlantSales.Tests.Services.SoftDeleteTests.SR06_Customer_GetById_ReturnsNull_ForDeletedEntity" computerName="MONEYPENNY" duration="00:00:00.0044418" startTime="2026-03-04T12:26:03.5417758-06:00" endTime="2026-03-04T12:26:03.5417760-06:00" testType="13cdc9d9-ddb5-4fa4-a97d-d965ccfc6d4b" outcome="Passed" testListId="8c84fa94-04c1-424b-9868-57a2d4851a1d" relativeResultsDirectory="11f0994a-f62a-498b-adef-c9bf1d3a1bee" />
    <UnitTestResult executionId="ba2f8ca1-e0f8-4e67-8dae-309dbb5c728d" testId="a15ede68-880d-b06b-d826-410f2e7832af" testName="HamptonHawksPlantSales.Tests.Services.CustomerServiceTests.GetByIdAsync_WithValidId_ReturnsCustomerWithAllFields" computerName="MONEYPENNY" duration="00:00:00.0028456" startTime="2026-03-04T12:26:03.3978802-06:00" endTime="2026-03-04T12:26:03.3978806-06:00" testType="13cdc9d9-ddb5-4fa4-a97d-d965ccfc6d4b" outcome="Passed" testListId="8c84fa94-04c1-424b-9868-57a2d4851a1d" relativeResultsDirectory="ba2f8ca1-e0f8-4e67-8dae-309dbb5c728d" />
    <UnitTestResult executionId="9f70a194-d8a9-4182-8f8c-b10743d9e639" testId="54a5fa68-e786-e68c-59ee-20ada004d895" testName="HamptonHawksPlantSales.Tests.Services.FulfillmentConcurrencyHandlingTests.IsRetryableConcurrencyException_ReturnsFalse_ForUnknownMessage" computerName="MONEYPENNY" duration="00:00:00.0163183" startTime="2026-03-04T12:26:02.2099469-06:00" endTime="2026-03-04T12:26:02.2099470-06:00" testType="13cdc9d9-ddb5-4fa4-a97d-d965ccfc6d4b" outcome="Passed" testListId="8c84fa94-04c1-424b-9868-57a2d4851a1d" relativeResultsDirectory="9f70a194-d8a9-4182-8f8c-b10743d9e639" />
    <UnitTestResult executionId="36e17a2e-1fe1-4961-b221-956c47caf9c1" testId="327f4d81-4a38-cca9-fa2c-2d69f32cab27" testName="HamptonHawksPlantSales.Tests.Services.WalkUpServiceTests.UpdateWalkUpLine_ReduceQuantity_Succeeds" computerName="MONEYPENNY" duration="00:00:00.0036844" startTime="2026-03-04T12:26:03.4907469-06:00" endTime="2026-03-04T12:26:03.4907472-06:00" testType="13cdc9d9-ddb5-4fa4-a97d-d965ccfc6d4b" outcome="Passed" testListId="8c84fa94-04c1-424b-9868-57a2d4851a1d" relativeResultsDirectory="36e17a2e-1fe1-4961-b221-956c47caf9c1" />
    <UnitTestResult executionId="63fe29e8-f2c5-4ea3-bd85-18c2c4f6d84b" testId="458d2dab-ec34-da0d-931e-eb5fc9bf90f6" testName="HamptonHawksPlantSales.Tests.Services.OrderServiceTests.GetAllAsync_FilterByStatus_ReturnsOnlyMatchingOrders" computerName="MONEYPENNY" duration="00:00:00.0342885" startTime="2026-03-04T12:26:03.5764123-06:00" endTime="2026-03-04T12:26:03.5764125-06:00" testType="13cdc9d9-ddb5-4fa4-a97d-d965ccfc6d4b" outcome="Passed" testListId="8c84fa94-04c1-424b-9868-57a2d4851a1d" relativeResultsDirectory="63fe29e8-f2c5-4ea3-bd85-18c2c4f6d84b" />
    <UnitTestResult executionId="0709c9e6-c9bd-4054-be22-ac5e565add6a" testId="34738d79-abcd-fb46-c363-4cdf3eddfb01" testName="HamptonHawksPlantSales.Tests.Services.PlantServiceTests.GetAllAsync_WithNoFilter_ReturnsAllPlants" computerName="MONEYPENNY" duration="00:00:00.0022215" startTime="2026-03-04T12:26:03.4306950-06:00" endTime="2026-03-04T12:26:03.4306951-06:00" testType="13cdc9d9-ddb5-4fa4-a97d-d965ccfc6d4b" outcome="Passed" testListId="8c84fa94-04c1-424b-9868-57a2d4851a1d" relativeResultsDirectory="0709c9e6-c9bd-4054-be22-ac5e565add6a" />
    <UnitTestResult executionId="d4d1e4c8-86be-492c-ad4b-f2d1598a4b37" testId="b48d06a8-86f6-debe-a354-20a679ac19dc" testName="HamptonHawksPlantSales.Tests.Services.InventoryProtectionServiceTests.CalculateAvailableForWalkup_MultiplePreorders_SumsRemaining" computerName="MONEYPENNY" duration="00:00:00.0049096" startTime="2026-03-04T12:26:03.3309790-06:00" endTime="2026-03-04T12:26:03.3309791-06:00" testType="13cdc9d9-ddb5-4fa4-a97d-d965ccfc6d4b" outcome="Passed" testListId="8c84fa94-04c1-424b-9868-57a2d4851a1d" relativeResultsDirectory="d4d1e4c8-86be-492c-ad4b-f2d1598a4b37" />
    <UnitTestResult executionId="4d72e321-483e-424a-9161-ab59a99a92bd" testId="66564ada-b45a-2d92-674c-1d3817f021ff" testName="HamptonHawksPlantSales.Tests.Services.PlantServiceTests.DeleteAsync_AlreadyDeletedPlant_ReturnsFalse" computerName="MONEYPENNY" duration="00:00:00.0026593" startTime="2026-03-04T12:26:03.4095710-06:00" endTime="2026-03-04T12:26:03.4095711-06:00" testType="13cdc9d9-ddb5-4fa4-a97d-d965ccfc6d4b" outcome="Passed" testListId="8c84fa94-04c1-424b-9868-57a2d4851a1d" relativeResultsDirectory="4d72e321-483e-424a-9161-ab59a99a92bd" />
    <UnitTestResult executionId="e031a11e-6d94-49cd-bfc0-9be6b19e42c9" testId="bd6d8504-2e7e-4615-d0ce-835ac7b513d8" testName="HamptonHawksPlantSales.Tests.Services.WalkUpServiceTests.CreateWalkUpOrder_WithoutDisplayNameOrCustomerId_ThrowsValidation" computerName="MONEYPENNY" duration="00:00:00.0038693" startTime="2026-03-04T12:26:03.4653112-06:00" endTime="2026-03-04T12:26:03.4653114-06:00" testType="13cdc9d9-ddb5-4fa4-a97d-d965ccfc6d4b" outcome="Passed" testListId="8c84fa94-04c1-424b-9868-57a2d4851a1d" relativeResultsDirectory="e031a11e-6d94-49cd-bfc0-9be6b19e42c9" />
    <UnitTestResult executionId="d30f26af-102b-4b10-bd6e-3b014ca2e53f" testId="35d59677-a689-9ab7-642e-ad6518c1e713" testName="HamptonHawksPlantSales.Tests.Services.PlantInventoryCreationTests.CreatePlant_AutoCreatesInventoryWithZero" computerName="MONEYPENNY" duration="00:00:01.0088659" startTime="2026-03-04T12:26:03.1994603-06:00" endTime="2026-03-04T12:26:03.1994604-06:00" testType="13cdc9d9-ddb5-4fa4-a97d-d965ccfc6d4b" outcome="Passed" testListId="8c84fa94-04c1-424b-9868-57a2d4851a1d" relativeResultsDirectory="d30f26af-102b-4b10-bd6e-3b014ca2e53f" />
    <UnitTestResult executionId="a1e0ef5b-2f9f-4ce0-ae84-15c6756c0ffa" testId="d3d68d28-1ca7-049b-fdb7-f25a399302d5" testName="HamptonHawksPlantSales.Tests.Services.InventoryProtectionServiceTests.ValidateWalkupLine_WithExcludeOrderId_IgnoresThatOrderReservation" computerName="MONEYPENNY" duration="00:00:00.1016650" startTime="2026-03-04T12:26:03.3143549-06:00" endTime="2026-03-04T12:26:03.3143553-06:00" testType="13cdc9d9-ddb5-4fa4-a97d-d965ccfc6d4b" outcome="Passed" testListId="8c84fa94-04c1-424b-9868-57a2d4851a1d" relativeResultsDirectory="a1e0ef5b-2f9f-4ce0-ae84-15c6756c0ffa" />
    <UnitTestResult executionId="21dc5fa1-9a1c-44b2-99c5-35a286608517" testId="2d7f6f07-a696-d882-cb0d-6d3f0b5b6ed6" testName="HamptonHawksPlantSales.Tests.Services.WalkUpServiceTests.CreateWalkUpOrder_WithDisplayName_CreatesCustomerAndOrder" computerName="MONEYPENNY" duration="00:00:00.0044163" startTime="2026-03-04T12:26:03.4869882-06:00" endTime="2026-03-04T12:26:03.4869883-06:00" testType="13cdc9d9-ddb5-4fa4-a97d-d965ccfc6d4b" outcome="Passed" testListId="8c84fa94-04c1-424b-9868-57a2d4851a1d" relativeResultsDirectory="21dc5fa1-9a1c-44b2-99c5-35a286608517" />
    <UnitTestResult executionId="fbb92ff6-6811-49d1-8b92-aa3181076589" testId="c4cee08f-5922-4783-497b-6d049158aa6b" testName="HamptonHawksPlantSales.Tests.Services.OrderServiceTests.UpdateLine_InvalidQty_ReturnsValidation(qty: 0)" computerName="MONEYPENNY" duration="00:00:00.0026249" startTime="2026-03-04T12:26:03.4900490-06:00" endTime="2026-03-04T12:26:03.4900492-06:00" testType="13cdc9d9-ddb5-4fa4-a97d-d965ccfc6d4b" outcome="Passed" testListId="8c84fa94-04c1-424b-9868-57a2d4851a1d" relativeResultsDirectory="fbb92ff6-6811-49d1-8b92-aa3181076589" />
    <UnitTestResult executionId="5ee3ba82-b31d-42ca-ae91-f6a5737628db" testId="48d46847-07d9-c8d3-63ad-a9c945c93e29" testName="HamptonHawksPlantSales.Tests.Services.InventoryProtectionServiceTests.GetAllAvailability_OnlyReturnsActiveNonDeletedPlants_WithComputedAvailability" computerName="MONEYPENNY" duration="00:00:00.0167199" startTime="2026-03-04T12:26:03.3528133-06:00" endTime="2026-03-04T12:26:03.3528134-06:00" testType="13cdc9d9-ddb5-4fa4-a97d-d965ccfc6d4b" outcome="Passed" testListId="8c84fa94-04c1-424b-9868-57a2d4851a1d" relativeResultsDirectory="5ee3ba82-b31d-42ca-ae91-f6a5737628db" />
    <UnitTestResult executionId="2b660d3b-c545-4897-b668-e4d63c1e3313" testId="acfe1bf4-3420-a076-22cb-d78870ba2e98" testName="HamptonHawksPlantSales.Tests.Services.AdminPinActionFilterTests.GetRequest_WithPinAndNoReason_AllowsRequest" computerName="MONEYPENNY" duration="00:00:00.0013028" startTime="2026-03-04T12:26:02.2288786-06:00" endTime="2026-03-04T12:26:02.2288793-06:00" testType="13cdc9d9-ddb5-4fa4-a97d-d965ccfc6d4b" outcome="Passed" testListId="8c84fa94-04c1-424b-9868-57a2d4851a1d" relativeResultsDirectory="2b660d3b-c545-4897-b668-e4d63c1e3313" />
    <UnitTestResult executionId="bc2dc684-9329-4150-98dd-3a8f641bac55" testId="730d7b6b-1bd9-f770-60d6-188e0bfcf249" testName="HamptonHawksPlantSales.Tests.Validators.RequestValidatorTests.CreateSellerValidator_RequiresDisplayName" computerName="MONEYPENNY" duration="00:00:00.0024221" startTime="2026-03-04T12:26:02.2737049-06:00" endTime="2026-03-04T12:26:02.2737054-06:00" testType="13cdc9d9-ddb5-4fa4-a97d-d965ccfc6d4b" outcome="Passed" testListId="8c84fa94-04c1-424b-9868-57a2d4851a1d" relativeResultsDirectory="bc2dc684-9329-4150-98dd-3a8f641bac55" />
    <UnitTestResult executionId="b893a0c0-f460-4a12-b93a-cc6fafa81eb9" testId="bec44fe7-287c-ce99-ead7-cabb2a736c72" testName="HamptonHawksPlantSales.Tests.Services.PlantServiceTests.UpdateAsync_WithDuplicateBarcode_ThrowsValidationException" computerName="MONEYPENNY" duration="00:00:00.0026510" startTime="2026-03-04T12:26:03.4660409-06:00" endTime="2026-03-04T12:26:03.4660410-06:00" testType="13cdc9d9-ddb5-4fa4-a97d-d965ccfc6d4b" outcome="Passed" testListId="8c84fa94-04c1-424b-9868-57a2d4851a1d" relativeResultsDirectory="b893a0c0-f460-4a12-b93a-cc6fafa81eb9" />
    <UnitTestResult executionId="c1e89444-efe7-4563-9c53-2f474eff7da4" testId="57b48cec-14b2-bd81-3930-f27eb932ce5f" testName="HamptonHawksPlantSales.Tests.Services.CustomerServiceTests.UpdateAsync_ChangesPersisted_ConfirmedViaGetById" computerName="MONEYPENNY" duration="00:00:00.0037264" startTime="2026-03-04T12:26:03.3591204-06:00" endTime="2026-03-04T12:26:03.3591209-06:00" testType="13cdc9d9-ddb5-4fa4-a97d-d965ccfc6d4b" outcome="Passed" testListId="8c84fa94-04c1-424b-9868-57a2d4851a1d" relativeResultsDirectory="c1e89444-efe7-4563-9c53-2f474eff7da4" />
    <UnitTestResult executionId="4fc1f508-0890-45c0-bc32-e69a48df19f9" testId="627953d7-1a3d-fab7-392c-2e21070c360c" testName="HamptonHawksPlantSales.Tests.Core.PaginationDtosTests.PaginationParams_PageSizeAboveMax_ClampsTo200" computerName="MONEYPENNY" duration="00:00:00.0095690" startTime="2026-03-04T12:26:02.2048354-06:00" endTime="2026-03-04T12:26:02.2048851-06:00" testType="13cdc9d9-ddb5-4fa4-a97d-d965ccfc6d4b" outcome="Passed" testListId="8c84fa94-04c1-424b-9868-57a2d4851a1d" relativeResultsDirectory="4fc1f508-0890-45c0-bc32-e69a48df19f9" />
    <UnitTestResult executionId="10887f9f-3ad9-49a9-b53f-d9ddd2bf2e7b" testId="fbc952ed-5d57-281e-16c8-270aeb190346" testName="HamptonHawksPlantSales.Tests.Services.FulfillmentServiceTests.GetEvents_ExcludesSoftDeletedEvents" computerName="MONEYPENNY" duration="00:00:00.0030875" startTime="2026-03-04T12:26:03.5801919-06:00" endTime="2026-03-04T12:26:03.5801921-06:00" testType="13cdc9d9-ddb5-4fa4-a97d-d965ccfc6d4b" outcome="Passed" testListId="8c84fa94-04c1-424b-9868-57a2d4851a1d" relativeResultsDirectory="10887f9f-3ad9-49a9-b53f-d9ddd2bf2e7b" />
    <UnitTestResult executionId="61af77ff-636e-4ea4-9c8b-8fad36af6b5d" testId="90a5595e-3b58-d19a-d001-ebb7e996d432" testName="HamptonHawksPlantSales.Tests.Services.WalkUpServiceTests.GetAllAvailability_PartiallyFulfilledPreorder_CalculatesCorrectly" computerName="MONEYPENNY" duration="00:00:00.0035505" startTime="2026-03-04T12:26:03.4123545-06:00" endTime="2026-03-04T12:26:03.4123547-06:00" testType="13cdc9d9-ddb5-4fa4-a97d-d965ccfc6d4b" outcome="Passed" testListId="8c84fa94-04c1-424b-9868-57a2d4851a1d" relativeResultsDirectory="61af77ff-636e-4ea4-9c8b-8fad36af6b5d" />
    <UnitTestResult executionId="d32dd451-c94b-49d6-9624-4bc3cc894413" testId="e93780f6-8e40-15a8-598e-c360281f65f5" testName="HamptonHawksPlantSales.Tests.Services.SettingsServiceTests.GetSettingsAsync_DefaultState_ReturnsSaleClosedFalse" computerName="MONEYPENNY" duration="00:00:00.0028208" startTime="2026-03-04T12:26:03.2598740-06:00" endTime="2026-03-04T12:26:03.2598742-06:00" testType="13cdc9d9-ddb5-4fa4-a97d-d965ccfc6d4b" outcome="Passed" testListId="8c84fa94-04c1-424b-9868-57a2d4851a1d" relativeResultsDirectory="d32dd451-c94b-49d6-9624-4bc3cc894413" />
    <UnitTestResult executionId="788c9919-c348-44d5-815b-0c8b4e1ce703" testId="c28c4234-645b-0808-4cad-e33248e8c05d" testName="HamptonHawksPlantSales.Tests.Services.InventoryServiceTests.SetInventoryAsync_CreatesAuditTrailEntry" computerName="MONEYPENNY" duration="00:00:00.0251120" startTime="2026-03-04T12:26:03.3529028-06:00" endTime="2026-03-04T12:26:03.3529029-06:00" testType="13cdc9d9-ddb5-4fa4-a97d-d965ccfc6d4b" outcome="Passed" testListId="8c84fa94-04c1-424b-9868-57a2d4851a1d" relativeResultsDirectory="788c9919-c348-44d5-815b-0c8b4e1ce703" />
    <UnitTestResult executionId="68080470-4af4-49b5-9336-b2fed3140f3c" testId="d040a027-a7a3-59b3-cc6e-add70963a291" testName="HamptonHawksPlantSales.Tests.Services.WalkUpServiceTests.CreateWalkUpOrder_WithExistingCustomerId_ReusesCustomer" computerName="MONEYPENNY" duration="00:00:00.1493539" startTime="2026-03-04T12:26:03.4086828-06:00" endTime="2026-03-04T12:26:03.4086831-06:00" testType="13cdc9d9-ddb5-4fa4-a97d-d965ccfc6d4b" outcome="Passed" testListId="8c84fa94-04c1-424b-9868-57a2d4851a1d" relativeResultsDirectory="68080470-4af4-49b5-9336-b2fed3140f3c" />
    <UnitTestResult executionId="e86711e2-a22b-4a4d-9c06-1040050ee703" testId="f79205ee-5549-00ef-9409-bf1677133ea2" testName="HamptonHawksPlantSales.Tests.Validators.RequestValidatorTests.CreatePlantValidator_AcceptsNullOrNonNegativePrice(priceStr: null)" computerName="MONEYPENNY" duration="00:00:00.0000656" startTime="2026-03-04T12:26:02.2711386-06:00" endTime="2026-03-04T12:26:02.2711387-06:00" testType="13cdc9d9-ddb5-4fa4-a97d-d965ccfc6d4b" outcome="Passed" testListId="8c84fa94-04c1-424b-9868-57a2d4851a1d" relativeResultsDirectory="e86711e2-a22b-4a4d-9c06-1040050ee703" />
    <UnitTestResult executionId="05ac36f0-bd03-4766-b3c0-cf9b04d06778" testId="0cd61d87-5ab4-ec67-d972-1c05137187ee" testName="HamptonHawksPlantSales.Tests.Services.CustomerServiceTests.CreateAsync_CustomerAppearsInListing" computerName="MONEYPENNY" duration="00:00:00.0032433" startTime="2026-03-04T12:26:03.3552233-06:00" endTime="2026-03-04T12:26:03.3552236-06:00" testType="13cdc9d9-ddb5-4fa4-a97d-d965ccfc6d4b" outcome="Passed" testListId="8c84fa94-04c1-424b-9868-57a2d4851a1d" relativeResultsDirectory="05ac36f0-bd03-4766-b3c0-cf9b04d06778" />
    <UnitTestResult executionId="aa3ab09b-18e2-4b76-bbe4-c34f38eeb6f5" testId="9fb313b1-8d7b-6c9b-478c-558f85f7a910" testName="HamptonHawksPlantSales.Tests.Services.FulfillmentServiceTests.GetEvents_NoEventsForOrder_ReturnsEmptyList" computerName="MONEYPENNY" duration="00:00:00.0201919" startTime="2026-03-04T12:26:03.4116741-06:00" endTime="2026-03-04T12:26:03.4116743-06:00" testType="13cdc9d9-ddb5-4fa4-a97d-d965ccfc6d4b" outcome="Passed" testListId="8c84fa94-04c1-424b-9868-57a2d4851a1d" relativeResultsDirectory="aa3ab09b-18e2-4b76-bbe4-c34f38eeb6f5" />
    <UnitTestResult executionId="1dd37aea-a38c-4a3c-8fe3-bc4d23b13e67" testId="6ccb4a00-67dd-875d-da52-f44e2bcebd4b" testName="HamptonHawksPlantSales.Tests.Services.CustomerServiceTests.DeleteAsync_IncludedWhenIncludeDeletedIsTrue" computerName="MONEYPENNY" duration="00:00:00.0279466" startTime="2026-03-04T12:26:03.2868965-06:00" endTime="2026-03-04T12:26:03.2868968-06:00" testType="13cdc9d9-ddb5-4fa4-a97d-d965ccfc6d4b" outcome="Passed" testListId="8c84fa94-04c1-424b-9868-57a2d4851a1d" relativeResultsDirectory="1dd37aea-a38c-4a3c-8fe3-bc4d23b13e67" />
    <UnitTestResult executionId="eae38304-b0eb-4662-a697-2a6656f3ee47" testId="2df480eb-5798-f992-4671-e6907f6c5ce6" testName="HamptonHawksPlantSales.Tests.Services.OrderServiceTests.GetAllAsync_FilterBySellerId_ReturnsOnlySellerOrders" computerName="MONEYPENNY" duration="00:00:00.0248417" startTime="2026-03-04T12:26:03.7029144-06:00" endTime="2026-03-04T12:26:03.7029148-06:00" testType="13cdc9d9-ddb5-4fa4-a97d-d965ccfc6d4b" outcome="Passed" testListId="8c84fa94-04c1-424b-9868-57a2d4851a1d" relativeResultsDirectory="eae38304-b0eb-4662-a697-2a6656f3ee47" />
    <UnitTestResult executionId="3622acef-79b4-4d8f-be25-f12529a222bb" testId="02b5fb15-e7df-91fd-e024-463695429b32" testName="HamptonHawksPlantSales.Tests.Services.InventoryServiceTests.GetAllAsync_IncludesPlantCatalogFields" computerName="MONEYPENNY" duration="00:00:00.0027829" startTime="2026-03-04T12:26:03.4633210-06:00" endTime="2026-03-04T12:26:03.4633211-06:00" testType="13cdc9d9-ddb5-4fa4-a97d-d965ccfc6d4b" outcome="Passed" testListId="8c84fa94-04c1-424b-9868-57a2d4851a1d" relativeResultsDirectory="3622acef-79b4-4d8f-be25-f12529a222bb" />
    <UnitTestResult executionId="73bc50d8-a0f5-4050-8dd5-893125f90871" testId="371737fe-1830-938d-df9a-bc12045f6a7a" testName="HamptonHawksPlantSales.Tests.Services.FulfillmentServiceTests.UndoLastScan_WhenSaleClosed_ReturnsSaleClosedBlocked" computerName="MONEYPENNY" duration="00:00:00.0034801" startTime="2026-03-04T12:26:03.4547937-06:00" endTime="2026-03-04T12:26:03.4547939-06:00" testType="13cdc9d9-ddb5-4fa4-a97d-d965ccfc6d4b" outcome="Passed" testListId="8c84fa94-04c1-424b-9868-57a2d4851a1d" relativeResultsDirectory="73bc50d8-a0f5-4050-8dd5-893125f90871" />
    <UnitTestResult executionId="7bb514cf-5b70-4aa9-aa0d-f0fb7bd2cd2d" testId="11664fcc-31cf-3ba9-d5b0-477fde812a77" testName="HamptonHawksPlantSales.Tests.Services.FulfillmentServiceTests.Scan_BarcodeNotFound_ReturnsNotFound" computerName="MONEYPENNY" duration="00:00:00.0025699" startTime="2026-03-04T12:26:03.4413375-06:00" endTime="2026-03-04T12:26:03.4413375-06:00" testType="13cdc9d9-ddb5-4fa4-a97d-d965ccfc6d4b" outcome="Passed" testListId="8c84fa94-04c1-424b-9868-57a2d4851a1d" relativeResultsDirectory="7bb514cf-5b70-4aa9-aa0d-f0fb7bd2cd2d" />
    <UnitTestResult executionId="f272cf11-50cf-42ee-9384-8cf66c840d18" testId="ce115ee7-b66d-5092-e941-62717d4f81fe" testName="HamptonHawksPlantSales.Tests.Services.CorsConfigurationTests.CorsPolicy_AllowsKnownOrigin_AndBlocksUnknownOrigin" computerName="MONEYPENNY" duration="00:00:00.0251475" startTime="2026-03-04T12:26:02.2217446-06:00" endTime="2026-03-04T12:26:02.2217447-06:00" testType="13cdc9d9-ddb5-4fa4-a97d-d965ccfc6d4b" outcome="Passed" testListId="8c84fa94-04c1-424b-9868-57a2d4851a1d" relativeResultsDirectory="f272cf11-50cf-42ee-9384-8cf66c840d18" />
    <UnitTestResult executionId="4d690f55-6ab6-49ee-ba42-2d57b6433174" testId="84044bd2-1fec-1504-fc40-5845e976cb2f" testName="HamptonHawksPlantSales.Tests.Services.WalkUpServiceTests.AddWalkUpLine_AdminOverride_AllowsExceedingAvailability" computerName="MONEYPENNY" duration="00:00:00.0133313" startTime="2026-03-04T12:26:03.5290841-06:00" endTime="2026-03-04T12:26:03.5290844-06:00" testType="13cdc9d9-ddb5-4fa4-a97d-d965ccfc6d4b" outcome="Passed" testListId="8c84fa94-04c1-424b-9868-57a2d4851a1d" relativeResultsDirectory="4d690f55-6ab6-49ee-ba42-2d57b6433174" />
    <UnitTestResult executionId="9b5032ad-8aaf-4483-8b31-de7301b96d55" testId="72794c60-1091-d3d4-12aa-26fe8df03dba" testName="HamptonHawksPlantSales.Tests.Services.SoftDeleteTests.SR06_Plant_GetById_ReturnsNull_ForDeletedEntity" computerName="MONEYPENNY" duration="00:00:00.0019394" startTime="2026-03-04T12:26:03.4470976-06:00" endTime="2026-03-04T12:26:03.4470978-06:00" testType="13cdc9d9-ddb5-4fa4-a97d-d965ccfc6d4b" outcome="Passed" testListId="8c84fa94-04c1-424b-9868-57a2d4851a1d" relativeResultsDirectory="9b5032ad-8aaf-4483-8b31-de7301b96d55" />
    <UnitTestResult executionId="07c9ebc2-36d0-4f19-bf96-d72dc6a0109b" testId="5bf6da0b-c321-8804-4ecd-c7be66b0935b" testName="HamptonHawksPlantSales.Tests.Services.SoftDeleteTests.DB09_Order_SoftDelete_IncludedWithIncludeDeletedTrue" computerName="MONEYPENNY" duration="00:00:00.0326426" startTime="2026-03-04T12:26:03.5191355-06:00" endTime="2026-03-04T12:26:03.5191358-06:00" testType="13cdc9d9-ddb5-4fa4-a97d-d965ccfc6d4b" outcome="Passed" testListId="8c84fa94-04c1-424b-9868-57a2d4851a1d" relativeResultsDirectory="07c9ebc2-36d0-4f19-bf96-d72dc6a0109b" />
    <UnitTestResult executionId="d9c21d27-8714-4d08-95b2-4615a8921a57" testId="fad402e5-e654-33c3-e978-b504c51e25b3" testName="HamptonHawksPlantSales.Tests.Services.AdminPinActionFilterTests.AdminActionsGetAllEndpoint_IsDecoratedWithRequiresAdminPin" computerName="MONEYPENNY" duration="00:00:00.0007431" startTime="2026-03-04T12:26:02.2350737-06:00" endTime="2026-03-04T12:26:02.2350740-06:00" testType="13cdc9d9-ddb5-4fa4-a97d-d965ccfc6d4b" outcome="Passed" testListId="8c84fa94-04c1-424b-9868-57a2d4851a1d" relativeResultsDirectory="d9c21d27-8714-4d08-95b2-4615a8921a57" />
    <UnitTestResult executionId="81698415-ddd3-4cbc-bc00-ba6994ee6eb0" testId="de916043-2111-0c05-2eac-4388e1aea2d7" testName="HamptonHawksPlantSales.Tests.Services.PlantServiceTests.GetAllAsync_WithNonExistentSearchTerm_ReturnsEmptyList" computerName="MONEYPENNY" duration="00:00:00.0028557" startTime="2026-03-04T12:26:03.4381409-06:00" endTime="2026-03-04T12:26:03.4381410-06:00" testType="13cdc9d9-ddb5-4fa4-a97d-d965ccfc6d4b" outcome="Passed" testListId="8c84fa94-04c1-424b-9868-57a2d4851a1d" relativeResultsDirectory="81698415-ddd3-4cbc-bc00-ba6994ee6eb0" />
    <UnitTestResult executionId="10e2c7c4-4056-46c9-95b9-f4e99d716ca1" testId="8afd7176-8f89-4618-7b40-3cd2867ead5b" testName="HamptonHawksPlantSales.Tests.Services.CustomerServiceTests.GetAll_WithLetterWildcard_FiltersByDisplayNameInitial" computerName="MONEYPENNY" duration="00:00:00.0176211" startTime="2026-03-04T12:26:03.3790680-06:00" endTime="2026-03-04T12:26:03.3790683-06:00" testType="13cdc9d9-ddb5-4fa4-a97d-d965ccfc6d4b" outcome="Passed" testListId="8c84fa94-04c1-424b-9868-57a2d4851a1d" relativeResultsDirectory="10e2c7c4-4056-46c9-95b9-f4e99d716ca1" />
    <UnitTestResult executionId="472cb686-599f-45da-b4a8-5418876e9fe3" testId="a3124d44-db1e-c05b-a5ea-513a01ada112" testName="HamptonHawksPlantSales.Tests.Services.CustomerServiceTests.DeleteAsync_WithNonExistentId_ReturnsFalse" computerName="MONEYPENNY" duration="00:00:00.0027987" startTime="2026-03-04T12:26:03.2589005-06:00" endTime="2026-03-04T12:26:03.2589007-06:00" testType="13cdc9d9-ddb5-4fa4-a97d-d965ccfc6d4b" outcome="Passed" testListId="8c84fa94-04c1-424b-9868-57a2d4851a1d" relativeResultsDirectory="472cb686-599f-45da-b4a8-5418876e9fe3" />
    <UnitTestResult executionId="49b0427d-3643-4d40-ace7-b92b2e552dfb" testId="72ddebbe-611c-d32a-18cc-2d3b49f6bf1d" testName="HamptonHawksPlantSales.Tests.Services.AdminPinActionFilterTests.ForceComplete_WithPinAndReason_AllowsRequest" computerName="MONEYPENNY" duration="00:00:00.0136445" startTime="2026-03-04T12:26:02.2234935-06:00" endTime="2026-03-04T12:26:02.2234936-06:00" testType="13cdc9d9-ddb5-4fa4-a97d-d965ccfc6d4b" outcome="Passed" testListId="8c84fa94-04c1-424b-9868-57a2d4851a1d" relativeResultsDirectory="49b0427d-3643-4d40-ace7-b92b2e552dfb" />
    <UnitTestResult executionId="230e9bb7-12bb-45b3-890f-bdfaa12841a3" testId="dd4b4c42-f53b-f076-9bf9-43132604514c" testName="HamptonHawksPlantSales.Tests.Services.CustomerServiceTests.UpdateAsync_WithNonExistentId_ThrowsKeyNotFoundException" computerName="MONEYPENNY" duration="00:00:00.0033899" startTime="2026-03-04T12:26:03.3871877-06:00" endTime="2026-03-04T12:26:03.3871880-06:00" testType="13cdc9d9-ddb5-4fa4-a97d-d965ccfc6d4b" outcome="Passed" testListId="8c84fa94-04c1-424b-9868-57a2d4851a1d" relativeResultsDirectory="230e9bb7-12bb-45b3-890f-bdfaa12841a3" />
    <UnitTestResult executionId="79fa0f99-4677-4cad-b714-4354ae101023" testId="61e33c94-8542-51cd-a85a-b86ea33a5523" testName="HamptonHawksPlantSales.Tests.Services.FulfillmentServiceTests.GetEvents_ContainsExpectedFields" computerName="MONEYPENNY" duration="00:00:00.0062064" startTime="2026-03-04T12:26:03.4479974-06:00" endTime="2026-03-04T12:26:03.4479975-06:00" testType="13cdc9d9-ddb5-4fa4-a97d-d965ccfc6d4b" outcome="Passed" testListId="8c84fa94-04c1-424b-9868-57a2d4851a1d" relativeResultsDirectory="79fa0f99-4677-4cad-b714-4354ae101023" />
    <UnitTestResult executionId="17b9277a-8c51-4255-9460-3b4365273efc" testId="8201c7bb-b892-a8be-c74c-fa9033b881d7" testName="HamptonHawksPlantSales.Tests.Services.PlantServiceTests.GetAllAsync_WithSearchTerm_PaginationMetadataIsCorrect" computerName="MONEYPENNY" duration="00:00:00.0120305" startTime="2026-03-04T12:26:03.4260828-06:00" endTime="2026-03-04T12:26:03.4260832-06:00" testType="13cdc9d9-ddb5-4fa4-a97d-d965ccfc6d4b" outcome="Passed" testListId="8c84fa94-04c1-424b-9868-57a2d4851a1d" relativeResultsDirectory="17b9277a-8c51-4255-9460-3b4365273efc" />
    <UnitTestResult executionId="6e986b2b-2b41-4315-b332-8411823788fd" testId="e8043d3e-82fa-14d3-36aa-0d40824f416b" testName="HamptonHawksPlantSales.Tests.Services.ImportServiceTests.PlantImport_Pdf_ThrowsHelpfulMessage" computerName="MONEYPENNY" duration="00:00:00.0020939" startTime="2026-03-04T12:26:03.5642277-06:00" endTime="2026-03-04T12:26:03.5642279-06:00" testType="13cdc9d9-ddb5-4fa4-a97d-d965ccfc6d4b" outcome="Passed" testListId="8c84fa94-04c1-424b-9868-57a2d4851a1d" relativeResultsDirectory="6e986b2b-2b41-4315-b332-8411823788fd" />
    <UnitTestResult executionId="0fc8de3f-5863-4ec3-9cad-759465b52294" testId="6d417659-93f7-8941-d80e-fc5aded7402d" testName="HamptonHawksPlantSales.Tests.Services.FulfillmentServiceTests.ManualFulfill_WhenSaleClosed_ReturnsSaleClosedBlocked" computerName="MONEYPENNY" duration="00:00:00.0036168" startTime="2026-03-04T12:26:03.4512258-06:00" endTime="2026-03-04T12:26:03.4512260-06:00" testType="13cdc9d9-ddb5-4fa4-a97d-d965ccfc6d4b" outcome="Passed" testListId="8c84fa94-04c1-424b-9868-57a2d4851a1d" relativeResultsDirectory="0fc8de3f-5863-4ec3-9cad-759465b52294" />
    <UnitTestResult executionId="b501cbe6-4797-40a6-b6c8-3dbf284bb7af" testId="658446a6-9512-3bd5-4374-d347107ec0f8" testName="HamptonHawksPlantSales.Tests.Services.SoftDeleteTests.DB09_Seller_SoftDelete_IncludedWithIncludeDeletedTrue" computerName="MONEYPENNY" duration="00:00:00.0389990" startTime="2026-03-04T12:26:03.3627069-06:00" endTime="2026-03-04T12:26:03.3627071-06:00" testType="13cdc9d9-ddb5-4fa4-a97d-d965ccfc6d4b" outcome="Passed" testListId="8c84fa94-04c1-424b-9868-57a2d4851a1d" relativeResultsDirectory="b501cbe6-4797-40a6-b6c8-3dbf284bb7af" />
    <UnitTestResult executionId="871e90d4-5b1c-4d59-a792-fd1ff118d6dc" testId="1b6c6f77-bb63-18f1-c549-5fdfae05ca2c" testName="HamptonHawksPlantSales.Tests.Services.SoftDeleteTests.SR07_DeletedCustomerPreservesAllFields" computerName="MONEYPENNY" duration="00:00:00.0022962" startTime="2026-03-04T12:26:03.5371792-06:00" endTime="2026-03-04T12:26:03.5371792-06:00" testType="13cdc9d9-ddb5-4fa4-a97d-d965ccfc6d4b" outcome="Passed" testListId="8c84fa94-04c1-424b-9868-57a2d4851a1d" relativeResultsDirectory="871e90d4-5b1c-4d59-a792-fd1ff118d6dc" />
    <UnitTestResult executionId="9c693325-03c9-46f9-ae48-8995df64bb02" testId="e869cb53-6a78-6031-f9df-d125e53155b8" testName="HamptonHawksPlantSales.Tests.Services.PlantServiceTests.UpdateAsync_WithValidRequest_UpdatesNameAndPrice" computerName="MONEYPENNY" duration="00:00:00.0022278" startTime="2026-03-04T12:26:03.4483899-06:00" endTime="2026-03-04T12:26:03.4483901-06:00" testType="13cdc9d9-ddb5-4fa4-a97d-d965ccfc6d4b" outcome="Passed" testListId="8c84fa94-04c1-424b-9868-57a2d4851a1d" relativeResultsDirectory="9c693325-03c9-46f9-ae48-8995df64bb02" />
    <UnitTestResult executionId="485951bd-f68b-40a2-9af2-cf5339365a0c" testId="0b480748-baf6-9006-a131-875e34777988" testName="HamptonHawksPlantSales.Tests.Services.OrderServiceTests.GetAllAsync_FilterByIsWalkUp_ReturnsOnlyWalkUpOrders" computerName="MONEYPENNY" duration="00:00:00.0439876" startTime="2026-03-04T12:26:03.6242505-06:00" endTime="2026-03-04T12:26:03.6242507-06:00" testType="13cdc9d9-ddb5-4fa4-a97d-d965ccfc6d4b" outcome="Passed" testListId="8c84fa94-04c1-424b-9868-57a2d4851a1d" relativeResultsDirectory="485951bd-f68b-40a2-9af2-cf5339365a0c" />
    <UnitTestResult executionId="593e682b-fa40-434d-906b-9389142691f1" testId="57bab1e6-a606-e5b2-2d66-7ce9dbd8dbf8" testName="HamptonHawksPlantSales.Tests.Services.PlantServiceTests.GetAllAsync_WithLetterWildcard_FiltersByNameInitial" computerName="MONEYPENNY" duration="00:00:00.0304005" startTime="2026-03-04T12:26:03.4068069-06:00" endTime="2026-03-04T12:26:03.4068072-06:00" testType="13cdc9d9-ddb5-4fa4-a97d-d965ccfc6d4b" outcome="Passed" testListId="8c84fa94-04c1-424b-9868-57a2d4851a1d" relativeResultsDirectory="593e682b-fa40-434d-906b-9389142691f1" />
    <UnitTestResult executionId="f1737866-6fc5-4d6c-a3d4-8a3e67eb41dc" testId="5fad96be-ec19-f700-c581-f3b90e207436" testName="HamptonHawksPlantSales.Tests.Services.AdminActionsControllerTests.GetAll_ForwardsFiltersAndReturnsEnvelope" computerName="MONEYPENNY" duration="00:00:00.1204914" startTime="2026-03-04T12:26:02.3570794-06:00" endTime="2026-03-04T12:26:02.3570802-06:00" testType="13cdc9d9-ddb5-4fa4-a97d-d965ccfc6d4b" outcome="Passed" testListId="8c84fa94-04c1-424b-9868-57a2d4851a1d" relativeResultsDirectory="f1737866-6fc5-4d6c-a3d4-8a3e67eb41dc" />
    <UnitTestResult executionId="6cc55571-cc63-4ee3-8bf4-3fa3f61a6f9f" testId="7962257e-ad23-4b61-6ef8-441ac8a148b7" testName="HamptonHawksPlantSales.Tests.Services.SoftDeleteTests.DB09_Order_SoftDelete_ExcludedFromDefaultQuery" computerName="MONEYPENNY" duration="00:00:00.0063848" startTime="2026-03-04T12:26:03.4535748-06:00" endTime="2026-03-04T12:26:03.4535750-06:00" testType="13cdc9d9-ddb5-4fa4-a97d-d965ccfc6d4b" outcome="Passed" testListId="8c84fa94-04c1-424b-9868-57a2d4851a1d" relativeResultsDirectory="6cc55571-cc63-4ee3-8bf4-3fa3f61a6f9f" />
    <UnitTestResult executionId="d75769fe-d7da-4781-b676-f73d58608e56" testId="a4e4abee-1374-7b26-83ff-c73e901352ab" testName="HamptonHawksPlantSales.Tests.Services.PlantServiceTests.GetAllAsync_WithSearchTerm_ReturnsOnlyMatchingPlants" computerName="MONEYPENNY" duration="00:00:00.0021463" startTime="2026-03-04T12:26:03.4604808-06:00" endTime="2026-03-04T12:26:03.4604810-06:00" testType="13cdc9d9-ddb5-4fa4-a97d-d965ccfc6d4b" outcome="Passed" testListId="8c84fa94-04c1-424b-9868-57a2d4851a1d" relativeResultsDirectory="d75769fe-d7da-4781-b676-f73d58608e56" />
    <UnitTestResult executionId="54b9a8e9-f787-40bc-9a9c-ef7a87f621c9" testId="3df375ef-e4f8-21b0-4e3a-ee17f5b245aa" testName="HamptonHawksPlantSales.Tests.Services.ImportServiceTests.PlantImport_XlsxWithZeroWorksheets_ThrowsValidationError" computerName="MONEYPENNY" duration="00:00:00.1733442" startTime="2026-03-04T12:26:03.7796100-06:00" endTime="2026-03-04T12:26:03.7796106-06:00" testType="13cdc9d9-ddb5-4fa4-a97d-d965ccfc6d4b" outcome="Passed" testListId="8c84fa94-04c1-424b-9868-57a2d4851a1d" relativeResultsDirectory="54b9a8e9-f787-40bc-9a9c-ef7a87f621c9" />
    <UnitTestResult executionId="4a7bbbb6-4f67-446d-a1ac-9f8e1e64b174" testId="e03a983e-6334-a451-5781-8ee63a936aad" testName="HamptonHawksPlantSales.Tests.Services.CustomerServiceTests.DeleteAsync_SetsDeletedAtTimestamp" computerName="MONEYPENNY" duration="00:00:00.0124498" startTime="2026-03-04T12:26:03.4104378-06:00" endTime="2026-03-04T12:26:03.4104380-06:00" testType="13cdc9d9-ddb5-4fa4-a97d-d965ccfc6d4b" outcome="Passed" testListId="8c84fa94-04c1-424b-9868-57a2d4851a1d" relativeResultsDirectory="4a7bbbb6-4f67-446d-a1ac-9f8e1e64b174" />
    <UnitTestResult executionId="55a40001-e3ed-4582-bcba-ee04d3fde845" testId="90674b36-7284-46c7-db91-d125c6a5330a" testName="HamptonHawksPlantSales.Tests.Services.PlantServiceTests.CreateAsync_PlantIsPersisted" computerName="MONEYPENNY" duration="00:00:00.9435803" startTime="2026-03-04T12:26:03.2009420-06:00" endTime="2026-03-04T12:26:03.2009422-06:00" testType="13cdc9d9-ddb5-4fa4-a97d-d965ccfc6d4b" outcome="Passed" testListId="8c84fa94-04c1-424b-9868-57a2d4851a1d" relativeResultsDirectory="55a40001-e3ed-4582-bcba-ee04d3fde845" />
    <UnitTestResult executionId="77d2a0c8-5d1b-4c43-be52-00ec37ff767c" testId="d448ecd5-2654-35ad-64fe-3f5dd40524af" testName="HamptonHawksPlantSales.Tests.Services.FulfillmentServiceTests.ManualFulfill_SucceedsAndWritesAuditEvent" computerName="MONEYPENNY" duration="00:00:01.1376671" startTime="2026-03-04T12:26:03.3288177-06:00" endTime="2026-03-04T12:26:03.3288179-06:00" testType="13cdc9d9-ddb5-4fa4-a97d-d965ccfc6d4b" outcome="Passed" testListId="8c84fa94-04c1-424b-9868-57a2d4851a1d" relativeResultsDirectory="77d2a0c8-5d1b-4c43-be52-00ec37ff767c" />
    <UnitTestResult executionId="ee688e87-fdba-41c1-85e7-351c237634a0" testId="4497b8d3-e203-168b-1e88-b461472f4374" testName="HamptonHawksPlantSales.Tests.Services.PlantServiceTests.GetByIdAsync_WithSoftDeletedPlant_ReturnsNull" computerName="MONEYPENNY" duration="00:00:00.0018213" startTime="2026-03-04T12:26:03.4351906-06:00" endTime="2026-03-04T12:26:03.4351907-06:00" testType="13cdc9d9-ddb5-4fa4-a97d-d965ccfc6d4b" outcome="Passed" testListId="8c84fa94-04c1-424b-9868-57a2d4851a1d" relativeResultsDirectory="ee688e87-fdba-41c1-85e7-351c237634a0" />
    <UnitTestResult executionId="8fd2b06b-f42e-45aa-82ad-35af97de38d6" testId="d690acd0-c188-7e98-4d8b-ab2e2b37b0f8" testName="HamptonHawksPlantSales.Tests.Services.PlantServiceTests.GetAllAsync_SearchMatchesByBarcode" computerName="MONEYPENNY" duration="00:00:00.0143359" startTime="2026-03-04T12:26:03.3509707-06:00" endTime="2026-03-04T12:26:03.3509710-06:00" testType="13cdc9d9-ddb5-4fa4-a97d-d965ccfc6d4b" outcome="Passed" testListId="8c84fa94-04c1-424b-9868-57a2d4851a1d" relativeResultsDirectory="8fd2b06b-f42e-45aa-82ad-35af97de38d6" />
    <UnitTestResult executionId="268497be-2811-4c3f-ba1e-cd491df3d952" testId="b2b63935-8360-510b-7f31-af542f96e3f7" testName="HamptonHawksPlantSales.Tests.Services.InventoryServiceTests.GetAllAsync_SearchWithNoMatch_ReturnsEmpty" computerName="MONEYPENNY" duration="00:00:00.0080085" startTime="2026-03-04T12:26:03.4739020-06:00" endTime="2026-03-04T12:26:03.4739021-06:00" testType="13cdc9d9-ddb5-4fa4-a97d-d965ccfc6d4b" outcome="Passed" testListId="8c84fa94-04c1-424b-9868-57a2d4851a1d" relativeResultsDirectory="268497be-2811-4c3f-ba1e-cd491df3d952" />
[...]
    <TestEntry testId="a93bf725-f6ce-40b0-1207-56f729e970e8" executionId="6074f1bc-716a-4f25-8193-24e9e05f33ca" testListId="8c84fa94-04c1-424b-9868-57a2d4851a1d" />
    <TestEntry testId="af8bb4a5-a430-86f4-5130-be33e5c27336" executionId="f6de7e29-ca09-4c85-b1d9-5eec43313a6e" testListId="8c84fa94-04c1-424b-9868-57a2d4851a1d" />
    <TestEntry testId="881d3c67-a36a-fb34-664d-1a09eaa71f48" executionId="c0b755c1-b768-4244-8cd4-a1b7a72c3985" testListId="8c84fa94-04c1-424b-9868-57a2d4851a1d" />
    <TestEntry testId="90791665-c79a-b1a9-22cd-caa4277c33ee" executionId="da99a927-d2ce-44e8-9aff-d66cc3125fbb" testListId="8c84fa94-04c1-424b-9868-57a2d4851a1d" />
    <TestEntry testId="c33fc252-d05c-b42b-d8ed-02c0c0be0a46" executionId="820bf43d-b51e-4282-98c7-23c8da255044" testListId="8c84fa94-04c1-424b-9868-57a2d4851a1d" />
    <TestEntry testId="e46c4f09-e770-309e-b370-5e34ed1f3505" executionId="9326080e-1bd8-4500-b460-1dfd23710aa7" testListId="8c84fa94-04c1-424b-9868-57a2d4851a1d" />
    <TestEntry testId="a3bd9102-2101-d66f-ed2b-3e99ada52cdd" executionId="eec662d8-370a-4ccc-9d0f-2660dc103f16" testListId="8c84fa94-04c1-424b-9868-57a2d4851a1d" />
    <TestEntry testId="3d771df3-1b6d-6fa4-4253-e36fcf1d6281" executionId="e355d17d-6741-4dd9-9546-000e6c3b0f0d" testListId="8c84fa94-04c1-424b-9868-57a2d4851a1d" />
    <TestEntry testId="918d9fac-a4d4-9bcf-eaeb-2857d92c23aa" executionId="acdbf27e-b492-4790-b1e5-d133c2e8383e" testListId="8c84fa94-04c1-424b-9868-57a2d4851a1d" />
    <TestEntry testId="ac1f905d-5d9a-e641-aaf6-fe611c0ad080" executionId="2826b0a9-d808-4cf4-b7a8-557d3330e365" testListId="8c84fa94-04c1-424b-9868-57a2d4851a1d" />
    <TestEntry testId="005f369d-0fff-d522-4421-391888bec5f5" executionId="3a1d1303-cda0-445a-bc0d-0dab0276eb47" testListId="8c84fa94-04c1-424b-9868-57a2d4851a1d" />
    <TestEntry testId="84992919-830c-e6d5-1278-ca6068a8f58d" executionId="f3a967c5-a6f7-4435-9ee8-cb1005fcd38f" testListId="8c84fa94-04c1-424b-9868-57a2d4851a1d" />
    <TestEntry testId="f7b51009-6677-6b55-d392-a6ee4f9fa6cf" executionId="f5c874a6-f95e-44fc-b457-520b4e1e2c40" testListId="8c84fa94-04c1-424b-9868-57a2d4851a1d" />
    <TestEntry testId="03111b0f-3fb7-61f1-5052-044ff2499881" executionId="5edf83a7-0239-49d3-93e7-d0fcb7c2e9c9" testListId="8c84fa94-04c1-424b-9868-57a2d4851a1d" />
    <TestEntry testId="1f48bd1a-a4eb-160a-e50c-e7137e3bb95a" executionId="e0f42759-93f4-45e5-aeac-f45d92ad3545" testListId="8c84fa94-04c1-424b-9868-57a2d4851a1d" />
    <TestEntry testId="f41320d6-cd32-846e-b202-a062ab330ed6" executionId="44dadbe5-8c73-4ce7-9ef3-5eee0fef2673" testListId="8c84fa94-04c1-424b-9868-57a2d4851a1d" />
    <TestEntry testId="9ef0801d-9eae-8d80-d089-878b67c186a2" executionId="9da0f03e-63bf-4ff8-9c46-03d32fb2b5b5" testListId="8c84fa94-04c1-424b-9868-57a2d4851a1d" />
    <TestEntry testId="aa4cf580-b5fa-2a0d-9ed3-7af2011fc643" executionId="4fbd3d9b-3b8c-4dad-8ef9-0d4c54082274" testListId="8c84fa94-04c1-424b-9868-57a2d4851a1d" />
    <TestEntry testId="2d089798-fd35-a371-31af-93f4ea12e14e" executionId="49f42205-a685-4be0-a172-c9b6154de3a4" testListId="8c84fa94-04c1-424b-9868-57a2d4851a1d" />
    <TestEntry testId="16c54548-36dd-430c-4329-77364aa76802" executionId="864fa4ee-4c14-44e4-a369-425cb95ed41f" testListId="8c84fa94-04c1-424b-9868-57a2d4851a1d" />
    <TestEntry testId="f50674a0-c3de-8851-9b7a-a7fff3abd296" executionId="2bf9aa2f-d255-4546-acb5-bf84bf8f8755" testListId="8c84fa94-04c1-424b-9868-57a2d4851a1d" />
    <TestEntry testId="dede4b7c-9773-f1b1-a02e-32fa6a093767" executionId="34a2b848-29f5-466a-8491-7311d159314c" testListId="8c84fa94-04c1-424b-9868-57a2d4851a1d" />
    <TestEntry testId="e0a22925-4379-3489-af8e-88cdbf5146ce" executionId="4e245c7a-74a9-4fd1-b0a5-71dff021aa2a" testListId="8c84fa94-04c1-424b-9868-57a2d4851a1d" />
    <TestEntry testId="cad7e175-d40d-9fcb-805d-3bf5cac1899a" executionId="dee998af-db44-41c8-9a9f-1a6a4407f6a1" testListId="8c84fa94-04c1-424b-9868-57a2d4851a1d" />
    <TestEntry testId="0bad5635-9ab6-72f4-b5c6-9584a6b0ed55" executionId="51001809-6969-4fb2-b2d2-be8c28830bb2" testListId="8c84fa94-04c1-424b-9868-57a2d4851a1d" />
    <TestEntry testId="9b85cee4-570d-04bc-2516-3b4c912bba6b" executionId="7119ee77-7edd-47f5-abc6-d508e11377d6" testListId="8c84fa94-04c1-424b-9868-57a2d4851a1d" />
    <TestEntry testId="6a8e693b-61ba-df89-d19c-ad1e3111f856" executionId="32c381b2-12dd-431a-b968-b8c46b427d97" testListId="8c84fa94-04c1-424b-9868-57a2d4851a1d" />
    <TestEntry testId="483fe2a7-a831-0002-8676-bb6d1f2cb28f" executionId="7416f6f4-54f4-4ba2-a3cf-992b26d2f2ff" testListId="8c84fa94-04c1-424b-9868-57a2d4851a1d" />
    <TestEntry testId="c694a71a-af63-1b27-2968-9f3b98d9f410" executionId="28c6c976-745c-4228-9237-1b1080500e55" testListId="8c84fa94-04c1-424b-9868-57a2d4851a1d" />
    <TestEntry testId="02f645b2-c08b-5c29-f073-78f8987bc83d" executionId="b2b093d2-e558-47e6-91fa-8f6c6a0be4ed" testListId="8c84fa94-04c1-424b-9868-57a2d4851a1d" />
    <TestEntry testId="fa5911a9-5b33-6641-082b-399f9eb75e8c" executionId="4c3df349-64b6-4b82-a924-0e8107c3f056" testListId="8c84fa94-04c1-424b-9868-57a2d4851a1d" />
    <TestEntry testId="858a9a5b-21a2-ca8c-e475-665e2832e365" executionId="3819f94c-a1b0-4414-9d5b-536feb8306b7" testListId="8c84fa94-04c1-424b-9868-57a2d4851a1d" />
    <TestEntry testId="b22f9a36-2714-1b76-a683-cac2520565fd" executionId="41918a23-691b-43f0-a871-6b87c76f4cc2" testListId="8c84fa94-04c1-424b-9868-57a2d4851a1d" />
    <TestEntry testId="ca0a2821-af3b-22f8-9511-a429cca6d3ea" executionId="63b4d8d7-91ec-4924-83a0-887203abebac" testListId="8c84fa94-04c1-424b-9868-57a2d4851a1d" />
    <TestEntry testId="754b0328-2b72-4b6b-0914-7825feffa237" executionId="bc51f4c4-0c16-4d3f-b0de-5b81652d71e1" testListId="8c84fa94-04c1-424b-9868-57a2d4851a1d" />
    <TestEntry testId="4a78ebbf-381f-02c4-0862-33b71d2e5bfc" executionId="f91d490a-6371-41b3-a05a-a255588e2859" testListId="8c84fa94-04c1-424b-9868-57a2d4851a1d" />
    <TestEntry testId="2fba5265-1549-3b75-aeef-1e5d7beef7da" executionId="09ceded9-c165-47ea-8653-78d86f6a4af9" testListId="8c84fa94-04c1-424b-9868-57a2d4851a1d" />
    <TestEntry testId="daa96cbb-29f2-2047-4b34-52eb5cef49d6" executionId="25f1c594-ae1f-446a-a088-0931f3bfb0c4" testListId="8c84fa94-04c1-424b-9868-57a2d4851a1d" />
    <TestEntry testId="fe922006-40f8-c65c-adf1-92e090df2df0" executionId="82e2edec-c0be-432f-a0a9-b6b4800ad58b" testListId="8c84fa94-04c1-424b-9868-57a2d4851a1d" />
    <TestEntry testId="f42a38c6-5cc9-5216-3f16-4b6fbbf02684" executionId="50c26197-554d-4cda-b358-f43376baa36b" testListId="8c84fa94-04c1-424b-9868-57a2d4851a1d" />
    <TestEntry testId="57060b59-074b-54db-a75a-a885fa37ef98" executionId="b87a1d06-b2c8-416d-bafe-277b196784c7" testListId="8c84fa94-04c1-424b-9868-57a2d4851a1d" />
    <TestEntry testId="bc5731d7-ab29-03b3-e709-2552741cdb23" executionId="8a3791b1-e291-4aed-b162-9806adcc2c4c" testListId="8c84fa94-04c1-424b-9868-57a2d4851a1d" />
    <TestEntry testId="af18c054-9406-5617-be41-5568d14bf20a" executionId="6ab33cdb-07cc-467e-87d6-54351c206745" testListId="8c84fa94-04c1-424b-9868-57a2d4851a1d" />
    <TestEntry testId="b7f6a296-f7a4-5ef7-44fe-87a5f66bf3ff" executionId="fc09a064-5c61-4f10-ac55-fad4ece80f72" testListId="8c84fa94-04c1-424b-9868-57a2d4851a1d" />
    <TestEntry testId="23b161d8-3af3-b328-0e5d-a8d03f7b1efb" executionId="b22e0d0f-2bed-4d0a-9df4-3bdee75676b9" testListId="8c84fa94-04c1-424b-9868-57a2d4851a1d" />
    <TestEntry testId="b692f134-e190-336c-836e-560c4fbe9400" executionId="ee80b3b9-112b-434e-a354-09763438cc1b" testListId="8c84fa94-04c1-424b-9868-57a2d4851a1d" />
    <TestEntry testId="03344de1-6e59-b592-b6a5-62b86f10293d" executionId="44fed4d1-841c-445b-9f5a-9ce3cb806a77" testListId="8c84fa94-04c1-424b-9868-57a2d4851a1d" />
    <TestEntry testId="532dc643-5877-a481-f356-efea8a566a82" executionId="0bd578c7-f3b4-4574-a2af-fe062dc95ebd" testListId="8c84fa94-04c1-424b-9868-57a2d4851a1d" />
    <TestEntry testId="422cf430-9ba6-190e-b62a-667a7da0cedc" executionId="0820b391-dec8-4f6f-8a76-6adebc936398" testListId="8c84fa94-04c1-424b-9868-57a2d4851a1d" />
    <TestEntry testId="341214a3-15b2-4578-0968-d9713974f544" executionId="8e545c52-10ce-4f4b-a82b-4fc82b6c16a6" testListId="8c84fa94-04c1-424b-9868-57a2d4851a1d" />
    <TestEntry testId="4b2a98b6-38eb-d9ed-019e-53b269f153aa" executionId="c20992ee-05e9-48a3-ae3d-4060876f84a8" testListId="8c84fa94-04c1-424b-9868-57a2d4851a1d" />
    <TestEntry testId="66828171-e154-6a57-3c1f-55f0eee4108e" executionId="f95910fd-733c-492a-8739-deef46679998" testListId="8c84fa94-04c1-424b-9868-57a2d4851a1d" />
    <TestEntry testId="ac0ea04f-8a22-9c38-cf4d-3bc2c46b79a1" executionId="2b4eb9e7-d77b-470f-9751-6efe50bb51f5" testListId="8c84fa94-04c1-424b-9868-57a2d4851a1d" />
    <TestEntry testId="cb1f4f20-d840-f676-5248-66b511234ac6" executionId="11c51eaf-e6f9-4c40-a652-04bec415120f" testListId="8c84fa94-04c1-424b-9868-57a2d4851a1d" />
    <TestEntry testId="4f1dc1be-be6e-58b0-836b-713c71a0a7a6" executionId="5a7624a2-a58f-456b-9ccb-9f4b3acd86dd" testListId="8c84fa94-04c1-424b-9868-57a2d4851a1d" />
    <TestEntry testId="852cbe5d-de3f-f33e-b70e-32a0e364ef89" executionId="b797e22e-2237-43ce-91bd-a7e544ef8d63" testListId="8c84fa94-04c1-424b-9868-57a2d4851a1d" />
    <TestEntry testId="f8ff3874-f063-5597-f5eb-5ec32644006c" executionId="34406609-98ac-454b-86b2-3ea99b935416" testListId="8c84fa94-04c1-424b-9868-57a2d4851a1d" />
    <TestEntry testId="75daa905-3c18-a307-520e-7f1b96686126" executionId="4f5719ef-e85b-4a48-98f6-efc7897a1b32" testListId="8c84fa94-04c1-424b-9868-57a2d4851a1d" />
    <TestEntry testId="bee80ce0-6d8f-d27a-4270-a220334b5cf7" executionId="9ba17390-c018-4fa3-9895-379ecb0b343d" testListId="8c84fa94-04c1-424b-9868-57a2d4851a1d" />
    <TestEntry testId="60f8dc5f-05d5-c8dc-fd25-4e75d28ea351" executionId="0998e17b-a1d8-4ac3-b06f-99198b60414d" testListId="8c84fa94-04c1-424b-9868-57a2d4851a1d" />
    <TestEntry testId="046051c5-146a-dab0-ccbc-78448a06ffe2" executionId="eff70267-6ab1-4587-9d16-269354e1e27f" testListId="8c84fa94-04c1-424b-9868-57a2d4851a1d" />
    <TestEntry testId="f7595b34-a893-7baa-fe5e-f1632fbb9e38" executionId="02f8bdab-cb8a-4f2b-a68e-8deb1972acbf" testListId="8c84fa94-04c1-424b-9868-57a2d4851a1d" />
    <TestEntry testId="e42f76bf-e1f6-67e8-d7b5-b2c51d5c7ea6" executionId="f98d939f-15b0-4576-a2f5-f95d001b23b6" testListId="8c84fa94-04c1-424b-9868-57a2d4851a1d" />
    <TestEntry testId="fef8c6d2-0dd2-d354-24cc-dbd49209d283" executionId="270a299b-ed9c-4b47-8fcb-b54c82ff2bd6" testListId="8c84fa94-04c1-424b-9868-57a2d4851a1d" />
    <TestEntry testId="16df41ba-3c16-315d-7ca5-e43395b37a75" executionId="a9907456-d3c0-492d-aad9-5e8ef9da02f0" testListId="8c84fa94-04c1-424b-9868-57a2d4851a1d" />
    <TestEntry testId="a0e7e66e-111b-6851-f3dc-f529a8666827" executionId="fa5fa511-5072-48a6-bcd9-98198fbb1878" testListId="8c84fa94-04c1-424b-9868-57a2d4851a1d" />
    <TestEntry testId="0eb05f64-2468-74df-2bc3-7d75adf129c4" executionId="dada8422-b919-45f0-a413-9121687bf9c1" testListId="8c84fa94-04c1-424b-9868-57a2d4851a1d" />
    <TestEntry testId="e421f43f-24bd-71b6-bcf9-db996b443d52" executionId="afab0206-89cb-41f5-bc26-ef882dfa77a2" testListId="8c84fa94-04c1-424b-9868-57a2d4851a1d" />
    <TestEntry testId="b2ecfbaa-c3b9-6efe-41d0-3b9278bd68b8" executionId="17a8e3ab-9f86-404a-87eb-33169e00a03d" testListId="8c84fa94-04c1-424b-9868-57a2d4851a1d" />
    <TestEntry testId="c30dc1f6-5e7f-4dee-65c3-95f80bdfc8e5" executionId="810479c6-f7a7-4da0-9faa-c75fb1b39634" testListId="8c84fa94-04c1-424b-9868-57a2d4851a1d" />
    <TestEntry testId="3027da71-14ed-9da9-2eb5-04d7abceee9c" executionId="cd5fe1b1-66c6-40d5-bb05-08c361c0dab5" testListId="8c84fa94-04c1-424b-9868-57a2d4851a1d" />
    <TestEntry testId="d1e22a89-d596-815a-33f0-2804664ac2bf" executionId="8c24a8a2-bc68-4962-8da6-edd9dfe1452f" testListId="8c84fa94-04c1-424b-9868-57a2d4851a1d" />
    <TestEntry testId="f21a2520-7197-5b35-7416-7ccfd1b71b3d" executionId="8b641c49-605d-4181-b6e7-89785c67cd50" testListId="8c84fa94-04c1-424b-9868-57a2d4851a1d" />
    <TestEntry testId="5c82fe0e-ea0a-9516-9e55-716072f2104d" executionId="8d5db2cb-49f0-47ea-9f1f-8cfc5bb05115" testListId="8c84fa94-04c1-424b-9868-57a2d4851a1d" />
    <TestEntry testId="245cb671-5dcb-9fa6-fbe3-2080aaaca06b" executionId="0a385429-e7ee-492e-ae66-a4b6d171e789" testListId="8c84fa94-04c1-424b-9868-57a2d4851a1d" />
    <TestEntry testId="8628b174-4cd7-85eb-25c5-ec84a76bf4fe" executionId="3bb597e5-b9ab-4f18-b255-d30fe3204791" testListId="8c84fa94-04c1-424b-9868-57a2d4851a1d" />
    <TestEntry testId="a83c165b-874a-4b00-210c-8d36bafc2626" executionId="5dc6c746-e4c0-4eff-8840-5872279d4601" testListId="8c84fa94-04c1-424b-9868-57a2d4851a1d" />
    <TestEntry testId="fa01b15a-8f77-1438-aabf-524f26e039b7" executionId="1116ba75-7c92-4d3d-8bbc-c35b54319bf0" testListId="8c84fa94-04c1-424b-9868-57a2d4851a1d" />
    <TestEntry testId="eecb65a8-e893-e540-869b-6b18b7c2f284" executionId="feaa1977-df4b-47b5-af23-9ebac8d222a3" testListId="8c84fa94-04c1-424b-9868-57a2d4851a1d" />
    <TestEntry testId="71863316-5fc4-9b59-ca6b-fb5f95de7f37" executionId="95b5c232-1192-410a-99e6-bd67de569ca4" testListId="8c84fa94-04c1-424b-9868-57a2d4851a1d" />
    <TestEntry testId="28824176-b1bc-d072-d39d-95d10f2eec05" executionId="ab2a552b-ab65-47f7-8ba5-a0a24acf37de" testListId="8c84fa94-04c1-424b-9868-57a2d4851a1d" />
    <TestEntry testId="6c8e6d8c-49e7-24cc-c2d3-31630b2640ea" executionId="f286e461-2ecd-4385-93af-d24ca24cb317" testListId="8c84fa94-04c1-424b-9868-57a2d4851a1d" />
    <TestEntry testId="efdef3cf-0009-2b67-d6d6-274ba17e3f7e" executionId="82644858-c8a9-4bbc-99e3-80faa8e3c6e4" testListId="8c84fa94-04c1-424b-9868-57a2d4851a1d" />
    <TestEntry testId="7ab7921f-6258-70ec-bf2b-4be364bca0e6" executionId="98e24e22-bc9c-4ea1-abca-afd35b9bd8e4" testListId="8c84fa94-04c1-424b-9868-57a2d4851a1d" />
    <TestEntry testId="7d5e25a3-1c9e-931c-46aa-c9d8df880493" executionId="8f18d411-1b5d-4908-a3ea-2c98dffa0661" testListId="8c84fa94-04c1-424b-9868-57a2d4851a1d" />
  </TestEntries>
  <TestLists>
    <TestList name="Results Not in a List" id="8c84fa94-04c1-424b-9868-57a2d4851a1d" />
    <TestList name="All Loaded Results" id="19431567-8539-422a-85d7-44ee4e166bda" />
  </TestLists>
  <ResultSummary outcome="Completed">
    <Counters total="226" executed="226" passed="226" failed="0" error="0" timeout="0" aborted="0" inconclusive="0" passedButRunAborted="0" notRunnable="0" notExecuted="0" disconnected="0" warning="0" completed="0" inProgress="0" pending="0" />
    <Output>
      <StdOut>[xUnit.net 00:00:00.00] xUnit.net VSTest Adapter v2.8.2+699d445a1a (64-bit .NET 9.0.13)&#xD;
[xUnit.net 00:00:00.12]   Discovering: HamptonHawksPlantSales.Tests&#xD;
[xUnit.net 00:00:00.18]   Discovered:  HamptonHawksPlantSales.Tests&#xD;
[xUnit.net 00:00:00.18]   Starting:    HamptonHawksPlantSales.Tests&#xD;
[12:26:03 ERR] HTTP DELETE /api/orders/8b0d2204-a9de-451f-a289-961668523288/lines/92104414-42cb-4ce3-aef7-cdb090235075 responded 500 in 148.9195 ms&#xD;
FluentValidation.ValidationException: Cannot delete an order line that has been partially fulfilled.&#xD;
   at HamptonHawksPlantSales.Infrastructure.Services.OrderService.DeleteLineAsync(Guid orderId, Guid lineId) in C:\Users\CalebBennett\Documents\GitHub\Hampton_Hawk_Plant_Sales\api\src\HamptonHawksPlantSales.Infrastructure\Services\OrderService.cs:line 258&#xD;
   at HamptonHawksPlantSales.Api.Controllers.OrdersController.DeleteLine(Guid id, Guid lineId) in C:\Users\CalebBennett\Documents\GitHub\Hampton_Hawk_Plant_Sales\api\src\HamptonHawksPlantSales.Api\Controllers\OrdersController.cs:line 169&#xD;
   at Microsoft.AspNetCore.Mvc.Infrastructure.ActionMethodExecutor.TaskOfIActionResultExecutor.Execute(ActionContext actionContext, IActionResultTypeMapper mapper, ObjectMethodExecutor executor, Object controller, Object[] arguments)&#xD;
   at Microsoft.AspNetCore.Mvc.Infrastructure.ControllerActionInvoker.&lt;InvokeActionMethodAsync&gt;g__Awaited|12_0(ControllerActionInvoker invoker, ValueTask`1 actionResultValueTask)&#xD;
   at Microsoft.AspNetCore.Mvc.Infrastructure.ControllerActionInvoker.&lt;InvokeNextActionFilterAsync&gt;g__Awaited|10_0(ControllerActionInvoker invoker, Task lastTask, State next, Scope scope, Object state, Boolean isCompleted)&#xD;
   at Microsoft.AspNetCore.Mvc.Infrastructure.ControllerActionInvoker.Rethrow(ActionExecutedContextSealed context)&#xD;
   at Microsoft.AspNetCore.Mvc.Infrastructure.ControllerActionInvoker.Next(State&amp; next, Scope&amp; scope, Object&amp; state, Boolean&amp; isCompleted)&#xD;
   at Microsoft.AspNetCore.Mvc.Infrastructure.ControllerActionInvoker.InvokeInnerFilterAsync()&#xD;
--- End of stack trace from previous location ---&#xD;
   at Microsoft.AspNetCore.Mvc.Infrastructure.ResourceInvoker.&lt;InvokeFilterPipelineAsync&gt;g__Awaited|20_0(ResourceInvoker invoker, Task lastTask, State next, Scope scope, Object state, Boolean isCompleted)&#xD;
   at Microsoft.AspNetCore.Mvc.Infrastructure.ResourceInvoker.&lt;InvokeAsync&gt;g__Awaited|17_0(ResourceInvoker invoker, Task task, IDisposable scope)&#xD;
   at Microsoft.AspNetCore.Mvc.Infrastructure.ResourceInvoker.&lt;InvokeAsync&gt;g__Awaited|17_0(ResourceInvoker invoker, Task task, IDisposable scope)&#xD;
   at Serilog.AspNetCore.RequestLoggingMiddleware.Invoke(HttpContext httpContext)&#xD;
[12:26:03 ERR] HTTP PUT /api/orders/1ce33f36-578f-4955-947a-67005de3b62a/lines/f8f49e29-7d5c-4367-bbd7-585baf49426e responded 500 in 49.5080 ms&#xD;
FluentValidation.ValidationException: QtyOrdered must be greater than 0.&#xD;
   at HamptonHawksPlantSales.Infrastructure.Services.OrderService.UpdateLineAsync(Guid orderId, Guid lineId, UpdateOrderLineRequest request) in C:\Users\CalebBennett\Documents\GitHub\Hampton_Hawk_Plant_Sales\api\src\HamptonHawksPlantSales.Infrastructure\Services\OrderService.cs:line 224&#xD;
   at HamptonHawksPlantSales.Api.Controllers.OrdersController.UpdateLine(Guid id, Guid lineId, UpdateOrderLineRequest request) in C:\Users\CalebBennett\Documents\GitHub\Hampton_Hawk_Plant_Sales\api\src\HamptonHawksPlantSales.Api\Controllers\OrdersController.cs:line 153&#xD;
   at Microsoft.AspNetCore.Mvc.Infrastructure.ActionMethodExecutor.TaskOfIActionResultExecutor.Execute(ActionContext actionContext, IActionResultTypeMapper mapper, ObjectMethodExecutor executor, Object controller, Object[] arguments)&#xD;
   at Microsoft.AspNetCore.Mvc.Infrastructure.ControllerActionInvoker.&lt;InvokeActionMethodAsync&gt;g__Awaited|12_0(ControllerActionInvoker invoker, ValueTask`1 actionResultValueTask)&#xD;
   at Microsoft.AspNetCore.Mvc.Infrastructure.ControllerActionInvoker.&lt;InvokeNextActionFilterAsync&gt;g__Awaited|10_0(ControllerActionInvoker invoker, Task lastTask, State next, Scope scope, Object state, Boolean isCompleted)&#xD;
   at Microsoft.AspNetCore.Mvc.Infrastructure.ControllerActionInvoker.Rethrow(ActionExecutedContextSealed context)&#xD;
   at Microsoft.AspNetCore.Mvc.Infrastructure.ControllerActionInvoker.Next(State&amp; next, Scope&amp; scope, Object&amp; state, Boolean&amp; isCompleted)&#xD;
   at Microsoft.AspNetCore.Mvc.Infrastructure.ControllerActionInvoker.InvokeInnerFilterAsync()&#xD;
--- End of stack trace from previous location ---&#xD;
   at Microsoft.AspNetCore.Mvc.Infrastructure.ResourceInvoker.&lt;InvokeFilterPipelineAsync&gt;g__Awaited|20_0(ResourceInvoker invoker, Task lastTask, State next, Scope scope, Object state, Boolean isCompleted)&#xD;
   at Microsoft.AspNetCore.Mvc.Infrastructure.ResourceInvoker.&lt;InvokeAsync&gt;g__Awaited|17_0(ResourceInvoker invoker, Task task, IDisposable scope)&#xD;
   at Microsoft.AspNetCore.Mvc.Infrastructure.ResourceInvoker.&lt;InvokeAsync&gt;g__Awaited|17_0(ResourceInvoker invoker, Task task, IDisposable scope)&#xD;
   at Serilog.AspNetCore.RequestLoggingMiddleware.Invoke(HttpContext httpContext)&#xD;
[xUnit.net 00:00:02.68]   Finished:    HamptonHawksPlantSales.Tests&#xD;
</StdOut>
    </Output>
  </ResultSummary>
</TestRun>