<?xml version="1.0" encoding="utf-8"?>
<TestRun id="62d0ff89-084f-43a1-829d-e6543d6bd794" name="CalebBennett@MONEYPENNY 2026-03-04 12:25:16" runUser="AzureAD\CalebBennett" xmlns="http://microsoft.com/schemas/VisualStudio/TeamTest/2010">
  <Times creation="2026-03-04T12:25:16.5316939-06:00" queuing="2026-03-04T12:25:16.5316943-06:00" start="2026-03-04T12:25:15.0747775-06:00" finish="2026-03-04T12:25:19.7176029-06:00" />
  <TestSettings name="default" id="02cbba1a-24d7-4d8a-bb40-a803e7269041">
    <Deployment runDeploymentRoot="CalebBennett_MONEYPENNY_2026-03-04_12_25_16" />
  </TestSettings>
  <Results>
    <UnitTestResult executionId="0225951e-bcc2-4b35-a1c9-d468cb8ddd04" testId="fe9a0439-db39-f790-2b7d-e342663dbeda" testName="HamptonHawksPlantSales.Tests.Services.OrderServiceTests.UpdateLine_InvalidQty_ReturnsValidation(qty: -1)" computerName="MONEYPENNY" duration="00:00:00.0029987" startTime="2026-03-04T12:25:17.8625359-06:00" endTime="2026-03-04T12:25:17.8625361-06:00" testType="13cdc9d9-ddb5-4fa4-a97d-d965ccfc6d4b" outcome="Passed" testListId="8c84fa94-04c1-424b-9868-57a2d4851a1d" relativeResultsDirectory="0225951e-bcc2-4b35-a1c9-d468cb8ddd04" />
    <UnitTestResult executionId="49772498-e9e3-4075-9819-2d47c122ba4c" testId="71caa724-a8d5-91c1-da00-04eeac8aeda4" testName="HamptonHawksPlantSales.Tests.Services.PlantServiceTests.DeleteAsync_WithValidId_ReturnsTrue" computerName="MONEYPENNY" duration="00:00:00.0023503" startTime="2026-03-04T12:25:17.7630647-06:00" endTime="2026-03-04T12:25:17.7630650-06:00" testType="13cdc9d9-ddb5-4fa4-a97d-d965ccfc6d4b" outcome="Passed" testListId="8c84fa94-04c1-424b-9868-57a2d4851a1d" relativeResultsDirectory="49772498-e9e3-4075-9819-2d47c122ba4c" />
    <UnitTestResult executionId="7ee8b800-dc63-403b-8364-e9aa240700db" testId="4497b8d3-e203-168b-1e88-b461472f4374" testName="HamptonHawksPlantSales.Tests.Services.PlantServiceTests.GetByIdAsync_WithSoftDeletedPlant_ReturnsNull" computerName="MONEYPENNY" duration="00:00:00.0023550" startTime="2026-03-04T12:25:17.7856756-06:00" endTime="2026-03-04T12:25:17.7856758-06:00" testType="13cdc9d9-ddb5-4fa4-a97d-d965ccfc6d4b" outcome="Passed" testListId="8c84fa94-04c1-424b-9868-57a2d4851a1d" relativeResultsDirectory="7ee8b800-dc63-403b-8364-e9aa240700db" />
    <UnitTestResult executionId="d152cc1e-5e45-4c16-8af3-3c259c464c2c" testId="c694a71a-af63-1b27-2968-9f3b98d9f410" testName="HamptonHawksPlantSales.Tests.Services.CustomerServiceTests.GetByIdAsync_WithNonExistentId_ReturnsNull" computerName="MONEYPENNY" duration="00:00:00.0160136" startTime="2026-03-04T12:25:17.7043305-06:00" endTime="2026-03-04T12:25:17.7043308-06:00" testType="13cdc9d9-ddb5-4fa4-a97d-d965ccfc6d4b" outcome="Passed" testListId="8c84fa94-04c1-424b-9868-57a2d4851a1d" relativeResultsDirectory="d152cc1e-5e45-4c16-8af3-3c259c464c2c" />
    <UnitTestResult executionId="cb554c14-ae83-48cd-aa40-db29903bfa4f" testId="e421f43f-24bd-71b6-bcf9-db996b443d52" testName="HamptonHawksPlantSales.Tests.Services.InventoryProtectionServiceTests.ValidateWalkupLine_WhenOverRequested_ReturnsHelpfulErrorAndAvailableCount" computerName="MONEYPENNY" duration="00:00:00.0043359" startTime="2026-03-04T12:25:17.6644180-06:00" endTime="2026-03-04T12:25:17.6644182-06:00" testType="13cdc9d9-ddb5-4fa4-a97d-d965ccfc6d4b" outcome="Passed" testListId="8c84fa94-04c1-424b-9868-57a2d4851a1d" relativeResultsDirectory="cb554c14-ae83-48cd-aa40-db29903bfa4f" />
    <UnitTestResult executionId="68de9d9f-3c29-4283-89c4-84bc40ee11f0" testId="a3124d44-db1e-c05b-a5ea-513a01ada112" testName="HamptonHawksPlantSales.Tests.Services.CustomerServiceTests.DeleteAsync_WithNonExistentId_ReturnsFalse" computerName="MONEYPENNY" duration="00:00:00.0676163" startTime="2026-03-04T12:25:17.5825497-06:00" endTime="2026-03-04T12:25:17.5825501-06:00" testType="13cdc9d9-ddb5-4fa4-a97d-d965ccfc6d4b" outcome="Passed" testListId="8c84fa94-04c1-424b-9868-57a2d4851a1d" relativeResultsDirectory="68de9d9f-3c29-4283-89c4-84bc40ee11f0" />
    <UnitTestResult executionId="5b261c44-0a8a-437c-aac9-83c1719e0ec4" testId="2d089798-fd35-a371-31af-93f4ea12e14e" testName="HamptonHawksPlantSales.Tests.Services.CustomerServiceTests.CreateAsync_CustomerIsPersisted" computerName="MONEYPENNY" duration="00:00:00.0028388" startTime="2026-03-04T12:25:17.7440144-06:00" endTime="2026-03-04T12:25:17.7440147-06:00" testType="13cdc9d9-ddb5-4fa4-a97d-d965ccfc6d4b" outcome="Passed" testListId="8c84fa94-04c1-424b-9868-57a2d4851a1d" relativeResultsDirectory="5b261c44-0a8a-437c-aac9-83c1719e0ec4" />
    <UnitTestResult executionId="2fe0f860-b6f4-4d4f-aabb-d0270e2c7012" testId="7d5e25a3-1c9e-931c-46aa-c9d8df880493" testName="HamptonHawksPlantSales.Tests.Services.OrderServiceTests.CreateAsync_UsesProvidedOrderNumber_WhenGiven" computerName="MONEYPENNY" duration="00:00:00.0047812" startTime="2026-03-04T12:25:18.1527902-06:00" endTime="2026-03-04T12:25:18.1527905-06:00" testType="13cdc9d9-ddb5-4fa4-a97d-d965ccfc6d4b" outcome="Passed" testListId="8c84fa94-04c1-424b-9868-57a2d4851a1d" relativeResultsDirectory="2fe0f860-b6f4-4d4f-aabb-d0270e2c7012" />
    <UnitTestResult executionId="249c53ab-0a8d-4382-9632-0aa84911d2e4" testId="e46c4f09-e770-309e-b370-5e34ed1f3505" testName="HamptonHawksPlantSales.Tests.Services.OrderServiceTests.DeleteLineAsync_PartiallyFulfilledLine_ThrowsValidationException" computerName="MONEYPENNY" duration="00:00:00.0091711" startTime="2026-03-04T12:25:18.0473399-06:00" endTime="2026-03-04T12:25:18.0473402-06:00" testType="13cdc9d9-ddb5-4fa4-a97d-d965ccfc6d4b" outcome="Passed" testListId="8c84fa94-04c1-424b-9868-57a2d4851a1d" relativeResultsDirectory="249c53ab-0a8d-4382-9632-0aa84911d2e4" />
    <UnitTestResult executionId="7ef7bcff-1eff-4cc4-8e45-550f46e687ba" testId="f4be4ec8-7b26-824f-f0cb-eaef86670fbc" testName="HamptonHawksPlantSales.Tests.Services.FulfillmentServiceTests.Scan_OutOfStock_ReturnsOutOfStock" computerName="MONEYPENNY" duration="00:00:00.0540006" startTime="2026-03-04T12:25:17.7619421-06:00" endTime="2026-03-04T12:25:17.7619423-06:00" testType="13cdc9d9-ddb5-4fa4-a97d-d965ccfc6d4b" outcome="Passed" testListId="8c84fa94-04c1-424b-9868-57a2d4851a1d" relativeResultsDirectory="7ef7bcff-1eff-4cc4-8e45-550f46e687ba" />
    <UnitTestResult executionId="b19916aa-0e76-4eac-8382-525dfb79c32a" testId="ac1f905d-5d9a-e641-aaf6-fe611c0ad080" testName="HamptonHawksPlantSales.Tests.Services.OrderServiceTests.GetAllAsync_SearchByCustomerName_ReturnsMatchingOrder" computerName="MONEYPENNY" duration="00:00:00.1160793" startTime="2026-03-04T12:25:17.7224382-06:00" endTime="2026-03-04T12:25:17.7224385-06:00" testType="13cdc9d9-ddb5-4fa4-a97d-d965ccfc6d4b" outcome="Passed" testListId="8c84fa94-04c1-424b-9868-57a2d4851a1d" relativeResultsDirectory="b19916aa-0e76-4eac-8382-525dfb79c32a" />
    <UnitTestResult executionId="b5ff52b6-d851-4f24-86f1-b538daf1c2fd" testId="3a11d8c1-2a59-23df-3e3c-74f6ae904038" testName="HamptonHawksPlantSales.Tests.Services.ImportServiceTests.GetBatchesAsync_ReturnsPaginatedBatches" computerName="MONEYPENNY" duration="00:00:00.0163518" startTime="2026-03-04T12:25:17.9206463-06:00" endTime="2026-03-04T12:25:17.9206464-06:00" testType="13cdc9d9-ddb5-4fa4-a97d-d965ccfc6d4b" outcome="Passed" testListId="8c84fa94-04c1-424b-9868-57a2d4851a1d" relativeResultsDirectory="b5ff52b6-d851-4f24-86f1-b538daf1c2fd" />
    <UnitTestResult executionId="de184b43-1c6c-4f57-be2b-e2dc8a8e91fd" testId="45dfa8f8-d34f-bc61-46b9-f0bd01f897df" testName="HamptonHawksPlantSales.Tests.Services.PlantServiceTests.GetByIdAsync_WithValidId_ReturnsPlantWithAllFields" computerName="MONEYPENNY" duration="00:00:00.0024662" startTime="2026-03-04T12:25:17.7988182-06:00" endTime="2026-03-04T12:25:17.7988182-06:00" testType="13cdc9d9-ddb5-4fa4-a97d-d965ccfc6d4b" outcome="Passed" testListId="8c84fa94-04c1-424b-9868-57a2d4851a1d" relativeResultsDirectory="de184b43-1c6c-4f57-be2b-e2dc8a8e91fd" />
    <UnitTestResult executionId="c662c931-1f89-42f1-8891-546b5464b2e9" testId="2fba5265-1549-3b75-aeef-1e5d7beef7da" testName="HamptonHawksPlantSales.Tests.Services.OrderServiceTests.CreateAsync_GeneratesAutoOrderNumber_WhenNotProvided" computerName="MONEYPENNY" duration="00:00:00.0026983" startTime="2026-03-04T12:25:17.8957738-06:00" endTime="2026-03-04T12:25:17.8957740-06:00" testType="13cdc9d9-ddb5-4fa4-a97d-d965ccfc6d4b" outcome="Passed" testListId="8c84fa94-04c1-424b-9868-57a2d4851a1d" relativeResultsDirectory="c662c931-1f89-42f1-8891-546b5464b2e9" />
    <UnitTestResult executionId="befbda3d-4b5d-4a02-97ab-6b69defe2941" testId="4a78ebbf-381f-02c4-0862-33b71d2e5bfc" testName="HamptonHawksPlantSales.Tests.Services.InventoryProtectionServiceTests.CalculateAvailableForWalkup_WithPreorders_SubtractsRemaining" computerName="MONEYPENNY" duration="00:00:00.0047643" startTime="2026-03-04T12:25:17.6599705-06:00" endTime="2026-03-04T12:25:17.6599707-06:00" testType="13cdc9d9-ddb5-4fa4-a97d-d965ccfc6d4b" outcome="Passed" testListId="8c84fa94-04c1-424b-9868-57a2d4851a1d" relativeResultsDirectory="befbda3d-4b5d-4a02-97ab-6b69defe2941" />
    <UnitTestResult executionId="6c02f88e-187b-468d-a756-243b7afb13d1" testId="371737fe-1830-938d-df9a-bc12045f6a7a" testName="HamptonHawksPlantSales.Tests.Services.FulfillmentServiceTests.UndoLastScan_WhenSaleClosed_ReturnsSaleClosedBlocked" computerName="MONEYPENNY" duration="00:00:00.0028206" startTime="2026-03-04T12:25:17.8229709-06:00" endTime="2026-03-04T12:25:17.8229711-06:00" testType="13cdc9d9-ddb5-4fa4-a97d-d965ccfc6d4b" outcome="Passed" testListId="8c84fa94-04c1-424b-9868-57a2d4851a1d" relativeResultsDirectory="6c02f88e-187b-468d-a756-243b7afb13d1" />
    <UnitTestResult executionId="a9bbc2bb-3005-4a92-a81e-9cea03c5c6fd" testId="c2a7cd23-d66c-7481-9081-b06b1076ac1d" testName="HamptonHawksPlantSales.Tests.Validators.RequestValidatorTests.UpdatePlantValidator_RequiresSkuBarcodeAndName" computerName="MONEYPENNY" duration="00:00:00.0046776" startTime="2026-03-04T12:25:16.7683321-06:00" endTime="2026-03-04T12:25:16.7683328-06:00" testType="13cdc9d9-ddb5-4fa4-a97d-d965ccfc6d4b" outcome="Passed" testListId="8c84fa94-04c1-424b-9868-57a2d4851a1d" relativeResultsDirectory="a9bbc2bb-3005-4a92-a81e-9cea03c5c6fd" />
    <UnitTestResult executionId="61437034-8148-413f-8e7e-fa49e04a1885" testId="e869cb53-6a78-6031-f9df-d125e53155b8" testName="HamptonHawksPlantSales.Tests.Services.PlantServiceTests.UpdateAsync_WithValidRequest_UpdatesNameAndPrice" computerName="MONEYPENNY" duration="00:00:00.0034074" startTime="2026-03-04T12:25:17.8022709-06:00" endTime="2026-03-04T12:25:17.8022712-06:00" testType="13cdc9d9-ddb5-4fa4-a97d-d965ccfc6d4b" outcome="Passed" testListId="8c84fa94-04c1-424b-9868-57a2d4851a1d" relativeResultsDirectory="61437034-8148-413f-8e7e-fa49e04a1885" />
    <UnitTestResult executionId="d97a4c97-b9e3-4d8f-986e-f1c2755eba4a" testId="005f369d-0fff-d522-4421-391888bec5f5" testName="HamptonHawksPlantSales.Tests.Services.CustomerServiceTests.CreateAsync_UsesProvidedPickupCode" computerName="MONEYPENNY" duration="00:00:00.0021930" startTime="2026-03-04T12:25:17.7320846-06:00" endTime="2026-03-04T12:25:17.7320848-06:00" testType="13cdc9d9-ddb5-4fa4-a97d-d965ccfc6d4b" outcome="Passed" testListId="8c84fa94-04c1-424b-9868-57a2d4851a1d" relativeResultsDirectory="d97a4c97-b9e3-4d8f-986e-f1c2755eba4a" />
    <UnitTestResult executionId="985ddf6a-3feb-4cf7-a36f-a9cbaed59cf6" testId="75229df6-5ff8-4b03-1fcf-5955e6867386" testName="HamptonHawksPlantSales.Tests.Services.SoftDeleteTests.DB09_Plant_SoftDelete_ExcludedFromDefaultQuery" computerName="MONEYPENNY" duration="00:00:00.0036674" startTime="2026-03-04T12:25:17.9205508-06:00" endTime="2026-03-04T12:25:17.9205510-06:00" testType="13cdc9d9-ddb5-4fa4-a97d-d965ccfc6d4b" outcome="Passed" testListId="8c84fa94-04c1-424b-9868-57a2d4851a1d" relativeResultsDirectory="985ddf6a-3feb-4cf7-a36f-a9cbaed59cf6" />
    <UnitTestResult executionId="f53314d6-7a81-4cc3-9905-417d2e449544" testId="d1bb4e8d-8575-0ccc-747d-8a627c52f80a" testName="HamptonHawksPlantSales.Tests.Services.PlantServiceTests.UpdateAsync_WithSameOwnSku_DoesNotThrow" computerName="MONEYPENNY" duration="00:00:00.0357875" startTime="2026-03-04T12:25:17.7137083-06:00" endTime="2026-03-04T12:25:17.7137085-06:00" testType="13cdc9d9-ddb5-4fa4-a97d-d965ccfc6d4b" outcome="Passed" testListId="8c84fa94-04c1-424b-9868-57a2d4851a1d" relativeResultsDirectory="f53314d6-7a81-4cc3-9905-417d2e449544" />
    <UnitTestResult executionId="fc85bbc5-3fe3-421a-809e-7e090de14f03" testId="90a5595e-3b58-d19a-d001-ebb7e996d432" testName="HamptonHawksPlantSales.Tests.Services.WalkUpServiceTests.GetAllAvailability_PartiallyFulfilledPreorder_CalculatesCorrectly" computerName="MONEYPENNY" duration="00:00:00.0039313" startTime="2026-03-04T12:25:17.7566437-06:00" endTime="2026-03-04T12:25:17.7566440-06:00" testType="13cdc9d9-ddb5-4fa4-a97d-d965ccfc6d4b" outcome="Passed" testListId="8c84fa94-04c1-424b-9868-57a2d4851a1d" relativeResultsDirectory="fc85bbc5-3fe3-421a-809e-7e090de14f03" />
    <UnitTestResult executionId="e6c3a05e-3dac-4275-b589-280c1b4d11b8" testId="23b161d8-3af3-b328-0e5d-a8d03f7b1efb" testName="HamptonHawksPlantSales.Tests.Services.FulfillmentConcurrencyHandlingTests.IsRetryableConcurrencyException_ReturnsTrue_ForKnownMessages(message: &quot;concurrent update&quot;)" computerName="MONEYPENNY" duration="00:00:00.0001903" startTime="2026-03-04T12:25:16.7091221-06:00" endTime="2026-03-04T12:25:16.7091223-06:00" testType="13cdc9d9-ddb5-4fa4-a97d-d965ccfc6d4b" outcome="Passed" testListId="8c84fa94-04c1-424b-9868-57a2d4851a1d" relativeResultsDirectory="e6c3a05e-3dac-4275-b589-280c1b4d11b8" />
    <UnitTestResult executionId="40df055d-4b37-4f84-b4e8-22aac18d4f94" testId="f7595b34-a893-7baa-fe5e-f1632fbb9e38" testName="HamptonHawksPlantSales.Tests.Services.SoftDeleteTests.SR06_Seller_GetById_ReturnsNull_ForDeletedEntity" computerName="MONEYPENNY" duration="00:00:00.0093857" startTime="2026-03-04T12:25:17.8400140-06:00" endTime="2026-03-04T12:25:17.8400145-06:00" testType="13cdc9d9-ddb5-4fa4-a97d-d965ccfc6d4b" outcome="Passed" testListId="8c84fa94-04c1-424b-9868-57a2d4851a1d" relativeResultsDirectory="40df055d-4b37-4f84-b4e8-22aac18d4f94" />
    <UnitTestResult executionId="5c4751a2-4f4b-4edf-8387-64355105c873" testId="cad7e175-d40d-9fcb-805d-3bf5cac1899a" testName="HamptonHawksPlantSales.Tests.Services.AdminServiceTests.IsSaleClosedAsync_WhenOpen_ReturnsFalse" computerName="MONEYPENNY" duration="00:00:00.0386498" startTime="2026-03-04T12:25:17.5852018-06:00" endTime="2026-03-04T12:25:17.5852020-06:00" testType="13cdc9d9-ddb5-4fa4-a97d-d965ccfc6d4b" outcome="Passed" testListId="8c84fa94-04c1-424b-9868-57a2d4851a1d" relativeResultsDirectory="5c4751a2-4f4b-4edf-8387-64355105c873" />
    <UnitTestResult executionId="c8bbb998-4896-4b8c-9753-b9f9cec66196" testId="248e2dcd-fa03-ca61-59af-260bc072bf31" testName="HamptonHawksPlantSales.Tests.Services.ImportServiceTests.PlantImport_DryRun_DoesNotPersistRowsOrBatch" computerName="MONEYPENNY" duration="00:00:00.0139528" startTime="2026-03-04T12:25:19.6131848-06:00" endTime="2026-03-04T12:25:19.6131852-06:00" testType="13cdc9d9-ddb5-4fa4-a97d-d965ccfc6d4b" outcome="Passed" testListId="8c84fa94-04c1-424b-9868-57a2d4851a1d" relativeResultsDirectory="c8bbb998-4896-4b8c-9753-b9f9cec66196" />
    <UnitTestResult executionId="689a22b8-80fa-4779-8ea8-8f56f7ffc16a" testId="fef8c6d2-0dd2-d354-24cc-dbd49209d283" testName="HamptonHawksPlantSales.Tests.Services.FulfillmentServiceTests.ManualFulfill_InvalidLineForOrder_ThrowsValidationException" computerName="MONEYPENNY" duration="00:00:00.0043440" startTime="2026-03-04T12:25:17.9488132-06:00" endTime="2026-03-04T12:25:17.9488133-06:00" testType="13cdc9d9-ddb5-4fa4-a97d-d965ccfc6d4b" outcome="Passed" testListId="8c84fa94-04c1-424b-9868-57a2d4851a1d" relativeResultsDirectory="689a22b8-80fa-4779-8ea8-8f56f7ffc16a" />
    <UnitTestResult executionId="19bab77d-811c-4e55-a4ec-5304883526d0" testId="918d9fac-a4d4-9bcf-eaeb-2857d92c23aa" testName="HamptonHawksPlantSales.Tests.Core.PaginationDtosTests.PagedResult_TotalPages_UsesCeilingDivision" computerName="MONEYPENNY" duration="00:00:00.0003783" startTime="2026-03-04T12:25:16.5153922-06:00" endTime="2026-03-04T12:25:16.5153923-06:00" testType="13cdc9d9-ddb5-4fa4-a97d-d965ccfc6d4b" outcome="Passed" testListId="8c84fa94-04c1-424b-9868-57a2d4851a1d" relativeResultsDirectory="19bab77d-811c-4e55-a4ec-5304883526d0" />
    <UnitTestResult executionId="8cfb238a-f859-4389-b59e-381e1bdd9a11" testId="483fe2a7-a831-0002-8676-bb6d1f2cb28f" testName="HamptonHawksPlantSales.Tests.Services.AdminServiceTests.IsSaleClosedAsync_WhenClosed_ReturnsTrue" computerName="MONEYPENNY" duration="00:00:00.8361888" startTime="2026-03-04T12:25:17.5460963-06:00" endTime="2026-03-04T12:25:17.5460965-06:00" testType="13cdc9d9-ddb5-4fa4-a97d-d965ccfc6d4b" outcome="Passed" testListId="8c84fa94-04c1-424b-9868-57a2d4851a1d" relativeResultsDirectory="8cfb238a-f859-4389-b59e-381e1bdd9a11" />
    <UnitTestResult executionId="22ed7210-1ed2-4b96-9569-7722b8c64d6b" testId="627953d7-1a3d-fab7-392c-2e21070c360c" testName="HamptonHawksPlantSales.Tests.Core.PaginationDtosTests.PaginationParams_PageSizeAboveMax_ClampsTo200" computerName="MONEYPENNY" duration="00:00:00.0083619" startTime="2026-03-04T12:25:16.5057183-06:00" endTime="2026-03-04T12:25:16.5057324-06:00" testType="13cdc9d9-ddb5-4fa4-a97d-d965ccfc6d4b" outcome="Passed" testListId="8c84fa94-04c1-424b-9868-57a2d4851a1d" relativeResultsDirectory="22ed7210-1ed2-4b96-9569-7722b8c64d6b" />
    <UnitTestResult executionId="af4a73db-0e61-496b-a47f-3789c1e33d79" testId="b7f6a296-f7a4-5ef7-44fe-87a5f66bf3ff" testName="HamptonHawksPlantSales.Tests.Services.WalkUpServiceTests.CreateWalkUpOrder_WithInvalidCustomerId_ThrowsKeyNotFound" computerName="MONEYPENNY" duration="00:00:00.0034772" startTime="2026-03-04T12:25:17.8632818-06:00" endTime="2026-03-04T12:25:17.8632820-06:00" testType="13cdc9d9-ddb5-4fa4-a97d-d965ccfc6d4b" outcome="Passed" testListId="8c84fa94-04c1-424b-9868-57a2d4851a1d" relativeResultsDirectory="af4a73db-0e61-496b-a47f-3789c1e33d79" />
    <UnitTestResult executionId="6de393b6-40f1-4c08-8cbe-1a19540e505e" testId="d690acd0-c188-7e98-4d8b-ab2e2b37b0f8" testName="HamptonHawksPlantSales.Tests.Services.PlantServiceTests.GetAllAsync_SearchMatchesByBarcode" computerName="MONEYPENNY" duration="00:00:00.0031811" startTime="2026-03-04T12:25:17.6750344-06:00" endTime="2026-03-04T12:25:17.6750346-06:00" testType="13cdc9d9-ddb5-4fa4-a97d-d965ccfc6d4b" outcome="Passed" testListId="8c84fa94-04c1-424b-9868-57a2d4851a1d" relativeResultsDirectory="6de393b6-40f1-4c08-8cbe-1a19540e505e" />
    <UnitTestResult executionId="28a6a5bd-4aab-4011-9b1e-4df1e8ef4871" testId="acfe1bf4-3420-a076-22cb-d78870ba2e98" testName="HamptonHawksPlantSales.Tests.Services.AdminPinActionFilterTests.GetRequest_WithPinAndNoReason_AllowsRequest" computerName="MONEYPENNY" duration="00:00:00.0012496" startTime="2026-03-04T12:25:16.6904868-06:00" endTime="2026-03-04T12:25:16.6904870-06:00" testType="13cdc9d9-ddb5-4fa4-a97d-d965ccfc6d4b" outcome="Passed" testListId="8c84fa94-04c1-424b-9868-57a2d4851a1d" relativeResultsDirectory="28a6a5bd-4aab-4011-9b1e-4df1e8ef4871" />
    <UnitTestResult executionId="cac287b1-0345-42b0-9cb9-b30db51fc86e" testId="070f92fc-c928-15a1-8f54-38fe30c92fcc" testName="HamptonHawksPlantSales.Tests.Services.FulfillmentConcurrencyHandlingTests.IsRetryableConcurrencyException_ReturnsTrue_ForKnownMessages(message: &quot;could not serialize access due to read/write depen&quot;···)" computerName="MONEYPENNY" duration="00:00:00.0003780" startTime="2026-03-04T12:25:16.7088670-06:00" endTime="2026-03-04T12:25:16.7088672-06:00" testType="13cdc9d9-ddb5-4fa4-a97d-d965ccfc6d4b" outcome="Passed" testListId="8c84fa94-04c1-424b-9868-57a2d4851a1d" relativeResultsDirectory="cac287b1-0345-42b0-9cb9-b30db51fc86e" />
    <UnitTestResult executionId="818ba5a4-8897-42b3-bb0a-6d90e06610dc" testId="31660b7f-dc8d-b0bd-6c16-61925131aa36" testName="HamptonHawksPlantSales.Tests.Services.SoftDeleteTests.SR06_Plant_GetById_ReturnsEntity_ForActiveEntity" computerName="MONEYPENNY" duration="00:00:00.0030368" startTime="2026-03-04T12:25:17.8272327-06:00" endTime="2026-03-04T12:25:17.8272327-06:00" testType="13cdc9d9-ddb5-4fa4-a97d-d965ccfc6d4b" outcome="Passed" testListId="8c84fa94-04c1-424b-9868-57a2d4851a1d" relativeResultsDirectory="818ba5a4-8897-42b3-bb0a-6d90e06610dc" />
    <UnitTestResult executionId="9c7667e2-e707-40c1-b884-c09a01c43c74" testId="c30dc1f6-5e7f-4dee-65c3-95f80bdfc8e5" testName="HamptonHawksPlantSales.Tests.Services.OrderServiceTests.UpdateLine_WithQtyOnly_PreservesPlantAndUpdatesQty" computerName="MONEYPENNY" duration="00:00:00.0048313" startTime="2026-03-04T12:25:17.8594063-06:00" endTime="2026-03-04T12:25:17.8594064-06:00" testType="13cdc9d9-ddb5-4fa4-a97d-d965ccfc6d4b" outcome="Passed" testListId="8c84fa94-04c1-424b-9868-57a2d4851a1d" relativeResultsDirectory="9c7667e2-e707-40c1-b884-c09a01c43c74" />
    <UnitTestResult executionId="743c8085-4de9-436d-999f-6f1ebacc75a4" testId="b2b63935-8360-510b-7f31-af542f96e3f7" testName="HamptonHawksPlantSales.Tests.Services.InventoryServiceTests.GetAllAsync_SearchWithNoMatch_ReturnsEmpty" computerName="MONEYPENNY" duration="00:00:00.0031054" startTime="2026-03-04T12:25:17.8226436-06:00" endTime="2026-03-04T12:25:17.8226437-06:00" testType="13cdc9d9-ddb5-4fa4-a97d-d965ccfc6d4b" outcome="Passed" testListId="8c84fa94-04c1-424b-9868-57a2d4851a1d" relativeResultsDirectory="743c8085-4de9-436d-999f-6f1ebacc75a4" />
    <UnitTestResult executionId="1185f5be-1a48-43f8-a94e-b8f461f8bd97" testId="5b74792a-1928-a79b-aa0f-98c2242cf4cd" testName="HamptonHawksPlantSales.Tests.Services.AdminServiceTests.ForceComplete_RecordsAdminAction" computerName="MONEYPENNY" duration="00:00:00.0162532" startTime="2026-03-04T12:25:17.6613147-06:00" endTime="2026-03-04T12:25:17.6613149-06:00" testType="13cdc9d9-ddb5-4fa4-a97d-d965ccfc6d4b" outcome="Passed" testListId="8c84fa94-04c1-424b-9868-57a2d4851a1d" relativeResultsDirectory="1185f5be-1a48-43f8-a94e-b8f461f8bd97" />
    <UnitTestResult executionId="60fbcccd-80e0-462c-9807-5e0fd915bb38" testId="5e014370-92f1-39c9-c8e3-8eaa63eb72c4" testName="HamptonHawksPlantSales.Tests.Services.FulfillmentServiceTests.UndoLastScan_SoftDeletesOriginalEvent" computerName="MONEYPENNY" duration="00:00:00.0519869" startTime="2026-03-04T12:25:18.0528421-06:00" endTime="2026-03-04T12:25:18.0528428-06:00" testType="13cdc9d9-ddb5-4fa4-a97d-d965ccfc6d4b" outcome="Passed" testListId="8c84fa94-04c1-424b-9868-57a2d4851a1d" relativeResultsDirectory="60fbcccd-80e0-462c-9807-5e0fd915bb38" />
    <UnitTestResult executionId="31328172-400b-4b6f-8acc-2e4a66ac07a4" testId="8b8b30c5-ed24-8f80-fdbc-9582b91215a5" testName="HamptonHawksPlantSales.Tests.Services.AdminServiceTests.GetActionsAsync_ReturnsNewestFirst" computerName="MONEYPENNY" duration="00:00:00.0341098" startTime="2026-03-04T12:25:17.7186963-06:00" endTime="2026-03-04T12:25:17.7186965-06:00" testType="13cdc9d9-ddb5-4fa4-a97d-d965ccfc6d4b" outcome="Passed" testListId="8c84fa94-04c1-424b-9868-57a2d4851a1d" relativeResultsDirectory="31328172-400b-4b6f-8acc-2e4a66ac07a4" />
    <UnitTestResult executionId="4d8b1624-69c2-4630-89d8-e3b62e998e41" testId="a93bf725-f6ce-40b0-1207-56f729e970e8" testName="HamptonHawksPlantSales.Tests.Services.PlantServiceTests.DeleteAsync_WithNonExistentId_ReturnsFalse" computerName="MONEYPENNY" duration="00:00:00.0033426" startTime="2026-03-04T12:25:17.6776850-06:00" endTime="2026-03-04T12:25:17.6776852-06:00" testType="13cdc9d9-ddb5-4fa4-a97d-d965ccfc6d4b" outcome="Passed" testListId="8c84fa94-04c1-424b-9868-57a2d4851a1d" relativeResultsDirectory="4d8b1624-69c2-4630-89d8-e3b62e998e41" />
    <UnitTestResult executionId="3eaeb962-577f-4ac5-82d5-f11b14371050" testId="754b0328-2b72-4b6b-0914-7825feffa237" testName="HamptonHawksPlantSales.Tests.Services.ImportServiceTests.PlantImport_UpsertsExistingSku_WhenEnabled" computerName="MONEYPENNY" duration="00:00:00.0107882" startTime="2026-03-04T12:25:17.9041776-06:00" endTime="2026-03-04T12:25:17.9041776-06:00" testType="13cdc9d9-ddb5-4fa4-a97d-d965ccfc6d4b" outcome="Passed" testListId="8c84fa94-04c1-424b-9868-57a2d4851a1d" relativeResultsDirectory="3eaeb962-577f-4ac5-82d5-f11b14371050" />
    <UnitTestResult executionId="6caefb98-d4e9-4f31-a2ef-0427fcc22df2" testId="a15ede68-880d-b06b-d826-410f2e7832af" testName="HamptonHawksPlantSales.Tests.Services.CustomerServiceTests.GetByIdAsync_WithValidId_ReturnsCustomerWithAllFields" computerName="MONEYPENNY" duration="00:00:00.0026641" startTime="2026-03-04T12:25:17.7467913-06:00" endTime="2026-03-04T12:25:17.7467916-06:00" testType="13cdc9d9-ddb5-4fa4-a97d-d965ccfc6d4b" outcome="Passed" testListId="8c84fa94-04c1-424b-9868-57a2d4851a1d" relativeResultsDirectory="6caefb98-d4e9-4f31-a2ef-0427fcc22df2" />
    <UnitTestResult executionId="01935fd8-3a45-435b-a0c9-582ce36e8991" testId="72794c60-1091-d3d4-12aa-26fe8df03dba" testName="HamptonHawksPlantSales.Tests.Services.SoftDeleteTests.SR06_Plant_GetById_ReturnsNull_ForDeletedEntity" computerName="MONEYPENNY" duration="00:00:00.0026541" startTime="2026-03-04T12:25:17.8163808-06:00" endTime="2026-03-04T12:25:17.8163810-06:00" testType="13cdc9d9-ddb5-4fa4-a97d-d965ccfc6d4b" outcome="Passed" testListId="8c84fa94-04c1-424b-9868-57a2d4851a1d" relativeResultsDirectory="01935fd8-3a45-435b-a0c9-582ce36e8991" />
    <UnitTestResult executionId="08a2451c-6f66-43b0-912f-0ff03d1c5230" testId="532dc643-5877-a481-f356-efea8a566a82" testName="HamptonHawksPlantSales.Tests.Services.PlantServiceTests.CreateAsync_WithValidRequest_ReturnsCreatedPlant" computerName="MONEYPENNY" duration="00:00:00.0040029" startTime="2026-03-04T12:25:17.7178698-06:00" endTime="2026-03-04T12:25:17.7178701-06:00" testType="13cdc9d9-ddb5-4fa4-a97d-d965ccfc6d4b" outcome="Passed" testListId="8c84fa94-04c1-424b-9868-57a2d4851a1d" relativeResultsDirectory="08a2451c-6f66-43b0-912f-0ff03d1c5230" />
    <UnitTestResult executionId="b105764d-6cda-460b-a1a6-7de87b1a541a" testId="57c7dfd1-26ce-0c98-2731-1f1dd202a3fd" testName="HamptonHawksPlantSales.Tests.Services.OrderServiceTests.AddLineAsync_NonExistentOrder_ThrowsKeyNotFoundException" computerName="MONEYPENNY" duration="00:00:00.0020450" startTime="2026-03-04T12:25:17.9503919-06:00" endTime="2026-03-04T12:25:17.9503920-06:00" testType="13cdc9d9-ddb5-4fa4-a97d-d965ccfc6d4b" outcome="Passed" testListId="8c84fa94-04c1-424b-9868-57a2d4851a1d" relativeResultsDirectory="b105764d-6cda-460b-a1a6-7de87b1a541a" />
    <UnitTestResult executionId="b4c3bd32-6309-4cd9-8745-608d5acd3441" testId="02956f31-b71d-594c-c5c0-bd01b2096895" testName="HamptonHawksPlantSales.Tests.Services.OrderServiceTests.UpdateAsync_NonExistentOrder_ThrowsKeyNotFoundException" computerName="MONEYPENNY" duration="00:00:00.0015067" startTime="2026-03-04T12:25:18.0688361-06:00" endTime="2026-03-04T12:25:18.0688362-06:00" testType="13cdc9d9-ddb5-4fa4-a97d-d965ccfc6d4b" outcome="Passed" testListId="8c84fa94-04c1-424b-9868-57a2d4851a1d" relativeResultsDirectory="b4c3bd32-6309-4cd9-8745-608d5acd3441" />
    <UnitTestResult executionId="0920e5de-13ac-4f9b-b520-6eafd7b26fbd" testId="1d5119c6-296b-ac55-5fb2-56fb79614a89" testName="HamptonHawksPlantSales.Tests.Services.CustomerServiceTests.CreateAsync_GeneratesPickupCodeWhenNotProvided" computerName="MONEYPENNY" duration="00:00:00.0023681" startTime="2026-03-04T12:25:17.7387508-06:00" endTime="2026-03-04T12:25:17.7387510-06:00" testType="13cdc9d9-ddb5-4fa4-a97d-d965ccfc6d4b" outcome="Passed" testListId="8c84fa94-04c1-424b-9868-57a2d4851a1d" relativeResultsDirectory="0920e5de-13ac-4f9b-b520-6eafd7b26fbd" />
    <UnitTestResult executionId="2405f780-f19e-4a96-be8d-5c6e53c344e0" testId="c490e4b0-4d94-98f7-144b-184640b7153b" testName="HamptonHawksPlantSales.Tests.Services.FulfillmentServiceTests.Scan_ValidBarcode_CreatesEventBeforeTransaction" computerName="MONEYPENNY" duration="00:00:00.0190937" startTime="2026-03-04T12:25:17.8421842-06:00" endTime="2026-03-04T12:25:17.8421844-06:00" testType="13cdc9d9-ddb5-4fa4-a97d-d965ccfc6d4b" outcome="Passed" testListId="8c84fa94-04c1-424b-9868-57a2d4851a1d" relativeResultsDirectory="2405f780-f19e-4a96-be8d-5c6e53c344e0" />
    <UnitTestResult executionId="fbc8f70e-8e5d-4b53-97a7-7274f2f3e2c3" testId="fad402e5-e654-33c3-e978-b504c51e25b3" testName="HamptonHawksPlantSales.Tests.Services.AdminPinActionFilterTests.AdminActionsGetAllEndpoint_IsDecoratedWithRequiresAdminPin" computerName="MONEYPENNY" duration="00:00:00.0007320" startTime="2026-03-04T12:25:16.6961796-06:00" endTime="2026-03-04T12:25:16.6961798-06:00" testType="13cdc9d9-ddb5-4fa4-a97d-d965ccfc6d4b" outcome="Passed" testListId="8c84fa94-04c1-424b-9868-57a2d4851a1d" relativeResultsDirectory="fbc8f70e-8e5d-4b53-97a7-7274f2f3e2c3" />
    <UnitTestResult executionId="82c493bf-9aa7-41f4-a1b7-2812977f7c54" testId="8628b174-4cd7-85eb-25c5-ec84a76bf4fe" testName="HamptonHawksPlantSales.Tests.Services.ImportServiceTests.GetBatchesAsync_ExcludesSoftDeletedBatches" computerName="MONEYPENNY" duration="00:00:01.0579680" startTime="2026-03-04T12:25:17.5521725-06:00" endTime="2026-03-04T12:25:17.5521727-06:00" testType="13cdc9d9-ddb5-4fa4-a97d-d965ccfc6d4b" outcome="Passed" testListId="8c84fa94-04c1-424b-9868-57a2d4851a1d" relativeResultsDirectory="82c493bf-9aa7-41f4-a1b7-2812977f7c54" />
    <UnitTestResult executionId="0e52432f-e250-4378-bbef-2db5bdf5591a" testId="0cd61d87-5ab4-ec67-d972-1c05137187ee" testName="HamptonHawksPlantSales.Tests.Services.CustomerServiceTests.CreateAsync_CustomerAppearsInListing" computerName="MONEYPENNY" duration="00:00:00.0041266" startTime="2026-03-04T12:25:17.6829980-06:00" endTime="2026-03-04T12:25:17.6829982-06:00" testType="13cdc9d9-ddb5-4fa4-a97d-d965ccfc6d4b" outcome="Passed" testListId="8c84fa94-04c1-424b-9868-57a2d4851a1d" relativeResultsDirectory="0e52432f-e250-4378-bbef-2db5bdf5591a" />
    <UnitTestResult executionId="14da055b-7946-4a1d-99d6-3f282b8a61a7" testId="c33fc252-d05c-b42b-d8ed-02c0c0be0a46" testName="HamptonHawksPlantSales.Tests.Services.ResponseEnvelopeTests.ApiResponseFail_IncludesDataNull_WhenSerializedWithIgnoreNulls" computerName="MONEYPENNY" duration="00:00:00.1989480" startTime="2026-03-04T12:25:16.6930530-06:00" endTime="2026-03-04T12:25:16.6930536-06:00" testType="13cdc9d9-ddb5-4fa4-a97d-d965ccfc6d4b" outcome="Passed" testListId="8c84fa94-04c1-424b-9868-57a2d4851a1d" relativeResultsDirectory="14da055b-7946-4a1d-99d6-3f282b8a61a7" />
    <UnitTestResult executionId="ca0d9c59-326d-4460-8f13-a74781a6f1c6" testId="f8ff3874-f063-5597-f5eb-5ec32644006c" testName="HamptonHawksPlantSales.Tests.Services.OrderServiceTests.UpdateAsync_ChangesMetadataFields_AndPersists" computerName="MONEYPENNY" duration="00:00:00.0093355" startTime="2026-03-04T12:25:17.9051643-06:00" endTime="2026-03-04T12:25:17.9051644-06:00" testType="13cdc9d9-ddb5-4fa4-a97d-d965ccfc6d4b" outcome="Passed" testListId="8c84fa94-04c1-424b-9868-57a2d4851a1d" relativeResultsDirectory="ca0d9c59-326d-4460-8f13-a74781a6f1c6" />
    <UnitTestResult executionId="94bdf528-1fbc-46e7-97d6-fbe131a40b12" testId="743b3bec-8814-a51e-3936-7a3b1242c595" testName="HamptonHawksPlantSales.Tests.Services.InventoryProtectionServiceTests.CalculateAvailableForWalkup_NoPreorders_ReturnsFullInventory" computerName="MONEYPENNY" duration="00:00:00.0043644" startTime="2026-03-04T12:25:17.6689861-06:00" endTime="2026-03-04T12:25:17.6689863-06:00" testType="13cdc9d9-ddb5-4fa4-a97d-d965ccfc6d4b" outcome="Passed" testListId="8c84fa94-04c1-424b-9868-57a2d4851a1d" relativeResultsDirectory="94bdf528-1fbc-46e7-97d6-fbe131a40b12" />
    <UnitTestResult executionId="5e43eff6-10cd-4c59-b756-6efa769ff39e" testId="fb13ae7f-c298-4473-9e53-92f8e1fee88b" testName="HamptonHawksPlantSales.Tests.Services.CustomerServiceTests.DeleteAsync_WithValidId_ReturnsTrue" computerName="MONEYPENNY" duration="00:00:00.0077350" startTime="2026-03-04T12:25:17.5149889-06:00" endTime="2026-03-04T12:25:17.5149891-06:00" testType="13cdc9d9-ddb5-4fa4-a97d-d965ccfc6d4b" outcome="Passed" testListId="8c84fa94-04c1-424b-9868-57a2d4851a1d" relativeResultsDirectory="5e43eff6-10cd-4c59-b756-6efa769ff39e" />
    <UnitTestResult executionId="b1b08fa1-ebe0-4672-ba8e-396357466d8d" testId="ecc0a80c-e5d5-3021-4667-b598975d0d5e" testName="HamptonHawksPlantSales.Tests.Services.ImportServiceTests.OrderImport_Pdf_ExtractsCustomerAndLineItems" computerName="MONEYPENNY" duration="00:00:00.1048722" startTime="2026-03-04T12:25:17.8936581-06:00" endTime="2026-03-04T12:25:17.8936582-06:00" testType="13cdc9d9-ddb5-4fa4-a97d-d965ccfc6d4b" outcome="Passed" testListId="8c84fa94-04c1-424b-9868-57a2d4851a1d" relativeResultsDirectory="b1b08fa1-ebe0-4672-ba8e-396357466d8d" />
    <UnitTestResult executionId="1906f92f-e309-42e5-bcbb-b4a4d61791a1" testId="e42f76bf-e1f6-67e8-d7b5-b2c51d5c7ea6" testName="HamptonHawksPlantSales.Tests.Services.SoftDeleteTests.DB10_MixedCustomers_DefaultExcludesDeleted_IncludeDeletedReturnsAll" computerName="MONEYPENNY" duration="00:00:00.0041703" startTime="2026-03-04T12:25:17.8136500-06:00" endTime="2026-03-04T12:25:17.8136503-06:00" testType="13cdc9d9-ddb5-4fa4-a97d-d965ccfc6d4b" outcome="Passed" testListId="8c84fa94-04c1-424b-9868-57a2d4851a1d" relativeResultsDirectory="1906f92f-e309-42e5-bcbb-b4a4d61791a1" />
    <UnitTestResult executionId="601ec330-9ce1-4dbc-90ff-90b00990b31e" testId="bee80ce0-6d8f-d27a-4270-a220334b5cf7" testName="HamptonHawksPlantSales.Tests.Services.PlantServiceTests.DeleteAsync_ExcludesFromDefaultQueries" computerName="MONEYPENNY" duration="00:00:00.0035953" startTime="2026-03-04T12:25:17.7961605-06:00" endTime="2026-03-04T12:25:17.7961608-06:00" testType="13cdc9d9-ddb5-4fa4-a97d-d965ccfc6d4b" outcome="Passed" testListId="8c84fa94-04c1-424b-9868-57a2d4851a1d" relativeResultsDirectory="601ec330-9ce1-4dbc-90ff-90b00990b31e" />
    <UnitTestResult executionId="5d670dcd-17ab-4150-8509-b167d5eb68ad" testId="74ef0a4b-2171-1b5d-c7f8-7bb80b3ba10d" testName="HamptonHawksPlantSales.Tests.Services.OrderServiceTests.GetAllAsync_FilterByCustomerId_ReturnsOnlyCustomerOrders" computerName="MONEYPENNY" duration="00:00:00.0544534" startTime="2026-03-04T12:25:18.0380289-06:00" endTime="2026-03-04T12:25:18.0380292-06:00" testType="13cdc9d9-ddb5-4fa4-a97d-d965ccfc6d4b" outcome="Passed" testListId="8c84fa94-04c1-424b-9868-57a2d4851a1d" relativeResultsDirectory="5d670dcd-17ab-4150-8509-b167d5eb68ad" />
    <UnitTestResult executionId="54a57440-8114-4b2d-b1d8-798d71095398" testId="1fee1b24-c91c-caf8-91cd-29b30476bc30" testName="HamptonHawksPlantSales.Tests.Services.PlantServiceTests.UpdateAsync_WithDuplicateSku_ThrowsValidationException" computerName="MONEYPENNY" duration="00:00:00.0047379" startTime="2026-03-04T12:25:17.7569625-06:00" endTime="2026-03-04T12:25:17.7569626-06:00" testType="13cdc9d9-ddb5-4fa4-a97d-d965ccfc6d4b" outcome="Passed" testListId="8c84fa94-04c1-424b-9868-57a2d4851a1d" relativeResultsDirectory="54a57440-8114-4b2d-b1d8-798d71095398" />
    <UnitTestResult executionId="184b8c65-4113-479d-a9c2-6ef6dc58b60d" testId="9b85cee4-570d-04bc-2516-3b4c912bba6b" testName="HamptonHawksPlantSales.Tests.Services.OrderServiceTests.GetByIdAsync_ReturnsOrderWithLinesAndPlantDetails" computerName="MONEYPENNY" duration="00:00:00.0169121" startTime="2026-03-04T12:25:18.0643418-06:00" endTime="2026-03-04T12:25:18.0643419-06:00" testType="13cdc9d9-ddb5-4fa4-a97d-d965ccfc6d4b" outcome="Passed" testListId="8c84fa94-04c1-424b-9868-57a2d4851a1d" relativeResultsDirectory="184b8c65-4113-479d-a9c2-6ef6dc58b60d" />
    <UnitTestResult executionId="bad9ac54-59e1-4ffd-9b3e-75e38d1339c5" testId="9fb313b1-8d7b-6c9b-478c-558f85f7a910" testName="HamptonHawksPlantSales.Tests.Services.FulfillmentServiceTests.GetEvents_NoEventsForOrder_ReturnsEmptyList" computerName="MONEYPENNY" duration="00:00:00.0288207" startTime="2026-03-04T12:25:17.7896651-06:00" endTime="2026-03-04T12:25:17.7896652-06:00" testType="13cdc9d9-ddb5-4fa4-a97d-d965ccfc6d4b" outcome="Passed" testListId="8c84fa94-04c1-424b-9868-57a2d4851a1d" relativeResultsDirectory="bad9ac54-59e1-4ffd-9b3e-75e38d1339c5" />
    <UnitTestResult executionId="2f3bc99b-c6f2-4fe2-8149-480ad40ffcfa" testId="1692176b-4089-e97e-6a00-8edd5a94f5d3" testName="HamptonHawksPlantSales.Tests.Services.FulfillmentServiceTests.CompleteOrder_NotAllFulfilled_ThrowsValidation" computerName="MONEYPENNY" duration="00:00:00.0238860" startTime="2026-03-04T12:25:17.9232734-06:00" endTime="2026-03-04T12:25:17.9232736-06:00" testType="13cdc9d9-ddb5-4fa4-a97d-d965ccfc6d4b" outcome="Passed" testListId="8c84fa94-04c1-424b-9868-57a2d4851a1d" relativeResultsDirectory="2f3bc99b-c6f2-4fe2-8149-480ad40ffcfa" />
    <UnitTestResult executionId="5232e7c0-4ad1-486d-8227-409c029acba4" testId="61e33c94-8542-51cd-a85a-b86ea33a5523" testName="HamptonHawksPlantSales.Tests.Services.FulfillmentServiceTests.GetEvents_ContainsExpectedFields" computerName="MONEYPENNY" duration="00:00:00.0058421" startTime="2026-03-04T12:25:17.8158418-06:00" endTime="2026-03-04T12:25:17.8158419-06:00" testType="13cdc9d9-ddb5-4fa4-a97d-d965ccfc6d4b" outcome="Passed" testListId="8c84fa94-04c1-424b-9868-57a2d4851a1d" relativeResultsDirectory="5232e7c0-4ad1-486d-8227-409c029acba4" />
    <UnitTestResult executionId="bd4b0212-a64e-4680-ab8c-588bc628014f" testId="868da2ff-8840-0f31-cfb2-f0617638ea08" testName="HamptonHawksPlantSales.Tests.Services.PlantServiceTests.GetAllAsync_SearchMatchesBySku" computerName="MONEYPENNY" duration="00:00:00.1000849" startTime="2026-03-04T12:25:17.6432807-06:00" endTime="2026-03-04T12:25:17.6432810-06:00" testType="13cdc9d9-ddb5-4fa4-a97d-d965ccfc6d4b" outcome="Passed" testListId="8c84fa94-04c1-424b-9868-57a2d4851a1d" relativeResultsDirectory="bd4b0212-a64e-4680-ab8c-588bc628014f" />
    <UnitTestResult executionId="88f11b31-c9ab-4a37-afbe-353b712ea1b5" testId="02f645b2-c08b-5c29-f073-78f8987bc83d" testName="HamptonHawksPlantSales.Tests.Services.AdminPinActionFilterTests.FulfillmentForceCompleteEndpoint_IsDecoratedWithRequiresAdminPin" computerName="MONEYPENNY" duration="00:00:00.0027426" startTime="2026-03-04T12:25:16.6891635-06:00" endTime="2026-03-04T12:25:16.6891636-06:00" testType="13cdc9d9-ddb5-4fa4-a97d-d965ccfc6d4b" outcome="Passed" testListId="8c84fa94-04c1-424b-9868-57a2d4851a1d" relativeResultsDirectory="88f11b31-c9ab-4a37-afbe-353b712ea1b5" />
    <UnitTestResult executionId="888998d6-5d68-461c-891c-ac5d94248110" testId="16df41ba-3c16-315d-7ca5-e43395b37a75" testName="HamptonHawksPlantSales.Tests.Services.PlantServiceTests.CreateAsync_WithDuplicateBarcode_ThrowsValidationException" computerName="MONEYPENNY" duration="00:00:00.0275426" startTime="2026-03-04T12:25:17.6709212-06:00" endTime="2026-03-04T12:25:17.6709218-06:00" testType="13cdc9d9-ddb5-4fa4-a97d-d965ccfc6d4b" outcome="Passed" testListId="8c84fa94-04c1-424b-9868-57a2d4851a1d" relativeResultsDirectory="888998d6-5d68-461c-891c-ac5d94248110" />
    <UnitTestResult executionId="e6a8d40a-77d3-4c4e-ad2d-08a0e905c2b2" testId="e8043d3e-82fa-14d3-36aa-0d40824f416b" testName="HamptonHawksPlantSales.Tests.Services.ImportServiceTests.PlantImport_Pdf_ThrowsHelpfulMessage" computerName="MONEYPENNY" duration="00:00:00.0021597" startTime="2026-03-04T12:25:17.9228646-06:00" endTime="2026-03-04T12:25:17.9228648-06:00" testType="13cdc9d9-ddb5-4fa4-a97d-d965ccfc6d4b" outcome="Passed" testListId="8c84fa94-04c1-424b-9868-57a2d4851a1d" relativeResultsDirectory="e6a8d40a-77d3-4c4e-ad2d-08a0e905c2b2" />
    <UnitTestResult executionId="66141e41-873e-45c8-86f1-fc264f5798f5" testId="341214a3-15b2-4578-0968-d9713974f544" testName="HamptonHawksPlantSales.Tests.Services.OrderServiceTests.GetByIdAsync_NonExistentId_ReturnsNull" computerName="MONEYPENNY" duration="00:00:00.0653635" startTime="2026-03-04T12:25:17.7879257-06:00" endTime="2026-03-04T12:25:17.7879259-06:00" testType="13cdc9d9-ddb5-4fa4-a97d-d965ccfc6d4b" outcome="Passed" testListId="8c84fa94-04c1-424b-9868-57a2d4851a1d" relativeResultsDirectory="66141e41-873e-45c8-86f1-fc264f5798f5" />
    <UnitTestResult executionId="ddf2cf56-796e-40ca-a35b-e2c28c5ea5f3" testId="3027da71-14ed-9da9-2eb5-04d7abceee9c" testName="HamptonHawksPlantSales.Tests.Services.WalkUpServiceTests.AddWalkUpLine_ValidRequest_CreatesLineSuccessfully" computerName="MONEYPENNY" duration="00:00:00.0119425" startTime="2026-03-04T12:25:17.8591276-06:00" endTime="2026-03-04T12:25:17.8591276-06:00" testType="13cdc9d9-ddb5-4fa4-a97d-d965ccfc6d4b" outcome="Passed" testListId="8c84fa94-04c1-424b-9868-57a2d4851a1d" relativeResultsDirectory="ddf2cf56-796e-40ca-a35b-e2c28c5ea5f3" />
    <UnitTestResult executionId="34499284-bd01-43dd-ba4c-77670bdc79f8" testId="0bad5635-9ab6-72f4-b5c6-9584a6b0ed55" testName="HamptonHawksPlantSales.Tests.Services.InventoryServiceTests.GetAllAsync_SearchBySku_ReturnsMatchingRecords" computerName="MONEYPENNY" duration="00:00:00.0037021" startTime="2026-03-04T12:25:17.8095447-06:00" endTime="2026-03-04T12:25:17.8095448-06:00" testType="13cdc9d9-ddb5-4fa4-a97d-d965ccfc6d4b" outcome="Passed" testListId="8c84fa94-04c1-424b-9868-57a2d4851a1d" relativeResultsDirectory="34499284-bd01-43dd-ba4c-77670bdc79f8" />
    <UnitTestResult executionId="ef300729-9128-46c7-bab2-bc9e4881423e" testId="9aa9f665-6d68-cdb9-cfec-a7a8a19d1e8b" testName="HamptonHawksPlantSales.Tests.Services.SoftDeleteTests.DB10_MixedPlants_DefaultExcludesDeleted_IncludeDeletedReturnsAll" computerName="MONEYPENNY" duration="00:00:00.0068530" startTime="2026-03-04T12:25:17.8996991-06:00" endTime="2026-03-04T12:25:17.8996992-06:00" testType="13cdc9d9-ddb5-4fa4-a97d-d965ccfc6d4b" outcome="Passed" testListId="8c84fa94-04c1-424b-9868-57a2d4851a1d" relativeResultsDirectory="ef300729-9128-46c7-bab2-bc9e4881423e" />
    <UnitTestResult executionId="97a6106f-87c0-4db1-9e8d-b55b52f81629" testId="03344de1-6e59-b592-b6a5-62b86f10293d" testName="HamptonHawksPlantSales.Tests.Services.SoftDeleteTests.SR07_DeletedRecordsPreserveAllFields" computerName="MONEYPENNY" duration="00:00:00.0054768" startTime="2026-03-04T12:25:17.7138298-06:00" endTime="2026-03-04T12:25:17.7138298-06:00" testType="13cdc9d9-ddb5-4fa4-a97d-d965ccfc6d4b" outcome="Passed" testListId="8c84fa94-04c1-424b-9868-57a2d4851a1d" relativeResultsDirectory="97a6106f-87c0-4db1-9e8d-b55b52f81629" />
    <UnitTestResult executionId="9be621c3-d9a2-4eea-8d7f-a3cfab5f7ad2" testId="4f1dc1be-be6e-58b0-836b-713c71a0a7a6" testName="HamptonHawksPlantSales.Tests.Services.AdminPinActionFilterTests.ForceComplete_WithoutPinHeader_Returns403" computerName="MONEYPENNY" duration="00:00:00.0009344" startTime="2026-03-04T12:25:16.6971958-06:00" endTime="2026-03-04T12:25:16.6971962-06:00" testType="13cdc9d9-ddb5-4fa4-a97d-d965ccfc6d4b" outcome="Passed" testListId="8c84fa94-04c1-424b-9868-57a2d4851a1d" relativeResultsDirectory="9be621c3-d9a2-4eea-8d7f-a3cfab5f7ad2" />
    <UnitTestResult executionId="66061059-de01-4f20-8dc1-5e6aed2334eb" testId="fe922006-40f8-c65c-adf1-92e090df2df0" testName="HamptonHawksPlantSales.Tests.Services.ImportServiceTests.PlantImport_DuplicateBarcode_CreatesIssueAndAccurateCounts" computerName="MONEYPENNY" duration="00:00:00.0650300" startTime="2026-03-04T12:25:17.7884089-06:00" endTime="2026-03-04T12:25:17.7884091-06:00" testType="13cdc9d9-ddb5-4fa4-a97d-d965ccfc6d4b" outcome="Passed" testListId="8c84fa94-04c1-424b-9868-57a2d4851a1d" relativeResultsDirectory="66061059-de01-4f20-8dc1-5e6aed2334eb" />
    <UnitTestResult executionId="a7a86a28-2714-42c8-b015-30d1d2e38ede" testId="35d59677-a689-9ab7-642e-ad6518c1e713" testName="HamptonHawksPlantSales.Tests.Services.PlantInventoryCreationTests.CreatePlant_AutoCreatesInventoryWithZero" computerName="MONEYPENNY" duration="00:00:01.0493749" startTime="2026-03-04T12:25:17.5435079-06:00" endTime="2026-03-04T12:25:17.5435081-06:00" testType="13cdc9d9-ddb5-4fa4-a97d-d965ccfc6d4b" outcome="Passed" testListId="8c84fa94-04c1-424b-9868-57a2d4851a1d" relativeResultsDirectory="a7a86a28-2714-42c8-b015-30d1d2e38ede" />
    <UnitTestResult executionId="cbe2636a-5252-433c-b225-2496334978a4" testId="03111b0f-3fb7-61f1-5052-044ff2499881" testName="HamptonHawksPlantSales.Tests.Services.FulfillmentServiceTests.Scan_SkuNotOnOrder_ReturnsWrongOrder" computerName="MONEYPENNY" duration="00:00:00.0042615" startTime="2026-03-04T12:25:17.8465420-06:00" endTime="2026-03-04T12:25:17.8465422-06:00" testType="13cdc9d9-ddb5-4fa4-a97d-d965ccfc6d4b" outcome="Passed" testListId="8c84fa94-04c1-424b-9868-57a2d4851a1d" relativeResultsDirectory="cbe2636a-5252-433c-b225-2496334978a4" />
    <UnitTestResult executionId="e8656806-c14f-4462-9701-3dd1d5c3ba5f" testId="9ef0801d-9eae-8d80-d089-878b67c186a2" testName="HamptonHawksPlantSales.Tests.Validators.RequestValidatorTests.AdjustInventoryValidator_RequiresPlantAndReasonAndNonZeroDelta" computerName="MONEYPENNY" duration="00:00:00.0060038" startTime="2026-03-04T12:25:16.7248477-06:00" endTime="2026-03-04T12:25:16.7248484-06:00" testType="13cdc9d9-ddb5-4fa4-a97d-d965ccfc6d4b" outcome="Passed" testListId="8c84fa94-04c1-424b-9868-57a2d4851a1d" relativeResultsDirectory="e8656806-c14f-4462-9701-3dd1d5c3ba5f" />
    <UnitTestResult executionId="af9c6c87-4aaa-4aa5-96c2-022a3e7a3019" testId="7ab7921f-6258-70ec-bf2b-4be364bca0e6" testName="HamptonHawksPlantSales.Tests.Services.ResponseEnvelopeTests.ExceptionMiddleware_ReturnsEnvelopeWithDataNull" computerName="MONEYPENNY" duration="00:00:00.0022555" startTime="2026-03-04T12:25:16.7067935-06:00" endTime="2026-03-04T12:25:16.7067938-06:00" testType="13cdc9d9-ddb5-4fa4-a97d-d965ccfc6d4b" outcome="Passed" testListId="8c84fa94-04c1-424b-9868-57a2d4851a1d" relativeResultsDirectory="af9c6c87-4aaa-4aa5-96c2-022a3e7a3019" />
    <UnitTestResult executionId="60b53fb5-3e72-4d20-b97b-02a7f866a50a" testId="a3bd9102-2101-d66f-ed2b-3e99ada52cdd" testName="HamptonHawksPlantSales.Tests.Services.ImportServiceTests.PlantImport_XlsxWithDuplicateHeaders_ThrowsValidationError" computerName="MONEYPENNY" duration="00:00:00.0229665" startTime="2026-03-04T12:25:19.5701464-06:00" endTime="2026-03-04T12:25:19.5701469-06:00" testType="13cdc9d9-ddb5-4fa4-a97d-d965ccfc6d4b" outcome="Passed" testListId="8c84fa94-04c1-424b-9868-57a2d4851a1d" relativeResultsDirectory="60b53fb5-3e72-4d20-b97b-02a7f866a50a" />
    <UnitTestResult executionId="0d200eae-3f4d-4d01-aa58-790aef8b757e" testId="81930e7e-23d6-9fad-2793-83ff12baa523" testName="HamptonHawksPlantSales.Tests.Services.ReportServiceTests.GetDashboardMetrics_IncludesRequiredCounts" computerName="MONEYPENNY" duration="00:00:00.8977522" startTime="2026-03-04T12:25:17.6665970-06:00" endTime="2026-03-04T12:25:17.6665973-06:00" testType="13cdc9d9-ddb5-4fa4-a97d-d965ccfc6d4b" outcome="Passed" testListId="8c84fa94-04c1-424b-9868-57a2d4851a1d" relativeResultsDirectory="0d200eae-3f4d-4d01-aa58-790aef8b757e" />
    <UnitTestResult executionId="471063e5-fbab-4aea-a2da-776736aab4da" testId="84992919-830c-e6d5-1278-ca6068a8f58d" testName="HamptonHawksPlantSales.Tests.Services.CustomerServiceTests.DeleteAsync_ExcludesFromDefaultQueries" computerName="MONEYPENNY" duration="00:00:00.0482949" startTime="2026-03-04T12:25:17.6461442-06:00" endTime="2026-03-04T12:25:17.6461444-06:00" testType="13cdc9d9-ddb5-4fa4-a97d-d965ccfc6d4b" outcome="Passed" testListId="8c84fa94-04c1-424b-9868-57a2d4851a1d" relativeResultsDirectory="471063e5-fbab-4aea-a2da-776736aab4da" />
    <UnitTestResult executionId="4abe2d6e-58b9-4522-8489-6d7f6f1da43a" testId="93bd5eab-277e-7e2e-3717-6e6fffcab8e6" testName="HamptonHawksPlantSales.Tests.Services.OrderLineMutationIntegrationTests.DeleteLine_WithPartialFulfillment_Returns400WithStructuredErrorPayload" computerName="MONEYPENNY" duration="00:00:01.5006314" startTime="2026-03-04T12:25:17.9951392-06:00" endTime="2026-03-04T12:25:17.9951394-06:00" testType="13cdc9d9-ddb5-4fa4-a97d-d965ccfc6d4b" outcome="Passed" testListId="8c84fa94-04c1-424b-9868-57a2d4851a1d" relativeResultsDirectory="4abe2d6e-58b9-4522-8489-6d7f6f1da43a" />
    <UnitTestResult executionId="97542239-8c1c-4d2e-9e87-85ac4af7a7a6" testId="844d9ed9-67df-3dea-abd9-c9a9ab30e055" testName="HamptonHawksPlantSales.Tests.Services.PlantServiceTests.CreateAsync_WithDuplicateSku_ThrowsValidationException" computerName="MONEYPENNY" duration="00:00:00.0027456" startTime="2026-03-04T12:25:17.7924239-06:00" endTime="2026-03-04T12:25:17.7924243-06:00" testType="13cdc9d9-ddb5-4fa4-a97d-d965ccfc6d4b" outcome="Passed" testListId="8c84fa94-04c1-424b-9868-57a2d4851a1d" relativeResultsDirectory="97542239-8c1c-4d2e-9e87-85ac4af7a7a6" />
    <UnitTestResult executionId="452be087-cdb2-4d55-a184-8fd3de9dd4e3" testId="0eb05f64-2468-74df-2bc3-7d75adf129c4" testName="HamptonHawksPlantSales.Tests.Services.SoftDeleteTests.DB09_Customer_SoftDelete_ExcludedFromDefaultQuery" computerName="MONEYPENNY" duration="00:00:00.0063673" startTime="2026-03-04T12:25:17.6630119-06:00" endTime="2026-03-04T12:25:17.6630121-06:00" testType="13cdc9d9-ddb5-4fa4-a97d-d965ccfc6d4b" outcome="Passed" testListId="8c84fa94-04c1-424b-9868-57a2d4851a1d" relativeResultsDirectory="452be087-cdb2-4d55-a184-8fd3de9dd4e3" />
    <UnitTestResult executionId="cfe52a30-4df9-4f2c-affe-0b14c6646c44" testId="11664fcc-31cf-3ba9-d5b0-477fde812a77" testName="HamptonHawksPlantSales.Tests.Services.FulfillmentServiceTests.Scan_BarcodeNotFound_ReturnsNotFound" computerName="MONEYPENNY" duration="00:00:00.0033459" startTime="2026-03-04T12:25:17.8098946-06:00" endTime="2026-03-04T12:25:17.8098948-06:00" testType="13cdc9d9-ddb5-4fa4-a97d-d965ccfc6d4b" outcome="Passed" testListId="8c84fa94-04c1-424b-9868-57a2d4851a1d" relativeResultsDirectory="cfe52a30-4df9-4f2c-affe-0b14c6646c44" />
    <UnitTestResult executionId="687b9b28-5275-4e40-a1f2-bf8b3f607227" testId="31e6f454-f0a9-5542-cad9-7c5cb2b7d39f" testName="HamptonHawksPlantSales.Tests.Services.AdminServiceTests.GetActionsAsync_OrderIdFilter_OnlyReturnsOrderEntityType" computerName="MONEYPENNY" duration="00:00:00.0188251" startTime="2026-03-04T12:25:17.6803137-06:00" endTime="2026-03-04T12:25:17.6803138-06:00" testType="13cdc9d9-ddb5-4fa4-a97d-d965ccfc6d4b" outcome="Passed" testListId="8c84fa94-04c1-424b-9868-57a2d4851a1d" relativeResultsDirectory="687b9b28-5275-4e40-a1f2-bf8b3f607227" />
    <UnitTestResult executionId="941cb01e-3076-471b-8115-be763f8be371" testId="ccae7e7f-1929-932a-c078-00cb4c969fd4" testName="HamptonHawksPlantSales.Tests.Services.SoftDeleteTests.SR06_Order_GetById_ReturnsNull_ForDeletedEntity" computerName="MONEYPENNY" duration="00:00:00.0955914" startTime="2026-03-04T12:25:17.8093865-06:00" endTime="2026-03-04T12:25:17.8093867-06:00" testType="13cdc9d9-ddb5-4fa4-a97d-d965ccfc6d4b" outcome="Passed" testListId="8c84fa94-04c1-424b-9868-57a2d4851a1d" relativeResultsDirectory="941cb01e-3076-471b-8115-be763f8be371" />
    <UnitTestResult executionId="affb6fb0-e0e9-4d9d-9e5f-48683e302df6" testId="730d7b6b-1bd9-f770-60d6-188e0bfcf249" testName="HamptonHawksPlantSales.Tests.Validators.RequestValidatorTests.CreateSellerValidator_RequiresDisplayName" computerName="MONEYPENNY" duration="00:00:00.0019909" startTime="2026-03-04T12:25:16.7095748-06:00" endTime="2026-03-04T12:25:16.7095750-06:00" testType="13cdc9d9-ddb5-4fa4-a97d-d965ccfc6d4b" outcome="Passed" testListId="8c84fa94-04c1-424b-9868-57a2d4851a1d" relativeResultsDirectory="affb6fb0-e0e9-4d9d-9e5f-48683e302df6" />
    <UnitTestResult executionId="ebb125f8-8079-4791-898a-22276f32223e" testId="a0e7e66e-111b-6851-f3dc-f529a8666827" testName="HamptonHawksPlantSales.Tests.Services.ResponseEnvelopeTests.ExceptionMiddleware_ReturnsBadRequest_ForArgumentException" computerName="MONEYPENNY" duration="00:00:00.0092545" startTime="2026-03-04T12:25:16.7024648-06:00" endTime="2026-03-04T12:25:16.7024654-06:00" testType="13cdc9d9-ddb5-4fa4-a97d-d965ccfc6d4b" outcome="Passed" testListId="8c84fa94-04c1-424b-9868-57a2d4851a1d" relativeResultsDirectory="ebb125f8-8079-4791-898a-22276f32223e" />
    <UnitTestResult executionId="17852f3d-1961-4968-953f-9ad4d7dbd477" testId="320f8c07-095a-310f-1ed6-e0972229512e" testName="HamptonHawksPlantSales.Tests.Services.OrderServiceTests.DeleteLineAsync_SoftDeletesLine_NoLongerAppearsInOrder" computerName="MONEYPENNY" duration="00:00:00.0077340" startTime="2026-03-04T12:25:18.1108980-06:00" endTime="2026-03-04T12:25:18.1108983-06:00" testType="13cdc9d9-ddb5-4fa4-a97d-d965ccfc6d4b" outcome="Passed" testListId="8c84fa94-04c1-424b-9868-57a2d4851a1d" relativeResultsDirectory="17852f3d-1961-4968-953f-9ad4d7dbd477" />
    <UnitTestResult executionId="0a8a91a3-8905-46cf-a714-8e0c0fd3f9c2" testId="73d496e0-ea0f-adbc-a3a6-71f83e26b5e5" testName="HamptonHawksPlantSales.Tests.Services.InventoryServiceTests.SequentialOperations_CreateChronologicalAuditTrail" computerName="MONEYPENNY" duration="00:00:00.0239880" startTime="2026-03-04T12:25:17.8057052-06:00" endTime="2026-03-04T12:25:17.8057054-06:00" testType="13cdc9d9-ddb5-4fa4-a97d-d965ccfc6d4b" outcome="Passed" testListId="8c84fa94-04c1-424b-9868-57a2d4851a1d" relativeResultsDirectory="0a8a91a3-8905-46cf-a714-8e0c0fd3f9c2" />
    <UnitTestResult executionId="f0bc9959-2c44-419e-a980-38cea18d2f9f" testId="b74dc3bc-3315-86d4-5296-46983b877cdb" testName="HamptonHawksPlantSales.Tests.Services.WalkUpServiceTests.GetAllAvailability_WalkUpOrdersNotDeducted" computerName="MONEYPENNY" duration="00:00:01.0886034" startTime="2026-03-04T12:25:17.5827819-06:00" endTime="2026-03-04T12:25:17.5827820-06:00" testType="13cdc9d9-ddb5-4fa4-a97d-d965ccfc6d4b" outcome="Passed" testListId="8c84fa94-04c1-424b-9868-57a2d4851a1d" relativeResultsDirectory="f0bc9959-2c44-419e-a980-38cea18d2f9f" />
    <UnitTestResult executionId="e07a9f88-8887-4d43-9419-adf5da81c1f3" testId="efdef3cf-0009-2b67-d6d6-274ba17e3f7e" testName="HamptonHawksPlantSales.Tests.Services.ImportServiceTests.GetBatchesAsync_BatchFieldsMatchSeededData" computerName="MONEYPENNY" duration="00:00:00.0042998" startTime="2026-03-04T12:25:19.5185982-06:00" endTime="2026-03-04T12:25:19.5185984-06:00" testType="13cdc9d9-ddb5-4fa4-a97d-d965ccfc6d4b" outcome="Passed" testListId="8c84fa94-04c1-424b-9868-57a2d4851a1d" relativeResultsDirectory="e07a9f88-8887-4d43-9419-adf5da81c1f3" />
    <UnitTestResult executionId="8444f681-4605-426a-9985-f319a1c3b5c7" testId="e3306d2c-d28e-8d61-5211-53e9add89a80" testName="HamptonHawksPlantSales.Tests.Services.OrderServiceTests.GetAllAsync_Pagination_ReturnsCorrectPageAndTotalCount" computerName="MONEYPENNY" duration="00:00:00.0053219" startTime="2026-03-04T12:25:18.1163467-06:00" endTime="2026-03-04T12:25:18.1163469-06:00" testType="13cdc9d9-ddb5-4fa4-a97d-d965ccfc6d4b" outcome="Passed" testListId="8c84fa94-04c1-424b-9868-57a2d4851a1d" relativeResultsDirectory="8444f681-4605-426a-9985-f319a1c3b5c7" />
    <UnitTestResult executionId="6dcb84bc-7ee6-448a-bade-022d22a3b111" testId="862230b4-566b-6db9-16a2-173cefadfbef" testName="HamptonHawksPlantSales.Tests.Services.FulfillmentConcurrencyHandlingTests.IsRetryableConcurrencyException_ReturnsTrue_ForKnownMessages(message: &quot;deadlock detected&quot;)" computerName="MONEYPENNY" duration="00:00:00.0000110" startTime="2026-03-04T12:25:16.7092506-06:00" endTime="2026-03-04T12:25:16.7092506-06:00" testType="13cdc9d9-ddb5-4fa4-a97d-d965ccfc6d4b" outcome="Passed" testListId="8c84fa94-04c1-424b-9868-57a2d4851a1d" relativeResultsDirectory="6dcb84bc-7ee6-448a-bade-022d22a3b111" />
    <UnitTestResult executionId="d1184f75-81c2-432b-9ec9-7224420350cb" testId="01db0bcf-decc-9cbd-f951-2a17337e26c7" testName="HamptonHawksPlantSales.Tests.Services.PlantInventoryCreationTests.InventorySetAndAdjust_WorkForApiCreatedPlant" computerName="MONEYPENNY" duration="00:00:00.1256997" startTime="2026-03-04T12:25:17.6692764-06:00" endTime="2026-03-04T12:25:17.6692766-06:00" testType="13cdc9d9-ddb5-4fa4-a97d-d965ccfc6d4b" outcome="Passed" testListId="8c84fa94-04c1-424b-9868-57a2d4851a1d" relativeResultsDirectory="d1184f75-81c2-432b-9ec9-7224420350cb" />
    <UnitTestResult executionId="5a6b1e8e-bd10-47e0-863c-758e4aea76bf" testId="eecb65a8-e893-e540-869b-6b18b7c2f284" testName="HamptonHawksPlantSales.Tests.Services.AdminServiceTests.ForceComplete_WithPin_CompletesOrderWithUnfulfilledLines" computerName="MONEYPENNY" duration="00:00:00.0168216" startTime="2026-03-04T12:25:17.6015056-06:00" endTime="2026-03-04T12:25:17.6015061-06:00" testType="13cdc9d9-ddb5-4fa4-a97d-d965ccfc6d4b" outcome="Passed" testListId="8c84fa94-04c1-424b-9868-57a2d4851a1d" relativeResultsDirectory="5a6b1e8e-bd10-47e0-863c-758e4aea76bf" />
    <UnitTestResult executionId="6b228da4-adf9-4ecf-ba9c-7dfa2d1c6b1b" testId="c5ad5c22-c743-4a84-a494-dcd18762c356" testName="HamptonHawksPlantSales.Tests.Services.InventoryServiceTests.AdjustInventoryAsync_PlantNotFound_ThrowsKeyNotFoundException" computerName="MONEYPENNY" duration="00:00:00.0023463" startTime="2026-03-04T12:25:17.7375599-06:00" endTime="2026-03-04T12:25:17.7375601-06:00" testType="13cdc9d9-ddb5-4fa4-a97d-d965ccfc6d4b" outcome="Passed" testListId="8c84fa94-04c1-424b-9868-57a2d4851a1d" relativeResultsDirectory="6b228da4-adf9-4ecf-ba9c-7dfa2d1c6b1b" />
    <UnitTestResult executionId="f9b0fc07-9465-4a8d-ba3d-4d88af528f2c" testId="f41320d6-cd32-846e-b202-a062ab330ed6" testName="HamptonHawksPlantSales.Tests.Services.CustomerServiceTests.GetAll_WithTextSearch_StillMatchesLastName" computerName="MONEYPENNY" duration="00:00:00.0324407" startTime="2026-03-04T12:25:17.6787290-06:00" endTime="2026-03-04T12:25:17.6787292-06:00" testType="13cdc9d9-ddb5-4fa4-a97d-d965ccfc6d4b" outcome="Passed" testListId="8c84fa94-04c1-424b-9868-57a2d4851a1d" relativeResultsDirectory="f9b0fc07-9465-4a8d-ba3d-4d88af528f2c" />
    <UnitTestResult executionId="a4e1c881-46dd-4d05-a6a0-67291ae83424" testId="091184d7-b21d-7bc7-67d5-de6dc53e4be2" testName="HamptonHawksPlantSales.Tests.Services.OrderServiceTests.GetAllAsync_SearchByOrderNumber_ReturnsMatchingOrder" computerName="MONEYPENNY" duration="00:00:00.0021971" startTime="2026-03-04T12:25:18.0756736-06:00" endTime="2026-03-04T12:25:18.0756738-06:00" testType="13cdc9d9-ddb5-4fa4-a97d-d965ccfc6d4b" outcome="Passed" testListId="8c84fa94-04c1-424b-9868-57a2d4851a1d" relativeResultsDirectory="a4e1c881-46dd-4d05-a6a0-67291ae83424" />
    <UnitTestResult executionId="bbc9c1d5-e7ce-496a-b3c2-9d9d97512992" testId="cd1eea07-83be-9e9d-8120-b1b9fcd29f83" testName="HamptonHawksPlantSales.Tests.Core.PaginationDtosTests.PagedResult_TotalPages_WithZeroPageSize_ReturnsZero" computerName="MONEYPENNY" duration="00:00:00.0004406" startTime="2026-03-04T12:25:16.5087964-06:00" endTime="2026-03-04T12:25:16.5087964-06:00" testType="13cdc9d9-ddb5-4fa4-a97d-d965ccfc6d4b" outcome="Passed" testListId="8c84fa94-04c1-424b-9868-57a2d4851a1d" relativeResultsDirectory="bbc9c1d5-e7ce-496a-b3c2-9d9d97512992" />
    <UnitTestResult executionId="c9474320-7659-4a49-aeb8-85301c117f2b" testId="d1ccba44-a1bd-6451-2124-cfe1ff491945" testName="HamptonHawksPlantSales.Tests.Services.FulfillmentServiceTests.UndoLastScan_WhenSaleClosed_DoesNotModifyInventoryOrFulfillment" computerName="MONEYPENNY" duration="00:00:00.0081464" startTime="2026-03-04T12:25:17.8552633-06:00" endTime="2026-03-04T12:25:17.8552633-06:00" testType="13cdc9d9-ddb5-4fa4-a97d-d965ccfc6d4b" outcome="Passed" testListId="8c84fa94-04c1-424b-9868-57a2d4851a1d" relativeResultsDirectory="c9474320-7659-4a49-aeb8-85301c117f2b" />
    <UnitTestResult executionId="77219fd2-5577-4824-b4af-15c5ae9128fe" testId="ee21c464-28d2-f4fe-547a-5fbe9fc0cf56" testName="HamptonHawksPlantSales.Tests.Services.PlantServiceTests.GetByIdAsync_WithNonExistentId_ReturnsNull" computerName="MONEYPENNY" duration="00:00:00.0019118" startTime="2026-03-04T12:25:17.8043134-06:00" endTime="2026-03-04T12:25:17.8043137-06:00" testType="13cdc9d9-ddb5-4fa4-a97d-d965ccfc6d4b" outcome="Passed" testListId="8c84fa94-04c1-424b-9868-57a2d4851a1d" relativeResultsDirectory="77219fd2-5577-4824-b4af-15c5ae9128fe" />
    <UnitTestResult executionId="7ed4f3c4-395d-4179-89fa-6e6fd0d4219c" testId="df71440b-9f93-b673-5aab-58b108d292fc" testName="HamptonHawksPlantSales.Tests.Services.SoftDeleteTests.DB09_Plant_SoftDelete_IncludedWithIncludeDeletedTrue" computerName="MONEYPENNY" duration="00:00:00.0036904" startTime="2026-03-04T12:25:17.8304695-06:00" endTime="2026-03-04T12:25:17.8304698-06:00" testType="13cdc9d9-ddb5-4fa4-a97d-d965ccfc6d4b" outcome="Passed" testListId="8c84fa94-04c1-424b-9868-57a2d4851a1d" relativeResultsDirectory="7ed4f3c4-395d-4179-89fa-6e6fd0d4219c" />
    <UnitTestResult executionId="f5800093-3dc3-4170-a3f0-f2dff0afb9b0" testId="dede4b7c-9773-f1b1-a02e-32fa6a093767" testName="HamptonHawksPlantSales.Tests.Services.ImportServiceTests.ImportPlants_AllRowsInvalid_NoPartialDataPersisted" computerName="MONEYPENNY" duration="00:00:00.0090528" startTime="2026-03-04T12:25:19.5793745-06:00" endTime="2026-03-04T12:25:19.5793747-06:00" testType="13cdc9d9-ddb5-4fa4-a97d-d965ccfc6d4b" outcome="Passed" testListId="8c84fa94-04c1-424b-9868-57a2d4851a1d" relativeResultsDirectory="f5800093-3dc3-4170-a3f0-f2dff0afb9b0" />
    <UnitTestResult executionId="7b638840-a512-478a-bf97-b3625542b74c" testId="b829df8c-b081-4965-579b-5187b159938b" testName="HamptonHawksPlantSales.Tests.Services.ResponseEnvelopeTests.VersionEndpoint_ReturnsStandardEnvelope" computerName="MONEYPENNY" duration="00:00:00.0018443" startTime="2026-03-04T12:25:16.7044150-06:00" endTime="2026-03-04T12:25:16.7044153-06:00" testType="13cdc9d9-ddb5-4fa4-a97d-d965ccfc6d4b" outcome="Passed" testListId="8c84fa94-04c1-424b-9868-57a2d4851a1d" relativeResultsDirectory="7b638840-a512-478a-bf97-b3625542b74c" />
    <UnitTestResult executionId="108d000c-6d46-4dcb-9e8d-3602aa8ab5c5" testId="71863316-5fc4-9b59-ca6b-fb5f95de7f37" testName="HamptonHawksPlantSales.Tests.Services.FulfillmentServiceTests.Scan_SaleClosedBlocked_CreatesFulfillmentEvent" computerName="MONEYPENNY" duration="00:00:00.0089891" startTime="2026-03-04T12:25:17.9444061-06:00" endTime="2026-03-04T12:25:17.9444063-06:00" testType="13cdc9d9-ddb5-4fa4-a97d-d965ccfc6d4b" outcome="Passed" testListId="8c84fa94-04c1-424b-9868-57a2d4851a1d" relativeResultsDirectory="108d000c-6d46-4dcb-9e8d-3602aa8ab5c5" />
    <UnitTestResult executionId="bee0b639-240c-4887-a349-1cf1e0cba622" testId="1a1cc434-516c-4ebb-234d-e7ed0b96333a" testName="HamptonHawksPlantSales.Tests.Core.PaginationDtosTests.PaginationParams_PageSizeBelowOne_DefaultsTo25" computerName="MONEYPENNY" duration="00:00:00.0001375" startTime="2026-03-04T12:25:16.5083834-06:00" endTime="2026-03-04T12:25:16.5083835-06:00" testType="13cdc9d9-ddb5-4fa4-a97d-d965ccfc6d4b" outcome="Passed" testListId="8c84fa94-04c1-424b-9868-57a2d4851a1d" relativeResultsDirectory="bee0b639-240c-4887-a349-1cf1e0cba622" />
    <UnitTestResult executionId="40b4280a-244a-4a99-9d07-87534ed8d901" testId="bc5731d7-ab29-03b3-e709-2552741cdb23" testName="HamptonHawksPlantSales.Tests.Services.FulfillmentServiceTests.GetEvents_ReturnsFulfillmentEventsForOrder" computerName="MONEYPENNY" duration="00:00:00.0387141" startTime="2026-03-04T12:25:17.8969454-06:00" endTime="2026-03-04T12:25:17.8969455-06:00" testType="13cdc9d9-ddb5-4fa4-a97d-d965ccfc6d4b" outcome="Passed" testListId="8c84fa94-04c1-424b-9868-57a2d4851a1d" relativeResultsDirectory="40b4280a-244a-4a99-9d07-87534ed8d901" />
    <UnitTestResult executionId="acbe2454-0a6d-40fc-882a-7ca0b03e0096" testId="4b2a98b6-38eb-d9ed-019e-53b269f153aa" testName="HamptonHawksPlantSales.Tests.Services.SoftDeleteTests.SR07_DeletedSellerPreservesAllFields" computerName="MONEYPENNY" duration="00:00:00.0029516" startTime="2026-03-04T12:25:17.9167861-06:00" endTime="2026-03-04T12:25:17.9167863-06:00" testType="13cdc9d9-ddb5-4fa4-a97d-d965ccfc6d4b" outcome="Passed" testListId="8c84fa94-04c1-424b-9868-57a2d4851a1d" relativeResultsDirectory="acbe2454-0a6d-40fc-882a-7ca0b03e0096" />
    <UnitTestResult executionId="17e4bb6d-a2c4-416c-a198-d2924f9c3b54" testId="f79205ee-5549-00ef-9409-bf1677133ea2" testName="HamptonHawksPlantSales.Tests.Validators.RequestValidatorTests.CreatePlantValidator_AcceptsNullOrNonNegativePrice(price: null)" computerName="MONEYPENNY" duration="00:00:00.0138188" startTime="2026-03-04T12:25:16.7543518-06:00" endTime="2026-03-04T12:25:16.7543525-06:00" testType="13cdc9d9-ddb5-4fa4-a97d-d965ccfc6d4b" outcome="Passed" testListId="8c84fa94-04c1-424b-9868-57a2d4851a1d" relativeResultsDirectory="17e4bb6d-a2c4-416c-a198-d2924f9c3b54" />
    <UnitTestResult executionId="2b400ced-c6bf-44e8-80f5-77d34904d337" testId="ca0a2821-af3b-22f8-9511-a429cca6d3ea" testName="HamptonHawksPlantSales.Tests.Services.ImportServiceTests.GetBatchIssuesAsync_ReturnsIssuesForBatch" computerName="MONEYPENNY" duration="00:00:00.0092000" startTime="2026-03-04T12:25:19.6225601-06:00" endTime="2026-03-04T12:25:19.6225605-06:00" testType="13cdc9d9-ddb5-4fa4-a97d-d965ccfc6d4b" outcome="Passed" testListId="8c84fa94-04c1-424b-9868-57a2d4851a1d" relativeResultsDirectory="2b400ced-c6bf-44e8-80f5-77d34904d337" />
    <UnitTestResult executionId="089b5388-a4e6-4e8b-bc81-4c99f5e3d090" testId="881d3c67-a36a-fb34-664d-1a09eaa71f48" testName="HamptonHawksPlantSales.Tests.Services.OrderServiceTests.GetByIdAsync_SoftDeletedOrder_ReturnsNull" computerName="MONEYPENNY" duration="00:00:00.0024216" startTime="2026-03-04T12:25:17.9482845-06:00" endTime="2026-03-04T12:25:17.9482848-06:00" testType="13cdc9d9-ddb5-4fa4-a97d-d965ccfc6d4b" outcome="Passed" testListId="8c84fa94-04c1-424b-9868-57a2d4851a1d" relativeResultsDirectory="089b5388-a4e6-4e8b-bc81-4c99f5e3d090" />
    <UnitTestResult executionId="bd5f8e8b-1ae4-4d9f-a334-a06caab98a1f" testId="bc5b0b23-372a-5711-0e8a-bda87833f5f1" testName="HamptonHawksPlantSales.Tests.Services.WalkUpServiceTests.UpdateWalkUpLine_ChangePlantOnPartiallyFulfilled_ThrowsValidation" computerName="MONEYPENNY" duration="00:00:00.0343793" startTime="2026-03-04T12:25:17.8176405-06:00" endTime="2026-03-04T12:25:17.8176408-06:00" testType="13cdc9d9-ddb5-4fa4-a97d-d965ccfc6d4b" outcome="Passed" testListId="8c84fa94-04c1-424b-9868-57a2d4851a1d" relativeResultsDirectory="bd5f8e8b-1ae4-4d9f-a334-a06caab98a1f" />
    <UnitTestResult executionId="c210721b-8878-43b8-be3d-543c05cbb0e8" testId="fd5341cb-601f-5168-fb37-2f8c48ae670a" testName="HamptonHawksPlantSales.Tests.Validators.RequestValidatorTests.CreatePlantValidator_AcceptsNullOrNonNegativePrice(price: 0)" computerName="MONEYPENNY" duration="00:00:00.0001349" startTime="2026-03-04T12:25:16.7477897-06:00" endTime="2026-03-04T12:25:16.7477900-06:00" testType="13cdc9d9-ddb5-4fa4-a97d-d965ccfc6d4b" outcome="Failed" testListId="8c84fa94-04c1-424b-9868-57a2d4851a1d" relativeResultsDirectory="c210721b-8878-43b8-be3d-543c05cbb0e8">
      <Output>
        <ErrorInfo>
          <Message>System.ArgumentException : Object of type 'System.Int32' cannot be converted to type 'System.Nullable`1[System.Decimal]'.</Message>
          <StackTrace>   at System.RuntimeType.CheckValue(Object&amp; value, Binder binder, CultureInfo culture, BindingFlags invokeAttr)&#xD;
   at System.Reflection.MethodBaseInvoker.InvokeWithOneArg(Object obj, BindingFlags invokeAttr, Binder binder, Object[] parameters, CultureInfo culture)&#xD;
   at System.Reflection.RuntimeMethodInfo.Invoke(Object obj, BindingFlags invokeAttr, Binder binder, Object[] parameters, CultureInfo culture)&#xD;
   at System.Reflection.MethodBase.Invoke(Object obj, Object[] parameters)&#xD;
--- End of stack trace from previous location ---</StackTrace>
        </ErrorInfo>
      </Output>
    </UnitTestResult>
    <UnitTestResult executionId="bdc6b62d-4afb-4437-a349-71f80ef52c85" testId="d8decc64-de9e-272a-c2e0-bf994aca2ed6" testName="HamptonHawksPlantSales.Tests.Services.FulfillmentServiceTests.UndoLastScan_RestoresInventoryAndFulfillment" computerName="MONEYPENNY" duration="00:00:00.0481787" startTime="2026-03-04T12:25:17.9970815-06:00" endTime="2026-03-04T12:25:17.9970819-06:00" testType="13cdc9d9-ddb5-4fa4-a97d-d965ccfc6d4b" outcome="Passed" testListId="8c84fa94-04c1-424b-9868-57a2d4851a1d" relativeResultsDirectory="bdc6b62d-4afb-4437-a349-71f80ef52c85" />
    <UnitTestResult executionId="926353fe-eea3-4a10-b8b0-e779833f940a" testId="458d2dab-ec34-da0d-931e-eb5fc9bf90f6" testName="HamptonHawksPlantSales.Tests.Services.OrderServiceTests.GetAllAsync_FilterByStatus_ReturnsOnlyMatchingOrders" computerName="MONEYPENNY" duration="00:00:00.0405209" startTime="2026-03-04T12:25:17.9457674-06:00" endTime="2026-03-04T12:25:17.9457675-06:00" testType="13cdc9d9-ddb5-4fa4-a97d-d965ccfc6d4b" outcome="Passed" testListId="8c84fa94-04c1-424b-9868-57a2d4851a1d" relativeResultsDirectory="926353fe-eea3-4a10-b8b0-e779833f940a" />
    <UnitTestResult executionId="a6a56890-3635-45fa-b0e6-d28d33967731" testId="37948803-9bd2-c4de-0bff-f87f515be8bb" testName="HamptonHawksPlantSales.Tests.Services.SoftDeleteTests.SR06_Customer_GetById_ReturnsNull_ForDeletedEntity" computerName="MONEYPENNY" duration="00:00:00.0018698" startTime="2026-03-04T12:25:17.9037089-06:00" endTime="2026-03-04T12:25:17.9037091-06:00" testType="13cdc9d9-ddb5-4fa4-a97d-d965ccfc6d4b" outcome="Passed" testListId="8c84fa94-04c1-424b-9868-57a2d4851a1d" relativeResultsDirectory="a6a56890-3635-45fa-b0e6-d28d33967731" />
    <UnitTestResult executionId="ab33aac9-5fac-4b72-9a11-f99c134c4c2d" testId="02b5fb15-e7df-91fd-e024-463695429b32" testName="HamptonHawksPlantSales.Tests.Services.InventoryServiceTests.GetAllAsync_IncludesPlantCatalogFields" computerName="MONEYPENNY" duration="00:00:00.0036777" startTime="2026-03-04T12:25:17.8160226-06:00" endTime="2026-03-04T12:25:17.8160226-06:00" testType="13cdc9d9-ddb5-4fa4-a97d-d965ccfc6d4b" outcome="Passed" testListId="8c84fa94-04c1-424b-9868-57a2d4851a1d" relativeResultsDirectory="ab33aac9-5fac-4b72-9a11-f99c134c4c2d" />
    <UnitTestResult executionId="4aa2e229-c661-436a-9764-62430b3257d0" testId="d040a027-a7a3-59b3-cc6e-add70963a291" testName="HamptonHawksPlantSales.Tests.Services.WalkUpServiceTests.CreateWalkUpOrder_WithExistingCustomerId_ReusesCustomer" computerName="MONEYPENNY" duration="00:00:00.1619842" startTime="2026-03-04T12:25:17.7525688-06:00" endTime="2026-03-04T12:25:17.7525691-06:00" testType="13cdc9d9-ddb5-4fa4-a97d-d965ccfc6d4b" outcome="Passed" testListId="8c84fa94-04c1-424b-9868-57a2d4851a1d" relativeResultsDirectory="4aa2e229-c661-436a-9764-62430b3257d0" />
    <UnitTestResult executionId="2a14afc0-24d1-4397-9dfd-8189c3e96cf3" testId="e316e5c3-2fd6-4640-1c29-b3dc66f6c7e4" testName="HamptonHawksPlantSales.Tests.Services.ImportServiceTests.InventoryImport_UnknownSku_CreatesIssueAndContinues" computerName="MONEYPENNY" duration="00:00:00.0195562" startTime="2026-03-04T12:25:19.5990902-06:00" endTime="2026-03-04T12:25:19.5990906-06:00" testType="13cdc9d9-ddb5-4fa4-a97d-d965ccfc6d4b" outcome="Passed" testListId="8c84fa94-04c1-424b-9868-57a2d4851a1d" relativeResultsDirectory="2a14afc0-24d1-4397-9dfd-8189c3e96cf3" />
    <UnitTestResult executionId="cc1b3bdc-8366-4023-98db-55b4e27a3940" testId="72ddebbe-611c-d32a-18cc-2d3b49f6bf1d" testName="HamptonHawksPlantSales.Tests.Services.AdminPinActionFilterTests.ForceComplete_WithPinAndReason_AllowsRequest" computerName="MONEYPENNY" duration="00:00:00.1923221" startTime="2026-03-04T12:25:16.6863473-06:00" endTime="2026-03-04T12:25:16.6863475-06:00" testType="13cdc9d9-ddb5-4fa4-a97d-d965ccfc6d4b" outcome="Passed" testListId="8c84fa94-04c1-424b-9868-57a2d4851a1d" relativeResultsDirectory="cc1b3bdc-8366-4023-98db-55b4e27a3940" />
    <UnitTestResult executionId="7c0672b9-9645-4301-9069-916c093738d5" testId="327f4d81-4a38-cca9-fa2c-2d69f32cab27" testName="HamptonHawksPlantSales.Tests.Services.WalkUpServiceTests.UpdateWalkUpLine_ReduceQuantity_Succeeds" computerName="MONEYPENNY" duration="00:00:00.0042981" startTime="2026-03-04T12:25:17.8470730-06:00" endTime="2026-03-04T12:25:17.8470731-06:00" testType="13cdc9d9-ddb5-4fa4-a97d-d965ccfc6d4b" outcome="Passed" testListId="8c84fa94-04c1-424b-9868-57a2d4851a1d" relativeResultsDirectory="7c0672b9-9645-4301-9069-916c093738d5" />
    <UnitTestResult executionId="71b316a8-c759-4d7d-b027-c455ded532f7" testId="57bab1e6-a606-e5b2-2d66-7ce9dbd8dbf8" testName="HamptonHawksPlantSales.Tests.Services.PlantServiceTests.GetAllAsync_WithLetterWildcard_FiltersByNameInitial" computerName="MONEYPENNY" duration="00:00:00.0314308" startTime="2026-03-04T12:25:17.7494326-06:00" endTime="2026-03-04T12:25:17.7494327-06:00" testType="13cdc9d9-ddb5-4fa4-a97d-d965ccfc6d4b" outcome="Passed" testListId="8c84fa94-04c1-424b-9868-57a2d4851a1d" relativeResultsDirectory="71b316a8-c759-4d7d-b027-c455ded532f7" />
    <UnitTestResult executionId="c73f9370-4877-4b48-97e7-3658c6cd39da" testId="c28c4234-645b-0808-4cad-e33248e8c05d" testName="HamptonHawksPlantSales.Tests.Services.InventoryServiceTests.SetInventoryAsync_CreatesAuditTrailEntry" computerName="MONEYPENNY" duration="00:00:00.0145088" startTime="2026-03-04T12:25:17.6713266-06:00" endTime="2026-03-04T12:25:17.6713268-06:00" testType="13cdc9d9-ddb5-4fa4-a97d-d965ccfc6d4b" outcome="Passed" testListId="8c84fa94-04c1-424b-9868-57a2d4851a1d" relativeResultsDirectory="c73f9370-4877-4b48-97e7-3658c6cd39da" />
    <UnitTestResult executionId="cd25aa97-3c6d-4cc1-b884-6e7f9d97b66e" testId="bd6d8504-2e7e-4615-d0ce-835ac7b513d8" testName="HamptonHawksPlantSales.Tests.Services.WalkUpServiceTests.CreateWalkUpOrder_WithoutDisplayNameOrCustomerId_ThrowsValidation" computerName="MONEYPENNY" duration="00:00:00.0030881" startTime="2026-03-04T12:25:17.8208150-06:00" endTime="2026-03-04T12:25:17.8208151-06:00" testType="13cdc9d9-ddb5-4fa4-a97d-d965ccfc6d4b" outcome="Passed" testListId="8c84fa94-04c1-424b-9868-57a2d4851a1d" relativeResultsDirectory="cd25aa97-3c6d-4cc1-b884-6e7f9d97b66e" />
    <UnitTestResult executionId="8e4634b8-99e8-4af7-8571-839b03a072f3" testId="3df375ef-e4f8-21b0-4e3a-ee17f5b245aa" testName="HamptonHawksPlantSales.Tests.Services.ImportServiceTests.PlantImport_XlsxWithZeroWorksheets_ThrowsValidationError" computerName="MONEYPENNY" duration="00:00:00.3054870" startTime="2026-03-04T12:25:18.2549997-06:00" endTime="2026-03-04T12:25:18.2550003-06:00" testType="13cdc9d9-ddb5-4fa4-a97d-d965ccfc6d4b" outcome="Passed" testListId="8c84fa94-04c1-424b-9868-57a2d4851a1d" relativeResultsDirectory="8e4634b8-99e8-4af7-8571-839b03a072f3" />
    <UnitTestResult executionId="287bcd20-9732-48a1-8d60-1bf5d1557733" testId="ce115ee7-b66d-5092-e941-62717d4f81fe" testName="HamptonHawksPlantSales.Tests.Services.CorsConfigurationTests.CorsPolicy_AllowsKnownOrigin_AndBlocksUnknownOrigin" computerName="MONEYPENNY" duration="00:00:00.1945892" startTime="2026-03-04T12:25:16.6886626-06:00" endTime="2026-03-04T12:25:16.6886628-06:00" testType="13cdc9d9-ddb5-4fa4-a97d-d965ccfc6d4b" outcome="Passed" testListId="8c84fa94-04c1-424b-9868-57a2d4851a1d" relativeResultsDirectory="287bcd20-9732-48a1-8d60-1bf5d1557733" />
    <UnitTestResult executionId="5029a84f-1a2c-4b2d-a9e5-d410fcc5d2d5" testId="8201c7bb-b892-a8be-c74c-fa9033b881d7" testName="HamptonHawksPlantSales.Tests.Services.PlantServiceTests.GetAllAsync_WithSearchTerm_PaginationMetadataIsCorrect" computerName="MONEYPENNY" duration="00:00:00.0034847" startTime="2026-03-04T12:25:17.7605768-06:00" endTime="2026-03-04T12:25:17.7605770-06:00" testType="13cdc9d9-ddb5-4fa4-a97d-d965ccfc6d4b" outcome="Passed" testListId="8c84fa94-04c1-424b-9868-57a2d4851a1d" relativeResultsDirectory="5029a84f-1a2c-4b2d-a9e5-d410fcc5d2d5" />
    <UnitTestResult executionId="3fc552e2-ee89-4f47-a49d-694e7c7432e4" testId="8afd7176-8f89-4618-7b40-3cd2867ead5b" testName="HamptonHawksPlantSales.Tests.Services.CustomerServiceTests.GetAll_WithLetterWildcard_FiltersByDisplayNameInitial" computerName="MONEYPENNY" duration="00:00:00.0221796" startTime="2026-03-04T12:25:17.7266310-06:00" endTime="2026-03-04T12:25:17.7266313-06:00" testType="13cdc9d9-ddb5-4fa4-a97d-d965ccfc6d4b" outcome="Passed" testListId="8c84fa94-04c1-424b-9868-57a2d4851a1d" relativeResultsDirectory="3fc552e2-ee89-4f47-a49d-694e7c7432e4" />
    <UnitTestResult executionId="b7d0c694-2428-48ba-abc7-77217740ec31" testId="e03a983e-6334-a451-5781-8ee63a936aad" testName="HamptonHawksPlantSales.Tests.Services.CustomerServiceTests.DeleteAsync_SetsDeletedAtTimestamp" computerName="MONEYPENNY" duration="00:00:00.0108551" startTime="2026-03-04T12:25:17.7577322-06:00" endTime="2026-03-04T12:25:17.7577326-06:00" testType="13cdc9d9-ddb5-4fa4-a97d-d965ccfc6d4b" outcome="Passed" testListId="8c84fa94-04c1-424b-9868-57a2d4851a1d" relativeResultsDirectory="b7d0c694-2428-48ba-abc7-77217740ec31" />
    <UnitTestResult executionId="3b11561e-d47c-4ccf-8fdd-7a5af943f687" testId="382e4dd7-aa59-d3ce-d017-aa3e652906ad" testName="HamptonHawksPlantSales.Tests.Services.AdminPinActionFilterTests.MutatingRequest_WithoutReasonHeader_Returns403" computerName="MONEYPENNY" duration="00:00:00.0047525" startTime="2026-03-04T12:25:16.6953335-06:00" endTime="2026-03-04T12:25:16.6953337-06:00" testType="13cdc9d9-ddb5-4fa4-a97d-d965ccfc6d4b" outcome="Passed" testListId="8c84fa94-04c1-424b-9868-57a2d4851a1d" relativeResultsDirectory="3b11561e-d47c-4ccf-8fdd-7a5af943f687" />
    <UnitTestResult executionId="a688f569-4346-4dfd-a806-2b745f708936" testId="aa4cf580-b5fa-2a0d-9ed3-7af2011fc643" testName="HamptonHawksPlantSales.Tests.Services.OrderServiceTests.DeleteAsync_SoftDeletedOrder_GetByIdReturnsNull" computerName="MONEYPENNY" duration="00:00:00.0093902" startTime="2026-03-04T12:25:17.8185375-06:00" endTime="2026-03-04T12:25:17.8185376-06:00" testType="13cdc9d9-ddb5-4fa4-a97d-d965ccfc6d4b" outcome="Passed" testListId="8c84fa94-04c1-424b-9868-57a2d4851a1d" relativeResultsDirectory="a688f569-4346-4dfd-a806-2b745f708936" />
    <UnitTestResult executionId="a00b47d4-1e9c-413f-8858-560ff7786ac6" testId="3ce71325-987e-27a2-526f-e1fd1d35bb54" testName="HamptonHawksPlantSales.Tests.Services.OrderServiceTests.DeleteAsync_NonExistentOrder_ReturnsFalse" computerName="MONEYPENNY" duration="00:00:00.0098886" startTime="2026-03-04T12:25:17.8087544-06:00" endTime="2026-03-04T12:25:17.8087546-06:00" testType="13cdc9d9-ddb5-4fa4-a97d-d965ccfc6d4b" outcome="Passed" testListId="8c84fa94-04c1-424b-9868-57a2d4851a1d" relativeResultsDirectory="a00b47d4-1e9c-413f-8858-560ff7786ac6" />
    <UnitTestResult executionId="6b7b564f-3a91-4c3c-93c6-8d3472a878bd" testId="60f8dc5f-05d5-c8dc-fd25-4e75d28ea351" testName="HamptonHawksPlantSales.Tests.Services.OrderServiceTests.DeleteAsync_SoftDeletesOrder_ExcludedFromDefaultListing" computerName="MONEYPENNY" duration="00:00:00.0257069" startTime="2026-03-04T12:25:18.1478858-06:00" endTime="2026-03-04T12:25:18.1478861-06:00" testType="13cdc9d9-ddb5-4fa4-a97d-d965ccfc6d4b" outcome="Passed" testListId="8c84fa94-04c1-424b-9868-57a2d4851a1d" relativeResultsDirectory="6b7b564f-3a91-4c3c-93c6-8d3472a878bd" />
    <UnitTestResult executionId="525de2d7-8298-454d-b59f-f0bf1262d36c" testId="794cb9a9-de11-7d5c-fa47-219e0b125e9d" testName="HamptonHawksPlantSales.Tests.Services.OrderServiceTests.AddLineAsync_AddsLineToExistingOrder" computerName="MONEYPENNY" duration="00:00:00.0361763" startTime="2026-03-04T12:25:17.8545221-06:00" endTime="2026-03-04T12:25:17.8545224-06:00" testType="13cdc9d9-ddb5-4fa4-a97d-d965ccfc6d4b" outcome="Passed" testListId="8c84fa94-04c1-424b-9868-57a2d4851a1d" relativeResultsDirectory="525de2d7-8298-454d-b59f-f0bf1262d36c" />
    <UnitTestResult executionId="d21810cc-f0d1-46a2-902a-69ef4a5fa4e6" testId="b4214a41-c948-fbbc-c9de-1f1c8b9b0ddf" testName="HamptonHawksPlantSales.Tests.Services.WalkUpServiceTests.AddWalkUpLine_NonWalkUpOrder_ThrowsKeyNotFound" computerName="MONEYPENNY" duration="00:00:00.0264055" startTime="2026-03-04T12:25:17.7831811-06:00" endTime="2026-03-04T12:25:17.7831813-06:00" testType="13cdc9d9-ddb5-4fa4-a97d-d965ccfc6d4b" outcome="Passed" testListId="8c84fa94-04c1-424b-9868-57a2d4851a1d" relativeResultsDirectory="d21810cc-f0d1-46a2-902a-69ef4a5fa4e6" />
[...]
    <TestEntry testId="d3d68d28-1ca7-049b-fdb7-f25a399302d5" executionId="63b1e355-4cd5-4bc0-809a-3e4cf4fc64b1" testListId="8c84fa94-04c1-424b-9868-57a2d4851a1d" />
    <TestEntry testId="b60f4592-d569-442e-088e-b0cdb0635231" executionId="c2ddfa92-c6e5-47df-a2bc-29566fb928d2" testListId="8c84fa94-04c1-424b-9868-57a2d4851a1d" />
    <TestEntry testId="5f743aec-87f2-51c8-4221-192ddda2d008" executionId="adac6947-7bd6-4238-9d6d-87454be74c41" testListId="8c84fa94-04c1-424b-9868-57a2d4851a1d" />
    <TestEntry testId="e0a22925-4379-3489-af8e-88cdbf5146ce" executionId="847c508a-10b1-486a-8aaa-e38a1b1a2a02" testListId="8c84fa94-04c1-424b-9868-57a2d4851a1d" />
    <TestEntry testId="48d46847-07d9-c8d3-63ad-a9c945c93e29" executionId="4c6a9bb2-1642-4086-b2a5-c45c2aabc28a" testListId="8c84fa94-04c1-424b-9868-57a2d4851a1d" />
    <TestEntry testId="9af790d3-e069-54bd-3acc-e7e3819afdc8" executionId="92b21fd2-8912-4f08-bac2-e4b913c30864" testListId="8c84fa94-04c1-424b-9868-57a2d4851a1d" />
    <TestEntry testId="34738d79-abcd-fb46-c363-4cdf3eddfb01" executionId="be516c6d-e2cc-47fb-8253-a782b0d22ca1" testListId="8c84fa94-04c1-424b-9868-57a2d4851a1d" />
    <TestEntry testId="fd45b607-e4d4-d30c-6c01-17a11309b295" executionId="b89359d4-2eb7-4296-855a-3a6feffb9f11" testListId="8c84fa94-04c1-424b-9868-57a2d4851a1d" />
    <TestEntry testId="ac0ea04f-8a22-9c38-cf4d-3bc2c46b79a1" executionId="bf4325a5-fcc5-4a09-85ca-c52de851c415" testListId="8c84fa94-04c1-424b-9868-57a2d4851a1d" />
    <TestEntry testId="046051c5-146a-dab0-ccbc-78448a06ffe2" executionId="733bd380-c6ce-4441-a1a5-38fcf35cebf4" testListId="8c84fa94-04c1-424b-9868-57a2d4851a1d" />
    <TestEntry testId="37fae11c-a3f2-56f0-a2dd-54095ecfceec" executionId="a3ee459d-0146-4637-a273-7fe3f336db73" testListId="8c84fa94-04c1-424b-9868-57a2d4851a1d" />
    <TestEntry testId="1bf4f030-0e7a-4a4a-8fb0-2f083b546820" executionId="14c3ebe3-5e9b-4c3e-b86e-768d273b9d36" testListId="8c84fa94-04c1-424b-9868-57a2d4851a1d" />
    <TestEntry testId="21eb8cf8-7b29-c4b0-c79c-f1d7cef95067" executionId="bb4e4702-7bee-4284-97f0-e4d5a626fda3" testListId="8c84fa94-04c1-424b-9868-57a2d4851a1d" />
    <TestEntry testId="08dd5a9e-3a10-54be-49fe-411793acc2cd" executionId="69ca9dcf-a563-4310-ab30-5f55f4889701" testListId="8c84fa94-04c1-424b-9868-57a2d4851a1d" />
    <TestEntry testId="245cb671-5dcb-9fa6-fbe3-2080aaaca06b" executionId="091d586b-7ecc-4291-b7f6-e03332e7dbe4" testListId="8c84fa94-04c1-424b-9868-57a2d4851a1d" />
    <TestEntry testId="e93780f6-8e40-15a8-598e-c360281f65f5" executionId="f3c8dea9-c4b9-4845-bcc3-3e056fbb2c2c" testListId="8c84fa94-04c1-424b-9868-57a2d4851a1d" />
    <TestEntry testId="f7b51009-6677-6b55-d392-a6ee4f9fa6cf" executionId="038b90e2-f1d4-4906-9e8f-aa9b675c6d56" testListId="8c84fa94-04c1-424b-9868-57a2d4851a1d" />
    <TestEntry testId="16c54548-36dd-430c-4329-77364aa76802" executionId="de8ad0b0-52e2-447f-a268-00e69345b2a2" testListId="8c84fa94-04c1-424b-9868-57a2d4851a1d" />
    <TestEntry testId="f21a2520-7197-5b35-7416-7ccfd1b71b3d" executionId="f2fe3416-def5-4bea-beb2-400359f94b39" testListId="8c84fa94-04c1-424b-9868-57a2d4851a1d" />
    <TestEntry testId="b23db141-bdba-1411-fa96-e3863a0deda7" executionId="a4e56a10-c037-44ef-b2a1-85ddaae60c7c" testListId="8c84fa94-04c1-424b-9868-57a2d4851a1d" />
    <TestEntry testId="21674569-e681-be65-3661-c16f414c2551" executionId="c1b12d06-90cc-4d60-bcb9-2a8aff67b324" testListId="8c84fa94-04c1-424b-9868-57a2d4851a1d" />
    <TestEntry testId="6c8e6d8c-49e7-24cc-c2d3-31630b2640ea" executionId="8ee5e969-1c2a-494b-a0e6-1b46aab72795" testListId="8c84fa94-04c1-424b-9868-57a2d4851a1d" />
    <TestEntry testId="cb1f4f20-d840-f676-5248-66b511234ac6" executionId="063fbdfb-8b1e-4a97-9140-32b847ea73f8" testListId="8c84fa94-04c1-424b-9868-57a2d4851a1d" />
    <TestEntry testId="28824176-b1bc-d072-d39d-95d10f2eec05" executionId="28313eed-4544-48a5-8f65-f71d90a66ba3" testListId="8c84fa94-04c1-424b-9868-57a2d4851a1d" />
    <TestEntry testId="90791665-c79a-b1a9-22cd-caa4277c33ee" executionId="6be21aa5-6a7b-4056-870d-222f4ce93a63" testListId="8c84fa94-04c1-424b-9868-57a2d4851a1d" />
    <TestEntry testId="17896be7-5c45-08c4-b228-3d5874b921a6" executionId="9fdc3944-8a77-42d3-b391-50d7144adc75" testListId="8c84fa94-04c1-424b-9868-57a2d4851a1d" />
    <TestEntry testId="af18c054-9406-5617-be41-5568d14bf20a" executionId="3579b149-4b71-43a1-a4d2-d04c0b7f7b76" testListId="8c84fa94-04c1-424b-9868-57a2d4851a1d" />
    <TestEntry testId="b69c11b7-dcf3-3445-f7ec-0656b57d2f4f" executionId="ddeebc4e-346f-4b26-8bc7-6fa51dc22203" testListId="8c84fa94-04c1-424b-9868-57a2d4851a1d" />
    <TestEntry testId="7cdbe814-7411-5586-d710-85bd489432ef" executionId="f6cf4ce6-5b1d-438b-892c-be2db8f5048f" testListId="8c84fa94-04c1-424b-9868-57a2d4851a1d" />
    <TestEntry testId="422cf430-9ba6-190e-b62a-667a7da0cedc" executionId="26ddb38f-9898-4e60-89bb-8dad80817e85" testListId="8c84fa94-04c1-424b-9868-57a2d4851a1d" />
    <TestEntry testId="858a9a5b-21a2-ca8c-e475-665e2832e365" executionId="ce81c3ef-9c2b-4cab-8c15-dd62a838a79e" testListId="8c84fa94-04c1-424b-9868-57a2d4851a1d" />
    <TestEntry testId="57060b59-074b-54db-a75a-a885fa37ef98" executionId="8a5aab1b-f876-447a-aa60-8b03304ac948" testListId="8c84fa94-04c1-424b-9868-57a2d4851a1d" />
    <TestEntry testId="bec44fe7-287c-ce99-ead7-cabb2a736c72" executionId="2fd024c9-05f7-48f9-920b-a903892559a7" testListId="8c84fa94-04c1-424b-9868-57a2d4851a1d" />
    <TestEntry testId="24a46d94-6be2-f753-7c8f-5cab3d511df2" executionId="9f0d3689-7bc9-434f-8191-8f89585bf08a" testListId="8c84fa94-04c1-424b-9868-57a2d4851a1d" />
    <TestEntry testId="c4cee08f-5922-4783-497b-6d049158aa6b" executionId="dc8607aa-1ab6-4be9-9c0a-9226eaaad329" testListId="8c84fa94-04c1-424b-9868-57a2d4851a1d" />
    <TestEntry testId="852cbe5d-de3f-f33e-b70e-32a0e364ef89" executionId="e0ee54e3-eab1-46ce-ad61-1ef36cc24315" testListId="8c84fa94-04c1-424b-9868-57a2d4851a1d" />
    <TestEntry testId="d1e22a89-d596-815a-33f0-2804664ac2bf" executionId="d3b4d842-cdb2-472f-a628-f4fd635a3ef0" testListId="8c84fa94-04c1-424b-9868-57a2d4851a1d" />
    <TestEntry testId="f50674a0-c3de-8851-9b7a-a7fff3abd296" executionId="33be05b2-6211-4334-8138-a9e1a356b145" testListId="8c84fa94-04c1-424b-9868-57a2d4851a1d" />
    <TestEntry testId="e53e4038-9b34-9b3f-67c7-80eab36a66cb" executionId="bbcebf53-939c-4a19-9cba-89cc0bcb1f03" testListId="8c84fa94-04c1-424b-9868-57a2d4851a1d" />
    <TestEntry testId="2d7f6f07-a696-d882-cb0d-6d3f0b5b6ed6" executionId="4ff0dc45-c82f-45e2-a413-9b8e2dd24da7" testListId="8c84fa94-04c1-424b-9868-57a2d4851a1d" />
    <TestEntry testId="af8bb4a5-a430-86f4-5130-be33e5c27336" executionId="4bcffa5c-c1a2-494a-90bb-631d67355a04" testListId="8c84fa94-04c1-424b-9868-57a2d4851a1d" />
    <TestEntry testId="b7e08273-b22e-b071-9fea-62aed754c630" executionId="5db0878f-1de1-4694-84a0-8a5f7e67b854" testListId="8c84fa94-04c1-424b-9868-57a2d4851a1d" />
    <TestEntry testId="5c82fe0e-ea0a-9516-9e55-716072f2104d" executionId="07f9aa3e-4004-4060-b988-5919a6feabba" testListId="8c84fa94-04c1-424b-9868-57a2d4851a1d" />
    <TestEntry testId="f42a38c6-5cc9-5216-3f16-4b6fbbf02684" executionId="f80c1d86-b634-43fb-8e9c-88e1b2930af1" testListId="8c84fa94-04c1-424b-9868-57a2d4851a1d" />
    <TestEntry testId="1f48bd1a-a4eb-160a-e50c-e7137e3bb95a" executionId="913bcc7c-6391-4bb2-930b-ad1889581d78" testListId="8c84fa94-04c1-424b-9868-57a2d4851a1d" />
    <TestEntry testId="ba5023aa-94f0-72cd-741e-7ddf35830f53" executionId="e0ba78a5-a388-4c1d-81d5-7091ea783aba" testListId="8c84fa94-04c1-424b-9868-57a2d4851a1d" />
    <TestEntry testId="fa5911a9-5b33-6641-082b-399f9eb75e8c" executionId="45520b66-ec07-4b61-866e-a2f29058a61d" testListId="8c84fa94-04c1-424b-9868-57a2d4851a1d" />
    <TestEntry testId="a83c165b-874a-4b00-210c-8d36bafc2626" executionId="f23f2fe9-a2d1-4b1c-8290-8971a52acaf6" testListId="8c84fa94-04c1-424b-9868-57a2d4851a1d" />
    <TestEntry testId="1b6c6f77-bb63-18f1-c549-5fdfae05ca2c" executionId="c2527c05-4757-4793-9afb-758cb37398ad" testListId="8c84fa94-04c1-424b-9868-57a2d4851a1d" />
    <TestEntry testId="fa01b15a-8f77-1438-aabf-524f26e039b7" executionId="b5f4a2f2-9b77-403d-9282-ec40f1f11cb4" testListId="8c84fa94-04c1-424b-9868-57a2d4851a1d" />
    <TestEntry testId="66828171-e154-6a57-3c1f-55f0eee4108e" executionId="311590ee-d904-4cbe-bb2d-83f0a4a42c5d" testListId="8c84fa94-04c1-424b-9868-57a2d4851a1d" />
    <TestEntry testId="8a95d187-f32b-90c9-6f4b-869f8bbeb6df" executionId="0cb4c7c0-6c5b-4d9c-b842-f59db272935e" testListId="8c84fa94-04c1-424b-9868-57a2d4851a1d" />
    <TestEntry testId="5fad96be-ec19-f700-c581-f3b90e207436" executionId="d225ae2d-51ae-4134-9487-3487729a5fbb" testListId="8c84fa94-04c1-424b-9868-57a2d4851a1d" />
    <TestEntry testId="6e931405-dacf-0626-a028-8124f6fa47cf" executionId="bf5798a7-90d7-4bbf-a035-795289a55e16" testListId="8c84fa94-04c1-424b-9868-57a2d4851a1d" />
    <TestEntry testId="2725172b-a405-386a-2275-bd36a55c1d75" executionId="dba24ca0-f6b0-42bf-b9f7-2728cb2386ff" testListId="8c84fa94-04c1-424b-9868-57a2d4851a1d" />
    <TestEntry testId="daa96cbb-29f2-2047-4b34-52eb5cef49d6" executionId="e99790f6-eb39-4e21-b234-a4431bf080fc" testListId="8c84fa94-04c1-424b-9868-57a2d4851a1d" />
    <TestEntry testId="5bf6da0b-c321-8804-4ecd-c7be66b0935b" executionId="01777592-02c6-462d-b937-4e3f983377dc" testListId="8c84fa94-04c1-424b-9868-57a2d4851a1d" />
    <TestEntry testId="dd4b4c42-f53b-f076-9bf9-43132604514c" executionId="afd26dbd-4da2-44f9-9b20-9da49780f467" testListId="8c84fa94-04c1-424b-9868-57a2d4851a1d" />
    <TestEntry testId="fbc952ed-5d57-281e-16c8-270aeb190346" executionId="e68188a5-f422-454a-a96f-137fef9dab2e" testListId="8c84fa94-04c1-424b-9868-57a2d4851a1d" />
    <TestEntry testId="90674b36-7284-46c7-db91-d125c6a5330a" executionId="bf58670b-40c5-406d-bbc6-1ca2eb48e059" testListId="8c84fa94-04c1-424b-9868-57a2d4851a1d" />
    <TestEntry testId="54a5fa68-e786-e68c-59ee-20ada004d895" executionId="0eff0553-f37d-48f2-8412-54070acd8289" testListId="8c84fa94-04c1-424b-9868-57a2d4851a1d" />
    <TestEntry testId="de916043-2111-0c05-2eac-4388e1aea2d7" executionId="89bb0cdc-d70c-465e-9c79-a84ab6568d46" testListId="8c84fa94-04c1-424b-9868-57a2d4851a1d" />
    <TestEntry testId="7962257e-ad23-4b61-6ef8-441ac8a148b7" executionId="18993248-b01f-48c5-b7fc-20f67fd574e7" testListId="8c84fa94-04c1-424b-9868-57a2d4851a1d" />
    <TestEntry testId="502986f0-3d82-9604-1eb5-57e5715a09ec" executionId="2cc93c2e-8ce1-418b-8e9d-04356c994156" testListId="8c84fa94-04c1-424b-9868-57a2d4851a1d" />
    <TestEntry testId="f6b3f4b1-241c-b7a1-b936-110c9cb9b426" executionId="5ae1d879-27cf-443b-9e16-cc4b3ab9e363" testListId="8c84fa94-04c1-424b-9868-57a2d4851a1d" />
    <TestEntry testId="57b48cec-14b2-bd81-3930-f27eb932ce5f" executionId="10b0f316-d30b-4cf0-8882-072e3e713d9b" testListId="8c84fa94-04c1-424b-9868-57a2d4851a1d" />
    <TestEntry testId="b692f134-e190-336c-836e-560c4fbe9400" executionId="ca2183ad-6e57-4db7-a177-25d642b081e4" testListId="8c84fa94-04c1-424b-9868-57a2d4851a1d" />
    <TestEntry testId="6ccb4a00-67dd-875d-da52-f44e2bcebd4b" executionId="5c45cf03-dc95-450f-8b8a-8bfe79965879" testListId="8c84fa94-04c1-424b-9868-57a2d4851a1d" />
    <TestEntry testId="b2ecfbaa-c3b9-6efe-41d0-3b9278bd68b8" executionId="90e40df3-39fd-40cd-84a2-80b383822d3e" testListId="8c84fa94-04c1-424b-9868-57a2d4851a1d" />
    <TestEntry testId="75daa905-3c18-a307-520e-7f1b96686126" executionId="958dfdec-afd1-4fbf-ab07-5a42991edc32" testListId="8c84fa94-04c1-424b-9868-57a2d4851a1d" />
  </TestEntries>
  <TestLists>
    <TestList name="Results Not in a List" id="8c84fa94-04c1-424b-9868-57a2d4851a1d" />
    <TestList name="All Loaded Results" id="19431567-8539-422a-85d7-44ee4e166bda" />
  </TestLists>
  <ResultSummary outcome="Failed">
    <Counters total="226" executed="226" passed="224" failed="2" error="0" timeout="0" aborted="0" inconclusive="0" passedButRunAborted="0" notRunnable="0" notExecuted="0" disconnected="0" warning="0" completed="0" inProgress="0" pending="0" />
    <Output>
      <StdOut>[xUnit.net 00:00:00.00] xUnit.net VSTest Adapter v2.8.2+699d445a1a (64-bit .NET 9.0.13)&#xD;
[xUnit.net 00:00:00.43]   Discovering: HamptonHawksPlantSales.Tests&#xD;
[xUnit.net 00:00:00.48]   Discovered:  HamptonHawksPlantSales.Tests&#xD;
[xUnit.net 00:00:00.49]   Starting:    HamptonHawksPlantSales.Tests&#xD;
[xUnit.net 00:00:00.77]       System.ArgumentException : Object of type 'System.Int32' cannot be converted to type 'System.Nullable`1[System.Decimal]'.&#xD;
[xUnit.net 00:00:00.77]       Stack Trace:&#xD;
[xUnit.net 00:00:00.77]            at System.RuntimeType.CheckValue(Object&amp; value, Binder binder, CultureInfo culture, BindingFlags invokeAttr)&#xD;
[xUnit.net 00:00:00.77]            at System.Reflection.MethodBaseInvoker.InvokeWithOneArg(Object obj, BindingFlags invokeAttr, Binder binder, Object[] parameters, CultureInfo culture)&#xD;
[xUnit.net 00:00:00.77]            at System.Reflection.RuntimeMethodInfo.Invoke(Object obj, BindingFlags invokeAttr, Binder binder, Object[] parameters, CultureInfo culture)&#xD;
[xUnit.net 00:00:00.77]            at System.Reflection.MethodBase.Invoke(Object obj, Object[] parameters)&#xD;
[xUnit.net 00:00:00.77]         --- End of stack trace from previous location ---&#xD;
[xUnit.net 00:00:00.78]       System.ArgumentException : Object of type 'System.Int32' cannot be converted to type 'System.Nullable`1[System.Decimal]'.&#xD;
[xUnit.net 00:00:00.78]       Stack Trace:&#xD;
[xUnit.net 00:00:00.78]            at System.RuntimeType.CheckValue(Object&amp; value, Binder binder, CultureInfo culture, BindingFlags invokeAttr)&#xD;
[xUnit.net 00:00:00.78]            at System.Reflection.MethodBaseInvoker.InvokeWithOneArg(Object obj, BindingFlags invokeAttr, Binder binder, Object[] parameters, CultureInfo culture)&#xD;
[xUnit.net 00:00:00.78]            at System.Reflection.RuntimeMethodInfo.Invoke(Object obj, BindingFlags invokeAttr, Binder binder, Object[] parameters, CultureInfo culture)&#xD;
[xUnit.net 00:00:00.78]            at System.Reflection.MethodBase.Invoke(Object obj, Object[] parameters)&#xD;
[xUnit.net 00:00:00.78]         --- End of stack trace from previous location ---&#xD;
[12:25:17 ERR] HTTP DELETE /api/orders/a33b9735-9f45-4e65-ac6d-24ca0f63f509/lines/90a5d964-0c01-436f-a26b-81d437402246 responded 500 in 77.1697 ms&#xD;
FluentValidation.ValidationException: Cannot delete an order line that has been partially fulfilled.&#xD;
   at HamptonHawksPlantSales.Infrastructure.Services.OrderService.DeleteLineAsync(Guid orderId, Guid lineId) in C:\Users\CalebBennett\Documents\GitHub\Hampton_Hawk_Plant_Sales\api\src\HamptonHawksPlantSales.Infrastructure\Services\OrderService.cs:line 258&#xD;
   at HamptonHawksPlantSales.Api.Controllers.OrdersController.DeleteLine(Guid id, Guid lineId) in C:\Users\CalebBennett\Documents\GitHub\Hampton_Hawk_Plant_Sales\api\src\HamptonHawksPlantSales.Api\Controllers\OrdersController.cs:line 169&#xD;
   at Microsoft.AspNetCore.Mvc.Infrastructure.ActionMethodExecutor.TaskOfIActionResultExecutor.Execute(ActionContext actionContext, IActionResultTypeMapper mapper, ObjectMethodExecutor executor, Object controller, Object[] arguments)&#xD;
   at Microsoft.AspNetCore.Mvc.Infrastructure.ControllerActionInvoker.&lt;InvokeActionMethodAsync&gt;g__Awaited|12_0(ControllerActionInvoker invoker, ValueTask`1 actionResultValueTask)&#xD;
   at Microsoft.AspNetCore.Mvc.Infrastructure.ControllerActionInvoker.&lt;InvokeNextActionFilterAsync&gt;g__Awaited|10_0(ControllerActionInvoker invoker, Task lastTask, State next, Scope scope, Object state, Boolean isCompleted)&#xD;
   at Microsoft.AspNetCore.Mvc.Infrastructure.ControllerActionInvoker.Rethrow(ActionExecutedContextSealed context)&#xD;
   at Microsoft.AspNetCore.Mvc.Infrastructure.ControllerActionInvoker.Next(State&amp; next, Scope&amp; scope, Object&amp; state, Boolean&amp; isCompleted)&#xD;
   at Microsoft.AspNetCore.Mvc.Infrastructure.ControllerActionInvoker.InvokeInnerFilterAsync()&#xD;
--- End of stack trace from previous location ---&#xD;
   at Microsoft.AspNetCore.Mvc.Infrastructure.ResourceInvoker.&lt;InvokeFilterPipelineAsync&gt;g__Awaited|20_0(ResourceInvoker invoker, Task lastTask, State next, Scope scope, Object state, Boolean isCompleted)&#xD;
   at Microsoft.AspNetCore.Mvc.Infrastructure.ResourceInvoker.&lt;InvokeAsync&gt;g__Awaited|17_0(ResourceInvoker invoker, Task task, IDisposable scope)&#xD;
   at Microsoft.AspNetCore.Mvc.Infrastructure.ResourceInvoker.&lt;InvokeAsync&gt;g__Awaited|17_0(ResourceInvoker invoker, Task task, IDisposable scope)&#xD;
   at Serilog.AspNetCore.RequestLoggingMiddleware.Invoke(HttpContext httpContext)&#xD;
[12:25:18 ERR] HTTP PUT /api/orders/21175ff6-2b9b-46bb-97f7-29ff8277b480/lines/9cd9d020-5622-40b9-9d54-6e451dc1a2fb responded 500 in 51.0587 ms&#xD;
FluentValidation.ValidationException: QtyOrdered must be greater than 0.&#xD;
   at HamptonHawksPlantSales.Infrastructure.Services.OrderService.UpdateLineAsync(Guid orderId, Guid lineId, UpdateOrderLineRequest request) in C:\Users\CalebBennett\Documents\GitHub\Hampton_Hawk_Plant_Sales\api\src\HamptonHawksPlantSales.Infrastructure\Services\OrderService.cs:line 224&#xD;
   at HamptonHawksPlantSales.Api.Controllers.OrdersController.UpdateLine(Guid id, Guid lineId, UpdateOrderLineRequest request) in C:\Users\CalebBennett\Documents\GitHub\Hampton_Hawk_Plant_Sales\api\src\HamptonHawksPlantSales.Api\Controllers\OrdersController.cs:line 153&#xD;
   at Microsoft.AspNetCore.Mvc.Infrastructure.ActionMethodExecutor.TaskOfIActionResultExecutor.Execute(ActionContext actionContext, IActionResultTypeMapper mapper, ObjectMethodExecutor executor, Object controller, Object[] arguments)&#xD;
   at Microsoft.AspNetCore.Mvc.Infrastructure.ControllerActionInvoker.&lt;InvokeActionMethodAsync&gt;g__Awaited|12_0(ControllerActionInvoker invoker, ValueTask`1 actionResultValueTask)&#xD;
   at Microsoft.AspNetCore.Mvc.Infrastructure.ControllerActionInvoker.&lt;InvokeNextActionFilterAsync&gt;g__Awaited|10_0(ControllerActionInvoker invoker, Task lastTask, State next, Scope scope, Object state, Boolean isCompleted)&#xD;
   at Microsoft.AspNetCore.Mvc.Infrastructure.ControllerActionInvoker.Rethrow(ActionExecutedContextSealed context)&#xD;
   at Microsoft.AspNetCore.Mvc.Infrastructure.ControllerActionInvoker.Next(State&amp; next, Scope&amp; scope, Object&amp; state, Boolean&amp; isCompleted)&#xD;
   at Microsoft.AspNetCore.Mvc.Infrastructure.ControllerActionInvoker.InvokeInnerFilterAsync()&#xD;
--- End of stack trace from previous location ---&#xD;
   at Microsoft.AspNetCore.Mvc.Infrastructure.ResourceInvoker.&lt;InvokeFilterPipelineAsync&gt;g__Awaited|20_0(ResourceInvoker invoker, Task lastTask, State next, Scope scope, Object state, Boolean isCompleted)&#xD;
   at Microsoft.AspNetCore.Mvc.Infrastructure.ResourceInvoker.&lt;InvokeAsync&gt;g__Awaited|17_0(ResourceInvoker invoker, Task task, IDisposable scope)&#xD;
   at Microsoft.AspNetCore.Mvc.Infrastructure.ResourceInvoker.&lt;InvokeAsync&gt;g__Awaited|17_0(ResourceInvoker invoker, Task task, IDisposable scope)&#xD;
   at Serilog.AspNetCore.RequestLoggingMiddleware.Invoke(HttpContext httpContext)&#xD;
[xUnit.net 00:00:03.66]   Finished:    HamptonHawksPlantSales.Tests&#xD;
</StdOut>
    </Output>
    <RunInfos>
      <RunInfo computerName="MONEYPENNY" outcome="Error" timestamp="2026-03-04T12:25:16.7438596-06:00">
        <Text>[xUnit.net 00:00:00.77]     HamptonHawksPlantSales.Tests.Validators.RequestValidatorTests.CreatePlantValidator_AcceptsNullOrNonNegativePrice(price: 10) [FAIL]</Text>
      </RunInfo>
      <RunInfo computerName="MONEYPENNY" outcome="Error" timestamp="2026-03-04T12:25:16.7473681-06:00">
        <Text>[xUnit.net 00:00:00.78]     HamptonHawksPlantSales.Tests.Validators.RequestValidatorTests.CreatePlantValidator_AcceptsNullOrNonNegativePrice(price: 0) [FAIL]</Text>
      </RunInfo>
    </RunInfos>
  </ResultSummary>
</TestRun>