<?xml version="1.0" encoding="utf-8"?>
<TestRun id="184ebe9f-cebc-4c0b-b3d7-4c6bc8af5451" name="CalebBennett@MONEYPENNY 2026-03-04 10:42:28" runUser="AzureAD\CalebBennett" xmlns="http://microsoft.com/schemas/VisualStudio/TeamTest/2010">
  <Times creation="2026-03-04T10:42:28.2184706-06:00" queuing="2026-03-04T10:42:28.2184714-06:00" start="2026-03-04T10:42:27.6452142-06:00" finish="2026-03-04T10:42:30.1427473-06:00" />
  <TestSettings name="default" id="22f184c5-a919-4775-b815-573e666ef152">
    <Deployment runDeploymentRoot="CalebBennett_MONEYPENNY_2026-03-04_10_42_28" />
  </TestSettings>
  <Results>
    <UnitTestResult executionId="f90da4f9-f4c0-4c3d-96bc-f73353bccb6a" testId="11664fcc-31cf-3ba9-d5b0-477fde812a77" testName="HamptonHawksPlantSales.Tests.Services.FulfillmentServiceTests.Scan_BarcodeNotFound_ReturnsNotFound" computerName="MONEYPENNY" duration="00:00:00.0019644" startTime="2026-03-04T10:42:29.0192632-06:00" endTime="2026-03-04T10:42:29.0192633-06:00" testType="13cdc9d9-ddb5-4fa4-a97d-d965ccfc6d4b" outcome="Passed" testListId="8c84fa94-04c1-424b-9868-57a2d4851a1d" relativeResultsDirectory="f90da4f9-f4c0-4c3d-96bc-f73353bccb6a" />
    <UnitTestResult executionId="e325a53a-6056-47f2-b398-d5682f0767bb" testId="93bd5eab-277e-7e2e-3717-6e6fffcab8e6" testName="HamptonHawksPlantSales.Tests.Services.OrderLineMutationIntegrationTests.DeleteLine_WithPartialFulfillment_Returns400WithStructuredErrorPayload" computerName="MONEYPENNY" duration="00:00:00.2241088" startTime="2026-03-04T10:42:28.4114296-06:00" endTime="2026-03-04T10:42:28.4114300-06:00" testType="13cdc9d9-ddb5-4fa4-a97d-d965ccfc6d4b" outcome="Failed" testListId="8c84fa94-04c1-424b-9868-57a2d4851a1d" relativeResultsDirectory="e325a53a-6056-47f2-b398-d5682f0767bb">
      <Output>
        <ErrorInfo>
          <Message>System.InvalidOperationException : Services for database providers 'Npgsql.EntityFrameworkCore.PostgreSQL', 'Microsoft.EntityFrameworkCore.InMemory' have been registered in the service provider. Only a single database provider can be registered in a service provider. If possible, ensure that Entity Framework is managing its service provider by removing the call to 'UseInternalServiceProvider'. Otherwise, consider conditionally registering the database provider, or maintaining one service provider per database provider.</Message>
          <StackTrace>   at Microsoft.EntityFrameworkCore.Internal.DbContextServices.Initialize(IServiceProvider scopedProvider, DbContextOptions contextOptions, DbContext context)&#xD;
   at Microsoft.EntityFrameworkCore.DbContext.get_ContextServices()&#xD;
   at Microsoft.EntityFrameworkCore.DbContext.get_InternalServiceProvider()&#xD;
   at Microsoft.EntityFrameworkCore.DbContext.Microsoft.EntityFrameworkCore.Infrastructure.IInfrastructure&lt;System.IServiceProvider&gt;.get_Instance()&#xD;
   at Microsoft.EntityFrameworkCore.Infrastructure.Internal.InfrastructureExtensions.GetService(IInfrastructure`1 accessor, Type serviceType)&#xD;
   at Microsoft.EntityFrameworkCore.Infrastructure.Internal.InfrastructureExtensions.GetService[TService](IInfrastructure`1 accessor)&#xD;
   at Microsoft.EntityFrameworkCore.Infrastructure.AccessorExtensions.GetService[TService](IInfrastructure`1 accessor)&#xD;
   at Microsoft.EntityFrameworkCore.RelationalDatabaseFacadeExtensions.IsRelational(DatabaseFacade databaseFacade)&#xD;
   at Program.&lt;Main&gt;$(String[] args) in C:\Users\CalebBennett\Documents\GitHub\Hampton_Hawk_Plant_Sales\api\src\HamptonHawksPlantSales.Api\Program.cs:line 97&#xD;
   at Program.&lt;Main&gt;(String[] args)&#xD;
   at System.RuntimeMethodHandle.InvokeMethod(Object target, Void** arguments, Signature sig, Boolean isConstructor)&#xD;
   at System.Reflection.MethodBaseInvoker.InvokeDirectByRefWithFewArgs(Object obj, Span`1 copyOfArgs, BindingFlags invokeAttr)&#xD;
--- End of stack trace from previous location ---&#xD;
   at Microsoft.AspNetCore.Mvc.Testing.DeferredHostBuilder.DeferredHost.StartAsync(CancellationToken cancellationToken)&#xD;
   at Microsoft.Extensions.Hosting.HostingAbstractionsHostExtensions.Start(IHost host)&#xD;
   at Microsoft.AspNetCore.Mvc.Testing.WebApplicationFactory`1.CreateHost(IHostBuilder builder)&#xD;
   at Microsoft.AspNetCore.Mvc.Testing.WebApplicationFactory`1.ConfigureHostBuilder(IHostBuilder hostBuilder)&#xD;
   at Microsoft.AspNetCore.Mvc.Testing.WebApplicationFactory`1.EnsureServer()&#xD;
   at Microsoft.AspNetCore.Mvc.Testing.WebApplicationFactory`1.CreateDefaultClient(DelegatingHandler[] handlers)&#xD;
   at Microsoft.AspNetCore.Mvc.Testing.WebApplicationFactory`1.CreateDefaultClient(Uri baseAddress, DelegatingHandler[] handlers)&#xD;
   at Microsoft.AspNetCore.Mvc.Testing.WebApplicationFactory`1.CreateClient(WebApplicationFactoryClientOptions options)&#xD;
   at Microsoft.AspNetCore.Mvc.Testing.WebApplicationFactory`1.CreateClient()&#xD;
   at HamptonHawksPlantSales.Tests.Services.OrderLineMutationIntegrationTests.DeleteLine_WithPartialFulfillment_Returns400WithStructuredErrorPayload() in C:\Users\CalebBennett\Documents\GitHub\Hampton_Hawk_Plant_Sales\api\tests\HamptonHawksPlantSales.Tests\Services\OrderLineMutationIntegrationTests.cs:line 42&#xD;
   at HamptonHawksPlantSales.Tests.Services.OrderLineMutationIntegrationTests.DeleteLine_WithPartialFulfillment_Returns400WithStructuredErrorPayload() in C:\Users\CalebBennett\Documents\GitHub\Hampton_Hawk_Plant_Sales\api\tests\HamptonHawksPlantSales.Tests\Services\OrderLineMutationIntegrationTests.cs:line 54&#xD;
--- End of stack trace from previous location ---</StackTrace>
        </ErrorInfo>
      </Output>
    </UnitTestResult>
    <UnitTestResult executionId="89d15323-5b87-43a5-9beb-985d2e8b2c55" testId="c33fc252-d05c-b42b-d8ed-02c0c0be0a46" testName="HamptonHawksPlantSales.Tests.Services.ResponseEnvelopeTests.ApiResponseFail_IncludesDataNull_WhenSerializedWithIgnoreNulls" computerName="MONEYPENNY" duration="00:00:00.0411720" startTime="2026-03-04T10:42:28.2145322-06:00" endTime="2026-03-04T10:42:28.2145329-06:00" testType="13cdc9d9-ddb5-4fa4-a97d-d965ccfc6d4b" outcome="Passed" testListId="8c84fa94-04c1-424b-9868-57a2d4851a1d" relativeResultsDirectory="89d15323-5b87-43a5-9beb-985d2e8b2c55" />
    <UnitTestResult executionId="450e9675-16d8-4b9d-9da5-e40e3124eda4" testId="01db0bcf-decc-9cbd-f951-2a17337e26c7" testName="HamptonHawksPlantSales.Tests.Services.PlantInventoryCreationTests.InventorySetAndAdjust_WorkForApiCreatedPlant" computerName="MONEYPENNY" duration="00:00:00.1187574" startTime="2026-03-04T10:42:28.9997095-06:00" endTime="2026-03-04T10:42:28.9997097-06:00" testType="13cdc9d9-ddb5-4fa4-a97d-d965ccfc6d4b" outcome="Passed" testListId="8c84fa94-04c1-424b-9868-57a2d4851a1d" relativeResultsDirectory="450e9675-16d8-4b9d-9da5-e40e3124eda4" />
    <UnitTestResult executionId="9f5dbb0c-fd43-4bb6-b8f2-8bd63daf1905" testId="422cf430-9ba6-190e-b62a-667a7da0cedc" testName="HamptonHawksPlantSales.Tests.Services.FulfillmentServiceTests.ForceCompleteOrder_WhenSaleClosed_StillSucceeds" computerName="MONEYPENNY" duration="00:00:00.0025331" startTime="2026-03-04T10:42:29.0865397-06:00" endTime="2026-03-04T10:42:29.0865399-06:00" testType="13cdc9d9-ddb5-4fa4-a97d-d965ccfc6d4b" outcome="Passed" testListId="8c84fa94-04c1-424b-9868-57a2d4851a1d" relativeResultsDirectory="9f5dbb0c-fd43-4bb6-b8f2-8bd63daf1905" />
    <UnitTestResult executionId="2436f664-9e09-493a-863d-abea3545c734" testId="b69c11b7-dcf3-3445-f7ec-0656b57d2f4f" testName="HamptonHawksPlantSales.Tests.Services.ImportServiceTests.PlantImport_XlsxWithBlankHeaderRow_ThrowsValidationError" computerName="MONEYPENNY" duration="00:00:00.8495502" startTime="2026-03-04T10:42:30.0231615-06:00" endTime="2026-03-04T10:42:30.0231621-06:00" testType="13cdc9d9-ddb5-4fa4-a97d-d965ccfc6d4b" outcome="Passed" testListId="8c84fa94-04c1-424b-9868-57a2d4851a1d" relativeResultsDirectory="2436f664-9e09-493a-863d-abea3545c734" />
    <UnitTestResult executionId="a1ac4648-96fe-4dee-8c16-5be30a0c4408" testId="d645d76f-a260-da5a-b085-bc542cffb0b0" testName="HamptonHawksPlantSales.Tests.PlaceholderTests.Placeholder_ShouldPass" computerName="MONEYPENNY" duration="00:00:00.0048313" startTime="2026-03-04T10:42:28.1817494-06:00" endTime="2026-03-04T10:42:28.1817676-06:00" testType="13cdc9d9-ddb5-4fa4-a97d-d965ccfc6d4b" outcome="Passed" testListId="8c84fa94-04c1-424b-9868-57a2d4851a1d" relativeResultsDirectory="a1ac4648-96fe-4dee-8c16-5be30a0c4408" />
    <UnitTestResult executionId="42537424-785b-485c-abbf-084ae5efa18c" testId="d1e22a89-d596-815a-33f0-2804664ac2bf" testName="HamptonHawksPlantSales.Tests.Services.InventoryProtectionServiceTests.CalculateAvailableForWalkup_WalkupOrdersExcluded" computerName="MONEYPENNY" duration="00:00:00.0023550" startTime="2026-03-04T10:42:28.9344251-06:00" endTime="2026-03-04T10:42:28.9344253-06:00" testType="13cdc9d9-ddb5-4fa4-a97d-d965ccfc6d4b" outcome="Passed" testListId="8c84fa94-04c1-424b-9868-57a2d4851a1d" relativeResultsDirectory="42537424-785b-485c-abbf-084ae5efa18c" />
    <UnitTestResult executionId="7d477d36-be03-4901-996e-e82206dcdb8f" testId="862230b4-566b-6db9-16a2-173cefadfbef" testName="HamptonHawksPlantSales.Tests.Services.FulfillmentConcurrencyHandlingTests.IsRetryableConcurrencyException_ReturnsTrue_ForKnownMessages(message: &quot;deadlock detected&quot;)" computerName="MONEYPENNY" duration="00:00:00.0000056" startTime="2026-03-04T10:42:28.1969174-06:00" endTime="2026-03-04T10:42:28.1969174-06:00" testType="13cdc9d9-ddb5-4fa4-a97d-d965ccfc6d4b" outcome="Passed" testListId="8c84fa94-04c1-424b-9868-57a2d4851a1d" relativeResultsDirectory="7d477d36-be03-4901-996e-e82206dcdb8f" />
    <UnitTestResult executionId="3e86f5eb-4a5f-4a1e-9918-9a6ca63ec691" testId="ce115ee7-b66d-5092-e941-62717d4f81fe" testName="HamptonHawksPlantSales.Tests.Services.CorsConfigurationTests.CorsPolicy_AllowsKnownOrigin_AndBlocksUnknownOrigin" computerName="MONEYPENNY" duration="00:00:00.0254981" startTime="2026-03-04T10:42:28.1987104-06:00" endTime="2026-03-04T10:42:28.1987107-06:00" testType="13cdc9d9-ddb5-4fa4-a97d-d965ccfc6d4b" outcome="Passed" testListId="8c84fa94-04c1-424b-9868-57a2d4851a1d" relativeResultsDirectory="3e86f5eb-4a5f-4a1e-9918-9a6ca63ec691" />
    <UnitTestResult executionId="32dbfed6-30f8-4e40-8b04-3f11e26c1b4b" testId="e316e5c3-2fd6-4640-1c29-b3dc66f6c7e4" testName="HamptonHawksPlantSales.Tests.Services.ImportServiceTests.InventoryImport_UnknownSku_CreatesIssueAndContinues" computerName="MONEYPENNY" duration="00:00:00.0163502" startTime="2026-03-04T10:42:30.0665163-06:00" endTime="2026-03-04T10:42:30.0665165-06:00" testType="13cdc9d9-ddb5-4fa4-a97d-d965ccfc6d4b" outcome="Passed" testListId="8c84fa94-04c1-424b-9868-57a2d4851a1d" relativeResultsDirectory="32dbfed6-30f8-4e40-8b04-3f11e26c1b4b" />
    <UnitTestResult executionId="4c64ff03-3574-40b2-9982-47417313b9ca" testId="f41320d6-cd32-846e-b202-a062ab330ed6" testName="HamptonHawksPlantSales.Tests.Services.CustomerServiceTests.GetAll_WithTextSearch_StillMatchesLastName" computerName="MONEYPENNY" duration="00:00:00.7130995" startTime="2026-03-04T10:42:28.8863653-06:00" endTime="2026-03-04T10:42:28.8863655-06:00" testType="13cdc9d9-ddb5-4fa4-a97d-d965ccfc6d4b" outcome="Passed" testListId="8c84fa94-04c1-424b-9868-57a2d4851a1d" relativeResultsDirectory="4c64ff03-3574-40b2-9982-47417313b9ca" />
    <UnitTestResult executionId="1521c231-f972-40eb-9661-336a0ffeccd3" testId="35d59677-a689-9ab7-642e-ad6518c1e713" testName="HamptonHawksPlantSales.Tests.Services.PlantInventoryCreationTests.CreatePlant_AutoCreatesInventoryWithZero" computerName="MONEYPENNY" duration="00:00:00.7075334" startTime="2026-03-04T10:42:28.8808436-06:00" endTime="2026-03-04T10:42:28.8808441-06:00" testType="13cdc9d9-ddb5-4fa4-a97d-d965ccfc6d4b" outcome="Passed" testListId="8c84fa94-04c1-424b-9868-57a2d4851a1d" relativeResultsDirectory="1521c231-f972-40eb-9661-336a0ffeccd3" />
    <UnitTestResult executionId="da50eb03-60af-4b2c-9f88-b03a7d50d6c8" testId="6e931405-dacf-0626-a028-8124f6fa47cf" testName="HamptonHawksPlantSales.Tests.Services.OrderServiceTests.UpdateLine_WithQtyAndPlant_UpdatesBoth" computerName="MONEYPENNY" duration="00:00:00.0133140" startTime="2026-03-04T10:42:28.9450788-06:00" endTime="2026-03-04T10:42:28.9450790-06:00" testType="13cdc9d9-ddb5-4fa4-a97d-d965ccfc6d4b" outcome="Passed" testListId="8c84fa94-04c1-424b-9868-57a2d4851a1d" relativeResultsDirectory="da50eb03-60af-4b2c-9f88-b03a7d50d6c8" />
    <UnitTestResult executionId="4db66e2e-b22f-492d-91be-fd6236dbe1d4" testId="eecb65a8-e893-e540-869b-6b18b7c2f284" testName="HamptonHawksPlantSales.Tests.Services.AdminServiceTests.ForceComplete_WithPin_CompletesOrderWithUnfulfilledLines" computerName="MONEYPENNY" duration="00:00:00.0474166" startTime="2026-03-04T10:42:28.9733652-06:00" endTime="2026-03-04T10:42:28.9733653-06:00" testType="13cdc9d9-ddb5-4fa4-a97d-d965ccfc6d4b" outcome="Passed" testListId="8c84fa94-04c1-424b-9868-57a2d4851a1d" relativeResultsDirectory="4db66e2e-b22f-492d-91be-fd6236dbe1d4" />
    <UnitTestResult executionId="69942590-02d4-4a1c-94dc-36edb01d03d5" testId="fe9a0439-db39-f790-2b7d-e342663dbeda" testName="HamptonHawksPlantSales.Tests.Services.OrderServiceTests.UpdateLine_InvalidQty_ReturnsValidation(qty: -1)" computerName="MONEYPENNY" duration="00:00:00.0344261" startTime="2026-03-04T10:42:28.9288722-06:00" endTime="2026-03-04T10:42:28.9288723-06:00" testType="13cdc9d9-ddb5-4fa4-a97d-d965ccfc6d4b" outcome="Passed" testListId="8c84fa94-04c1-424b-9868-57a2d4851a1d" relativeResultsDirectory="69942590-02d4-4a1c-94dc-36edb01d03d5" />
    <UnitTestResult executionId="9f5d7be8-ca09-40e4-8143-9c2164d46979" testId="248e2dcd-fa03-ca61-59af-260bc072bf31" testName="HamptonHawksPlantSales.Tests.Services.ImportServiceTests.PlantImport_DryRun_DoesNotPersistRowsOrBatch" computerName="MONEYPENNY" duration="00:00:00.0108992" startTime="2026-03-04T10:42:30.0775354-06:00" endTime="2026-03-04T10:42:30.0775355-06:00" testType="13cdc9d9-ddb5-4fa4-a97d-d965ccfc6d4b" outcome="Passed" testListId="8c84fa94-04c1-424b-9868-57a2d4851a1d" relativeResultsDirectory="9f5d7be8-ca09-40e4-8143-9c2164d46979" />
    <UnitTestResult executionId="c282b725-97f3-47aa-81b7-9b47f5e1d26c" testId="a0e7e66e-111b-6851-f3dc-f529a8666827" testName="HamptonHawksPlantSales.Tests.Services.ResponseEnvelopeTests.ExceptionMiddleware_ReturnsBadRequest_ForArgumentException" computerName="MONEYPENNY" duration="00:00:00.0110110" startTime="2026-03-04T10:42:28.2256238-06:00" endTime="2026-03-04T10:42:28.2256241-06:00" testType="13cdc9d9-ddb5-4fa4-a97d-d965ccfc6d4b" outcome="Passed" testListId="8c84fa94-04c1-424b-9868-57a2d4851a1d" relativeResultsDirectory="c282b725-97f3-47aa-81b7-9b47f5e1d26c" />
    <UnitTestResult executionId="71769dd6-5fc2-4545-b2d7-56594e0ec335" testId="4a78ebbf-381f-02c4-0862-33b71d2e5bfc" testName="HamptonHawksPlantSales.Tests.Services.InventoryProtectionServiceTests.CalculateAvailableForWalkup_WithPreorders_SubtractsRemaining" computerName="MONEYPENNY" duration="00:00:00.0350725" startTime="2026-03-04T10:42:28.9278987-06:00" endTime="2026-03-04T10:42:28.9278988-06:00" testType="13cdc9d9-ddb5-4fa4-a97d-d965ccfc6d4b" outcome="Passed" testListId="8c84fa94-04c1-424b-9868-57a2d4851a1d" relativeResultsDirectory="71769dd6-5fc2-4545-b2d7-56594e0ec335" />
    <UnitTestResult executionId="ab0beaad-f550-4a35-a774-e193a909117e" testId="72ddebbe-611c-d32a-18cc-2d3b49f6bf1d" testName="HamptonHawksPlantSales.Tests.Services.AdminPinActionFilterTests.ForceComplete_WithPinAndReason_AllowsRequest" computerName="MONEYPENNY" duration="00:00:00.0302190" startTime="2026-03-04T10:42:28.2033965-06:00" endTime="2026-03-04T10:42:28.2033967-06:00" testType="13cdc9d9-ddb5-4fa4-a97d-d965ccfc6d4b" outcome="Passed" testListId="8c84fa94-04c1-424b-9868-57a2d4851a1d" relativeResultsDirectory="ab0beaad-f550-4a35-a774-e193a909117e" />
    <UnitTestResult executionId="3e5dd78b-1209-4011-8b51-087949a6fe7d" testId="e8043d3e-82fa-14d3-36aa-0d40824f416b" testName="HamptonHawksPlantSales.Tests.Services.ImportServiceTests.PlantImport_Pdf_ThrowsHelpfulMessage" computerName="MONEYPENNY" duration="00:00:00.0019824" startTime="2026-03-04T10:42:29.0541796-06:00" endTime="2026-03-04T10:42:29.0541798-06:00" testType="13cdc9d9-ddb5-4fa4-a97d-d965ccfc6d4b" outcome="Passed" testListId="8c84fa94-04c1-424b-9868-57a2d4851a1d" relativeResultsDirectory="3e5dd78b-1209-4011-8b51-087949a6fe7d" />
    <UnitTestResult executionId="94632a15-792d-4b10-91a9-8554e6f4ee89" testId="382e4dd7-aa59-d3ce-d017-aa3e652906ad" testName="HamptonHawksPlantSales.Tests.Services.AdminPinActionFilterTests.MutatingRequest_WithoutReasonHeader_Returns403" computerName="MONEYPENNY" duration="00:00:00.0052125" startTime="2026-03-04T10:42:28.2214394-06:00" endTime="2026-03-04T10:42:28.2214397-06:00" testType="13cdc9d9-ddb5-4fa4-a97d-d965ccfc6d4b" outcome="Passed" testListId="8c84fa94-04c1-424b-9868-57a2d4851a1d" relativeResultsDirectory="94632a15-792d-4b10-91a9-8554e6f4ee89" />
    <UnitTestResult executionId="f3b6762c-13d8-48bc-89d6-fc98965073f1" testId="1f48bd1a-a4eb-160a-e50c-e7137e3bb95a" testName="HamptonHawksPlantSales.Tests.Services.CorsConfigurationTests.ParseAllowedOrigins_SupportsCommaSeparatedOriginsFromConfiguration" computerName="MONEYPENNY" duration="00:00:00.0419172" startTime="2026-03-04T10:42:28.2407739-06:00" endTime="2026-03-04T10:42:28.2407743-06:00" testType="13cdc9d9-ddb5-4fa4-a97d-d965ccfc6d4b" outcome="Passed" testListId="8c84fa94-04c1-424b-9868-57a2d4851a1d" relativeResultsDirectory="f3b6762c-13d8-48bc-89d6-fc98965073f1" />
    <UnitTestResult executionId="b38891ef-ff58-4118-97e0-15f1a1e7885d" testId="070f92fc-c928-15a1-8f54-38fe30c92fcc" testName="HamptonHawksPlantSales.Tests.Services.FulfillmentConcurrencyHandlingTests.IsRetryableConcurrencyException_ReturnsTrue_ForKnownMessages(message: &quot;could not serialize access due to read/write depen&quot;···)" computerName="MONEYPENNY" duration="00:00:00.0004668" startTime="2026-03-04T10:42:28.1856619-06:00" endTime="2026-03-04T10:42:28.1856620-06:00" testType="13cdc9d9-ddb5-4fa4-a97d-d965ccfc6d4b" outcome="Passed" testListId="8c84fa94-04c1-424b-9868-57a2d4851a1d" relativeResultsDirectory="b38891ef-ff58-4118-97e0-15f1a1e7885d" />
    <UnitTestResult executionId="d63320a5-e8d4-47b5-8fa4-907fec55c980" testId="7cdbe814-7411-5586-d710-85bd489432ef" testName="HamptonHawksPlantSales.Tests.Services.FulfillmentServiceTests.CompleteOrder_AllFulfilled_Succeeds" computerName="MONEYPENNY" duration="00:00:00.0097064" startTime="2026-03-04T10:42:29.1408487-06:00" endTime="2026-03-04T10:42:29.1408488-06:00" testType="13cdc9d9-ddb5-4fa4-a97d-d965ccfc6d4b" outcome="Passed" testListId="8c84fa94-04c1-424b-9868-57a2d4851a1d" relativeResultsDirectory="d63320a5-e8d4-47b5-8fa4-907fec55c980" />
    <UnitTestResult executionId="0c00765d-e6cc-4cf6-8b2a-a383eaea3f44" testId="b2ecfbaa-c3b9-6efe-41d0-3b9278bd68b8" testName="HamptonHawksPlantSales.Tests.Services.InventoryProtectionServiceTests.CalculateAvailableForWalkup_CancelledOrdersExcluded" computerName="MONEYPENNY" duration="00:00:00.7195359" startTime="2026-03-04T10:42:28.8926747-06:00" endTime="2026-03-04T10:42:28.8926749-06:00" testType="13cdc9d9-ddb5-4fa4-a97d-d965ccfc6d4b" outcome="Passed" testListId="8c84fa94-04c1-424b-9868-57a2d4851a1d" relativeResultsDirectory="0c00765d-e6cc-4cf6-8b2a-a383eaea3f44" />
    <UnitTestResult executionId="df3f7a6c-f212-4d6e-91cb-70760f9f61b1" testId="4f1dc1be-be6e-58b0-836b-713c71a0a7a6" testName="HamptonHawksPlantSales.Tests.Services.AdminPinActionFilterTests.ForceComplete_WithoutPinHeader_Returns403" computerName="MONEYPENNY" duration="00:00:00.0007802" startTime="2026-03-04T10:42:28.2234847-06:00" endTime="2026-03-04T10:42:28.2234847-06:00" testType="13cdc9d9-ddb5-4fa4-a97d-d965ccfc6d4b" outcome="Passed" testListId="8c84fa94-04c1-424b-9868-57a2d4851a1d" relativeResultsDirectory="df3f7a6c-f212-4d6e-91cb-70760f9f61b1" />
    <UnitTestResult executionId="2fe7b4c6-90b4-485b-a20c-16862bcce701" testId="371737fe-1830-938d-df9a-bc12045f6a7a" testName="HamptonHawksPlantSales.Tests.Services.FulfillmentServiceTests.UndoLastScan_WhenSaleClosed_ReturnsSaleClosedBlocked" computerName="MONEYPENNY" duration="00:00:00.0049889" startTime="2026-03-04T10:42:29.0265421-06:00" endTime="2026-03-04T10:42:29.0265423-06:00" testType="13cdc9d9-ddb5-4fa4-a97d-d965ccfc6d4b" outcome="Passed" testListId="8c84fa94-04c1-424b-9868-57a2d4851a1d" relativeResultsDirectory="2fe7b4c6-90b4-485b-a20c-16862bcce701" />
    <UnitTestResult executionId="d395ddaf-548c-416f-bd50-8486a88c610c" testId="acfe1bf4-3420-a076-22cb-d78870ba2e98" testName="HamptonHawksPlantSales.Tests.Services.AdminPinActionFilterTests.GetRequest_WithPinAndNoReason_AllowsRequest" computerName="MONEYPENNY" duration="00:00:00.0011522" startTime="2026-03-04T10:42:28.2161200-06:00" endTime="2026-03-04T10:42:28.2161202-06:00" testType="13cdc9d9-ddb5-4fa4-a97d-d965ccfc6d4b" outcome="Passed" testListId="8c84fa94-04c1-424b-9868-57a2d4851a1d" relativeResultsDirectory="d395ddaf-548c-416f-bd50-8486a88c610c" />
    <UnitTestResult executionId="064a4708-b123-4857-8b75-8c88c88bc959" testId="a3bd9102-2101-d66f-ed2b-3e99ada52cdd" testName="HamptonHawksPlantSales.Tests.Services.ImportServiceTests.PlantImport_XlsxWithDuplicateHeaders_ThrowsValidationError" computerName="MONEYPENNY" duration="00:00:00.0135501" startTime="2026-03-04T10:42:30.0499565-06:00" endTime="2026-03-04T10:42:30.0499572-06:00" testType="13cdc9d9-ddb5-4fa4-a97d-d965ccfc6d4b" outcome="Passed" testListId="8c84fa94-04c1-424b-9868-57a2d4851a1d" relativeResultsDirectory="064a4708-b123-4857-8b75-8c88c88bc959" />
    <UnitTestResult executionId="c7a6509b-7855-42ea-8bf0-1d7e71dd12e5" testId="743b3bec-8814-a51e-3936-7a3b1242c595" testName="HamptonHawksPlantSales.Tests.Services.InventoryProtectionServiceTests.CalculateAvailableForWalkup_NoPreorders_ReturnsFullInventory" computerName="MONEYPENNY" duration="00:00:00.0017259" startTime="2026-03-04T10:42:28.9297100-06:00" endTime="2026-03-04T10:42:28.9297102-06:00" testType="13cdc9d9-ddb5-4fa4-a97d-d965ccfc6d4b" outcome="Passed" testListId="8c84fa94-04c1-424b-9868-57a2d4851a1d" relativeResultsDirectory="c7a6509b-7855-42ea-8bf0-1d7e71dd12e5" />
    <UnitTestResult executionId="ba4a8cbe-dec6-4d7c-bfdf-159a193982cc" testId="1692176b-4089-e97e-6a00-8edd5a94f5d3" testName="HamptonHawksPlantSales.Tests.Services.FulfillmentServiceTests.CompleteOrder_NotAllFulfilled_ThrowsValidation" computerName="MONEYPENNY" duration="00:00:00.0192644" startTime="2026-03-04T10:42:29.1078623-06:00" endTime="2026-03-04T10:42:29.1078630-06:00" testType="13cdc9d9-ddb5-4fa4-a97d-d965ccfc6d4b" outcome="Passed" testListId="8c84fa94-04c1-424b-9868-57a2d4851a1d" relativeResultsDirectory="ba4a8cbe-dec6-4d7c-bfdf-159a193982cc" />
    <UnitTestResult executionId="ae8d1be8-dd0b-4660-8ebf-c8301b110fcc" testId="b22f9a36-2714-1b76-a683-cac2520565fd" testName="HamptonHawksPlantSales.Tests.Services.FulfillmentServiceTests.Scan_AlreadyFulfilled_ReturnsAlreadyFulfilled" computerName="MONEYPENNY" duration="00:00:00.0036080" startTime="2026-03-04T10:42:29.1445395-06:00" endTime="2026-03-04T10:42:29.1445397-06:00" testType="13cdc9d9-ddb5-4fa4-a97d-d965ccfc6d4b" outcome="Passed" testListId="8c84fa94-04c1-424b-9868-57a2d4851a1d" relativeResultsDirectory="ae8d1be8-dd0b-4660-8ebf-c8301b110fcc" />
    <UnitTestResult executionId="bf6fd451-a719-4340-a54f-9b3443c18203" testId="81930e7e-23d6-9fad-2793-83ff12baa523" testName="HamptonHawksPlantSales.Tests.Services.ReportServiceTests.GetDashboardMetrics_IncludesRequiredCounts" computerName="MONEYPENNY" duration="00:00:00.7652110" startTime="2026-03-04T10:42:28.9383842-06:00" endTime="2026-03-04T10:42:28.9383844-06:00" testType="13cdc9d9-ddb5-4fa4-a97d-d965ccfc6d4b" outcome="Passed" testListId="8c84fa94-04c1-424b-9868-57a2d4851a1d" relativeResultsDirectory="bf6fd451-a719-4340-a54f-9b3443c18203" />
    <UnitTestResult executionId="4d6ffcd6-3e98-47b0-b71d-bd9a0adadb7a" testId="5b74792a-1928-a79b-aa0f-98c2242cf4cd" testName="HamptonHawksPlantSales.Tests.Services.AdminServiceTests.ForceComplete_RecordsAdminAction" computerName="MONEYPENNY" duration="00:00:00.0077459" startTime="2026-03-04T10:42:28.9904755-06:00" endTime="2026-03-04T10:42:28.9904757-06:00" testType="13cdc9d9-ddb5-4fa4-a97d-d965ccfc6d4b" outcome="Passed" testListId="8c84fa94-04c1-424b-9868-57a2d4851a1d" relativeResultsDirectory="4d6ffcd6-3e98-47b0-b71d-bd9a0adadb7a" />
    <UnitTestResult executionId="5af06664-3ef5-430a-a357-9c1a80edab67" testId="6d417659-93f7-8941-d80e-fc5aded7402d" testName="HamptonHawksPlantSales.Tests.Services.FulfillmentServiceTests.ManualFulfill_WhenSaleClosed_ReturnsSaleClosedBlocked" computerName="MONEYPENNY" duration="00:00:00.0021546" startTime="2026-03-04T10:42:29.0214809-06:00" endTime="2026-03-04T10:42:29.0214811-06:00" testType="13cdc9d9-ddb5-4fa4-a97d-d965ccfc6d4b" outcome="Passed" testListId="8c84fa94-04c1-424b-9868-57a2d4851a1d" relativeResultsDirectory="5af06664-3ef5-430a-a357-9c1a80edab67" />
    <UnitTestResult executionId="7f319837-4e45-400f-ae36-4fb240c868e3" testId="1bf4f030-0e7a-4a4a-8fb0-2f083b546820" testName="HamptonHawksPlantSales.Tests.Services.FulfillmentServiceTests.Scan_BarcodeNotOnOrder_ReturnsWrongOrder" computerName="MONEYPENNY" duration="00:00:00.0045122" startTime="2026-03-04T10:42:29.1125705-06:00" endTime="2026-03-04T10:42:29.1125708-06:00" testType="13cdc9d9-ddb5-4fa4-a97d-d965ccfc6d4b" outcome="Passed" testListId="8c84fa94-04c1-424b-9868-57a2d4851a1d" relativeResultsDirectory="7f319837-4e45-400f-ae36-4fb240c868e3" />
    <UnitTestResult executionId="df8a9eb2-7879-464b-bdb4-b20bcec57913" testId="54a5fa68-e786-e68c-59ee-20ada004d895" testName="HamptonHawksPlantSales.Tests.Services.FulfillmentConcurrencyHandlingTests.IsRetryableConcurrencyException_ReturnsFalse_ForUnknownMessage" computerName="MONEYPENNY" duration="00:00:00.0111953" startTime="2026-03-04T10:42:28.1852645-06:00" endTime="2026-03-04T10:42:28.1852645-06:00" testType="13cdc9d9-ddb5-4fa4-a97d-d965ccfc6d4b" outcome="Passed" testListId="8c84fa94-04c1-424b-9868-57a2d4851a1d" relativeResultsDirectory="df8a9eb2-7879-464b-bdb4-b20bcec57913" />
    <UnitTestResult executionId="0ec758ac-3eec-4597-86c3-840b56b14685" testId="f4be4ec8-7b26-824f-f0cb-eaef86670fbc" testName="HamptonHawksPlantSales.Tests.Services.FulfillmentServiceTests.Scan_OutOfStock_ReturnsOutOfStock" computerName="MONEYPENNY" duration="00:00:00.0318926" startTime="2026-03-04T10:42:29.0172326-06:00" endTime="2026-03-04T10:42:29.0172327-06:00" testType="13cdc9d9-ddb5-4fa4-a97d-d965ccfc6d4b" outcome="Passed" testListId="8c84fa94-04c1-424b-9868-57a2d4851a1d" relativeResultsDirectory="0ec758ac-3eec-4597-86c3-840b56b14685" />
    <UnitTestResult executionId="023c2d0a-98ae-456c-843a-fd7f55970679" testId="cad7e175-d40d-9fcb-805d-3bf5cac1899a" testName="HamptonHawksPlantSales.Tests.Services.AdminServiceTests.IsSaleClosedAsync_WhenOpen_ReturnsFalse" computerName="MONEYPENNY" duration="00:00:00.0389290" startTime="2026-03-04T10:42:28.9258144-06:00" endTime="2026-03-04T10:42:28.9258145-06:00" testType="13cdc9d9-ddb5-4fa4-a97d-d965ccfc6d4b" outcome="Passed" testListId="8c84fa94-04c1-424b-9868-57a2d4851a1d" relativeResultsDirectory="023c2d0a-98ae-456c-843a-fd7f55970679" />
    <UnitTestResult executionId="337907f7-5285-4456-b5b2-f69ecf7c11cc" testId="e0a22925-4379-3489-af8e-88cdbf5146ce" testName="HamptonHawksPlantSales.Tests.Services.FulfillmentServiceTests.ResetOrder_CompletedOrder_ResetsToInProgress" computerName="MONEYPENNY" duration="00:00:00.0044006" startTime="2026-03-04T10:42:29.1171434-06:00" endTime="2026-03-04T10:42:29.1171436-06:00" testType="13cdc9d9-ddb5-4fa4-a97d-d965ccfc6d4b" outcome="Passed" testListId="8c84fa94-04c1-424b-9868-57a2d4851a1d" relativeResultsDirectory="337907f7-5285-4456-b5b2-f69ecf7c11cc" />
    <UnitTestResult executionId="061ab1e2-611f-4bff-bbed-8384604ce803" testId="d1ccba44-a1bd-6451-2124-cfe1ff491945" testName="HamptonHawksPlantSales.Tests.Services.FulfillmentServiceTests.UndoLastScan_WhenSaleClosed_DoesNotModifyInventoryOrFulfillment" computerName="MONEYPENNY" duration="00:00:00.0058703" startTime="2026-03-04T10:42:29.0838778-06:00" endTime="2026-03-04T10:42:29.0838780-06:00" testType="13cdc9d9-ddb5-4fa4-a97d-d965ccfc6d4b" outcome="Passed" testListId="8c84fa94-04c1-424b-9868-57a2d4851a1d" relativeResultsDirectory="061ab1e2-611f-4bff-bbed-8384604ce803" />
    <UnitTestResult executionId="342eb25a-7847-4fda-aabd-d37c1429176e" testId="31e6f454-f0a9-5542-cad9-7c5cb2b7d39f" testName="HamptonHawksPlantSales.Tests.Services.AdminServiceTests.GetActionsAsync_OrderIdFilter_OnlyReturnsOrderEntityType" computerName="MONEYPENNY" duration="00:00:00.0112166" startTime="2026-03-04T10:42:29.0017831-06:00" endTime="2026-03-04T10:42:29.0017833-06:00" testType="13cdc9d9-ddb5-4fa4-a97d-d965ccfc6d4b" outcome="Passed" testListId="8c84fa94-04c1-424b-9868-57a2d4851a1d" relativeResultsDirectory="342eb25a-7847-4fda-aabd-d37c1429176e" />
    <UnitTestResult executionId="ab2fc3c1-3507-4d3d-8c1e-649fe05809ca" testId="ba5023aa-94f0-72cd-741e-7ddf35830f53" testName="HamptonHawksPlantSales.Tests.Services.ImportServiceTests.OrderImport_ParsesQtyOrdered_AndHandlesDuplicateCustomerNames" computerName="MONEYPENNY" duration="00:00:00.0129553" startTime="2026-03-04T10:42:30.0362303-06:00" endTime="2026-03-04T10:42:30.0362306-06:00" testType="13cdc9d9-ddb5-4fa4-a97d-d965ccfc6d4b" outcome="Passed" testListId="8c84fa94-04c1-424b-9868-57a2d4851a1d" relativeResultsDirectory="ab2fc3c1-3507-4d3d-8c1e-649fe05809ca" />
    <UnitTestResult executionId="dc78fcc5-0afc-4149-ad69-86b6b111bc57" testId="c490e4b0-4d94-98f7-144b-184640b7153b" testName="HamptonHawksPlantSales.Tests.Services.FulfillmentServiceTests.Scan_ValidBarcode_CreatesEventBeforeTransaction" computerName="MONEYPENNY" duration="00:00:00.0477060" startTime="2026-03-04T10:42:29.0761639-06:00" endTime="2026-03-04T10:42:29.0761640-06:00" testType="13cdc9d9-ddb5-4fa4-a97d-d965ccfc6d4b" outcome="Failed" testListId="8c84fa94-04c1-424b-9868-57a2d4851a1d" relativeResultsDirectory="dc78fcc5-0afc-4149-ad69-86b6b111bc57">
      <Output>
        <ErrorInfo>
          <Message>Expected evt.Message "What happened: This item could not be reserved for fulfillment. What to do next: Refresh the order and try scanning again. Technical details: Inventory or order row missing during lock." to contain "out of stock".</Message>
          <StackTrace>   at FluentAssertions.Execution.XUnit2TestFramework.Throw(String message)&#xD;
   at FluentAssertions.Execution.TestFrameworkProvider.Throw(String message)&#xD;
   at FluentAssertions.Execution.DefaultAssertionStrategy.HandleFailure(String message)&#xD;
   at FluentAssertions.Execution.AssertionScope.FailWith(Func`1 failReasonFunc)&#xD;
   at FluentAssertions.Execution.AssertionScope.FailWith(Func`1 failReasonFunc)&#xD;
   at FluentAssertions.Execution.AssertionScope.FailWith(String message, Object[] args)&#xD;
   at FluentAssertions.Primitives.StringAssertions`1.Contain(String expected, String because, Object[] becauseArgs)&#xD;
   at HamptonHawksPlantSales.Tests.Services.FulfillmentServiceTests.Scan_ValidBarcode_CreatesEventBeforeTransaction() in C:\Users\CalebBennett\Documents\GitHub\Hampton_Hawk_Plant_Sales\api\tests\HamptonHawksPlantSales.Tests\Services\FulfillmentServiceTests.cs:line 493&#xD;
--- End of stack trace from previous location ---</StackTrace>
        </ErrorInfo>
      </Output>
    </UnitTestResult>
    <UnitTestResult executionId="ebacbfaa-5e5c-4af2-b00a-f7c5dd6b1f44" testId="178be6f5-132c-b7d4-e6b7-db5b273ee1bc" testName="HamptonHawksPlantSales.Tests.Services.FulfillmentServiceTests.Scan_WhenSaleClosed_ReturnsSaleClosedBlocked" computerName="MONEYPENNY" duration="00:00:00.0018731" startTime="2026-03-04T10:42:29.0884778-06:00" endTime="2026-03-04T10:42:29.0884781-06:00" testType="13cdc9d9-ddb5-4fa4-a97d-d965ccfc6d4b" outcome="Passed" testListId="8c84fa94-04c1-424b-9868-57a2d4851a1d" relativeResultsDirectory="ebacbfaa-5e5c-4af2-b00a-f7c5dd6b1f44" />
    <UnitTestResult executionId="b55169f9-509b-4dd3-b2f4-c758a206bb28" testId="5fad96be-ec19-f700-c581-f3b90e207436" testName="HamptonHawksPlantSales.Tests.Services.AdminActionsControllerTests.GetAll_ForwardsFiltersAndReturnsEnvelope" computerName="MONEYPENNY" duration="00:00:00.1029019" startTime="2026-03-04T10:42:28.2761586-06:00" endTime="2026-03-04T10:42:28.2761593-06:00" testType="13cdc9d9-ddb5-4fa4-a97d-d965ccfc6d4b" outcome="Passed" testListId="8c84fa94-04c1-424b-9868-57a2d4851a1d" relativeResultsDirectory="b55169f9-509b-4dd3-b2f4-c758a206bb28" />
    <UnitTestResult executionId="8cfead8d-2d9a-414c-a4aa-c2b65e47a074" testId="23b161d8-3af3-b328-0e5d-a8d03f7b1efb" testName="HamptonHawksPlantSales.Tests.Services.FulfillmentConcurrencyHandlingTests.IsRetryableConcurrencyException_ReturnsTrue_ForKnownMessages(message: &quot;concurrent update&quot;)" computerName="MONEYPENNY" duration="00:00:00.0001111" startTime="2026-03-04T10:42:28.1857085-06:00" endTime="2026-03-04T10:42:28.1857085-06:00" testType="13cdc9d9-ddb5-4fa4-a97d-d965ccfc6d4b" outcome="Passed" testListId="8c84fa94-04c1-424b-9868-57a2d4851a1d" relativeResultsDirectory="8cfead8d-2d9a-414c-a4aa-c2b65e47a074" />
    <UnitTestResult executionId="213e2f1b-86c9-44f7-9a0d-4cb59c478881" testId="c4cee08f-5922-4783-497b-6d049158aa6b" testName="HamptonHawksPlantSales.Tests.Services.OrderServiceTests.UpdateLine_InvalidQty_ReturnsValidation(qty: 0)" computerName="MONEYPENNY" duration="00:00:00.0026732" startTime="2026-03-04T10:42:28.9316601-06:00" endTime="2026-03-04T10:42:28.9316604-06:00" testType="13cdc9d9-ddb5-4fa4-a97d-d965ccfc6d4b" outcome="Passed" testListId="8c84fa94-04c1-424b-9868-57a2d4851a1d" relativeResultsDirectory="213e2f1b-86c9-44f7-9a0d-4cb59c478881" />
    <UnitTestResult executionId="20f061ff-ba99-4c55-ac47-fd7fa67589a5" testId="fef8c6d2-0dd2-d354-24cc-dbd49209d283" testName="HamptonHawksPlantSales.Tests.Services.FulfillmentServiceTests.ManualFulfill_InvalidLineForOrder_ThrowsValidationException" computerName="MONEYPENNY" duration="00:00:00.0066127" startTime="2026-03-04T10:42:29.1309903-06:00" endTime="2026-03-04T10:42:29.1309908-06:00" testType="13cdc9d9-ddb5-4fa4-a97d-d965ccfc6d4b" outcome="Passed" testListId="8c84fa94-04c1-424b-9868-57a2d4851a1d" relativeResultsDirectory="20f061ff-ba99-4c55-ac47-fd7fa67589a5" />
    <UnitTestResult executionId="8c044059-31e8-4bf7-b108-c7487ca4eae2" testId="858a9a5b-21a2-ca8c-e475-665e2832e365" testName="HamptonHawksPlantSales.Tests.Services.AdminServiceTests.LogActionAsync_CreatesAdminAction" computerName="MONEYPENNY" duration="00:00:00.0091524" startTime="2026-03-04T10:42:28.9826182-06:00" endTime="2026-03-04T10:42:28.9826183-06:00" testType="13cdc9d9-ddb5-4fa4-a97d-d965ccfc6d4b" outcome="Passed" testListId="8c84fa94-04c1-424b-9868-57a2d4851a1d" relativeResultsDirectory="8c044059-31e8-4bf7-b108-c7487ca4eae2" />
    <UnitTestResult executionId="8ed0bd69-27e3-48fa-8e2e-0898e86e8dd7" testId="02f645b2-c08b-5c29-f073-78f8987bc83d" testName="HamptonHawksPlantSales.Tests.Services.AdminPinActionFilterTests.FulfillmentForceCompleteEndpoint_IsDecoratedWithRequiresAdminPin" computerName="MONEYPENNY" duration="00:00:00.0113874" startTime="2026-03-04T10:42:28.2148833-06:00" endTime="2026-03-04T10:42:28.2148834-06:00" testType="13cdc9d9-ddb5-4fa4-a97d-d965ccfc6d4b" outcome="Passed" testListId="8c84fa94-04c1-424b-9868-57a2d4851a1d" relativeResultsDirectory="8ed0bd69-27e3-48fa-8e2e-0898e86e8dd7" />
    <UnitTestResult executionId="1a2482b0-aeb1-4cc3-9fcc-7309a41b937f" testId="fe922006-40f8-c65c-adf1-92e090df2df0" testName="HamptonHawksPlantSales.Tests.Services.ImportServiceTests.PlantImport_DuplicateBarcode_CreatesIssueAndAccurateCounts" computerName="MONEYPENNY" duration="00:00:00.7414261" startTime="2026-03-04T10:42:28.9238373-06:00" endTime="2026-03-04T10:42:28.9238374-06:00" testType="13cdc9d9-ddb5-4fa4-a97d-d965ccfc6d4b" outcome="Passed" testListId="8c84fa94-04c1-424b-9868-57a2d4851a1d" relativeResultsDirectory="1a2482b0-aeb1-4cc3-9fcc-7309a41b937f" />
    <UnitTestResult executionId="11ae2e52-02ac-4930-99f6-2c5c501a6c5b" testId="c30dc1f6-5e7f-4dee-65c3-95f80bdfc8e5" testName="HamptonHawksPlantSales.Tests.Services.OrderServiceTests.UpdateLine_WithQtyOnly_PreservesPlantAndUpdatesQty" computerName="MONEYPENNY" duration="00:00:00.7211805" startTime="2026-03-04T10:42:28.8943567-06:00" endTime="2026-03-04T10:42:28.8943570-06:00" testType="13cdc9d9-ddb5-4fa4-a97d-d965ccfc6d4b" outcome="Passed" testListId="8c84fa94-04c1-424b-9868-57a2d4851a1d" relativeResultsDirectory="11ae2e52-02ac-4930-99f6-2c5c501a6c5b" />
    <UnitTestResult executionId="4c304a02-6b98-479d-a6d4-4a3738893732" testId="483fe2a7-a831-0002-8676-bb6d1f2cb28f" testName="HamptonHawksPlantSales.Tests.Services.AdminServiceTests.IsSaleClosedAsync_WhenClosed_ReturnsTrue" computerName="MONEYPENNY" duration="00:00:00.7136455" startTime="2026-03-04T10:42:28.8867819-06:00" endTime="2026-03-04T10:42:28.8867821-06:00" testType="13cdc9d9-ddb5-4fa4-a97d-d965ccfc6d4b" outcome="Passed" testListId="8c84fa94-04c1-424b-9868-57a2d4851a1d" relativeResultsDirectory="4c304a02-6b98-479d-a6d4-4a3738893732" />
    <UnitTestResult executionId="ec8b8fbf-61b3-4005-9993-c643702fcf23" testId="d448ecd5-2654-35ad-64fe-3f5dd40524af" testName="HamptonHawksPlantSales.Tests.Services.FulfillmentServiceTests.ManualFulfill_SucceedsAndWritesAuditEvent" computerName="MONEYPENNY" duration="00:00:00.8120197" startTime="2026-03-04T10:42:28.9852345-06:00" endTime="2026-03-04T10:42:28.9852346-06:00" testType="13cdc9d9-ddb5-4fa4-a97d-d965ccfc6d4b" outcome="Passed" testListId="8c84fa94-04c1-424b-9868-57a2d4851a1d" relativeResultsDirectory="ec8b8fbf-61b3-4005-9993-c643702fcf23" />
    <UnitTestResult executionId="4a6739da-37a1-4f03-943a-ace4164045d0" testId="24a46d94-6be2-f753-7c8f-5cab3d511df2" testName="HamptonHawksPlantSales.Tests.Services.OrderLineMutationIntegrationTests.UpdateLine_InvalidQtyOrdered_Returns400WithStructuredErrorPayload" computerName="MONEYPENNY" duration="00:00:00.0091808" startTime="2026-03-04T10:42:28.4177583-06:00" endTime="2026-03-04T10:42:28.4177587-06:00" testType="13cdc9d9-ddb5-4fa4-a97d-d965ccfc6d4b" outcome="Failed" testListId="8c84fa94-04c1-424b-9868-57a2d4851a1d" relativeResultsDirectory="4a6739da-37a1-4f03-943a-ace4164045d0">
      <Output>
        <ErrorInfo>
          <Message>System.InvalidOperationException : Services for database providers 'Npgsql.EntityFrameworkCore.PostgreSQL', 'Microsoft.EntityFrameworkCore.InMemory' have been registered in the service provider. Only a single database provider can be registered in a service provider. If possible, ensure that Entity Framework is managing its service provider by removing the call to 'UseInternalServiceProvider'. Otherwise, consider conditionally registering the database provider, or maintaining one service provider per database provider.</Message>
          <StackTrace>   at Microsoft.EntityFrameworkCore.Internal.DbContextServices.Initialize(IServiceProvider scopedProvider, DbContextOptions contextOptions, DbContext context)&#xD;
   at Microsoft.EntityFrameworkCore.DbContext.get_ContextServices()&#xD;
   at Microsoft.EntityFrameworkCore.DbContext.get_InternalServiceProvider()&#xD;
   at Microsoft.EntityFrameworkCore.DbContext.Microsoft.EntityFrameworkCore.Infrastructure.IInfrastructure&lt;System.IServiceProvider&gt;.get_Instance()&#xD;
   at Microsoft.EntityFrameworkCore.Infrastructure.Internal.InfrastructureExtensions.GetService(IInfrastructure`1 accessor, Type serviceType)&#xD;
   at Microsoft.EntityFrameworkCore.Infrastructure.Internal.InfrastructureExtensions.GetService[TService](IInfrastructure`1 accessor)&#xD;
   at Microsoft.EntityFrameworkCore.Infrastructure.AccessorExtensions.GetService[TService](IInfrastructure`1 accessor)&#xD;
   at Microsoft.EntityFrameworkCore.RelationalDatabaseFacadeExtensions.IsRelational(DatabaseFacade databaseFacade)&#xD;
   at Program.&lt;Main&gt;$(String[] args) in C:\Users\CalebBennett\Documents\GitHub\Hampton_Hawk_Plant_Sales\api\src\HamptonHawksPlantSales.Api\Program.cs:line 97&#xD;
   at Program.&lt;Main&gt;(String[] args)&#xD;
   at InvokeStub_Program.&lt;Main&gt;(Object, Span`1)&#xD;
   at System.Reflection.MethodBaseInvoker.InvokeWithOneArg(Object obj, BindingFlags invokeAttr, Binder binder, Object[] parameters, CultureInfo culture)&#xD;
--- End of stack trace from previous location ---&#xD;
   at Microsoft.AspNetCore.Mvc.Testing.DeferredHostBuilder.DeferredHost.StartAsync(CancellationToken cancellationToken)&#xD;
   at Microsoft.Extensions.Hosting.HostingAbstractionsHostExtensions.Start(IHost host)&#xD;
   at Microsoft.AspNetCore.Mvc.Testing.WebApplicationFactory`1.CreateHost(IHostBuilder builder)&#xD;
   at Microsoft.AspNetCore.Mvc.Testing.WebApplicationFactory`1.ConfigureHostBuilder(IHostBuilder hostBuilder)&#xD;
   at Microsoft.AspNetCore.Mvc.Testing.WebApplicationFactory`1.EnsureServer()&#xD;
   at Microsoft.AspNetCore.Mvc.Testing.WebApplicationFactory`1.CreateDefaultClient(DelegatingHandler[] handlers)&#xD;
   at Microsoft.AspNetCore.Mvc.Testing.WebApplicationFactory`1.CreateDefaultClient(Uri baseAddress, DelegatingHandler[] handlers)&#xD;
   at Microsoft.AspNetCore.Mvc.Testing.WebApplicationFactory`1.CreateClient(WebApplicationFactoryClientOptions options)&#xD;
   at Microsoft.AspNetCore.Mvc.Testing.WebApplicationFactory`1.CreateClient()&#xD;
   at HamptonHawksPlantSales.Tests.Services.OrderLineMutationIntegrationTests.UpdateLine_InvalidQtyOrdered_Returns400WithStructuredErrorPayload() in C:\Users\CalebBennett\Documents\GitHub\Hampton_Hawk_Plant_Sales\api\tests\HamptonHawksPlantSales.Tests\Services\OrderLineMutationIntegrationTests.cs:line 20&#xD;
   at HamptonHawksPlantSales.Tests.Services.OrderLineMutationIntegrationTests.UpdateLine_InvalidQtyOrdered_Returns400WithStructuredErrorPayload() in C:\Users\CalebBennett\Documents\GitHub\Hampton_Hawk_Plant_Sales\api\tests\HamptonHawksPlantSales.Tests\Services\OrderLineMutationIntegrationTests.cs:line 35&#xD;
--- End of stack trace from previous location ---</StackTrace>
        </ErrorInfo>
      </Output>
    </UnitTestResult>
    <UnitTestResult executionId="879fe680-c990-4df4-9bfd-4954185219c9" testId="754b0328-2b72-4b6b-0914-7825feffa237" testName="HamptonHawksPlantSales.Tests.Services.ImportServiceTests.PlantImport_UpsertsExistingSku_WhenEnabled" computerName="MONEYPENNY" duration="00:00:00.0109190" startTime="2026-03-04T10:42:29.0521003-06:00" endTime="2026-03-04T10:42:29.0521007-06:00" testType="13cdc9d9-ddb5-4fa4-a97d-d965ccfc6d4b" outcome="Passed" testListId="8c84fa94-04c1-424b-9868-57a2d4851a1d" relativeResultsDirectory="879fe680-c990-4df4-9bfd-4954185219c9" />
    <UnitTestResult executionId="a5dc2942-d036-42b1-80b8-7c0134dfa6ff" testId="fa01b15a-8f77-1438-aabf-524f26e039b7" testName="HamptonHawksPlantSales.Tests.Services.SellerServiceTests.GetAll_WithTextSearch_MatchesDisplayNameAndLastName" computerName="MONEYPENNY" duration="00:00:00.0547231" startTime="2026-03-04T10:42:28.9419221-06:00" endTime="2026-03-04T10:42:28.9419223-06:00" testType="13cdc9d9-ddb5-4fa4-a97d-d965ccfc6d4b" outcome="Passed" testListId="8c84fa94-04c1-424b-9868-57a2d4851a1d" relativeResultsDirectory="a5dc2942-d036-42b1-80b8-7c0134dfa6ff" />
    <UnitTestResult executionId="00cb417b-e122-4154-9356-0360f895f9bf" testId="b829df8c-b081-4965-579b-5187b159938b" testName="HamptonHawksPlantSales.Tests.Services.ResponseEnvelopeTests.VersionEndpoint_ReturnsStandardEnvelope" computerName="MONEYPENNY" duration="00:00:00.0021289" startTime="2026-03-04T10:42:28.2278744-06:00" endTime="2026-03-04T10:42:28.2278748-06:00" testType="13cdc9d9-ddb5-4fa4-a97d-d965ccfc6d4b" outcome="Passed" testListId="8c84fa94-04c1-424b-9868-57a2d4851a1d" relativeResultsDirectory="00cb417b-e122-4154-9356-0360f895f9bf" />
    <UnitTestResult executionId="f897b186-b75a-4b41-a28c-bc4538f33193" testId="ecc0a80c-e5d5-3021-4667-b598975d0d5e" testName="HamptonHawksPlantSales.Tests.Services.ImportServiceTests.OrderImport_Pdf_ExtractsCustomerAndLineItems" computerName="MONEYPENNY" duration="00:00:00.1171015" startTime="2026-03-04T10:42:29.0410646-06:00" endTime="2026-03-04T10:42:29.0410647-06:00" testType="13cdc9d9-ddb5-4fa4-a97d-d965ccfc6d4b" outcome="Passed" testListId="8c84fa94-04c1-424b-9868-57a2d4851a1d" relativeResultsDirectory="f897b186-b75a-4b41-a28c-bc4538f33193" />
    <UnitTestResult executionId="1360cee2-1239-463b-b848-8ca43f771b1c" testId="03111b0f-3fb7-61f1-5052-044ff2499881" testName="HamptonHawksPlantSales.Tests.Services.FulfillmentServiceTests.Scan_SkuNotOnOrder_ReturnsWrongOrder" computerName="MONEYPENNY" duration="00:00:00.0030092" startTime="2026-03-04T10:42:29.0778794-06:00" endTime="2026-03-04T10:42:29.0778796-06:00" testType="13cdc9d9-ddb5-4fa4-a97d-d965ccfc6d4b" outcome="Passed" testListId="8c84fa94-04c1-424b-9868-57a2d4851a1d" relativeResultsDirectory="1360cee2-1239-463b-b848-8ca43f771b1c" />
    <UnitTestResult executionId="29fd11e6-a445-43a6-aab6-b62d3b988aac" testId="8afd7176-8f89-4618-7b40-3cd2867ead5b" testName="HamptonHawksPlantSales.Tests.Services.CustomerServiceTests.GetAll_WithLetterWildcard_FiltersByDisplayNameInitial" computerName="MONEYPENNY" duration="00:00:00.0553801" startTime="2026-03-04T10:42:28.9419716-06:00" endTime="2026-03-04T10:42:28.9419716-06:00" testType="13cdc9d9-ddb5-4fa4-a97d-d965ccfc6d4b" outcome="Passed" testListId="8c84fa94-04c1-424b-9868-57a2d4851a1d" relativeResultsDirectory="29fd11e6-a445-43a6-aab6-b62d3b988aac" />
    <UnitTestResult executionId="8b057d3a-eaa0-4f41-bb04-39f4b66cd416" testId="7ab7921f-6258-70ec-bf2b-4be364bca0e6" testName="HamptonHawksPlantSales.Tests.Services.ResponseEnvelopeTests.ExceptionMiddleware_ReturnsEnvelopeWithDataNull" computerName="MONEYPENNY" duration="00:00:00.0025423" startTime="2026-03-04T10:42:28.2305189-06:00" endTime="2026-03-04T10:42:28.2305190-06:00" testType="13cdc9d9-ddb5-4fa4-a97d-d965ccfc6d4b" outcome="Passed" testListId="8c84fa94-04c1-424b-9868-57a2d4851a1d" relativeResultsDirectory="8b057d3a-eaa0-4f41-bb04-39f4b66cd416" />
    <UnitTestResult executionId="2defad87-64ee-42c0-b67c-ad1c9a94338f" testId="3df375ef-e4f8-21b0-4e3a-ee17f5b245aa" testName="HamptonHawksPlantSales.Tests.Services.ImportServiceTests.PlantImport_XlsxWithZeroWorksheets_ThrowsValidationError" computerName="MONEYPENNY" duration="00:00:00.1185666" startTime="2026-03-04T10:42:29.1739569-06:00" endTime="2026-03-04T10:42:29.1739572-06:00" testType="13cdc9d9-ddb5-4fa4-a97d-d965ccfc6d4b" outcome="Failed" testListId="8c84fa94-04c1-424b-9868-57a2d4851a1d" relativeResultsDirectory="2defad87-64ee-42c0-b67c-ad1c9a94338f">
      <Output>
        <ErrorInfo>
          <Message>System.InvalidOperationException : Workbooks need at least one worksheet.</Message>
          <StackTrace>   at ClosedXML.Excel.XLWorkbook.checkForWorksheetsPresent()&#xD;
   at ClosedXML.Excel.XLWorkbook.SaveAs(Stream stream, SaveOptions options)&#xD;
   at ClosedXML.Excel.XLWorkbook.SaveAs(Stream stream, Boolean validate, Boolean evaluateFormulae)&#xD;
   at ClosedXML.Excel.XLWorkbook.SaveAs(Stream stream)&#xD;
   at HamptonHawksPlantSales.Tests.Services.ImportServiceTests.CreateWorkbookStream(Action`1 configure) in C:\Users\CalebBennett\Documents\GitHub\Hampton_Hawk_Plant_Sales\api\tests\HamptonHawksPlantSales.Tests\Services\ImportServiceTests.cs:line 221&#xD;
   at HamptonHawksPlantSales.Tests.Services.ImportServiceTests.PlantImport_XlsxWithZeroWorksheets_ThrowsValidationError() in C:\Users\CalebBennett\Documents\GitHub\Hampton_Hawk_Plant_Sales\api\tests\HamptonHawksPlantSales.Tests\Services\ImportServiceTests.cs:line 159&#xD;
--- End of stack trace from previous location ---</StackTrace>
        </ErrorInfo>
      </Output>
    </UnitTestResult>
    <UnitTestResult executionId="65db5917-6daf-4add-bda6-72419b83cdec" testId="fa5911a9-5b33-6641-082b-399f9eb75e8c" testName="HamptonHawksPlantSales.Tests.Services.SellerServiceTests.GetAll_WithLetterWildcard_FiltersByDisplayNameInitial" computerName="MONEYPENNY" duration="00:00:00.7138397" startTime="2026-03-04T10:42:28.8870539-06:00" endTime="2026-03-04T10:42:28.8870541-06:00" testType="13cdc9d9-ddb5-4fa4-a97d-d965ccfc6d4b" outcome="Passed" testListId="8c84fa94-04c1-424b-9868-57a2d4851a1d" relativeResultsDirectory="65db5917-6daf-4add-bda6-72419b83cdec" />
    <UnitTestResult executionId="7d13e430-7cce-4b22-8e51-97662467de0d" testId="b48d06a8-86f6-debe-a354-20a679ac19dc" testName="HamptonHawksPlantSales.Tests.Services.InventoryProtectionServiceTests.CalculateAvailableForWalkup_MultiplePreorders_SumsRemaining" computerName="MONEYPENNY" duration="00:00:00.0022297" startTime="2026-03-04T10:42:28.9324720-06:00" endTime="2026-03-04T10:42:28.9324722-06:00" testType="13cdc9d9-ddb5-4fa4-a97d-d965ccfc6d4b" outcome="Passed" testListId="8c84fa94-04c1-424b-9868-57a2d4851a1d" relativeResultsDirectory="7d13e430-7cce-4b22-8e51-97662467de0d" />
    <UnitTestResult executionId="11cb4c7f-943d-4ef3-82e5-60a8f132899c" testId="fad402e5-e654-33c3-e978-b504c51e25b3" testName="HamptonHawksPlantSales.Tests.Services.AdminPinActionFilterTests.AdminActionsGetAllEndpoint_IsDecoratedWithRequiresAdminPin" computerName="MONEYPENNY" duration="00:00:00.0005638" startTime="2026-03-04T10:42:28.2234148-06:00" endTime="2026-03-04T10:42:28.2234149-06:00" testType="13cdc9d9-ddb5-4fa4-a97d-d965ccfc6d4b" outcome="Passed" testListId="8c84fa94-04c1-424b-9868-57a2d4851a1d" relativeResultsDirectory="11cb4c7f-943d-4ef3-82e5-60a8f132899c" />
    <UnitTestResult executionId="e2d290da-d58c-4922-8927-6e5d53f86570" testId="8b8b30c5-ed24-8f80-fdbc-9582b91215a5" testName="HamptonHawksPlantSales.Tests.Services.AdminServiceTests.GetActionsAsync_ReturnsNewestFirst" computerName="MONEYPENNY" duration="00:00:00.0178459" startTime="2026-03-04T10:42:29.0220733-06:00" endTime="2026-03-04T10:42:29.0220734-06:00" testType="13cdc9d9-ddb5-4fa4-a97d-d965ccfc6d4b" outcome="Passed" testListId="8c84fa94-04c1-424b-9868-57a2d4851a1d" relativeResultsDirectory="e2d290da-d58c-4922-8927-6e5d53f86570" />
    <UnitTestResult executionId="012b5a09-8d17-4783-b735-da87766d244d" testId="71863316-5fc4-9b59-ca6b-fb5f95de7f37" testName="HamptonHawksPlantSales.Tests.Services.FulfillmentServiceTests.Scan_SaleClosedBlocked_CreatesFulfillmentEvent" computerName="MONEYPENNY" duration="00:00:00.0070173" startTime="2026-03-04T10:42:29.1242631-06:00" endTime="2026-03-04T10:42:29.1242634-06:00" testType="13cdc9d9-ddb5-4fa4-a97d-d965ccfc6d4b" outcome="Passed" testListId="8c84fa94-04c1-424b-9868-57a2d4851a1d" relativeResultsDirectory="012b5a09-8d17-4783-b735-da87766d244d" />
  </Results>
  <TestDefinitions>
    <UnitTest name="HamptonHawksPlantSales.Tests.Services.AdminActionsControllerTests.GetAll_ForwardsFiltersAndReturnsEnvelope" storage="c:\users\calebbennett\documents\github\hampton_hawk_plant_sales\api\tests\hamptonhawksplantsales.tests\bin\debug\net9.0\hamptonhawksplantsales.tests.dll" id="5fad96be-ec19-f700-c581-f3b90e207436">
      <Execution id="b55169f9-509b-4dd3-b2f4-c758a206bb28" />
      <TestMethod codeBase="C:\Users\CalebBennett\Documents\GitHub\Hampton_Hawk_Plant_Sales\api\tests\HamptonHawksPlantSales.Tests\bin\Debug\net9.0\HamptonHawksPlantSales.Tests.dll" adapterTypeName="executor://xunit/VsTestRunner2/netcoreapp" className="HamptonHawksPlantSales.Tests.Services.AdminActionsControllerTests" name="GetAll_ForwardsFiltersAndReturnsEnvelope" />
    </UnitTest>
    <UnitTest name="HamptonHawksPlantSales.Tests.Services.OrderServiceTests.UpdateLine_InvalidQty_ReturnsValidation(qty: -1)" storage="c:\users\calebbennett\documents\github\hampton_hawk_plant_sales\api\tests\hamptonhawksplantsales.tests\bin\debug\net9.0\hamptonhawksplantsales.tests.dll" id="fe9a0439-db39-f790-2b7d-e342663dbeda">
      <Execution id="69942590-02d4-4a1c-94dc-36edb01d03d5" />
      <TestMethod codeBase="C:\Users\CalebBennett\Documents\GitHub\Hampton_Hawk_Plant_Sales\api\tests\HamptonHawksPlantSales.Tests\bin\Debug\net9.0\HamptonHawksPlantSales.Tests.dll" adapterTypeName="executor://xunit/VsTestRunner2/netcoreapp" className="HamptonHawksPlantSales.Tests.Services.OrderServiceTests" name="UpdateLine_InvalidQty_ReturnsValidation" />
    </UnitTest>
    <UnitTest name="HamptonHawksPlantSales.Tests.Services.PlantInventoryCreationTests.CreatePlant_AutoCreatesInventoryWithZero" storage="c:\users\calebbennett\documents\github\hampton_hawk_plant_sales\api\tests\hamptonhawksplantsales.tests\bin\debug\net9.0\hamptonhawksplantsales.tests.dll" id="35d59677-a689-9ab7-642e-ad6518c1e713">
      <Execution id="1521c231-f972-40eb-9661-336a0ffeccd3" />
      <TestMethod codeBase="C:\Users\CalebBennett\Documents\GitHub\Hampton_Hawk_Plant_Sales\api\tests\HamptonHawksPlantSales.Tests\bin\Debug\net9.0\HamptonHawksPlantSales.Tests.dll" adapterTypeName="executor://xunit/VsTestRunner2/netcoreapp" className="HamptonHawksPlantSales.Tests.Services.PlantInventoryCreationTests" name="CreatePlant_AutoCreatesInventoryWithZero" />
    </UnitTest>
    <UnitTest name="HamptonHawksPlantSales.Tests.PlaceholderTests.Placeholder_ShouldPass" storage="c:\users\calebbennett\documents\github\hampton_hawk_plant_sales\api\tests\hamptonhawksplantsales.tests\bin\debug\net9.0\hamptonhawksplantsales.tests.dll" id="d645d76f-a260-da5a-b085-bc542cffb0b0">
      <Execution id="a1ac4648-96fe-4dee-8c16-5be30a0c4408" />
      <TestMethod codeBase="C:\Users\CalebBennett\Documents\GitHub\Hampton_Hawk_Plant_Sales\api\tests\HamptonHawksPlantSales.Tests\bin\Debug\net9.0\HamptonHawksPlantSales.Tests.dll" adapterTypeName="executor://xunit/VsTestRunner2/netcoreapp" className="HamptonHawksPlantSales.Tests.PlaceholderTests" name="Placeholder_ShouldPass" />
    </UnitTest>
    <UnitTest name="HamptonHawksPlantSales.Tests.Services.FulfillmentConcurrencyHandlingTests.IsRetryableConcurrencyException_ReturnsFalse_ForUnknownMessage" storage="c:\users\calebbennett\documents\github\hampton_hawk_plant_sales\api\tests\hamptonhawksplantsales.tests\bin\debug\net9.0\hamptonhawksplantsales.tests.dll" id="54a5fa68-e786-e68c-59ee-20ada004d895">
      <Execution id="df8a9eb2-7879-464b-bdb4-b20bcec57913" />
      <TestMethod codeBase="C:\Users\CalebBennett\Documents\GitHub\Hampton_Hawk_Plant_Sales\api\tests\HamptonHawksPlantSales.Tests\bin\Debug\net9.0\HamptonHawksPlantSales.Tests.dll" adapterTypeName="executor://xunit/VsTestRunner2/netcoreapp" className="HamptonHawksPlantSales.Tests.Services.FulfillmentConcurrencyHandlingTests" name="IsRetryableConcurrencyException_ReturnsFalse_ForUnknownMessage" />
    </UnitTest>
    <UnitTest name="HamptonHawksPlantSales.Tests.Services.ImportServiceTests.OrderImport_ParsesQtyOrdered_AndHandlesDuplicateCustomerNames" storage="c:\users\calebbennett\documents\github\hampton_hawk_plant_sales\api\tests\hamptonhawksplantsales.tests\bin\debug\net9.0\hamptonhawksplantsales.tests.dll" id="ba5023aa-94f0-72cd-741e-7ddf35830f53">
      <Execution id="ab2fc3c1-3507-4d3d-8c1e-649fe05809ca" />
      <TestMethod codeBase="C:\Users\CalebBennett\Documents\GitHub\Hampton_Hawk_Plant_Sales\api\tests\HamptonHawksPlantSales.Tests\bin\Debug\net9.0\HamptonHawksPlantSales.Tests.dll" adapterTypeName="executor://xunit/VsTestRunner2/netcoreapp" className="HamptonHawksPlantSales.Tests.Services.ImportServiceTests" name="OrderImport_ParsesQtyOrdered_AndHandlesDuplicateCustomerNames" />
    </UnitTest>
    <UnitTest name="HamptonHawksPlantSales.Tests.Services.FulfillmentServiceTests.Scan_BarcodeNotFound_ReturnsNotFound" storage="c:\users\calebbennett\documents\github\hampton_hawk_plant_sales\api\tests\hamptonhawksplantsales.tests\bin\debug\net9.0\hamptonhawksplantsales.tests.dll" id="11664fcc-31cf-3ba9-d5b0-477fde812a77">
      <Execution id="f90da4f9-f4c0-4c3d-96bc-f73353bccb6a" />
      <TestMethod codeBase="C:\Users\CalebBennett\Documents\GitHub\Hampton_Hawk_Plant_Sales\api\tests\HamptonHawksPlantSales.Tests\bin\Debug\net9.0\HamptonHawksPlantSales.Tests.dll" adapterTypeName="executor://xunit/VsTestRunner2/netcoreapp" className="HamptonHawksPlantSales.Tests.Services.FulfillmentServiceTests" name="Scan_BarcodeNotFound_ReturnsNotFound" />
    </UnitTest>
    <UnitTest name="HamptonHawksPlantSales.Tests.Services.CustomerServiceTests.GetAll_WithLetterWildcard_FiltersByDisplayNameInitial" storage="c:\users\calebbennett\documents\github\hampton_hawk_plant_sales\api\tests\hamptonhawksplantsales.tests\bin\debug\net9.0\hamptonhawksplantsales.tests.dll" id="8afd7176-8f89-4618-7b40-3cd2867ead5b">
      <Execution id="29fd11e6-a445-43a6-aab6-b62d3b988aac" />
      <TestMethod codeBase="C:\Users\CalebBennett\Documents\GitHub\Hampton_Hawk_Plant_Sales\api\tests\HamptonHawksPlantSales.Tests\bin\Debug\net9.0\HamptonHawksPlantSales.Tests.dll" adapterTypeName="executor://xunit/VsTestRunner2/netcoreapp" className="HamptonHawksPlantSales.Tests.Services.CustomerServiceTests" name="GetAll_WithLetterWildcard_FiltersByDisplayNameInitial" />
    </UnitTest>
    <UnitTest name="HamptonHawksPlantSales.Tests.Services.ResponseEnvelopeTests.ApiResponseFail_IncludesDataNull_WhenSerializedWithIgnoreNulls" storage="c:\users\calebbennett\documents\github\hampton_hawk_plant_sales\api\tests\hamptonhawksplantsales.tests\bin\debug\net9.0\hamptonhawksplantsales.tests.dll" id="c33fc252-d05c-b42b-d8ed-02c0c0be0a46">
      <Execution id="89d15323-5b87-43a5-9beb-985d2e8b2c55" />
      <TestMethod codeBase="C:\Users\CalebBennett\Documents\GitHub\Hampton_Hawk_Plant_Sales\api\tests\HamptonHawksPlantSales.Tests\bin\Debug\net9.0\HamptonHawksPlantSales.Tests.dll" adapterTypeName="executor://xunit/VsTestRunner2/netcoreapp" className="HamptonHawksPlantSales.Tests.Services.ResponseEnvelopeTests" name="ApiResponseFail_IncludesDataNull_WhenSerializedWithIgnoreNulls" />
    </UnitTest>
    <UnitTest name="HamptonHawksPlantSales.Tests.Services.FulfillmentServiceTests.ManualFulfill_InvalidLineForOrder_ThrowsValidationException" storage="c:\users\calebbennett\documents\github\hampton_hawk_plant_sales\api\tests\hamptonhawksplantsales.tests\bin\debug\net9.0\hamptonhawksplantsales.tests.dll" id="fef8c6d2-0dd2-d354-24cc-dbd49209d283">
      <Execution id="20f061ff-ba99-4c55-ac47-fd7fa67589a5" />
      <TestMethod codeBase="C:\Users\CalebBennett\Documents\GitHub\Hampton_Hawk_Plant_Sales\api\tests\HamptonHawksPlantSales.Tests\bin\Debug\net9.0\HamptonHawksPlantSales.Tests.dll" adapterTypeName="executor://xunit/VsTestRunner2/netcoreapp" className="HamptonHawksPlantSales.Tests.Services.FulfillmentServiceTests" name="ManualFulfill_InvalidLineForOrder_ThrowsValidationException" />
    </UnitTest>
    <UnitTest name="HamptonHawksPlantSales.Tests.Services.FulfillmentConcurrencyHandlingTests.IsRetryableConcurrencyException_ReturnsTrue_ForKnownMessages(message: &quot;concurrent update&quot;)" storage="c:\users\calebbennett\documents\github\hampton_hawk_plant_sales\api\tests\hamptonhawksplantsales.tests\bin\debug\net9.0\hamptonhawksplantsales.tests.dll" id="23b161d8-3af3-b328-0e5d-a8d03f7b1efb">
      <Execution id="8cfead8d-2d9a-414c-a4aa-c2b65e47a074" />
      <TestMethod codeBase="C:\Users\CalebBennett\Documents\GitHub\Hampton_Hawk_Plant_Sales\api\tests\HamptonHawksPlantSales.Tests\bin\Debug\net9.0\HamptonHawksPlantSales.Tests.dll" adapterTypeName="executor://xunit/VsTestRunner2/netcoreapp" className="HamptonHawksPlantSales.Tests.Services.FulfillmentConcurrencyHandlingTests" name="IsRetryableConcurrencyException_ReturnsTrue_ForKnownMessages" />
    </UnitTest>
    <UnitTest name="HamptonHawksPlantSales.Tests.Services.AdminServiceTests.ForceComplete_WithPin_CompletesOrderWithUnfulfilledLines" storage="c:\users\calebbennett\documents\github\hampton_hawk_plant_sales\api\tests\hamptonhawksplantsales.tests\bin\debug\net9.0\hamptonhawksplantsales.tests.dll" id="eecb65a8-e893-e540-869b-6b18b7c2f284">
      <Execution id="4db66e2e-b22f-492d-91be-fd6236dbe1d4" />
      <TestMethod codeBase="C:\Users\CalebBennett\Documents\GitHub\Hampton_Hawk_Plant_Sales\api\tests\HamptonHawksPlantSales.Tests\bin\Debug\net9.0\HamptonHawksPlantSales.Tests.dll" adapterTypeName="executor://xunit/VsTestRunner2/netcoreapp" className="HamptonHawksPlantSales.Tests.Services.AdminServiceTests" name="ForceComplete_WithPin_CompletesOrderWithUnfulfilledLines" />
    </UnitTest>
    <UnitTest name="HamptonHawksPlantSales.Tests.Services.AdminServiceTests.GetActionsAsync_ReturnsNewestFirst" storage="c:\users\calebbennett\documents\github\hampton_hawk_plant_sales\api\tests\hamptonhawksplantsales.tests\bin\debug\net9.0\hamptonhawksplantsales.tests.dll" id="8b8b30c5-ed24-8f80-fdbc-9582b91215a5">
      <Execution id="e2d290da-d58c-4922-8927-6e5d53f86570" />
      <TestMethod codeBase="C:\Users\CalebBennett\Documents\GitHub\Hampton_Hawk_Plant_Sales\api\tests\HamptonHawksPlantSales.Tests\bin\Debug\net9.0\HamptonHawksPlantSales.Tests.dll" adapterTypeName="executor://xunit/VsTestRunner2/netcoreapp" className="HamptonHawksPlantSales.Tests.Services.AdminServiceTests" name="GetActionsAsync_ReturnsNewestFirst" />
    </UnitTest>
    <UnitTest name="HamptonHawksPlantSales.Tests.Services.CorsConfigurationTests.CorsPolicy_AllowsKnownOrigin_AndBlocksUnknownOrigin" storage="c:\users\calebbennett\documents\github\hampton_hawk_plant_sales\api\tests\hamptonhawksplantsales.tests\bin\debug\net9.0\hamptonhawksplantsales.tests.dll" id="ce115ee7-b66d-5092-e941-62717d4f81fe">
      <Execution id="3e86f5eb-4a5f-4a1e-9918-9a6ca63ec691" />
      <TestMethod codeBase="C:\Users\CalebBennett\Documents\GitHub\Hampton_Hawk_Plant_Sales\api\tests\HamptonHawksPlantSales.Tests\bin\Debug\net9.0\HamptonHawksPlantSales.Tests.dll" adapterTypeName="executor://xunit/VsTestRunner2/netcoreapp" className="HamptonHawksPlantSales.Tests.Services.CorsConfigurationTests" name="CorsPolicy_AllowsKnownOrigin_AndBlocksUnknownOrigin" />
    </UnitTest>
    <UnitTest name="HamptonHawksPlantSales.Tests.Services.SellerServiceTests.GetAll_WithTextSearch_MatchesDisplayNameAndLastName" storage="c:\users\calebbennett\documents\github\hampton_hawk_plant_sales\api\tests\hamptonhawksplantsales.tests\bin\debug\net9.0\hamptonhawksplantsales.tests.dll" id="fa01b15a-8f77-1438-aabf-524f26e039b7">
      <Execution id="a5dc2942-d036-42b1-80b8-7c0134dfa6ff" />
      <TestMethod codeBase="C:\Users\CalebBennett\Documents\GitHub\Hampton_Hawk_Plant_Sales\api\tests\HamptonHawksPlantSales.Tests\bin\Debug\net9.0\HamptonHawksPlantSales.Tests.dll" adapterTypeName="executor://xunit/VsTestRunner2/netcoreapp" className="HamptonHawksPlantSales.Tests.Services.SellerServiceTests" name="GetAll_WithTextSearch_MatchesDisplayNameAndLastName" />
    </UnitTest>
    <UnitTest name="HamptonHawksPlantSales.Tests.Services.FulfillmentServiceTests.Scan_AlreadyFulfilled_ReturnsAlreadyFulfilled" storage="c:\users\calebbennett\documents\github\hampton_hawk_plant_sales\api\tests\hamptonhawksplantsales.tests\bin\debug\net9.0\hamptonhawksplantsales.tests.dll" id="b22f9a36-2714-1b76-a683-cac2520565fd">
      <Execution id="ae8d1be8-dd0b-4660-8ebf-c8301b110fcc" />
      <TestMethod codeBase="C:\Users\CalebBennett\Documents\GitHub\Hampton_Hawk_Plant_Sales\api\tests\HamptonHawksPlantSales.Tests\bin\Debug\net9.0\HamptonHawksPlantSales.Tests.dll" adapterTypeName="executor://xunit/VsTestRunner2/netcoreapp" className="HamptonHawksPlantSales.Tests.Services.FulfillmentServiceTests" name="Scan_AlreadyFulfilled_ReturnsAlreadyFulfilled" />
    </UnitTest>
    <UnitTest name="HamptonHawksPlantSales.Tests.Services.AdminServiceTests.ForceComplete_RecordsAdminAction" storage="c:\users\calebbennett\documents\github\hampton_hawk_plant_sales\api\tests\hamptonhawksplantsales.tests\bin\debug\net9.0\hamptonhawksplantsales.tests.dll" id="5b74792a-1928-a79b-aa0f-98c2242cf4cd">
      <Execution id="4d6ffcd6-3e98-47b0-b71d-bd9a0adadb7a" />
      <TestMethod codeBase="C:\Users\CalebBennett\Documents\GitHub\Hampton_Hawk_Plant_Sales\api\tests\HamptonHawksPlantSales.Tests\bin\Debug\net9.0\HamptonHawksPlantSales.Tests.dll" adapterTypeName="executor://xunit/VsTestRunner2/netcoreapp" className="HamptonHawksPlantSales.Tests.Services.AdminServiceTests" name="ForceComplete_RecordsAdminAction" />
    </UnitTest>
    <UnitTest name="HamptonHawksPlantSales.Tests.Services.ImportServiceTests.PlantImport_XlsxWithDuplicateHeaders_ThrowsValidationError" storage="c:\users\calebbennett\documents\github\hampton_hawk_plant_sales\api\tests\hamptonhawksplantsales.tests\bin\debug\net9.0\hamptonhawksplantsales.tests.dll" id="a3bd9102-2101-d66f-ed2b-3e99ada52cdd">
      <Execution id="064a4708-b123-4857-8b75-8c88c88bc959" />
      <TestMethod codeBase="C:\Users\CalebBennett\Documents\GitHub\Hampton_Hawk_Plant_Sales\api\tests\HamptonHawksPlantSales.Tests\bin\Debug\net9.0\HamptonHawksPlantSales.Tests.dll" adapterTypeName="executor://xunit/VsTestRunner2/netcoreapp" className="HamptonHawksPlantSales.Tests.Services.ImportServiceTests" name="PlantImport_XlsxWithDuplicateHeaders_ThrowsValidationError" />
    </UnitTest>
    <UnitTest name="HamptonHawksPlantSales.Tests.Services.FulfillmentServiceTests.Scan_SaleClosedBlocked_CreatesFulfillmentEvent" storage="c:\users\calebbennett\documents\github\hampton_hawk_plant_sales\api\tests\hamptonhawksplantsales.tests\bin\debug\net9.0\hamptonhawksplantsales.tests.dll" id="71863316-5fc4-9b59-ca6b-fb5f95de7f37">
      <Execution id="012b5a09-8d17-4783-b735-da87766d244d" />
      <TestMethod codeBase="C:\Users\CalebBennett\Documents\GitHub\Hampton_Hawk_Plant_Sales\api\tests\HamptonHawksPlantSales.Tests\bin\Debug\net9.0\HamptonHawksPlantSales.Tests.dll" adapterTypeName="executor://xunit/VsTestRunner2/netcoreapp" className="HamptonHawksPlantSales.Tests.Services.FulfillmentServiceTests" name="Scan_SaleClosedBlocked_CreatesFulfillmentEvent" />
    </UnitTest>
    <UnitTest name="HamptonHawksPlantSales.Tests.Services.OrderServiceTests.UpdateLine_WithQtyOnly_PreservesPlantAndUpdatesQty" storage="c:\users\calebbennett\documents\github\hampton_hawk_plant_sales\api\tests\hamptonhawksplantsales.tests\bin\debug\net9.0\hamptonhawksplantsales.tests.dll" id="c30dc1f6-5e7f-4dee-65c3-95f80bdfc8e5">
      <Execution id="11ae2e52-02ac-4930-99f6-2c5c501a6c5b" />
      <TestMethod codeBase="C:\Users\CalebBennett\Documents\GitHub\Hampton_Hawk_Plant_Sales\api\tests\HamptonHawksPlantSales.Tests\bin\Debug\net9.0\HamptonHawksPlantSales.Tests.dll" adapterTypeName="executor://xunit/VsTestRunner2/netcoreapp" className="HamptonHawksPlantSales.Tests.Services.OrderServiceTests" name="UpdateLine_WithQtyOnly_PreservesPlantAndUpdatesQty" />
    </UnitTest>
    <UnitTest name="HamptonHawksPlantSales.Tests.Services.CustomerServiceTests.GetAll_WithTextSearch_StillMatchesLastName" storage="c:\users\calebbennett\documents\github\hampton_hawk_plant_sales\api\tests\hamptonhawksplantsales.tests\bin\debug\net9.0\hamptonhawksplantsales.tests.dll" id="f41320d6-cd32-846e-b202-a062ab330ed6">
      <Execution id="4c64ff03-3574-40b2-9982-47417313b9ca" />
      <TestMethod codeBase="C:\Users\CalebBennett\Documents\GitHub\Hampton_Hawk_Plant_Sales\api\tests\HamptonHawksPlantSales.Tests\bin\Debug\net9.0\HamptonHawksPlantSales.Tests.dll" adapterTypeName="executor://xunit/VsTestRunner2/netcoreapp" className="HamptonHawksPlantSales.Tests.Services.CustomerServiceTests" name="GetAll_WithTextSearch_StillMatchesLastName" />
    </UnitTest>
    <UnitTest name="HamptonHawksPlantSales.Tests.Services.FulfillmentServiceTests.Scan_ValidBarcode_CreatesEventBeforeTransaction" storage="c:\users\calebbennett\documents\github\hampton_hawk_plant_sales\api\tests\hamptonhawksplantsales.tests\bin\debug\net9.0\hamptonhawksplantsales.tests.dll" id="c490e4b0-4d94-98f7-144b-184640b7153b">
      <Execution id="dc78fcc5-0afc-4149-ad69-86b6b111bc57" />
      <TestMethod codeBase="C:\Users\CalebBennett\Documents\GitHub\Hampton_Hawk_Plant_Sales\api\tests\HamptonHawksPlantSales.Tests\bin\Debug\net9.0\HamptonHawksPlantSales.Tests.dll" adapterTypeName="executor://xunit/VsTestRunner2/netcoreapp" className="HamptonHawksPlantSales.Tests.Services.FulfillmentServiceTests" name="Scan_ValidBarcode_CreatesEventBeforeTransaction" />
    </UnitTest>
    <UnitTest name="HamptonHawksPlantSales.Tests.Services.InventoryProtectionServiceTests.CalculateAvailableForWalkup_WalkupOrdersExcluded" storage="c:\users\calebbennett\documents\github\hampton_hawk_plant_sales\api\tests\hamptonhawksplantsales.tests\bin\debug\net9.0\hamptonhawksplantsales.tests.dll" id="d1e22a89-d596-815a-33f0-2804664ac2bf">
      <Execution id="42537424-785b-485c-abbf-084ae5efa18c" />
      <TestMethod codeBase="C:\Users\CalebBennett\Documents\GitHub\Hampton_Hawk_Plant_Sales\api\tests\HamptonHawksPlantSales.Tests\bin\Debug\net9.0\HamptonHawksPlantSales.Tests.dll" adapterTypeName="executor://xunit/VsTestRunner2/netcoreapp" className="HamptonHawksPlantSales.Tests.Services.InventoryProtectionServiceTests" name="CalculateAvailableForWalkup_WalkupOrdersExcluded" />
    </UnitTest>
    <UnitTest name="HamptonHawksPlantSales.Tests.Services.OrderLineMutationIntegrationTests.DeleteLine_WithPartialFulfillment_Returns400WithStructuredErrorPayload" storage="c:\users\calebbennett\documents\github\hampton_hawk_plant_sales\api\tests\hamptonhawksplantsales.tests\bin\debug\net9.0\hamptonhawksplantsales.tests.dll" id="93bd5eab-277e-7e2e-3717-6e6fffcab8e6">
      <Execution id="e325a53a-6056-47f2-b398-d5682f0767bb" />
      <TestMethod codeBase="C:\Users\CalebBennett\Documents\GitHub\Hampton_Hawk_Plant_Sales\api\tests\HamptonHawksPlantSales.Tests\bin\Debug\net9.0\HamptonHawksPlantSales.Tests.dll" adapterTypeName="executor://xunit/VsTestRunner2/netcoreapp" className="HamptonHawksPlantSales.Tests.Services.OrderLineMutationIntegrationTests" name="DeleteLine_WithPartialFulfillment_Returns400WithStructuredErrorPayload" />
    </UnitTest>
    <UnitTest name="HamptonHawksPlantSales.Tests.Services.ResponseEnvelopeTests.ExceptionMiddleware_ReturnsBadRequest_ForArgumentException" storage="c:\users\calebbennett\documents\github\hampton_hawk_plant_sales\api\tests\hamptonhawksplantsales.tests\bin\debug\net9.0\hamptonhawksplantsales.tests.dll" id="a0e7e66e-111b-6851-f3dc-f529a8666827">
      <Execution id="c282b725-97f3-47aa-81b7-9b47f5e1d26c" />
      <TestMethod codeBase="C:\Users\CalebBennett\Documents\GitHub\Hampton_Hawk_Plant_Sales\api\tests\HamptonHawksPlantSales.Tests\bin\Debug\net9.0\HamptonHawksPlantSales.Tests.dll" adapterTypeName="executor://xunit/VsTestRunner2/netcoreapp" className="HamptonHawksPlantSales.Tests.Services.ResponseEnvelopeTests" name="ExceptionMiddleware_ReturnsBadRequest_ForArgumentException" />
    </UnitTest>
    <UnitTest name="HamptonHawksPlantSales.Tests.Services.AdminPinActionFilterTests.FulfillmentForceCompleteEndpoint_IsDecoratedWithRequiresAdminPin" storage="c:\users\calebbennett\documents\github\hampton_hawk_plant_sales\api\tests\hamptonhawksplantsales.tests\bin\debug\net9.0\hamptonhawksplantsales.tests.dll" id="02f645b2-c08b-5c29-f073-78f8987bc83d">
      <Execution id="8ed0bd69-27e3-48fa-8e2e-0898e86e8dd7" />
      <TestMethod codeBase="C:\Users\CalebBennett\Documents\GitHub\Hampton_Hawk_Plant_Sales\api\tests\HamptonHawksPlantSales.Tests\bin\Debug\net9.0\HamptonHawksPlantSales.Tests.dll" adapterTypeName="executor://xunit/VsTestRunner2/netcoreapp" className="HamptonHawksPlantSales.Tests.Services.AdminPinActionFilterTests" name="FulfillmentForceCompleteEndpoint_IsDecoratedWithRequiresAdminPin" />
    </UnitTest>
    <UnitTest name="HamptonHawksPlantSales.Tests.Services.AdminPinActionFilterTests.ForceComplete_WithPinAndReason_AllowsRequest" storage="c:\users\calebbennett\documents\github\hampton_hawk_plant_sales\api\tests\hamptonhawksplantsales.tests\bin\debug\net9.0\hamptonhawksplantsales.tests.dll" id="72ddebbe-611c-d32a-18cc-2d3b49f6bf1d">
      <Execution id="ab0beaad-f550-4a35-a774-e193a909117e" />
      <TestMethod codeBase="C:\Users\CalebBennett\Documents\GitHub\Hampton_Hawk_Plant_Sales\api\tests\HamptonHawksPlantSales.Tests\bin\Debug\net9.0\HamptonHawksPlantSales.Tests.dll" adapterTypeName="executor://xunit/VsTestRunner2/netcoreapp" className="HamptonHawksPlantSales.Tests.Services.AdminPinActionFilterTests" name="ForceComplete_WithPinAndReason_AllowsRequest" />
    </UnitTest>
    <UnitTest name="HamptonHawksPlantSales.Tests.Services.FulfillmentServiceTests.CompleteOrder_NotAllFulfilled_ThrowsValidation" storage="c:\users\calebbennett\documents\github\hampton_hawk_plant_sales\api\tests\hamptonhawksplantsales.tests\bin\debug\net9.0\hamptonhawksplantsales.tests.dll" id="1692176b-4089-e97e-6a00-8edd5a94f5d3">
      <Execution id="ba4a8cbe-dec6-4d7c-bfdf-159a193982cc" />
      <TestMethod codeBase="C:\Users\CalebBennett\Documents\GitHub\Hampton_Hawk_Plant_Sales\api\tests\HamptonHawksPlantSales.Tests\bin\Debug\net9.0\HamptonHawksPlantSales.Tests.dll" adapterTypeName="executor://xunit/VsTestRunner2/netcoreapp" className="HamptonHawksPlantSales.Tests.Services.FulfillmentServiceTests" name="CompleteOrder_NotAllFulfilled_ThrowsValidation" />
    </UnitTest>
    <UnitTest name="HamptonHawksPlantSales.Tests.Services.InventoryProtectionServiceTests.CalculateAvailableForWalkup_CancelledOrdersExcluded" storage="c:\users\calebbennett\documents\github\hampton_hawk_plant_sales\api\tests\hamptonhawksplantsales.tests\bin\debug\net9.0\hamptonhawksplantsales.tests.dll" id="b2ecfbaa-c3b9-6efe-41d0-3b9278bd68b8">
      <Execution id="0c00765d-e6cc-4cf6-8b2a-a383eaea3f44" />
      <TestMethod codeBase="C:\Users\CalebBennett\Documents\GitHub\Hampton_Hawk_Plant_Sales\api\tests\HamptonHawksPlantSales.Tests\bin\Debug\net9.0\HamptonHawksPlantSales.Tests.dll" adapterTypeName="executor://xunit/VsTestRunner2/netcoreapp" className="HamptonHawksPlantSales.Tests.Services.InventoryProtectionServiceTests" name="CalculateAvailableForWalkup_CancelledOrdersExcluded" />
    </UnitTest>
    <UnitTest name="HamptonHawksPlantSales.Tests.Services.FulfillmentServiceTests.CompleteOrder_AllFulfilled_Succeeds" storage="c:\users\calebbennett\documents\github\hampton_hawk_plant_sales\api\tests\hamptonhawksplantsales.tests\bin\debug\net9.0\hamptonhawksplantsales.tests.dll" id="7cdbe814-7411-5586-d710-85bd489432ef">
      <Execution id="d63320a5-e8d4-47b5-8fa4-907fec55c980" />
      <TestMethod codeBase="C:\Users\CalebBennett\Documents\GitHub\Hampton_Hawk_Plant_Sales\api\tests\HamptonHawksPlantSales.Tests\bin\Debug\net9.0\HamptonHawksPlantSales.Tests.dll" adapterTypeName="executor://xunit/VsTestRunner2/netcoreapp" className="HamptonHawksPlantSales.Tests.Services.FulfillmentServiceTests" name="CompleteOrder_AllFulfilled_Succeeds" />
    </UnitTest>
    <UnitTest name="HamptonHawksPlantSales.Tests.Services.FulfillmentServiceTests.Scan_WhenSaleClosed_ReturnsSaleClosedBlocked" storage="c:\users\calebbennett\documents\github\hampton_hawk_plant_sales\api\tests\hamptonhawksplantsales.tests\bin\debug\net9.0\hamptonhawksplantsales.tests.dll" id="178be6f5-132c-b7d4-e6b7-db5b273ee1bc">
      <Execution id="ebacbfaa-5e5c-4af2-b00a-f7c5dd6b1f44" />
      <TestMethod codeBase="C:\Users\CalebBennett\Documents\GitHub\Hampton_Hawk_Plant_Sales\api\tests\HamptonHawksPlantSales.Tests\bin\Debug\net9.0\HamptonHawksPlantSales.Tests.dll" adapterTypeName="executor://xunit/VsTestRunner2/netcoreapp" className="HamptonHawksPlantSales.Tests.Services.FulfillmentServiceTests" name="Scan_WhenSaleClosed_ReturnsSaleClosedBlocked" />
    </UnitTest>
    <UnitTest name="HamptonHawksPlantSales.Tests.Services.CorsConfigurationTests.ParseAllowedOrigins_SupportsCommaSeparatedOriginsFromConfiguration" storage="c:\users\calebbennett\documents\github\hampton_hawk_plant_sales\api\tests\hamptonhawksplantsales.tests\bin\debug\net9.0\hamptonhawksplantsales.tests.dll" id="1f48bd1a-a4eb-160a-e50c-e7137e3bb95a">
      <Execution id="f3b6762c-13d8-48bc-89d6-fc98965073f1" />
      <TestMethod codeBase="C:\Users\CalebBennett\Documents\GitHub\Hampton_Hawk_Plant_Sales\api\tests\HamptonHawksPlantSales.Tests\bin\Debug\net9.0\HamptonHawksPlantSales.Tests.dll" adapterTypeName="executor://xunit/VsTestRunner2/netcoreapp" className="HamptonHawksPlantSales.Tests.Services.CorsConfigurationTests" name="ParseAllowedOrigins_SupportsCommaSeparatedOriginsFromConfiguration" />
    </UnitTest>
    <UnitTest name="HamptonHawksPlantSales.Tests.Services.FulfillmentServiceTests.ResetOrder_CompletedOrder_ResetsToInProgress" storage="c:\users\calebbennett\documents\github\hampton_hawk_plant_sales\api\tests\hamptonhawksplantsales.tests\bin\debug\net9.0\hamptonhawksplantsales.tests.dll" id="e0a22925-4379-3489-af8e-88cdbf5146ce">
      <Execution id="337907f7-5285-4456-b5b2-f69ecf7c11cc" />
      <TestMethod codeBase="C:\Users\CalebBennett\Documents\GitHub\Hampton_Hawk_Plant_Sales\api\tests\HamptonHawksPlantSales.Tests\bin\Debug\net9.0\HamptonHawksPlantSales.Tests.dll" adapterTypeName="executor://xunit/VsTestRunner2/netcoreapp" className="HamptonHawksPlantSales.Tests.Services.FulfillmentServiceTests" name="ResetOrder_CompletedOrder_ResetsToInProgress" />
    </UnitTest>
    <UnitTest name="HamptonHawksPlantSales.Tests.Services.ImportServiceTests.PlantImport_XlsxWithZeroWorksheets_ThrowsValidationError" storage="c:\users\calebbennett\documents\github\hampton_hawk_plant_sales\api\tests\hamptonhawksplantsales.tests\bin\debug\net9.0\hamptonhawksplantsales.tests.dll" id="3df375ef-e4f8-21b0-4e3a-ee17f5b245aa">
      <Execution id="2defad87-64ee-42c0-b67c-ad1c9a94338f" />
      <TestMethod codeBase="C:\Users\CalebBennett\Documents\GitHub\Hampton_Hawk_Plant_Sales\api\tests\HamptonHawksPlantSales.Tests\bin\Debug\net9.0\HamptonHawksPlantSales.Tests.dll" adapterTypeName="executor://xunit/VsTestRunner2/netcoreapp" className="HamptonHawksPlantSales.Tests.Services.ImportServiceTests" name="PlantImport_XlsxWithZeroWorksheets_ThrowsValidationError" />
    </UnitTest>
    <UnitTest name="HamptonHawksPlantSales.Tests.Services.OrderServiceTests.UpdateLine_InvalidQty_ReturnsValidation(qty: 0)" storage="c:\users\calebbennett\documents\github\hampton_hawk_plant_sales\api\tests\hamptonhawksplantsales.tests\bin\debug\net9.0\hamptonhawksplantsales.tests.dll" id="c4cee08f-5922-4783-497b-6d049158aa6b">
      <Execution id="213e2f1b-86c9-44f7-9a0d-4cb59c478881" />
      <TestMethod codeBase="C:\Users\CalebBennett\Documents\GitHub\Hampton_Hawk_Plant_Sales\api\tests\HamptonHawksPlantSales.Tests\bin\Debug\net9.0\HamptonHawksPlantSales.Tests.dll" adapterTypeName="executor://xunit/VsTestRunner2/netcoreapp" className="HamptonHawksPlantSales.Tests.Services.OrderServiceTests" name="UpdateLine_InvalidQty_ReturnsValidation" />
    </UnitTest>
    <UnitTest name="HamptonHawksPlantSales.Tests.Services.ImportServiceTests.PlantImport_Pdf_ThrowsHelpfulMessage" storage="c:\users\calebbennett\documents\github\hampton_hawk_plant_sales\api\tests\hamptonhawksplantsales.tests\bin\debug\net9.0\hamptonhawksplantsales.tests.dll" id="e8043d3e-82fa-14d3-36aa-0d40824f416b">
      <Execution id="3e5dd78b-1209-4011-8b51-087949a6fe7d" />
      <TestMethod codeBase="C:\Users\CalebBennett\Documents\GitHub\Hampton_Hawk_Plant_Sales\api\tests\HamptonHawksPlantSales.Tests\bin\Debug\net9.0\HamptonHawksPlantSales.Tests.dll" adapterTypeName="executor://xunit/VsTestRunner2/netcoreapp" className="HamptonHawksPlantSales.Tests.Services.ImportServiceTests" name="PlantImport_Pdf_ThrowsHelpfulMessage" />
    </UnitTest>
    <UnitTest name="HamptonHawksPlantSales.Tests.Services.OrderServiceTests.UpdateLine_WithQtyAndPlant_UpdatesBoth" storage="c:\users\calebbennett\documents\github\hampton_hawk_plant_sales\api\tests\hamptonhawksplantsales.tests\bin\debug\net9.0\hamptonhawksplantsales.tests.dll" id="6e931405-dacf-0626-a028-8124f6fa47cf">
      <Execution id="da50eb03-60af-4b2c-9f88-b03a7d50d6c8" />
      <TestMethod codeBase="C:\Users\CalebBennett\Documents\GitHub\Hampton_Hawk_Plant_Sales\api\tests\HamptonHawksPlantSales.Tests\bin\Debug\net9.0\HamptonHawksPlantSales.Tests.dll" adapterTypeName="executor://xunit/VsTestRunner2/netcoreapp" className="HamptonHawksPlantSales.Tests.Services.OrderServiceTests" name="UpdateLine_WithQtyAndPlant_UpdatesBoth" />
    </UnitTest>
[...]
    <TestEntry testId="6d417659-93f7-8941-d80e-fc5aded7402d" executionId="5af06664-3ef5-430a-a357-9c1a80edab67" testListId="8c84fa94-04c1-424b-9868-57a2d4851a1d" />
    <TestEntry testId="1bf4f030-0e7a-4a4a-8fb0-2f083b546820" executionId="7f319837-4e45-400f-ae36-4fb240c868e3" testListId="8c84fa94-04c1-424b-9868-57a2d4851a1d" />
    <TestEntry testId="54a5fa68-e786-e68c-59ee-20ada004d895" executionId="df8a9eb2-7879-464b-bdb4-b20bcec57913" testListId="8c84fa94-04c1-424b-9868-57a2d4851a1d" />
    <TestEntry testId="f4be4ec8-7b26-824f-f0cb-eaef86670fbc" executionId="0ec758ac-3eec-4597-86c3-840b56b14685" testListId="8c84fa94-04c1-424b-9868-57a2d4851a1d" />
    <TestEntry testId="cad7e175-d40d-9fcb-805d-3bf5cac1899a" executionId="023c2d0a-98ae-456c-843a-fd7f55970679" testListId="8c84fa94-04c1-424b-9868-57a2d4851a1d" />
    <TestEntry testId="e0a22925-4379-3489-af8e-88cdbf5146ce" executionId="337907f7-5285-4456-b5b2-f69ecf7c11cc" testListId="8c84fa94-04c1-424b-9868-57a2d4851a1d" />
    <TestEntry testId="d1ccba44-a1bd-6451-2124-cfe1ff491945" executionId="061ab1e2-611f-4bff-bbed-8384604ce803" testListId="8c84fa94-04c1-424b-9868-57a2d4851a1d" />
    <TestEntry testId="31e6f454-f0a9-5542-cad9-7c5cb2b7d39f" executionId="342eb25a-7847-4fda-aabd-d37c1429176e" testListId="8c84fa94-04c1-424b-9868-57a2d4851a1d" />
    <TestEntry testId="ba5023aa-94f0-72cd-741e-7ddf35830f53" executionId="ab2fc3c1-3507-4d3d-8c1e-649fe05809ca" testListId="8c84fa94-04c1-424b-9868-57a2d4851a1d" />
    <TestEntry testId="c490e4b0-4d94-98f7-144b-184640b7153b" executionId="dc78fcc5-0afc-4149-ad69-86b6b111bc57" testListId="8c84fa94-04c1-424b-9868-57a2d4851a1d" />
    <TestEntry testId="178be6f5-132c-b7d4-e6b7-db5b273ee1bc" executionId="ebacbfaa-5e5c-4af2-b00a-f7c5dd6b1f44" testListId="8c84fa94-04c1-424b-9868-57a2d4851a1d" />
    <TestEntry testId="5fad96be-ec19-f700-c581-f3b90e207436" executionId="b55169f9-509b-4dd3-b2f4-c758a206bb28" testListId="8c84fa94-04c1-424b-9868-57a2d4851a1d" />
    <TestEntry testId="23b161d8-3af3-b328-0e5d-a8d03f7b1efb" executionId="8cfead8d-2d9a-414c-a4aa-c2b65e47a074" testListId="8c84fa94-04c1-424b-9868-57a2d4851a1d" />
    <TestEntry testId="c4cee08f-5922-4783-497b-6d049158aa6b" executionId="213e2f1b-86c9-44f7-9a0d-4cb59c478881" testListId="8c84fa94-04c1-424b-9868-57a2d4851a1d" />
    <TestEntry testId="fef8c6d2-0dd2-d354-24cc-dbd49209d283" executionId="20f061ff-ba99-4c55-ac47-fd7fa67589a5" testListId="8c84fa94-04c1-424b-9868-57a2d4851a1d" />
    <TestEntry testId="858a9a5b-21a2-ca8c-e475-665e2832e365" executionId="8c044059-31e8-4bf7-b108-c7487ca4eae2" testListId="8c84fa94-04c1-424b-9868-57a2d4851a1d" />
    <TestEntry testId="02f645b2-c08b-5c29-f073-78f8987bc83d" executionId="8ed0bd69-27e3-48fa-8e2e-0898e86e8dd7" testListId="8c84fa94-04c1-424b-9868-57a2d4851a1d" />
    <TestEntry testId="fe922006-40f8-c65c-adf1-92e090df2df0" executionId="1a2482b0-aeb1-4cc3-9fcc-7309a41b937f" testListId="8c84fa94-04c1-424b-9868-57a2d4851a1d" />
    <TestEntry testId="c30dc1f6-5e7f-4dee-65c3-95f80bdfc8e5" executionId="11ae2e52-02ac-4930-99f6-2c5c501a6c5b" testListId="8c84fa94-04c1-424b-9868-57a2d4851a1d" />
    <TestEntry testId="483fe2a7-a831-0002-8676-bb6d1f2cb28f" executionId="4c304a02-6b98-479d-a6d4-4a3738893732" testListId="8c84fa94-04c1-424b-9868-57a2d4851a1d" />
    <TestEntry testId="d448ecd5-2654-35ad-64fe-3f5dd40524af" executionId="ec8b8fbf-61b3-4005-9993-c643702fcf23" testListId="8c84fa94-04c1-424b-9868-57a2d4851a1d" />
    <TestEntry testId="24a46d94-6be2-f753-7c8f-5cab3d511df2" executionId="4a6739da-37a1-4f03-943a-ace4164045d0" testListId="8c84fa94-04c1-424b-9868-57a2d4851a1d" />
    <TestEntry testId="754b0328-2b72-4b6b-0914-7825feffa237" executionId="879fe680-c990-4df4-9bfd-4954185219c9" testListId="8c84fa94-04c1-424b-9868-57a2d4851a1d" />
    <TestEntry testId="fa01b15a-8f77-1438-aabf-524f26e039b7" executionId="a5dc2942-d036-42b1-80b8-7c0134dfa6ff" testListId="8c84fa94-04c1-424b-9868-57a2d4851a1d" />
    <TestEntry testId="b829df8c-b081-4965-579b-5187b159938b" executionId="00cb417b-e122-4154-9356-0360f895f9bf" testListId="8c84fa94-04c1-424b-9868-57a2d4851a1d" />
    <TestEntry testId="ecc0a80c-e5d5-3021-4667-b598975d0d5e" executionId="f897b186-b75a-4b41-a28c-bc4538f33193" testListId="8c84fa94-04c1-424b-9868-57a2d4851a1d" />
    <TestEntry testId="03111b0f-3fb7-61f1-5052-044ff2499881" executionId="1360cee2-1239-463b-b848-8ca43f771b1c" testListId="8c84fa94-04c1-424b-9868-57a2d4851a1d" />
    <TestEntry testId="8afd7176-8f89-4618-7b40-3cd2867ead5b" executionId="29fd11e6-a445-43a6-aab6-b62d3b988aac" testListId="8c84fa94-04c1-424b-9868-57a2d4851a1d" />
    <TestEntry testId="7ab7921f-6258-70ec-bf2b-4be364bca0e6" executionId="8b057d3a-eaa0-4f41-bb04-39f4b66cd416" testListId="8c84fa94-04c1-424b-9868-57a2d4851a1d" />
    <TestEntry testId="3df375ef-e4f8-21b0-4e3a-ee17f5b245aa" executionId="2defad87-64ee-42c0-b67c-ad1c9a94338f" testListId="8c84fa94-04c1-424b-9868-57a2d4851a1d" />
    <TestEntry testId="fa5911a9-5b33-6641-082b-399f9eb75e8c" executionId="65db5917-6daf-4add-bda6-72419b83cdec" testListId="8c84fa94-04c1-424b-9868-57a2d4851a1d" />
    <TestEntry testId="b48d06a8-86f6-debe-a354-20a679ac19dc" executionId="7d13e430-7cce-4b22-8e51-97662467de0d" testListId="8c84fa94-04c1-424b-9868-57a2d4851a1d" />
    <TestEntry testId="fad402e5-e654-33c3-e978-b504c51e25b3" executionId="11cb4c7f-943d-4ef3-82e5-60a8f132899c" testListId="8c84fa94-04c1-424b-9868-57a2d4851a1d" />
    <TestEntry testId="8b8b30c5-ed24-8f80-fdbc-9582b91215a5" executionId="e2d290da-d58c-4922-8927-6e5d53f86570" testListId="8c84fa94-04c1-424b-9868-57a2d4851a1d" />
    <TestEntry testId="71863316-5fc4-9b59-ca6b-fb5f95de7f37" executionId="012b5a09-8d17-4783-b735-da87766d244d" testListId="8c84fa94-04c1-424b-9868-57a2d4851a1d" />
  </TestEntries>
  <TestLists>
    <TestList name="Results Not in a List" id="8c84fa94-04c1-424b-9868-57a2d4851a1d" />
    <TestList name="All Loaded Results" id="19431567-8539-422a-85d7-44ee4e166bda" />
  </TestLists>
  <ResultSummary outcome="Failed">
    <Counters total="70" executed="70" passed="66" failed="4" error="0" timeout="0" aborted="0" inconclusive="0" passedButRunAborted="0" notRunnable="0" notExecuted="0" disconnected="0" warning="0" completed="0" inProgress="0" pending="0" />
    <Output>
      <StdOut>[xUnit.net 00:00:00.00] xUnit.net VSTest Adapter v2.8.2+699d445a1a (64-bit .NET 9.0.13)&#xD;
[xUnit.net 00:00:00.07]   Discovering: HamptonHawksPlantSales.Tests&#xD;
[xUnit.net 00:00:00.12]   Discovered:  HamptonHawksPlantSales.Tests&#xD;
[xUnit.net 00:00:00.12]   Starting:    HamptonHawksPlantSales.Tests&#xD;
[xUnit.net 00:00:00.39]       System.InvalidOperationException : Services for database providers 'Npgsql.EntityFrameworkCore.PostgreSQL', 'Microsoft.EntityFrameworkCore.InMemory' have been registered in the service provider. Only a single database provider can be registered in a service provider. If possible, ensure that Entity Framework is managing its service provider by removing the call to 'UseInternalServiceProvider'. Otherwise, consider conditionally registering the database provider, or maintaining one service provider per database provider.&#xD;
[xUnit.net 00:00:00.39]       Stack Trace:&#xD;
[xUnit.net 00:00:00.39]            at Microsoft.EntityFrameworkCore.Internal.DbContextServices.Initialize(IServiceProvider scopedProvider, DbContextOptions contextOptions, DbContext context)&#xD;
[xUnit.net 00:00:00.39]            at Microsoft.EntityFrameworkCore.DbContext.get_ContextServices()&#xD;
[xUnit.net 00:00:00.39]            at Microsoft.EntityFrameworkCore.DbContext.get_InternalServiceProvider()&#xD;
[xUnit.net 00:00:00.39]            at Microsoft.EntityFrameworkCore.DbContext.Microsoft.EntityFrameworkCore.Infrastructure.IInfrastructure&lt;System.IServiceProvider&gt;.get_Instance()&#xD;
[xUnit.net 00:00:00.39]            at Microsoft.EntityFrameworkCore.Infrastructure.Internal.InfrastructureExtensions.GetService(IInfrastructure`1 accessor, Type serviceType)&#xD;
[xUnit.net 00:00:00.39]            at Microsoft.EntityFrameworkCore.Infrastructure.Internal.InfrastructureExtensions.GetService[TService](IInfrastructure`1 accessor)&#xD;
[xUnit.net 00:00:00.39]            at Microsoft.EntityFrameworkCore.Infrastructure.AccessorExtensions.GetService[TService](IInfrastructure`1 accessor)&#xD;
[xUnit.net 00:00:00.39]            at Microsoft.EntityFrameworkCore.RelationalDatabaseFacadeExtensions.IsRelational(DatabaseFacade databaseFacade)&#xD;
[xUnit.net 00:00:00.39]         C:\Users\CalebBennett\Documents\GitHub\Hampton_Hawk_Plant_Sales\api\src\HamptonHawksPlantSales.Api\Program.cs(97,0): at Program.&lt;Main&gt;$(String[] args)&#xD;
[xUnit.net 00:00:00.39]            at Program.&lt;Main&gt;(String[] args)&#xD;
[xUnit.net 00:00:00.39]            at System.RuntimeMethodHandle.InvokeMethod(Object target, Void** arguments, Signature sig, Boolean isConstructor)&#xD;
[xUnit.net 00:00:00.39]            at System.Reflection.MethodBaseInvoker.InvokeDirectByRefWithFewArgs(Object obj, Span`1 copyOfArgs, BindingFlags invokeAttr)&#xD;
[xUnit.net 00:00:00.39]         --- End of stack trace from previous location ---&#xD;
[xUnit.net 00:00:00.39]            at Microsoft.AspNetCore.Mvc.Testing.DeferredHostBuilder.DeferredHost.StartAsync(CancellationToken cancellationToken)&#xD;
[xUnit.net 00:00:00.39]            at Microsoft.Extensions.Hosting.HostingAbstractionsHostExtensions.Start(IHost host)&#xD;
[xUnit.net 00:00:00.39]            at Microsoft.AspNetCore.Mvc.Testing.WebApplicationFactory`1.CreateHost(IHostBuilder builder)&#xD;
[xUnit.net 00:00:00.39]            at Microsoft.AspNetCore.Mvc.Testing.WebApplicationFactory`1.ConfigureHostBuilder(IHostBuilder hostBuilder)&#xD;
[xUnit.net 00:00:00.39]            at Microsoft.AspNetCore.Mvc.Testing.WebApplicationFactory`1.EnsureServer()&#xD;
[xUnit.net 00:00:00.39]            at Microsoft.AspNetCore.Mvc.Testing.WebApplicationFactory`1.CreateDefaultClient(DelegatingHandler[] handlers)&#xD;
[xUnit.net 00:00:00.39]            at Microsoft.AspNetCore.Mvc.Testing.WebApplicationFactory`1.CreateDefaultClient(Uri baseAddress, DelegatingHandler[] handlers)&#xD;
[xUnit.net 00:00:00.39]            at Microsoft.AspNetCore.Mvc.Testing.WebApplicationFactory`1.CreateClient(WebApplicationFactoryClientOptions options)&#xD;
[xUnit.net 00:00:00.39]            at Microsoft.AspNetCore.Mvc.Testing.WebApplicationFactory`1.CreateClient()&#xD;
[xUnit.net 00:00:00.39]         C:\Users\CalebBennett\Documents\GitHub\Hampton_Hawk_Plant_Sales\api\tests\HamptonHawksPlantSales.Tests\Services\OrderLineMutationIntegrationTests.cs(42,0): at HamptonHawksPlantSales.Tests.Services.OrderLineMutationIntegrationTests.DeleteLine_WithPartialFulfillment_Returns400WithStructuredErrorPayload()&#xD;
[xUnit.net 00:00:00.39]         C:\Users\CalebBennett\Documents\GitHub\Hampton_Hawk_Plant_Sales\api\tests\HamptonHawksPlantSales.Tests\Services\OrderLineMutationIntegrationTests.cs(54,0): at HamptonHawksPlantSales.Tests.Services.OrderLineMutationIntegrationTests.DeleteLine_WithPartialFulfillment_Returns400WithStructuredErrorPayload()&#xD;
[xUnit.net 00:00:00.39]         --- End of stack trace from previous location ---&#xD;
[xUnit.net 00:00:00.40]       System.InvalidOperationException : Services for database providers 'Npgsql.EntityFrameworkCore.PostgreSQL', 'Microsoft.EntityFrameworkCore.InMemory' have been registered in the service provider. Only a single database provider can be registered in a service provider. If possible, ensure that Entity Framework is managing its service provider by removing the call to 'UseInternalServiceProvider'. Otherwise, consider conditionally registering the database provider, or maintaining one service provider per database provider.&#xD;
[xUnit.net 00:00:00.40]       Stack Trace:&#xD;
[xUnit.net 00:00:00.40]            at Microsoft.EntityFrameworkCore.Internal.DbContextServices.Initialize(IServiceProvider scopedProvider, DbContextOptions contextOptions, DbContext context)&#xD;
[xUnit.net 00:00:00.40]            at Microsoft.EntityFrameworkCore.DbContext.get_ContextServices()&#xD;
[xUnit.net 00:00:00.40]            at Microsoft.EntityFrameworkCore.DbContext.get_InternalServiceProvider()&#xD;
[xUnit.net 00:00:00.40]            at Microsoft.EntityFrameworkCore.DbContext.Microsoft.EntityFrameworkCore.Infrastructure.IInfrastructure&lt;System.IServiceProvider&gt;.get_Instance()&#xD;
[xUnit.net 00:00:00.40]            at Microsoft.EntityFrameworkCore.Infrastructure.Internal.InfrastructureExtensions.GetService(IInfrastructure`1 accessor, Type serviceType)&#xD;
[xUnit.net 00:00:00.40]            at Microsoft.EntityFrameworkCore.Infrastructure.Internal.InfrastructureExtensions.GetService[TService](IInfrastructure`1 accessor)&#xD;
[xUnit.net 00:00:00.40]            at Microsoft.EntityFrameworkCore.Infrastructure.AccessorExtensions.GetService[TService](IInfrastructure`1 accessor)&#xD;
[xUnit.net 00:00:00.40]            at Microsoft.EntityFrameworkCore.RelationalDatabaseFacadeExtensions.IsRelational(DatabaseFacade databaseFacade)&#xD;
[xUnit.net 00:00:00.40]         C:\Users\CalebBennett\Documents\GitHub\Hampton_Hawk_Plant_Sales\api\src\HamptonHawksPlantSales.Api\Program.cs(97,0): at Program.&lt;Main&gt;$(String[] args)&#xD;
[xUnit.net 00:00:00.40]            at Program.&lt;Main&gt;(String[] args)&#xD;
[xUnit.net 00:00:00.40]            at InvokeStub_Program.&lt;Main&gt;(Object, Span`1)&#xD;
[xUnit.net 00:00:00.40]            at System.Reflection.MethodBaseInvoker.InvokeWithOneArg(Object obj, BindingFlags invokeAttr, Binder binder, Object[] parameters, CultureInfo culture)&#xD;
[xUnit.net 00:00:00.40]         --- End of stack trace from previous location ---&#xD;
[xUnit.net 00:00:00.40]            at Microsoft.AspNetCore.Mvc.Testing.DeferredHostBuilder.DeferredHost.StartAsync(CancellationToken cancellationToken)&#xD;
[xUnit.net 00:00:00.40]            at Microsoft.Extensions.Hosting.HostingAbstractionsHostExtensions.Start(IHost host)&#xD;
[xUnit.net 00:00:00.40]            at Microsoft.AspNetCore.Mvc.Testing.WebApplicationFactory`1.CreateHost(IHostBuilder builder)&#xD;
[xUnit.net 00:00:00.40]            at Microsoft.AspNetCore.Mvc.Testing.WebApplicationFactory`1.ConfigureHostBuilder(IHostBuilder hostBuilder)&#xD;
[xUnit.net 00:00:00.40]            at Microsoft.AspNetCore.Mvc.Testing.WebApplicationFactory`1.EnsureServer()&#xD;
[xUnit.net 00:00:00.40]            at Microsoft.AspNetCore.Mvc.Testing.WebApplicationFactory`1.CreateDefaultClient(DelegatingHandler[] handlers)&#xD;
[xUnit.net 00:00:00.40]            at Microsoft.AspNetCore.Mvc.Testing.WebApplicationFactory`1.CreateDefaultClient(Uri baseAddress, DelegatingHandler[] handlers)&#xD;
[xUnit.net 00:00:00.40]            at Microsoft.AspNetCore.Mvc.Testing.WebApplicationFactory`1.CreateClient(WebApplicationFactoryClientOptions options)&#xD;
[xUnit.net 00:00:00.40]            at Microsoft.AspNetCore.Mvc.Testing.WebApplicationFactory`1.CreateClient()&#xD;
[xUnit.net 00:00:00.40]         C:\Users\CalebBennett\Documents\GitHub\Hampton_Hawk_Plant_Sales\api\tests\HamptonHawksPlantSales.Tests\Services\OrderLineMutationIntegrationTests.cs(20,0): at HamptonHawksPlantSales.Tests.Services.OrderLineMutationIntegrationTests.UpdateLine_InvalidQtyOrdered_Returns400WithStructuredErrorPayload()&#xD;
[xUnit.net 00:00:00.40]         C:\Users\CalebBennett\Documents\GitHub\Hampton_Hawk_Plant_Sales\api\tests\HamptonHawksPlantSales.Tests\Services\OrderLineMutationIntegrationTests.cs(35,0): at HamptonHawksPlantSales.Tests.Services.OrderLineMutationIntegrationTests.UpdateLine_InvalidQtyOrdered_Returns400WithStructuredErrorPayload()&#xD;
[xUnit.net 00:00:00.40]         --- End of stack trace from previous location ---&#xD;
[xUnit.net 00:00:01.06]       Expected evt.Message "What happened: This item could not be reserved for fulfillment. What to do next: Refresh the order and try scanning again. Technical details: Inventory or order row missing during lock." to contain "out of stock".&#xD;
[xUnit.net 00:00:01.06]       Stack Trace:&#xD;
[xUnit.net 00:00:01.06]            at FluentAssertions.Execution.XUnit2TestFramework.Throw(String message)&#xD;
[xUnit.net 00:00:01.06]            at FluentAssertions.Execution.TestFrameworkProvider.Throw(String message)&#xD;
[xUnit.net 00:00:01.06]            at FluentAssertions.Execution.DefaultAssertionStrategy.HandleFailure(String message)&#xD;
[xUnit.net 00:00:01.06]            at FluentAssertions.Execution.AssertionScope.FailWith(Func`1 failReasonFunc)&#xD;
[xUnit.net 00:00:01.06]            at FluentAssertions.Execution.AssertionScope.FailWith(Func`1 failReasonFunc)&#xD;
[xUnit.net 00:00:01.06]            at FluentAssertions.Execution.AssertionScope.FailWith(String message, Object[] args)&#xD;
[xUnit.net 00:00:01.06]            at FluentAssertions.Primitives.StringAssertions`1.Contain(String expected, String because, Object[] becauseArgs)&#xD;
[xUnit.net 00:00:01.06]         C:\Users\CalebBennett\Documents\GitHub\Hampton_Hawk_Plant_Sales\api\tests\HamptonHawksPlantSales.Tests\Services\FulfillmentServiceTests.cs(493,0): at HamptonHawksPlantSales.Tests.Services.FulfillmentServiceTests.Scan_ValidBarcode_CreatesEventBeforeTransaction()&#xD;
[xUnit.net 00:00:01.06]         --- End of stack trace from previous location ---&#xD;
[xUnit.net 00:00:01.15]       System.InvalidOperationException : Workbooks need at least one worksheet.&#xD;
[xUnit.net 00:00:01.15]       Stack Trace:&#xD;
[xUnit.net 00:00:01.15]            at ClosedXML.Excel.XLWorkbook.checkForWorksheetsPresent()&#xD;
[xUnit.net 00:00:01.15]            at ClosedXML.Excel.XLWorkbook.SaveAs(Stream stream, SaveOptions options)&#xD;
[xUnit.net 00:00:01.15]            at ClosedXML.Excel.XLWorkbook.SaveAs(Stream stream, Boolean validate, Boolean evaluateFormulae)&#xD;
[xUnit.net 00:00:01.15]            at ClosedXML.Excel.XLWorkbook.SaveAs(Stream stream)&#xD;
[xUnit.net 00:00:01.15]         C:\Users\CalebBennett\Documents\GitHub\Hampton_Hawk_Plant_Sales\api\tests\HamptonHawksPlantSales.Tests\Services\ImportServiceTests.cs(221,0): at HamptonHawksPlantSales.Tests.Services.ImportServiceTests.CreateWorkbookStream(Action`1 configure)&#xD;
[xUnit.net 00:00:01.15]         C:\Users\CalebBennett\Documents\GitHub\Hampton_Hawk_Plant_Sales\api\tests\HamptonHawksPlantSales.Tests\Services\ImportServiceTests.cs(159,0): at HamptonHawksPlantSales.Tests.Services.ImportServiceTests.PlantImport_XlsxWithZeroWorksheets_ThrowsValidationError()&#xD;
[xUnit.net 00:00:01.15]         --- End of stack trace from previous location ---&#xD;
[xUnit.net 00:00:02.06]   Finished:    HamptonHawksPlantSales.Tests&#xD;
</StdOut>
    </Output>
    <RunInfos>
      <RunInfo computerName="MONEYPENNY" outcome="Error" timestamp="2026-03-04T10:42:28.4096853-06:00">
        <Text>[xUnit.net 00:00:00.39]     HamptonHawksPlantSales.Tests.Services.OrderLineMutationIntegrationTests.DeleteLine_WithPartialFulfillment_Returns400WithStructuredErrorPayload [FAIL]</Text>
      </RunInfo>
      <RunInfo computerName="MONEYPENNY" outcome="Error" timestamp="2026-03-04T10:42:28.4169106-06:00">
        <Text>[xUnit.net 00:00:00.40]     HamptonHawksPlantSales.Tests.Services.OrderLineMutationIntegrationTests.UpdateLine_InvalidQtyOrdered_Returns400WithStructuredErrorPayload [FAIL]</Text>
      </RunInfo>
      <RunInfo computerName="MONEYPENNY" outcome="Error" timestamp="2026-03-04T10:42:29.0753899-06:00">
        <Text>[xUnit.net 00:00:01.06]     HamptonHawksPlantSales.Tests.Services.FulfillmentServiceTests.Scan_ValidBarcode_CreatesEventBeforeTransaction [FAIL]</Text>
      </RunInfo>
      <RunInfo computerName="MONEYPENNY" outcome="Error" timestamp="2026-03-04T10:42:29.1739245-06:00">
        <Text>[xUnit.net 00:00:01.15]     HamptonHawksPlantSales.Tests.Services.ImportServiceTests.PlantImport_XlsxWithZeroWorksheets_ThrowsValidationError [FAIL]</Text>
      </RunInfo>
    </RunInfos>
  </ResultSummary>
</TestRun>